       Step     Time          Energy         fmax
*Force-consistent energies used in optimization.
GPMin:    0 23:59:59       -4.161216*       0.6312
GPMin:    1 00:00:08       -4.377680*       0.2539
GPMin:    2 00:00:18       -4.477329*       0.1621
GPMin:    3 00:00:26       -4.539608*       0.1427
GPMin:    4 00:00:35       -4.604975*       0.1634
GPMin:    5 00:00:44       -4.665920*       0.1604
GPMin:    6 00:00:52       -4.721993*       0.1284
GPMin:    7 00:01:00       -4.769149*       0.1266
GPMin:    8 00:01:09       -4.811948*       0.1065
GPMin:    9 00:01:17       -4.840204*       0.0831
GPMin:   10 00:01:25       -4.854400*       0.0701
GPMin:   11 00:01:32       -4.866456*       0.0539
GPMin:   12 00:01:39       -4.875160*       0.0427
GPMin:   13 00:01:46       -4.880811*       0.0352
GPMin:   14 00:01:53       -4.885380*       0.0244
GPMin:   15 00:01:59       -4.887358*       0.0214
GPMin:   16 00:02:06       -4.888967*       0.0144
       Step     Time          Energy         fmax
*Force-consistent energies used in optimization.
GPMin:    0 00:02:22       -4.311275*       0.5703
GPMin:    1 00:02:33       -4.521090*       0.2100
GPMin:    2 00:02:42       -4.591111*       0.1452
GPMin:    3 00:02:51       -4.628199*       0.1478
GPMin:    4 00:02:59       -4.662391*       0.0978
GPMin:    5 00:03:08       -4.688866*       0.0810
GPMin:    6 00:03:17       -4.713243*       0.0728
GPMin:    7 00:03:24       -4.737960*       0.0711
GPMin:    8 00:03:32       -4.759270*       0.0632
GPMin:    9 00:03:40       -4.782091*       0.0630
GPMin:   10 00:03:48       -4.808456*       0.0671
GPMin:   11 00:03:55       -4.836711*       0.0898
GPMin:   12 00:04:03       -4.866085*       0.0857
GPMin:   13 00:04:11       -4.887706*       0.0840
GPMin:   14 00:04:18       -4.905496*       0.0651
GPMin:   15 00:04:24       -4.917073*       0.0529
GPMin:   16 00:04:31       -4.922077*       0.0593
GPMin:   17 00:04:39       -4.928449*       0.0434
GPMin:   18 00:04:44       -4.930499*       0.0368
GPMin:   19 00:04:51       -4.932730*       0.0158
       Step     Time          Energy         fmax
*Force-consistent energies used in optimization.
GPMin:    0 00:05:10       -3.773933*       0.3753
GPMin:    1 00:05:22       -3.994761*       0.3401
GPMin:    2 00:05:30       -4.134270*       0.2325
GPMin:    3 00:05:39       -4.215051*       0.2053
GPMin:    4 00:05:47       -4.268156*       0.2184
GPMin:    5 00:05:55       -4.347834*       0.2388
GPMin:    6 00:06:04       -4.436729*       0.2516
GPMin:    7 00:06:12       -4.536913*       0.2443
GPMin:    8 00:06:20       -4.630596*       0.2003
GPMin:    9 00:06:29       -4.698067*       0.1439
GPMin:   10 00:06:38       -4.740945*       0.1336
GPMin:   11 00:06:46       -4.779867*       0.1115
GPMin:   12 00:06:55       -4.811883*       0.1105
GPMin:   13 00:07:03       -4.833956*       0.0962
GPMin:   14 00:07:10       -4.850539*       0.0938
GPMin:   15 00:07:17       -4.863458*       0.0931
GPMin:   16 00:07:25       -4.878025*       0.0870
GPMin:   17 00:07:31       -4.895422*       0.0660
GPMin:   18 00:07:38       -4.909685*       0.0577
GPMin:   19 00:07:45       -4.919029*       0.0622
GPMin:   20 00:07:52       -4.925584*       0.0421
GPMin:   21 00:07:59       -4.929090*       0.0297
GPMin:   22 00:08:06       -4.930489*       0.0322
GPMin:   23 00:08:13       -4.932361*       0.0271
GPMin:   24 00:08:20       -4.933055*       0.0193
       Step     Time          Energy         fmax
*Force-consistent energies used in optimization.
GPMin:    0 00:08:33       -4.303388*       0.4283
GPMin:    1 00:08:43       -4.443273*       0.1961
GPMin:    2 00:08:52       -4.519200*       0.1087
GPMin:    3 00:09:01       -4.555314*       0.1031
GPMin:    4 00:09:09       -4.577333*       0.0771
GPMin:    5 00:09:18       -4.601145*       0.0673
GPMin:    6 00:09:26       -4.632149*       0.0763
GPMin:    7 00:09:35       -4.674975*       0.0738
GPMin:    8 00:09:43       -4.719127*       0.0858
GPMin:    9 00:09:51       -4.754434*       0.0852
GPMin:   10 00:09:58       -4.785570*       0.0812
GPMin:   11 00:10:04       -4.821680*       0.0707
GPMin:   12 00:10:12       -4.852256*       0.0628
GPMin:   13 00:10:20       -4.878638*       0.0718
GPMin:   14 00:10:28       -4.900097*       0.0697
GPMin:   15 00:10:36       -4.913929*       0.0781
GPMin:   16 00:10:43       -4.921356*       0.0530
GPMin:   17 00:10:50       -4.925494*       0.0427
GPMin:   18 00:10:57       -4.929087*       0.0363
GPMin:   19 00:11:04       -4.931628*       0.0254
GPMin:   20 00:11:11       -4.932724*       0.0143
       Step     Time          Energy         fmax
*Force-consistent energies used in optimization.
GPMin:    0 00:11:25       -4.228515*       0.6109
GPMin:    1 00:11:34       -4.425474*       0.2041
GPMin:    2 00:11:43       -4.493600*       0.1470
GPMin:    3 00:11:52       -4.537572*       0.1036
GPMin:    4 00:12:01       -4.557493*       0.0573
GPMin:    5 00:12:08       -4.571348*       0.0420
GPMin:    6 00:12:16       -4.580317*       0.0473
GPMin:    7 00:12:24       -4.596423*       0.0541
GPMin:    8 00:12:32       -4.620136*       0.0739
GPMin:    9 00:12:40       -4.654046*       0.0755
GPMin:   10 00:12:48       -4.690573*       0.0733
GPMin:   11 00:12:55       -4.725920*       0.0773
GPMin:   12 00:13:03       -4.762621*       0.0789
GPMin:   13 00:13:11       -4.797262*       0.0727
GPMin:   14 00:13:18       -4.829712*       0.0665
GPMin:   15 00:13:25       -4.856876*       0.0596
GPMin:   16 00:13:32       -4.880237*       0.0590
GPMin:   17 00:13:39       -4.902028*       0.0518
GPMin:   18 00:13:46       -4.914337*       0.0416
GPMin:   19 00:13:53       -4.923974*       0.0408
GPMin:   20 00:14:00       -4.929590*       0.0340
GPMin:   21 00:14:06       -4.931996*       0.0246
GPMin:   22 00:14:13       -4.933264*       0.0130
       Step     Time          Energy         fmax
*Force-consistent energies used in optimization.
GPMin:    0 00:14:27       -4.213681*       0.6803
GPMin:    1 00:14:35       -4.404130*       0.2496
GPMin:    2 00:14:43       -4.511401*       0.2231
GPMin:    3 00:14:52       -4.617879*       0.2218
GPMin:    4 00:15:01       -4.710821*       0.2230
GPMin:    5 00:15:09       -4.794292*       0.1854
GPMin:    6 00:15:18       -4.844603*       0.1032
GPMin:    7 00:15:25       -4.861951*       0.0693
GPMin:    8 00:15:32       -4.871242*       0.0516
GPMin:    9 00:15:39       -4.876438*       0.0451
GPMin:   10 00:15:46       -4.882082*       0.0336
GPMin:   11 00:15:53       -4.886084*       0.0222
GPMin:   12 00:16:00       -4.887931*       0.0212
GPMin:   13 00:16:07       -4.889420*       0.0142
       Step     Time          Energy         fmax
*Force-consistent energies used in optimization.
GPMin:    0 00:16:21       -4.213681*       0.6804
GPMin:    1 00:16:29       -4.404129*       0.2496
GPMin:    2 00:16:37       -4.511399*       0.2232
GPMin:    3 00:16:46       -4.617880*       0.2218
GPMin:    4 00:16:54       -4.710820*       0.2230
GPMin:    5 00:17:03       -4.794292*       0.1854
GPMin:    6 00:17:12       -4.844600*       0.1032
GPMin:    7 00:17:19       -4.861948*       0.0693
GPMin:    8 00:17:26       -4.871241*       0.0516
GPMin:    9 00:17:33       -4.876437*       0.0451
GPMin:   10 00:17:40       -4.882082*       0.0336
GPMin:   11 00:17:47       -4.886083*       0.0222
GPMin:   12 00:17:54       -4.887930*       0.0212
GPMin:   13 00:18:01       -4.889420*       0.0142
       Step     Time          Energy         fmax
*Force-consistent energies used in optimization.
GPMin:    0 00:18:14       -4.336924*       0.2936
GPMin:    1 00:18:23       -4.475374*       0.1379
GPMin:    2 00:18:32       -4.525303*       0.0857
GPMin:    3 00:18:42       -4.552899*       0.0505
GPMin:    4 00:18:50       -4.563562*       0.0284
GPMin:    5 00:18:57       -4.568087*       0.0194
       Step     Time          Energy         fmax
*Force-consistent energies used in optimization.
GPMin:    0 00:19:10       -4.395231*       0.6096
GPMin:    1 00:19:19       -4.615266*       0.1515
GPMin:    2 00:19:28       -4.668384*       0.1467
GPMin:    3 00:19:37       -4.708806*       0.1070
GPMin:    4 00:19:46       -4.751216*       0.0936
GPMin:    5 00:19:54       -4.785217*       0.0839
GPMin:    6 00:20:02       -4.811917*       0.0835
GPMin:    7 00:20:11       -4.841289*       0.0824
GPMin:    8 00:20:18       -4.868278*       0.0724
GPMin:    9 00:20:25       -4.889931*       0.0672
GPMin:   10 00:20:32       -4.907217*       0.0585
GPMin:   11 00:20:39       -4.921858*       0.0402
GPMin:   12 00:20:46       -4.926707*       0.0317
GPMin:   13 00:20:54       -4.931106*       0.0188
       Step     Time          Energy         fmax
*Force-consistent energies used in optimization.
GPMin:    0 00:21:09       -4.610562*       0.2395
GPMin:    1 00:21:19       -4.714211*       0.1462
GPMin:    2 00:21:28       -4.764478*       0.1352
GPMin:    3 00:21:36       -4.805160*       0.0928
GPMin:    4 00:21:45       -4.835144*       0.0847
GPMin:    5 00:21:53       -4.866020*       0.0672
GPMin:    6 00:22:00       -4.891301*       0.0603
GPMin:    7 00:22:08       -4.910870*       0.0445
GPMin:    8 00:22:15       -4.923445*       0.0374
GPMin:    9 00:22:22       -4.930683*       0.0298
GPMin:   10 00:22:28       -4.933140*       0.0253
GPMin:   11 00:22:35       -4.933620*       0.0213
GPMin:   12 00:22:43       -4.933932*       0.0038
       Step     Time          Energy         fmax
*Force-consistent energies used in optimization.
GPMin:    0 00:22:57       -4.489293*       0.5322
GPMin:    1 00:23:07       -4.627341*       0.1937
GPMin:    2 00:23:16       -4.683961*       0.1281
GPMin:    3 00:23:25       -4.727688*       0.0993
GPMin:    4 00:23:33       -4.770386*       0.0929
GPMin:    5 00:23:42       -4.802187*       0.0831
GPMin:    6 00:23:50       -4.836110*       0.0854
GPMin:    7 00:23:57       -4.866097*       0.0784
GPMin:    8 00:24:04       -4.887569*       0.0691
GPMin:    9 00:24:11       -4.907760*       0.0551
GPMin:   10 00:24:18       -4.920185*       0.0387
GPMin:   11 00:24:25       -4.927125*       0.0342
GPMin:   12 00:24:33       -4.931469*       0.0199
       Step     Time          Energy         fmax
*Force-consistent energies used in optimization.
GPMin:    0 00:24:46       -4.628983*       0.2357
GPMin:    1 00:24:56       -4.700830*       0.1962
GPMin:    2 00:25:06       -4.776393*       0.1186
GPMin:    3 00:25:15       -4.816500*       0.0814
GPMin:    4 00:25:24       -4.843916*       0.0927
GPMin:    5 00:25:33       -4.877149*       0.0728
GPMin:    6 00:25:41       -4.902460*       0.0508
GPMin:    7 00:25:48       -4.917305*       0.0347
GPMin:    8 00:25:55       -4.924903*       0.0290
GPMin:    9 00:26:02       -4.929391*       0.0223
GPMin:   10 00:26:08       -4.933164*       0.0157
       Step     Time          Energy         fmax
*Force-consistent energies used in optimization.
GPMin:    0 00:26:21       -4.189648*       0.7294
GPMin:    1 00:26:30       -4.394691*       0.2534
GPMin:    2 00:26:39       -4.501598*       0.2254
GPMin:    3 00:26:48       -4.609227*       0.2190
GPMin:    4 00:26:57       -4.700755*       0.2171
GPMin:    5 00:27:06       -4.785597*       0.1799
GPMin:    6 00:27:15       -4.838282*       0.0949
GPMin:    7 00:27:23       -4.859319*       0.0705
GPMin:    8 00:27:30       -4.869834*       0.0497
GPMin:    9 00:27:37       -4.875081*       0.0398
GPMin:   10 00:27:45       -4.880628*       0.0379
GPMin:   11 00:27:52       -4.886052*       0.0214
GPMin:   12 00:27:59       -4.888082*       0.0201
GPMin:   13 00:28:06       -4.889492*       0.0136
       Step     Time          Energy         fmax
*Force-consistent energies used in optimization.
GPMin:    0 00:28:20       -4.628983*       0.2357
GPMin:    1 00:28:30       -4.700875*       0.1961
GPMin:    2 00:28:40       -4.776405*       0.1186
GPMin:    3 00:28:49       -4.816497*       0.0814
GPMin:    4 00:28:58       -4.843912*       0.0927
GPMin:    5 00:29:08       -4.877140*       0.0728
GPMin:    6 00:29:16       -4.902452*       0.0508
GPMin:    7 00:29:23       -4.917300*       0.0347
GPMin:    8 00:29:30       -4.924902*       0.0290
GPMin:    9 00:29:36       -4.929390*       0.0223
GPMin:   10 00:29:42       -4.933163*       0.0157
       Step     Time          Energy         fmax
*Force-consistent energies used in optimization.
GPMin:    0 00:29:56       -4.865036*       0.1788
GPMin:    1 00:30:24       -4.888965*       0.0234
GPMin:    2 00:30:47       -4.889787*       0.0212
GPMin:    3 00:31:12       -4.890236*       0.0017
       Step     Time          Energy         fmax
*Force-consistent energies used in optimization.
GPMin:    0 00:31:27       -4.476426*       0.2688
GPMin:    1 00:31:36       -4.627914*       0.2099
GPMin:    2 00:31:45       -4.705007*       0.1332
GPMin:    3 00:31:53       -4.765489*       0.1086
GPMin:    4 00:32:01       -4.814446*       0.0997
GPMin:    5 00:32:10       -4.838933*       0.0796
GPMin:    6 00:32:17       -4.856814*       0.0802
GPMin:    7 00:32:24       -4.881955*       0.0616
GPMin:    8 00:32:31       -4.901467*       0.0562
GPMin:    9 00:32:38       -4.915572*       0.0541
GPMin:   10 00:32:45       -4.926859*       0.0364
GPMin:   11 00:32:53       -4.930917*       0.0218
GPMin:   12 00:32:59       -4.932437*       0.0195
       Step     Time          Energy         fmax
*Force-consistent energies used in optimization.
GPMin:    0 00:33:12       -4.198213*       0.7154
GPMin:    1 00:33:21       -4.400318*       0.2512
GPMin:    2 00:33:29       -4.506034*       0.2215
GPMin:    3 00:33:38       -4.612055*       0.2193
GPMin:    4 00:33:47       -4.702034*       0.2177
GPMin:    5 00:33:57       -4.787066*       0.1784
GPMin:    6 00:34:06       -4.838864*       0.0892
GPMin:    7 00:34:14       -4.859168*       0.0703
GPMin:    8 00:34:21       -4.869718*       0.0488
GPMin:    9 00:34:28       -4.874872*       0.0395
GPMin:   10 00:34:35       -4.880808*       0.0360
GPMin:   11 00:34:43       -4.885809*       0.0220
GPMin:   12 00:34:50       -4.887908*       0.0183
       Step     Time          Energy         fmax
*Force-consistent energies used in optimization.
GPMin:    0 00:35:04       -4.628983*       0.2357
GPMin:    1 00:35:14       -4.700874*       0.1961
GPMin:    2 00:35:24       -4.776405*       0.1186
GPMin:    3 00:35:33       -4.816496*       0.0814
GPMin:    4 00:35:42       -4.843912*       0.0927
GPMin:    5 00:35:51       -4.877140*       0.0728
GPMin:    6 00:35:59       -4.902452*       0.0508
GPMin:    7 00:36:07       -4.917300*       0.0347
GPMin:    8 00:36:14       -4.924902*       0.0290
GPMin:    9 00:36:20       -4.929390*       0.0223
GPMin:   10 00:36:26       -4.933163*       0.0157
       Step     Time          Energy         fmax
*Force-consistent energies used in optimization.
GPMin:    0 00:36:41       -4.340308*       0.2963
GPMin:    1 00:36:51       -4.476996*       0.1394
GPMin:    2 00:37:00       -4.526183*       0.0855
GPMin:    3 00:37:09       -4.553640*       0.0524
GPMin:    4 00:37:17       -4.564576*       0.0305
GPMin:    5 00:37:25       -4.570059*       0.0248
GPMin:    6 00:37:34       -4.575829*       0.0356
GPMin:    7 00:37:42       -4.597182*       0.0603
GPMin:    8 00:37:50       -4.632880*       0.0719
GPMin:    9 00:37:58       -4.672293*       0.0692
GPMin:   10 00:38:07       -4.708376*       0.0745
GPMin:   11 00:38:15       -4.745003*       0.0784
GPMin:   12 00:38:22       -4.783193*       0.0756
GPMin:   13 00:38:30       -4.818809*       0.0700
GPMin:   14 00:38:37       -4.852230*       0.0630
GPMin:   15 00:38:44       -4.880927*       0.0688
GPMin:   16 00:38:51       -4.901490*       0.0542
GPMin:   17 00:38:58       -4.915250*       0.0484
GPMin:   18 00:39:06       -4.924003*       0.0464
GPMin:   19 00:39:13       -4.929514*       0.0326
GPMin:   20 00:39:20       -4.931887*       0.0222
GPMin:   21 00:39:27       -4.933129*       0.0166
       Step     Time          Energy         fmax
*Force-consistent energies used in optimization.
GPMin:    0 00:39:46       -4.396350*       0.1542
GPMin:    1 00:39:56       -4.457980*       0.0671
GPMin:    2 00:40:14       -4.470778*       0.0525
GPMin:    3 00:40:22       -4.473064*       0.0455
GPMin:    4 00:40:31       -4.474231*       0.0375
GPMin:    5 00:40:56       -4.475618*       0.0708
GPMin:    6 00:41:04       -4.497803*       0.0706
GPMin:    7 00:41:12       -4.551330*       0.1147
GPMin:    8 00:41:21       -4.631890*       0.1420
GPMin:    9 00:41:29       -4.722471*       0.1616
GPMin:   10 00:41:37       -4.807478*       0.1573
GPMin:   11 00:41:45       -4.865238*       0.1215
GPMin:   12 00:41:53       -4.891759*       0.0817
GPMin:   13 00:42:01       -4.905928*       0.1172
GPMin:   14 00:42:09       -4.924423*       0.0573
GPMin:   15 00:42:16       -4.930204*       0.0334
GPMin:   16 00:42:23       -4.931768*       0.0254
GPMin:   17 00:42:30       -4.932950*       0.0110
       Step     Time          Energy         fmax
*Force-consistent energies used in optimization.
GPMin:    0 00:42:44       -4.569956*       0.2509
GPMin:    1 00:42:54       -4.679482*       0.1376
GPMin:    2 00:43:03       -4.724553*       0.1261
GPMin:    3 00:43:12       -4.767460*       0.1119
GPMin:    4 00:43:21       -4.805702*       0.0942
GPMin:    5 00:43:29       -4.839301*       0.0807
GPMin:    6 00:43:36       -4.872618*       0.0645
GPMin:    7 00:43:43       -4.902467*       0.0451
GPMin:    8 00:43:50       -4.919022*       0.0495
GPMin:    9 00:43:57       -4.926311*       0.0579
GPMin:   10 00:44:05       -4.932325*       0.0171
       Step     Time          Energy         fmax
*Force-consistent energies used in optimization.
GPMin:    0 00:44:20       -4.306699*       0.2781
GPMin:    1 00:44:28       -4.408838*       0.1797
GPMin:    2 00:44:36       -4.461842*       0.0432
GPMin:    3 00:44:43       -4.466871*       0.0135
       Step     Time          Energy         fmax
*Force-consistent energies used in optimization.
GPMin:    0 00:44:57       -4.327376*       0.6475
GPMin:    1 00:45:06       -4.464383*       0.0672
GPMin:    2 00:45:13       -4.468714*       0.0310
GPMin:    3 00:45:21       -4.471739*       0.0279
GPMin:    4 00:45:28       -4.496396*       0.0564
GPMin:    5 00:45:36       -4.545678*       0.1038
GPMin:    6 00:45:44       -4.619647*       0.1386
GPMin:    7 00:45:51       -4.708303*       0.1574
GPMin:    8 00:45:59       -4.793647*       0.1446
GPMin:    9 00:46:07       -4.850926*       0.0933
GPMin:   10 00:46:15       -4.870465*       0.0748
GPMin:   11 00:46:22       -4.879702*       0.0767
GPMin:   12 00:46:30       -4.896453*       0.0655
GPMin:   13 00:46:37       -4.909215*       0.0540
GPMin:   14 00:46:44       -4.918400*       0.0465
GPMin:   15 00:46:51       -4.925420*       0.0341
GPMin:   16 00:46:58       -4.930669*       0.0204
GPMin:   17 00:47:04       -4.932839*       0.0143
       Step     Time          Energy         fmax
*Force-consistent energies used in optimization.
GPMin:    0 00:47:18       -4.575300*       0.2816
GPMin:    1 00:47:27       -4.704139*       0.2352
GPMin:    2 00:47:36       -4.790094*       0.1469
GPMin:    3 00:47:46       -4.823981*       0.1062
GPMin:    4 00:47:54       -4.846118*       0.0917
GPMin:    5 00:48:01       -4.866757*       0.0580
GPMin:    6 00:48:08       -4.880319*       0.0358
GPMin:    7 00:48:15       -4.886892*       0.0272
GPMin:    8 00:48:23       -4.889636*       0.0137
       Step     Time          Energy         fmax
*Force-consistent energies used in optimization.
GPMin:    0 00:48:37       -3.891700*       0.6312
GPMin:    1 00:48:49       -4.242256*       0.3119
GPMin:    2 00:49:00       -4.350666*       0.1553
GPMin:    3 00:49:09       -4.377772*       0.0799
GPMin:    4 00:49:17       -4.399927*       0.0721
GPMin:    5 00:49:24       -4.421913*       0.0483
GPMin:    6 00:49:31       -4.428068*       0.0498
GPMin:    7 00:49:39       -4.438734*       0.0360
GPMin:    8 00:49:46       -4.445199*       0.0286
GPMin:    9 00:49:54       -4.450853*       0.0223
GPMin:   10 00:50:01       -4.455544*       0.0190
       Step     Time          Energy         fmax
*Force-consistent energies used in optimization.
GPMin:    0 00:50:15       -4.315851*       0.2551
GPMin:    1 00:50:25       -4.417893*       0.1121
GPMin:    2 00:50:34       -4.444930*       0.1283
GPMin:    3 00:50:43       -4.496822*       0.1085
GPMin:    4 00:50:51       -4.564395*       0.1315
GPMin:    5 00:50:59       -4.644445*       0.1453
GPMin:    6 00:51:07       -4.717650*       0.1186
GPMin:    7 00:51:15       -4.759531*       0.0771
GPMin:    8 00:51:23       -4.776456*       0.0943
GPMin:    9 00:51:32       -4.796364*       0.1116
GPMin:   10 00:51:39       -4.823552*       0.0785
GPMin:   11 00:51:46       -4.849868*       0.0664
GPMin:   12 00:51:53       -4.876121*       0.0643
GPMin:   13 00:52:01       -4.897244*       0.0600
GPMin:   14 00:52:10       -4.910631*       0.0601
GPMin:   15 00:52:17       -4.918947*       0.0525
GPMin:   16 00:52:24       -4.926900*       0.0311
GPMin:   17 00:52:31       -4.930027*       0.0312
GPMin:   18 00:52:37       -4.931613*       0.0320
GPMin:   19 00:52:44       -4.933031*       0.0209
GPMin:   20 00:52:51       -4.933614*       0.0098
       Step     Time          Energy         fmax
*Force-consistent energies used in optimization.
GPMin:    0 00:53:06       -4.487427*       0.5078
GPMin:    1 00:53:16       -4.628997*       0.1991
GPMin:    2 00:53:25       -4.690299*       0.1460
GPMin:    3 00:53:34       -4.744535*       0.1046
GPMin:    4 00:53:42       -4.768551*       0.0543
GPMin:    5 00:53:49       -4.778719*       0.0451
GPMin:    6 00:53:56       -4.790276*       0.0338
GPMin:    7 00:54:04       -4.799837*       0.0289
GPMin:    8 00:54:11       -4.805317*       0.0410
GPMin:    9 00:54:19       -4.808148*       0.0341
GPMin:   10 00:54:27       -4.810979*       0.0378
GPMin:   11 00:54:34       -4.816016*       0.0355
GPMin:   12 00:54:42       -4.822873*       0.0508
GPMin:   13 00:54:51       -4.836289*       0.0498
GPMin:   14 00:55:01       -4.851084*       0.0542
GPMin:   15 00:55:10       -4.864885*       0.0517
GPMin:   16 00:55:18       -4.872799*       0.0462
GPMin:   17 00:55:25       -4.877748*       0.0401
GPMin:   18 00:55:32       -4.884984*       0.0278
GPMin:   19 00:55:39       -4.888755*       0.0181
       Step     Time          Energy         fmax
*Force-consistent energies used in optimization.
GPMin:    0 00:55:54       -4.198213*       0.7154
GPMin:    1 00:56:03       -4.400322*       0.2512
GPMin:    2 00:56:11       -4.506034*       0.2215
GPMin:    3 00:56:20       -4.612055*       0.2193
GPMin:    4 00:56:29       -4.702036*       0.2177
GPMin:    5 00:56:38       -4.787068*       0.1784
GPMin:    6 00:56:47       -4.838865*       0.0892
GPMin:    7 00:56:55       -4.859169*       0.0703
GPMin:    8 00:57:03       -4.869719*       0.0488
GPMin:    9 00:57:10       -4.874873*       0.0394
GPMin:   10 00:57:17       -4.880809*       0.0360
GPMin:   11 00:57:24       -4.885809*       0.0220
GPMin:   12 00:57:31       -4.887908*       0.0183
       Step     Time          Energy         fmax
*Force-consistent energies used in optimization.
GPMin:    0 00:57:47       -4.382856*       0.3277
GPMin:    1 00:57:57       -4.512600*       0.1545
GPMin:    2 00:58:06       -4.562000*       0.1100
GPMin:    3 00:58:15       -4.608809*       0.1194
GPMin:    4 00:58:24       -4.667389*       0.1190
GPMin:    5 00:58:33       -4.728459*       0.1075
GPMin:    6 00:58:42       -4.777271*       0.1046
GPMin:    7 00:58:50       -4.807788*       0.0903
GPMin:    8 00:58:58       -4.837708*       0.0807
GPMin:    9 00:59:05       -4.864779*       0.0690
GPMin:   10 00:59:12       -4.885095*       0.0647
GPMin:   11 00:59:20       -4.903112*       0.0628
GPMin:   12 00:59:27       -4.916829*       0.0488
GPMin:   13 00:59:34       -4.925275*       0.0309
GPMin:   14 00:59:41       -4.929469*       0.0334
GPMin:   15 00:59:47       -4.932643*       0.0203
GPMin:   16 00:59:54       -4.933652*       0.0126
       Step     Time          Energy         fmax
*Force-consistent energies used in optimization.
GPMin:    0 01:00:07       -4.469486*       0.1747
GPMin:    1 01:00:16       -4.499896*       0.1942
GPMin:    2 01:00:25       -4.582331*       0.1341
GPMin:    3 01:00:33       -4.672024*       0.1508
GPMin:    4 01:00:42       -4.761780*       0.1677
GPMin:    5 01:00:50       -4.838328*       0.1481
GPMin:    6 01:00:58       -4.880814*       0.0896
GPMin:    7 01:01:05       -4.895257*       0.0912
GPMin:    8 01:01:13       -4.910381*       0.0793
GPMin:    9 01:01:20       -4.920203*       0.0381
GPMin:   10 01:01:27       -4.924893*       0.0361
GPMin:   11 01:01:35       -4.928721*       0.0377
GPMin:   12 01:01:42       -4.931265*       0.0259
GPMin:   13 01:01:48       -4.932583*       0.0162
       Step     Time          Energy         fmax
*Force-consistent energies used in optimization.
GPMin:    0 01:02:03       -4.297074*       0.2589
GPMin:    1 01:02:13       -4.374619*       0.0872
GPMin:    2 01:02:21       -4.402833*       0.0695
GPMin:    3 01:02:29       -4.424483*       0.0479
GPMin:    4 01:02:37       -4.438698*       0.0348
GPMin:    5 01:02:45       -4.448573*       0.0243
GPMin:    6 01:02:54       -4.455302*       0.0200
GPMin:    7 01:03:02       -4.459924*       0.0152
       Step     Time          Energy         fmax
*Force-consistent energies used in optimization.
GPMin:    0 01:03:17       -4.444628*       0.1372
GPMin:    1 01:03:27       -4.458397*       0.1656
GPMin:    2 01:03:35       -4.532324*       0.1691
GPMin:    3 01:03:44       -4.614797*       0.1665
GPMin:    4 01:03:52       -4.690780*       0.1477
GPMin:    5 01:04:00       -4.740750*       0.0798
GPMin:    6 01:04:07       -4.752978*       0.0496
GPMin:    7 01:04:14       -4.757642*       0.0482
GPMin:    8 01:04:21       -4.767112*       0.0474
GPMin:    9 01:04:29       -4.784335*       0.0510
GPMin:   10 01:04:37       -4.808055*       0.0679
GPMin:   11 01:04:45       -4.835376*       0.0846
GPMin:   12 01:04:53       -4.868126*       0.0835
GPMin:   13 01:05:01       -4.898866*       0.0611
GPMin:   14 01:05:09       -4.917389*       0.0403
GPMin:   15 01:05:17       -4.921914*       0.0413
GPMin:   16 01:05:24       -4.926046*       0.0386
GPMin:   17 01:05:31       -4.930571*       0.0262
GPMin:   18 01:05:37       -4.931757*       0.0253
GPMin:   19 01:05:44       -4.933254*       0.0118
       Step     Time          Energy         fmax
*Force-consistent energies used in optimization.
GPMin:    0 01:06:00       -4.553986*       0.1735
GPMin:    1 01:06:09       -4.629084*       0.1252
GPMin:    2 01:06:18       -4.698695*       0.1449
GPMin:    3 01:06:26       -4.753065*       0.1036
GPMin:    4 01:06:35       -4.786711*       0.0840
GPMin:    5 01:06:45       -4.821653*       0.0916
GPMin:    6 01:06:54       -4.856218*       0.0709
GPMin:    7 01:07:02       -4.886677*       0.0624
GPMin:    8 01:07:09       -4.908302*       0.0477
GPMin:    9 01:07:16       -4.920307*       0.0437
GPMin:   10 01:07:23       -4.927024*       0.0410
GPMin:   11 01:07:30       -4.932243*       0.0286
GPMin:   12 01:07:38       -4.933463*       0.0207
GPMin:   13 01:07:44       -4.933898*       0.0114
       Step     Time          Energy         fmax
*Force-consistent energies used in optimization.
GPMin:    0 01:07:58       -4.329769*       0.3494
GPMin:    1 01:08:08       -4.461765*       0.1372
GPMin:    2 01:08:17       -4.504002*       0.0517
GPMin:    3 01:08:25       -4.515277*       0.0472
GPMin:    4 01:08:32       -4.525369*       0.0314
GPMin:    5 01:08:40       -4.534696*       0.0339
GPMin:    6 01:08:49       -4.547180*       0.0437
GPMin:    7 01:08:57       -4.561050*       0.0580
GPMin:    8 01:09:05       -4.583217*       0.0772
GPMin:    9 01:09:14       -4.614466*       0.1017
GPMin:   10 01:09:23       -4.644969*       0.0962
GPMin:   11 01:09:31       -4.676359*       0.0881
GPMin:   12 01:09:40       -4.715303*       0.1022
GPMin:   13 01:09:47       -4.763399*       0.1093
GPMin:   14 01:09:55       -4.810631*       0.0872
GPMin:   15 01:10:02       -4.844705*       0.0791
GPMin:   16 01:10:09       -4.867402*       0.0752
GPMin:   17 01:10:17       -4.881090*       0.0480
GPMin:   18 01:10:26       -4.886003*       0.0353
GPMin:   19 01:10:33       -4.887766*       0.0206
GPMin:   20 01:10:38       -4.888489*       0.0152
       Step     Time          Energy         fmax
*Force-consistent energies used in optimization.
GPMin:    0 01:10:53       -4.256144*       0.6665
GPMin:    1 01:11:03       -4.432645*       0.1412
GPMin:    2 01:11:12       -4.437231*       0.1339
GPMin:    3 01:11:20       -4.461131*       0.0193
       Step     Time          Energy         fmax
*Force-consistent energies used in optimization.
GPMin:    0 01:11:35       -4.340308*       0.2964
GPMin:    1 01:11:45       -4.477010*       0.1394
GPMin:    2 01:11:54       -4.526191*       0.0855
GPMin:    3 01:12:03       -4.553647*       0.0524
GPMin:    4 01:12:12       -4.564581*       0.0305
GPMin:    5 01:12:20       -4.570067*       0.0248
GPMin:    6 01:12:28       -4.575841*       0.0357
GPMin:    7 01:12:36       -4.597238*       0.0603
GPMin:    8 01:12:44       -4.632974*       0.0719
GPMin:    9 01:12:52       -4.672394*       0.0692
GPMin:   10 01:13:01       -4.708456*       0.0745
GPMin:   11 01:13:09       -4.745079*       0.0784
GPMin:   12 01:13:17       -4.783256*       0.0756
GPMin:   13 01:13:24       -4.818824*       0.0700
GPMin:   14 01:13:31       -4.852181*       0.0629
GPMin:   15 01:13:38       -4.880854*       0.0687
GPMin:   16 01:13:45       -4.901439*       0.0542
GPMin:   17 01:13:53       -4.915229*       0.0484
GPMin:   18 01:14:00       -4.924008*       0.0462
GPMin:   19 01:14:07       -4.929519*       0.0325
GPMin:   20 01:14:14       -4.931895*       0.0222
GPMin:   21 01:14:21       -4.933135*       0.0166
       Step     Time          Energy         fmax
*Force-consistent energies used in optimization.
GPMin:    0 01:14:36       -4.557577*       0.2693
GPMin:    1 01:14:46       -4.673797*       0.2204
GPMin:    2 01:14:55       -4.758468*       0.1620
GPMin:    3 01:15:03       -4.809700*       0.1280
GPMin:    4 01:15:12       -4.846862*       0.0909
GPMin:    5 01:15:20       -4.871885*       0.0994
GPMin:    6 01:15:28       -4.897442*       0.0735
GPMin:    7 01:15:37       -4.915688*       0.0426
GPMin:    8 01:15:44       -4.924802*       0.0346
GPMin:    9 01:15:51       -4.928147*       0.0247
GPMin:   10 01:15:57       -4.930499*       0.0217
GPMin:   11 01:16:03       -4.932936*       0.0142
       Step     Time          Energy         fmax
*Force-consistent energies used in optimization.
GPMin:    0 01:16:18       -4.383511*       0.4542
GPMin:    1 01:16:28       -4.478645*       0.1056
GPMin:    2 01:16:37       -4.506226*       0.1060
GPMin:    3 01:16:45       -4.562071*       0.1121
GPMin:    4 01:16:53       -4.636007*       0.1363
GPMin:    5 01:17:02       -4.720321*       0.1340
GPMin:    6 01:17:11       -4.787091*       0.0954
GPMin:    7 01:17:19       -4.820779*       0.0837
GPMin:    8 01:17:27       -4.839501*       0.0846
GPMin:    9 01:17:34       -4.868350*       0.0689
GPMin:   10 01:17:41       -4.888973*       0.0625
GPMin:   11 01:17:48       -4.903110*       0.0673
GPMin:   12 01:17:56       -4.916120*       0.0523
GPMin:   13 01:18:03       -4.925237*       0.0346
GPMin:   14 01:18:08       -4.929440*       0.0281
GPMin:   15 01:18:14       -4.931819*       0.0226
GPMin:   16 01:18:19       -4.933105*       0.0130
       Step     Time          Energy         fmax
*Force-consistent energies used in optimization.
GPMin:    0 01:18:33       -4.446738*       0.1629
GPMin:    1 01:18:44       -4.478634*       0.1543
GPMin:    2 01:18:53       -4.546592*       0.1825
GPMin:    3 01:19:01       -4.633200*       0.1427
GPMin:    4 01:19:09       -4.711746*       0.1306
GPMin:    5 01:19:18       -4.776296*       0.1006
GPMin:    6 01:19:25       -4.811264*       0.0831
GPMin:    7 01:19:33       -4.833610*       0.1143
GPMin:    8 01:19:41       -4.864054*       0.0765
GPMin:    9 01:19:48       -4.887389*       0.0608
GPMin:   10 01:19:56       -4.904850*       0.0558
GPMin:   11 01:20:03       -4.917446*       0.0387
GPMin:   12 01:20:10       -4.925293*       0.0315
GPMin:   13 01:20:17       -4.929680*       0.0320
GPMin:   14 01:20:24       -4.932780*       0.0154
       Step     Time          Energy         fmax
*Force-consistent energies used in optimization.
GPMin:    0 01:20:36       -4.490885*       0.0907
GPMin:    1 01:20:45       -4.528430*       0.1826
GPMin:    2 01:20:54       -4.615350*       0.1699
GPMin:    3 01:21:03       -4.707334*       0.1661
GPMin:    4 01:21:11       -4.795723*       0.1610
GPMin:    5 01:21:18       -4.865407*       0.1304
GPMin:    6 01:21:26       -4.894748*       0.0654
GPMin:    7 01:21:33       -4.903721*       0.0736
GPMin:    8 01:21:40       -4.915751*       0.0538
GPMin:    9 01:21:46       -4.923071*       0.0325
GPMin:   10 01:21:54       -4.927396*       0.0375
GPMin:   11 01:22:01       -4.930983*       0.0298
GPMin:   12 01:22:07       -4.932673*       0.0142
       Step     Time          Energy         fmax
*Force-consistent energies used in optimization.
GPMin:    0 01:22:21       -3.865534*       0.7617
GPMin:    1 01:22:33       -4.274622*       0.3018
GPMin:    2 01:22:45       -4.402780*       0.1562
GPMin:    3 01:22:55       -4.437577*       0.0735
GPMin:    4 01:23:05       -4.450742*       0.0602
GPMin:    5 01:23:14       -4.464178*       0.0336
GPMin:    6 01:23:21       -4.467799*       0.0311
GPMin:    7 01:23:28       -4.470519*       0.0229
GPMin:    8 01:23:35       -4.472747*       0.0131
       Step     Time          Energy         fmax
*Force-consistent energies used in optimization.
GPMin:    0 01:23:50       -4.309926*       0.2082
GPMin:    1 01:24:00       -4.383226*       0.1501
GPMin:    2 01:24:09       -4.445436*       0.1106
GPMin:    3 01:24:18       -4.463897*       0.0499
GPMin:    4 01:24:26       -4.467407*       0.0281
GPMin:    5 01:24:35       -4.472134*       0.0180
       Step     Time          Energy         fmax
*Force-consistent energies used in optimization.
GPMin:    0 01:24:51       -4.017132*       0.3374
GPMin:    1 01:25:01       -4.194620*       0.2418
GPMin:    2 01:25:10       -4.285175*       0.2211
GPMin:    3 01:25:18       -4.378562*       0.2503
GPMin:    4 01:25:27       -4.484843*       0.2203
GPMin:    5 01:25:36       -4.566742*       0.1456
GPMin:    6 01:25:45       -4.608836*       0.1079
GPMin:    7 01:25:54       -4.634507*       0.1049
GPMin:    8 01:26:03       -4.670326*       0.0971
GPMin:    9 01:26:11       -4.706628*       0.0856
GPMin:   10 01:26:19       -4.734772*       0.0773
GPMin:   11 01:26:27       -4.757693*       0.1142
GPMin:   12 01:26:35       -4.791430*       0.1195
GPMin:   13 01:26:43       -4.827699*       0.0863
GPMin:   14 01:26:52       -4.860348*       0.0803
GPMin:   15 01:27:00       -4.889233*       0.0737
GPMin:   16 01:27:08       -4.908858*       0.0476
GPMin:   17 01:27:15       -4.918123*       0.0473
GPMin:   18 01:27:22       -4.922270*       0.0400
GPMin:   19 01:27:29       -4.924756*       0.0371
GPMin:   20 01:27:37       -4.928674*       0.0317
GPMin:   21 01:27:44       -4.931118*       0.0226
GPMin:   22 01:27:51       -4.932090*       0.0215
GPMin:   23 01:27:58       -4.933405*       0.0136
       Step     Time          Energy         fmax
*Force-consistent energies used in optimization.
GPMin:    0 01:28:11       -4.216305*       0.2511
GPMin:    1 01:28:21       -4.339349*       0.2572
GPMin:    2 01:28:30       -4.453286*       0.2627
GPMin:    3 01:28:39       -4.554642*       0.2092
GPMin:    4 01:28:48       -4.620254*       0.1499
GPMin:    5 01:28:56       -4.680691*       0.1477
GPMin:    6 01:29:04       -4.756261*       0.1400
GPMin:    7 01:29:12       -4.817700*       0.1301
GPMin:    8 01:29:20       -4.855036*       0.1049
GPMin:    9 01:29:28       -4.875144*       0.0811
GPMin:   10 01:29:36       -4.892707*       0.0832
GPMin:   11 01:29:43       -4.907872*       0.0667
GPMin:   12 01:29:50       -4.916003*       0.0421
GPMin:   13 01:29:57       -4.921172*       0.0453
GPMin:   14 01:30:04       -4.926754*       0.0487
GPMin:   15 01:30:10       -4.931572*       0.0283
GPMin:   16 01:30:17       -4.933307*       0.0100
       Step     Time          Energy         fmax
*Force-consistent energies used in optimization.
GPMin:    0 01:30:33       -4.532000*       0.2458
GPMin:    1 01:30:43       -4.610011*       0.1613
GPMin:    2 01:30:53       -4.657524*       0.0924
GPMin:    3 01:31:01       -4.698929*       0.1022
GPMin:    4 01:31:09       -4.744745*       0.0950
GPMin:    5 01:31:17       -4.785903*       0.0847
GPMin:    6 01:31:25       -4.825624*       0.0768
GPMin:    7 01:31:32       -4.862983*       0.0691
GPMin:    8 01:31:39       -4.890144*       0.0554
GPMin:    9 01:31:46       -4.909492*       0.0690
GPMin:   10 01:31:53       -4.924770*       0.0328
GPMin:   11 01:32:00       -4.928490*       0.0321
GPMin:   12 01:32:08       -4.931753*       0.0249
GPMin:   13 01:32:14       -4.933421*       0.0144
       Step     Time          Energy         fmax
*Force-consistent energies used in optimization.
GPMin:    0 01:32:28       -4.390222*       0.3097
GPMin:    1 01:32:38       -4.527599*       0.2021
GPMin:    2 01:32:47       -4.597530*       0.1323
GPMin:    3 01:32:56       -4.650520*       0.1249
GPMin:    4 01:33:04       -4.721358*       0.1335
GPMin:    5 01:33:12       -4.780657*       0.1204
GPMin:    6 01:33:21       -4.818938*       0.0911
GPMin:    7 01:33:29       -4.842691*       0.0957
GPMin:    8 01:33:37       -4.869664*       0.0804
GPMin:    9 01:33:45       -4.890607*       0.0574
GPMin:   10 01:33:52       -4.905788*       0.0540
GPMin:   11 01:33:59       -4.916368*       0.0440
GPMin:   12 01:34:06       -4.925021*       0.0330
GPMin:   13 01:34:14       -4.930369*       0.0246
GPMin:   14 01:34:19       -4.932485*       0.0251
GPMin:   15 01:34:25       -4.933743*       0.0106
       Step     Time          Energy         fmax
*Force-consistent energies used in optimization.
GPMin:    0 01:34:39       -4.418631*       0.2354
GPMin:    1 01:34:49       -4.446169*       0.1204
GPMin:    2 01:34:58       -4.449595*       0.1407
GPMin:    3 01:35:06       -4.463956*       0.0445
GPMin:    4 01:35:14       -4.476295*       0.1234
GPMin:    5 01:35:24       -4.507089*       0.1482
GPMin:    6 01:35:33       -4.572781*       0.1327
GPMin:    7 01:35:41       -4.652714*       0.1477
GPMin:    8 01:35:49       -4.742718*       0.1557
GPMin:    9 01:35:57       -4.823679*       0.1368
GPMin:   10 01:36:05       -4.869299*       0.0906
GPMin:   11 01:36:13       -4.886103*       0.0923
GPMin:   12 01:36:21       -4.902052*       0.1060
GPMin:   13 01:36:28       -4.918362*       0.0621
GPMin:   14 01:36:35       -4.926537*       0.0272
GPMin:   15 01:36:43       -4.929418*       0.0222
GPMin:   16 01:36:50       -4.931083*       0.0178
       Step     Time          Energy         fmax
*Force-consistent energies used in optimization.
GPMin:    0 01:37:06       -3.709986*       0.8108
GPMin:    1 01:37:18       -4.177650*       0.4071
GPMin:    2 01:37:29       -4.340948*       0.2064
GPMin:    3 01:37:37       -4.387800*       0.0987
GPMin:    4 01:37:45       -4.400983*       0.0685
GPMin:    5 01:37:53       -4.423484*       0.0452
GPMin:    6 01:38:00       -4.433574*       0.0418
GPMin:    7 01:38:08       -4.437935*       0.0413
GPMin:    8 01:38:16       -4.444846*       0.0327
GPMin:    9 01:38:23       -4.450469*       0.0251
GPMin:   10 01:38:30       -4.453913*       0.0213
GPMin:   11 01:38:37       -4.457949*       0.0171
       Step     Time          Energy         fmax
*Force-consistent energies used in optimization.
GPMin:    0 01:38:53       -4.435423*       0.2770
GPMin:    1 01:39:02       -4.543446*       0.1718
GPMin:    2 01:39:11       -4.588153*       0.1191
GPMin:    3 01:39:20       -4.646635*       0.1273
GPMin:    4 01:39:28       -4.714005*       0.1456
GPMin:    5 01:39:37       -4.775027*       0.1323
GPMin:    6 01:39:46       -4.819368*       0.0859
GPMin:    7 01:39:55       -4.852078*       0.0928
GPMin:    8 01:40:03       -4.882993*       0.0770
GPMin:    9 01:40:11       -4.905027*       0.0512
GPMin:   10 01:40:18       -4.915483*       0.0470
GPMin:   11 01:40:26       -4.921682*       0.0466
GPMin:   12 01:40:33       -4.927486*       0.0339
GPMin:   13 01:40:39       -4.930804*       0.0275
GPMin:   14 01:40:47       -4.932488*       0.0185
       Step     Time          Energy         fmax
*Force-consistent energies used in optimization.
GPMin:    0 01:41:02       -4.292611*       0.4410
GPMin:    1 01:41:10       -4.447617*       0.0882
GPMin:    2 01:41:18       -4.455931*       0.0639
GPMin:    3 01:41:26       -4.460430*       0.0432
GPMin:    4 01:41:34       -4.462447*       0.0102
       Step     Time          Energy         fmax
*Force-consistent energies used in optimization.
GPMin:    0 01:41:54       -3.725250*       0.3418
GPMin:    1 01:42:06       -3.984380*       0.3464
GPMin:    2 01:42:17       -4.174337*       0.3319
GPMin:    3 01:42:26       -4.339361*       0.3016
GPMin:    4 01:42:35       -4.467010*       0.2523
GPMin:    5 01:42:45       -4.547606*       0.1780
GPMin:    6 01:42:54       -4.591440*       0.1179
GPMin:    7 01:43:02       -4.625810*       0.1663
GPMin:    8 01:43:11       -4.672504*       0.1614
GPMin:    9 01:43:18       -4.718861*       0.1155
GPMin:   10 01:43:26       -4.755593*       0.1127
GPMin:   11 01:43:34       -4.786214*       0.1143
GPMin:   12 01:43:44       -4.820294*       0.1125
GPMin:   13 01:43:53       -4.856123*       0.0893
GPMin:   14 01:44:01       -4.883361*       0.0776
GPMin:   15 01:44:08       -4.903554*       0.0616
GPMin:   16 01:44:16       -4.916413*       0.0430
GPMin:   17 01:44:23       -4.921695*       0.0415
GPMin:   18 01:44:30       -4.925206*       0.0359
GPMin:   19 01:44:38       -4.928004*       0.0334
GPMin:   20 01:44:45       -4.929742*       0.0304
GPMin:   21 01:44:52       -4.932080*       0.0295
GPMin:   22 01:45:00       -4.932742*       0.0209
GPMin:   23 01:45:07       -4.933436*       0.0184
       Step     Time          Energy         fmax
*Force-consistent energies used in optimization.
GPMin:    0 01:45:23       -4.593218*       0.1681
GPMin:    1 01:45:32       -4.672180*       0.1692
GPMin:    2 01:45:42       -4.743254*       0.1506
GPMin:    3 01:45:51       -4.795354*       0.1118
GPMin:    4 01:46:00       -4.831032*       0.0855
GPMin:    5 01:46:09       -4.868905*       0.0907
GPMin:    6 01:46:17       -4.902295*       0.0627
GPMin:    7 01:46:25       -4.923921*       0.0399
GPMin:    8 01:46:33       -4.931261*       0.0184
       Step     Time          Energy         fmax
*Force-consistent energies used in optimization.
GPMin:    0 01:46:50       -4.551151*       0.1257
GPMin:    1 01:46:59       -4.628950*       0.1637
GPMin:    2 01:47:08       -4.713248*       0.1742
GPMin:    3 01:47:16       -4.791102*       0.1772
GPMin:    4 01:47:25       -4.846794*       0.1445
GPMin:    5 01:47:34       -4.880557*       0.0803
GPMin:    6 01:47:42       -4.899498*       0.0804
GPMin:    7 01:47:49       -4.913612*       0.0473
GPMin:    8 01:47:57       -4.922479*       0.0351
GPMin:    9 01:48:04       -4.927141*       0.0282
GPMin:   10 01:48:11       -4.930566*       0.0274
GPMin:   11 01:48:18       -4.932681*       0.0155
       Step     Time          Energy         fmax
*Force-consistent energies used in optimization.
GPMin:    0 01:48:35       -4.033797*       0.2633
GPMin:    1 01:48:44       -4.225592*       0.2479
GPMin:    2 01:48:53       -4.368127*       0.2185
GPMin:    3 01:49:03       -4.457400*       0.1496
GPMin:    4 01:49:12       -4.487944*       0.0829
GPMin:    5 01:49:20       -4.504738*       0.0785
GPMin:    6 01:49:28       -4.537637*       0.1070
GPMin:    7 01:49:35       -4.598097*       0.1205
GPMin:    8 01:49:44       -4.675126*       0.1532
GPMin:    9 01:49:52       -4.755632*       0.1650
GPMin:   10 01:50:00       -4.826368*       0.1440
GPMin:   11 01:50:09       -4.866428*       0.0913
GPMin:   12 01:50:16       -4.879414*       0.0872
GPMin:   13 01:50:23       -4.886829*       0.1052
GPMin:   14 01:50:31       -4.900399*       0.0790
GPMin:   15 01:50:39       -4.910994*       0.0472
GPMin:   16 01:50:45       -4.918355*       0.0397
GPMin:   17 01:50:51       -4.923292*       0.0414
GPMin:   18 01:50:59       -4.928030*       0.0354
GPMin:   19 01:51:06       -4.930443*       0.0269
GPMin:   20 01:51:13       -4.932315*       0.0194
       Step     Time          Energy         fmax
*Force-consistent energies used in optimization.
GPMin:    0 01:51:28       -4.496149*       0.2077
GPMin:    1 01:51:39       -4.596161*       0.1580
GPMin:    2 01:51:48       -4.663997*       0.1626
GPMin:    3 01:51:56       -4.730401*       0.1713
GPMin:    4 01:52:05       -4.790317*       0.1451
GPMin:    5 01:52:15       -4.832219*       0.1030
GPMin:    6 01:52:23       -4.862004*       0.0944
GPMin:    7 01:52:32       -4.889638*       0.0765
GPMin:    8 01:52:40       -4.912311*       0.0439
GPMin:    9 01:52:48       -4.923884*       0.0342
GPMin:   10 01:52:55       -4.928094*       0.0280
GPMin:   11 01:53:03       -4.929887*       0.0238
GPMin:   12 01:53:09       -4.932053*       0.0134
       Step     Time          Energy         fmax
*Force-consistent energies used in optimization.
GPMin:    0 01:53:31       -4.144652*       0.1848
GPMin:    1 01:53:44       -4.180192*       0.0964
GPMin:    2 01:53:57       -4.182672*       0.0866
GPMin:    3 01:54:09       -4.195717*       0.0234
GPMin:    4 01:54:20       -4.210694*       0.0852
GPMin:    5 01:54:33       -4.283960*       0.1142
GPMin:    6 01:54:42       -4.346430*       0.0843
GPMin:    7 01:54:51       -4.386596*       0.0705
GPMin:    8 01:54:59       -4.414944*       0.0636
GPMin:    9 01:55:07       -4.435635*       0.0572
GPMin:   10 01:55:16       -4.455713*       0.0600
GPMin:   11 01:55:24       -4.487987*       0.0719
GPMin:   12 01:55:32       -4.539497*       0.1087
GPMin:   13 01:55:41       -4.613841*       0.1501
GPMin:   14 01:55:48       -4.694114*       0.1614
GPMin:   15 01:55:56       -4.766905*       0.1369
GPMin:   16 01:56:04       -4.813265*       0.0855
GPMin:   17 01:56:13       -4.830528*       0.0835
GPMin:   18 01:56:20       -4.841206*       0.1083
GPMin:   19 01:56:28       -4.863282*       0.0961
GPMin:   20 01:56:36       -4.882749*       0.0685
GPMin:   21 01:56:43       -4.899228*       0.0590
GPMin:   22 01:56:50       -4.911856*       0.0513
GPMin:   23 01:56:58       -4.922796*       0.0434
GPMin:   24 01:57:05       -4.927682*       0.0316
GPMin:   25 01:57:11       -4.929818*       0.0226
GPMin:   26 01:57:18       -4.932621*       0.0193
       Step     Time          Energy         fmax
*Force-consistent energies used in optimization.
GPMin:    0 01:57:34       -3.908501*       0.7743
GPMin:    1 01:57:44       -4.125728*       0.2002
GPMin:    2 01:57:53       -4.186973*       0.1409
GPMin:    3 01:58:03       -4.220830*       0.1541
GPMin:    4 01:58:11       -4.271994*       0.1722
GPMin:    5 01:58:20       -4.341208*       0.1895
GPMin:    6 01:58:29       -4.428294*       0.2014
GPMin:    7 01:58:39       -4.506882*       0.1750
GPMin:    8 01:58:48       -4.543170*       0.0959
GPMin:    9 01:58:56       -4.550626*       0.0480
GPMin:   10 01:59:03       -4.554618*       0.0568
GPMin:   11 01:59:11       -4.559185*       0.0432
GPMin:   12 01:59:18       -4.567086*       0.0476
GPMin:   13 01:59:26       -4.577339*       0.0483
GPMin:   14 01:59:36       -4.593497*       0.0599
GPMin:   15 01:59:44       -4.613927*       0.0655
GPMin:   16 01:59:52       -4.636977*       0.0700
GPMin:   17 02:00:01       -4.660468*       0.0670
GPMin:   18 02:00:09       -4.685161*       0.0795
GPMin:   19 02:00:17       -4.714342*       0.0862
GPMin:   20 02:00:26       -4.748000*       0.0785
GPMin:   21 02:00:34       -4.783187*       0.0857
GPMin:   22 02:00:41       -4.819467*       0.0740
GPMin:   23 02:00:49       -4.849598*       0.0658
GPMin:   24 02:00:56       -4.873109*       0.0766
GPMin:   25 02:01:03       -4.890095*       0.0696
GPMin:   26 02:01:11       -4.900844*       0.0627
GPMin:   27 02:01:18       -4.910156*       0.0635
GPMin:   28 02:01:25       -4.920700*       0.0486
GPMin:   29 02:01:33       -4.926747*       0.0381
GPMin:   30 02:01:40       -4.929285*       0.0410
GPMin:   31 02:01:47       -4.932216*       0.0231
GPMin:   32 02:01:54       -4.933138*       0.0134
       Step     Time          Energy         fmax
*Force-consistent energies used in optimization.
GPMin:    0 02:02:11       -4.424297*       0.2887
GPMin:    1 02:02:20       -4.498317*       0.1931
GPMin:    2 02:02:30       -4.573755*       0.1569
GPMin:    3 02:02:39       -4.639138*       0.1435
GPMin:    4 02:02:48       -4.699895*       0.1212
GPMin:    5 02:02:57       -4.744855*       0.0964
GPMin:    6 02:03:05       -4.777971*       0.0899
GPMin:    7 02:03:14       -4.818121*       0.0930
GPMin:    8 02:03:23       -4.856006*       0.0772
GPMin:    9 02:03:32       -4.887613*       0.0767
GPMin:   10 02:03:39       -4.908599*       0.0559
GPMin:   11 02:03:47       -4.918587*       0.0552
GPMin:   12 02:03:55       -4.921754*       0.0460
GPMin:   13 02:04:02       -4.926842*       0.0349
GPMin:   14 02:04:09       -4.930821*       0.0211
GPMin:   15 02:04:16       -4.932447*       0.0216
GPMin:   16 02:04:22       -4.933513*       0.0095
       Step     Time          Energy         fmax
*Force-consistent energies used in optimization.
GPMin:    0 02:04:38       -4.351573*       0.3184
GPMin:    1 02:04:47       -4.435521*       0.1385
GPMin:    2 02:04:57       -4.459794*       0.0921
GPMin:    3 02:05:05       -4.467277*       0.0383
GPMin:    4 02:05:12       -4.468446*       0.0165
       Step     Time          Energy         fmax
*Force-consistent energies used in optimization.
GPMin:    0 02:05:27       -4.262416*       0.1822
GPMin:    1 02:05:37       -4.352540*       0.2086
GPMin:    2 02:05:45       -4.458868*       0.2387
GPMin:    3 02:05:55       -4.562532*       0.2339
GPMin:    4 02:06:04       -4.656375*       0.1681
GPMin:    5 02:06:13       -4.708549*       0.0958
GPMin:    6 02:06:21       -4.729110*       0.0773
GPMin:    7 02:06:31       -4.751940*       0.0899
GPMin:    8 02:06:39       -4.778023*       0.0842
GPMin:    9 02:06:46       -4.809790*       0.0762
GPMin:   10 02:06:53       -4.841989*       0.0739
GPMin:   11 02:07:03       -4.872637*       0.0664
GPMin:   12 02:07:12       -4.887092*       0.0824
GPMin:   13 02:07:20       -4.901707*       0.1045
GPMin:   14 02:07:29       -4.914216*       0.0692
GPMin:   15 02:07:37       -4.918648*       0.0562
GPMin:   16 02:07:45       -4.923504*       0.0463
GPMin:   17 02:07:51       -4.927389*       0.0323
GPMin:   18 02:07:59       -4.930119*       0.0257
GPMin:   19 02:08:05       -4.931624*       0.0133
       Step     Time          Energy         fmax
*Force-consistent energies used in optimization.
GPMin:    0 02:08:22       -4.301422*       0.2968
GPMin:    1 02:08:32       -4.473688*       0.2413
GPMin:    2 02:08:41       -4.594745*       0.2529
GPMin:    3 02:08:50       -4.708708*       0.2389
GPMin:    4 02:08:59       -4.788670*       0.1699
GPMin:    5 02:09:09       -4.827529*       0.1011
GPMin:    6 02:09:17       -4.851124*       0.0736
GPMin:    7 02:09:25       -4.866080*       0.0552
GPMin:    8 02:09:33       -4.875792*       0.0494
GPMin:    9 02:09:40       -4.883079*       0.0380
GPMin:   10 02:09:47       -4.886935*       0.0253
GPMin:   11 02:09:55       -4.888625*       0.0191
       Step     Time          Energy         fmax
*Force-consistent energies used in optimization.
GPMin:    0 02:10:10       -4.295773*       0.6399
GPMin:    1 02:10:20       -4.447321*       0.0259
GPMin:    2 02:10:27       -4.449197*       0.0256
GPMin:    3 02:10:35       -4.453283*       0.0256
GPMin:    4 02:10:43       -4.457059*       0.0487
GPMin:    5 02:10:51       -4.462286*       0.0249
GPMin:    6 02:10:59       -4.464391*       0.0184
       Step     Time          Energy         fmax
*Force-consistent energies used in optimization.
GPMin:    0 02:11:13       -4.440923*       0.0781
GPMin:    1 02:11:39       -4.459580*       0.0566
GPMin:    2 02:11:47       -4.459974*       0.0648
GPMin:    3 02:11:56       -4.463518*       0.0594
GPMin:    4 02:12:04       -4.468500*       0.0540
GPMin:    5 02:12:13       -4.477930*       0.1355
GPMin:    6 02:12:22       -4.536265*       0.1116
GPMin:    7 02:12:31       -4.608445*       0.1370
GPMin:    8 02:12:39       -4.699558*       0.1726
GPMin:    9 02:12:47       -4.794959*       0.1821
GPMin:   10 02:12:55       -4.870828*       0.1538
GPMin:   11 02:13:03       -4.907093*       0.0824
GPMin:   12 02:13:11       -4.914977*       0.0528
GPMin:   13 02:13:18       -4.923698*       0.0426
GPMin:   14 02:13:24       -4.926441*       0.0344
GPMin:   15 02:13:32       -4.928606*       0.0259
GPMin:   16 02:13:37       -4.931616*       0.0184
       Step     Time          Energy         fmax
*Force-consistent energies used in optimization.
GPMin:    0 02:13:53       -4.340308*       0.2963
GPMin:    1 02:14:04       -4.477001*       0.1394
GPMin:    2 02:14:13       -4.526188*       0.0855
GPMin:    3 02:14:22       -4.553645*       0.0523
GPMin:    4 02:14:30       -4.564576*       0.0305
GPMin:    5 02:14:39       -4.570059*       0.0248
GPMin:    6 02:14:47       -4.575824*       0.0357
GPMin:    7 02:14:55       -4.597184*       0.0603
GPMin:    8 02:15:03       -4.632875*       0.0719
GPMin:    9 02:15:12       -4.672284*       0.0692
GPMin:   10 02:15:21       -4.708366*       0.0745
GPMin:   11 02:15:29       -4.744992*       0.0784
GPMin:   12 02:15:37       -4.783185*       0.0756
GPMin:   13 02:15:44       -4.818809*       0.0700
GPMin:   14 02:15:51       -4.852236*       0.0630
GPMin:   15 02:15:59       -4.880939*       0.0688
GPMin:   16 02:16:06       -4.901496*       0.0542
GPMin:   17 02:16:13       -4.915252*       0.0484
GPMin:   18 02:16:20       -4.924004*       0.0463
GPMin:   19 02:16:28       -4.929513*       0.0326
GPMin:   20 02:16:35       -4.931888*       0.0223
GPMin:   21 02:16:42       -4.933129*       0.0166
       Step     Time          Energy         fmax
*Force-consistent energies used in optimization.
GPMin:    0 02:16:59       -4.160106*       0.1942
GPMin:    1 02:17:08       -4.239442*       0.2090
GPMin:    2 02:17:17       -4.349157*       0.2449
GPMin:    3 02:17:27       -4.452538*       0.2318
GPMin:    4 02:17:36       -4.530182*       0.1466
GPMin:    5 02:17:45       -4.567394*       0.1173
GPMin:    6 02:17:53       -4.628800*       0.1392
GPMin:    7 02:18:01       -4.701797*       0.1485
GPMin:    8 02:18:10       -4.778721*       0.1585
GPMin:    9 02:18:18       -4.840705*       0.1417
GPMin:   10 02:18:26       -4.876232*       0.0912
GPMin:   11 02:18:34       -4.890292*       0.0845
GPMin:   12 02:18:41       -4.901867*       0.1007
GPMin:   13 02:18:49       -4.915208*       0.0572
GPMin:   14 02:18:56       -4.922272*       0.0331
GPMin:   15 02:19:03       -4.925338*       0.0308
GPMin:   16 02:19:10       -4.928032*       0.0327
GPMin:   17 02:19:16       -4.930711*       0.0235
GPMin:   18 02:19:24       -4.932050*       0.0191
       Step     Time          Energy         fmax
*Force-consistent energies used in optimization.
GPMin:    0 02:19:41       -4.390946*       0.2853
GPMin:    1 02:19:50       -4.564614*       0.2208
GPMin:    2 02:19:58       -4.663266*       0.1875
GPMin:    3 02:20:06       -4.745321*       0.1808
GPMin:    4 02:20:15       -4.824167*       0.1674
GPMin:    5 02:20:23       -4.884094*       0.1372
GPMin:    6 02:20:31       -4.910895*       0.0767
GPMin:    7 02:20:38       -4.917982*       0.0581
GPMin:    8 02:20:45       -4.925031*       0.0386
GPMin:    9 02:20:52       -4.928615*       0.0262
GPMin:   10 02:20:58       -4.930094*       0.0185
       Step     Time          Energy         fmax
*Force-consistent energies used in optimization.
GPMin:    0 02:21:20       -4.220732*       0.5016
GPMin:    1 02:21:30       -4.383294*       0.1379
GPMin:    2 02:21:39       -4.415143*       0.0855
GPMin:    3 02:21:47       -4.429296*       0.0524
GPMin:    4 02:21:54       -4.435768*       0.0432
GPMin:    5 02:22:02       -4.447027*       0.0290
GPMin:    6 02:22:10       -4.453407*       0.0236
GPMin:    7 02:22:17       -4.458755*       0.0304
GPMin:    8 02:22:25       -4.462042*       0.0323
GPMin:    9 02:22:32       -4.463660*       0.0131
       Step     Time          Energy         fmax
*Force-consistent energies used in optimization.
GPMin:    0 02:22:54       -4.295838*       0.6647
GPMin:    1 02:23:02       -4.499100*       0.1836
GPMin:    2 02:23:12       -4.542491*       0.1626
GPMin:    3 02:23:21       -4.601039*       0.1460
GPMin:    4 02:23:30       -4.666268*       0.1322
GPMin:    5 02:23:38       -4.720728*       0.1188
GPMin:    6 02:23:46       -4.766605*       0.0814
GPMin:    7 02:23:54       -4.795575*       0.1096
GPMin:    8 02:24:03       -4.834070*       0.1125
GPMin:    9 02:24:12       -4.865778*       0.0741
GPMin:   10 02:24:20       -4.890621*       0.0666
GPMin:   11 02:24:27       -4.906933*       0.0619
GPMin:   12 02:24:34       -4.915029*       0.0611
GPMin:   13 02:24:42       -4.921910*       0.0595
GPMin:   14 02:24:48       -4.923967*       0.0481
GPMin:   15 02:24:55       -4.928514*       0.0269
GPMin:   16 02:25:01       -4.930873*       0.0219
GPMin:   17 02:25:06       -4.932371*       0.0123
       Step     Time          Energy         fmax
*Force-consistent energies used in optimization.
GPMin:    0 02:25:32       -3.843881*       0.2650
GPMin:    1 02:25:44       -4.056042*       0.2840
GPMin:    2 02:25:54       -4.233048*       0.2635
GPMin:    3 02:26:02       -4.369967*       0.2107
GPMin:    4 02:26:11       -4.429843*       0.1090
GPMin:    5 02:26:19       -4.440753*       0.0657
GPMin:    6 02:26:27       -4.445701*       0.0460
GPMin:    7 02:26:34       -4.448990*       0.0524
GPMin:    8 02:26:42       -4.462386*       0.0529
GPMin:    9 02:26:50       -4.485327*       0.0701
GPMin:   10 02:26:58       -4.524133*       0.1076
GPMin:   11 02:27:05       -4.586355*       0.1389
GPMin:   12 02:27:12       -4.664450*       0.1534
GPMin:   13 02:27:20       -4.748219*       0.1550
GPMin:   14 02:27:28       -4.815840*       0.1072
GPMin:   15 02:27:36       -4.846177*       0.0864
GPMin:   16 02:27:43       -4.853448*       0.0972
GPMin:   17 02:27:50       -4.868831*       0.0990
GPMin:   18 02:27:57       -4.880877*       0.0807
GPMin:   19 02:28:04       -4.894749*       0.0589
GPMin:   20 02:28:11       -4.905163*       0.0494
GPMin:   21 02:28:18       -4.914438*       0.0482
GPMin:   22 02:28:25       -4.921810*       0.0353
GPMin:   23 02:28:32       -4.926019*       0.0256
GPMin:   24 02:28:38       -4.928258*       0.0234
GPMin:   25 02:28:45       -4.930075*       0.0195
       Step     Time          Energy         fmax
*Force-consistent energies used in optimization.
GPMin:    0 02:29:08       -4.383511*       0.4542
GPMin:    1 02:29:18       -4.478632*       0.1056
GPMin:    2 02:29:26       -4.506224*       0.1060
GPMin:    3 02:29:34       -4.562048*       0.1121
GPMin:    4 02:29:42       -4.635981*       0.1363
GPMin:    5 02:29:50       -4.720296*       0.1340
GPMin:    6 02:29:59       -4.787076*       0.0954
GPMin:    7 02:30:07       -4.820778*       0.0837
GPMin:    8 02:30:15       -4.839497*       0.0846
GPMin:    9 02:30:21       -4.868350*       0.0689
GPMin:   10 02:30:28       -4.888974*       0.0625
GPMin:   11 02:30:35       -4.903111*       0.0673
GPMin:   12 02:30:42       -4.916118*       0.0523
GPMin:   13 02:30:49       -4.925235*       0.0346
GPMin:   14 02:30:54       -4.929440*       0.0281
GPMin:   15 02:31:00       -4.931818*       0.0226
GPMin:   16 02:31:05       -4.933105*       0.0130
       Step     Time          Energy         fmax
*Force-consistent energies used in optimization.
GPMin:    0 02:31:29       -4.593218*       0.1681
GPMin:    1 02:31:38       -4.672239*       0.1691
GPMin:    2 02:31:48       -4.743261*       0.1505
GPMin:    3 02:31:55       -4.795360*       0.1118
GPMin:    4 02:32:04       -4.831031*       0.0855
GPMin:    5 02:32:13       -4.868899*       0.0907
GPMin:    6 02:32:21       -4.902288*       0.0627
GPMin:    7 02:32:28       -4.923917*       0.0399
GPMin:    8 02:32:35       -4.931261*       0.0184
       Step     Time          Energy         fmax
*Force-consistent energies used in optimization.
GPMin:    0 02:33:00       -4.143756*       0.2949
GPMin:    1 02:33:10       -4.239078*       0.2271
GPMin:    2 02:33:18       -4.349314*       0.2220
GPMin:    3 02:33:27       -4.435377*       0.1480
GPMin:    4 02:33:36       -4.465687*       0.0597
GPMin:    5 02:33:42       -4.471574*       0.0423
GPMin:    6 02:33:50       -4.487832*       0.0783
GPMin:    7 02:33:58       -4.531591*       0.0877
GPMin:    8 02:34:06       -4.596477*       0.1304
GPMin:    9 02:34:13       -4.675580*       0.1622
GPMin:   10 02:34:20       -4.754476*       0.1682
GPMin:   11 02:34:28       -4.817491*       0.1457
GPMin:   12 02:34:36       -4.853676*       0.0975
GPMin:   13 02:34:44       -4.869458*       0.0863
GPMin:   14 02:34:51       -4.883079*       0.0972
GPMin:   15 02:34:58       -4.898264*       0.0604
GPMin:   16 02:35:04       -4.909535*       0.0430
GPMin:   17 02:35:10       -4.916070*       0.0525
GPMin:   18 02:35:17       -4.923529*       0.0427
GPMin:   19 02:35:23       -4.929256*       0.0228
GPMin:   20 02:35:29       -4.931578*       0.0176
       Step     Time          Energy         fmax
*Force-consistent energies used in optimization.
GPMin:    0 02:35:57       -4.275819*       0.3313
GPMin:    1 02:36:06       -4.385658*       0.1241
GPMin:    2 02:36:15       -4.417496*       0.0581
GPMin:    3 02:36:23       -4.435210*       0.0423
GPMin:    4 02:36:31       -4.445502*       0.0332
GPMin:    5 02:36:38       -4.453141*       0.0222
GPMin:    6 02:36:45       -4.458251*       0.0152
       Step     Time          Energy         fmax
*Force-consistent energies used in optimization.
GPMin:    0 02:37:10       -4.395224*       0.4250
GPMin:    1 02:37:20       -4.490600*       0.1545
GPMin:    2 02:37:28       -4.534055*       0.1369
GPMin:    3 02:37:36       -4.598054*       0.1468
GPMin:    4 02:37:44       -4.684468*       0.1500
GPMin:    5 02:37:51       -4.774999*       0.1542
GPMin:    6 02:37:59       -4.845860*       0.1208
GPMin:    7 02:38:06       -4.878170*       0.0690
GPMin:    8 02:38:12       -4.887291*       0.0823
GPMin:    9 02:38:19       -4.901419*       0.0629
GPMin:   10 02:38:25       -4.913742*       0.0424
GPMin:   11 02:38:32       -4.921491*       0.0374
GPMin:   12 02:38:38       -4.927272*       0.0361
GPMin:   13 02:38:45       -4.931312*       0.0217
GPMin:   14 02:38:51       -4.932626*       0.0158
       Step     Time          Energy         fmax
*Force-consistent energies used in optimization.
GPMin:    0 02:39:16       -4.262518*       0.5687
GPMin:    1 02:39:25       -4.479998*       0.1935
GPMin:    2 02:39:34       -4.534621*       0.1459
GPMin:    3 02:39:42       -4.585921*       0.1635
GPMin:    4 02:39:50       -4.656218*       0.1312
GPMin:    5 02:39:58       -4.710633*       0.1157
GPMin:    6 02:40:07       -4.744259*       0.0852
GPMin:    7 02:40:15       -4.764422*       0.0997
GPMin:    8 02:40:23       -4.787256*       0.1047
GPMin:    9 02:40:31       -4.815602*       0.0713
GPMin:   10 02:40:38       -4.843836*       0.0772
GPMin:   11 02:40:46       -4.872027*       0.0790
GPMin:   12 02:40:54       -4.897311*       0.0605
GPMin:   13 02:41:02       -4.912297*       0.0606
GPMin:   14 02:41:09       -4.919784*       0.0490
GPMin:   15 02:41:16       -4.924033*       0.0360
GPMin:   16 02:41:22       -4.927917*       0.0315
GPMin:   17 02:41:29       -4.929900*       0.0352
GPMin:   18 02:41:35       -4.931978*       0.0296
GPMin:   19 02:41:42       -4.933584*       0.0075
       Step     Time          Energy         fmax
*Force-consistent energies used in optimization.
GPMin:    0 02:42:10       -3.843881*       0.2650
GPMin:    1 02:42:21       -4.056061*       0.2840
GPMin:    2 02:42:31       -4.233039*       0.2635
GPMin:    3 02:42:40       -4.369957*       0.2107
GPMin:    4 02:42:48       -4.429844*       0.1090
GPMin:    5 02:42:56       -4.440754*       0.0657
GPMin:    6 02:43:04       -4.445701*       0.0460
GPMin:    7 02:43:11       -4.448997*       0.0524
GPMin:    8 02:43:19       -4.462404*       0.0529
GPMin:    9 02:43:26       -4.485368*       0.0701
GPMin:   10 02:43:34       -4.524212*       0.1076
GPMin:   11 02:43:42       -4.586499*       0.1390
GPMin:   12 02:43:49       -4.664614*       0.1534
GPMin:   13 02:43:56       -4.748363*       0.1550
GPMin:   14 02:44:04       -4.815941*       0.1071
GPMin:   15 02:44:12       -4.846200*       0.0865
GPMin:   16 02:44:19       -4.853441*       0.0974
GPMin:   17 02:44:26       -4.868944*       0.0989
GPMin:   18 02:44:33       -4.880909*       0.0807
GPMin:   19 02:44:40       -4.894762*       0.0589
GPMin:   20 02:44:47       -4.905191*       0.0493
GPMin:   21 02:44:53       -4.914453*       0.0483
GPMin:   22 02:45:00       -4.921825*       0.0352
GPMin:   23 02:45:07       -4.926017*       0.0256
GPMin:   24 02:45:13       -4.928259*       0.0234
GPMin:   25 02:45:20       -4.930074*       0.0195
       Step     Time          Energy         fmax
*Force-consistent energies used in optimization.
GPMin:    0 02:45:49       -4.193121*       0.4838
GPMin:    1 02:46:00       -4.381008*       0.1649
GPMin:    2 02:46:09       -4.419252*       0.0810
GPMin:    3 02:46:18       -4.438368*       0.0569
GPMin:    4 02:46:26       -4.450217*       0.0398
GPMin:    5 02:46:34       -4.455013*       0.0288
GPMin:    6 02:46:41       -4.459546*       0.0195
       Step     Time          Energy         fmax
*Force-consistent energies used in optimization.
GPMin:    0 02:47:09       -4.284910*       0.3368
GPMin:    1 02:47:19       -4.374060*       0.1378
GPMin:    2 02:47:26       -4.421869*       0.0752
GPMin:    3 02:47:34       -4.435434*       0.0608
GPMin:    4 02:47:43       -4.444582*       0.0388
GPMin:    5 02:47:50       -4.453589*       0.0258
GPMin:    6 02:47:57       -4.460026*       0.0176
       Step     Time          Energy         fmax
*Force-consistent energies used in optimization.
GPMin:    0 02:48:23       -4.640733*       0.2490
GPMin:    1 02:48:32       -4.744246*       0.1564
GPMin:    2 02:48:41       -4.793887*       0.1339
GPMin:    3 02:48:49       -4.829334*       0.0839
GPMin:    4 02:48:57       -4.856040*       0.0745
GPMin:    5 02:49:04       -4.882921*       0.0596
GPMin:    6 02:49:11       -4.902915*       0.0509
GPMin:    7 02:49:18       -4.918643*       0.0380
GPMin:    8 02:49:24       -4.928059*       0.0256
GPMin:    9 02:49:31       -4.932279*       0.0196
       Step     Time          Energy         fmax
*Force-consistent energies used in optimization.
GPMin:    0 02:49:45       -4.365509*       0.2151
GPMin:    1 02:49:54       -4.451089*       0.1054
GPMin:    2 02:50:02       -4.467992*       0.0647
GPMin:    3 02:50:08       -4.474804*       0.0420
GPMin:    4 02:50:16       -4.502738*       0.0816
GPMin:    5 02:50:24       -4.560086*       0.1149
GPMin:    6 02:50:32       -4.633887*       0.1463
GPMin:    7 02:50:39       -4.719993*       0.1614
GPMin:    8 02:50:47       -4.800039*       0.1476
GPMin:    9 02:50:55       -4.852334*       0.1037
GPMin:   10 02:51:03       -4.872366*       0.0976
GPMin:   11 02:51:10       -4.889850*       0.1215
GPMin:   12 02:51:17       -4.910370*       0.0757
GPMin:   13 02:51:24       -4.921925*       0.0396
GPMin:   14 02:51:31       -4.926875*       0.0296
GPMin:   15 02:51:38       -4.929407*       0.0315
GPMin:   16 02:51:44       -4.930881*       0.0242
GPMin:   17 02:51:51       -4.932231*       0.0160
