       Step     Time          Energy         fmax
*Force-consistent energies used in optimization.
GPMin:    0 15:47:28       -6.446448*       1.0696
GPMin:    1 15:47:41       -6.948084*       0.4099
GPMin:    2 15:47:55       -7.103933*       0.1561
GPMin:    3 15:48:08       -7.152932*       0.1447
GPMin:    4 15:48:19       -7.185088*       0.1273
GPMin:    5 15:48:30       -7.211686*       0.1022
GPMin:    6 15:48:41       -7.230871*       0.0783
GPMin:    7 15:48:52       -7.245159*       0.0733
GPMin:    8 15:49:03       -7.255283*       0.0509
GPMin:    9 15:49:13       -7.261890*       0.0387
GPMin:   10 15:49:23       -7.266917*       0.0431
GPMin:   11 15:49:33       -7.271022*       0.0371
GPMin:   12 15:49:43       -7.275491*       0.0257
GPMin:   13 15:49:53       -7.277930*       0.0180
       Step     Time          Energy         fmax
*Force-consistent energies used in optimization.
GPMin:    0 15:50:09       -6.421836*       0.6333
GPMin:    1 15:50:23       -6.731583*       0.2778
GPMin:    2 15:50:35       -6.912106*       0.2567
GPMin:    3 15:50:48       -7.045659*       0.2130
GPMin:    4 15:51:00       -7.127936*       0.1543
GPMin:    5 15:51:13       -7.172022*       0.1003
GPMin:    6 15:51:24       -7.205821*       0.0838
GPMin:    7 15:51:35       -7.230253*       0.0650
GPMin:    8 15:51:46       -7.242750*       0.0553
GPMin:    9 15:51:56       -7.249219*       0.0453
GPMin:   10 15:52:06       -7.253829*       0.0348
GPMin:   11 15:52:16       -7.257494*       0.0425
GPMin:   12 15:52:26       -7.263942*       0.0460
GPMin:   13 15:52:36       -7.270903*       0.0301
GPMin:   14 15:52:46       -7.276245*       0.0259
GPMin:   15 15:52:56       -7.278950*       0.0178
       Step     Time          Energy         fmax
*Force-consistent energies used in optimization.
GPMin:    0 15:53:17       -6.136163*       0.5871
GPMin:    1 15:53:32       -6.397821*       0.2881
GPMin:    2 15:53:45       -6.533972*       0.2600
GPMin:    3 15:53:57       -6.650419*       0.2093
GPMin:    4 15:54:09       -6.754987*       0.1948
GPMin:    5 15:54:22       -6.839864*       0.1975
GPMin:    6 15:54:34       -6.908660*       0.1820
GPMin:    7 15:54:45       -6.958566*       0.1489
GPMin:    8 15:54:57       -6.990917*       0.1153
GPMin:    9 15:55:08       -7.015609*       0.1217
GPMin:   10 15:55:19       -7.043016*       0.1173
GPMin:   11 15:55:30       -7.071121*       0.0976
GPMin:   12 15:55:41       -7.095826*       0.0913
GPMin:   13 15:55:52       -7.113534*       0.0651
GPMin:   14 15:56:03       -7.121737*       0.0308
GPMin:   15 15:56:13       -7.123808*       0.0271
GPMin:   16 15:56:23       -7.125811*       0.0292
GPMin:   17 15:56:33       -7.127806*       0.0262
GPMin:   18 15:56:43       -7.129766*       0.0263
GPMin:   19 15:56:53       -7.132134*       0.0277
GPMin:   20 15:57:03       -7.134194*       0.0186
       Step     Time          Energy         fmax
*Force-consistent energies used in optimization.
GPMin:    0 15:57:23       -6.174211*       1.0525
GPMin:    1 15:57:41       -6.547240*       0.3208
GPMin:    2 15:57:57       -6.676177*       0.2486
GPMin:    3 15:58:12       -6.793707*       0.2663
GPMin:    4 15:58:24       -6.914285*       0.2841
GPMin:    5 15:58:37       -7.017509*       0.2912
GPMin:    6 15:58:48       -7.103960*       0.2723
GPMin:    7 15:58:59       -7.177129*       0.2007
GPMin:    8 15:59:10       -7.212380*       0.0982
GPMin:    9 15:59:20       -7.220979*       0.0863
GPMin:   10 15:59:30       -7.229417*       0.0807
GPMin:   11 15:59:40       -7.237329*       0.0332
GPMin:   12 15:59:50       -7.240827*       0.0307
GPMin:   13 16:00:00       -7.244232*       0.0319
GPMin:   14 16:00:08       -7.245605*       0.0234
GPMin:   15 16:00:18       -7.247967*       0.0531
GPMin:   16 16:00:28       -7.252987*       0.0414
GPMin:   17 16:00:38       -7.258338*       0.0383
GPMin:   18 16:00:48       -7.265624*       0.0481
GPMin:   19 16:00:59       -7.272860*       0.0348
GPMin:   20 16:01:10       -7.277080*       0.0207
GPMin:   21 16:01:20       -7.279049*       0.0267
GPMin:   22 16:01:29       -7.279819*       0.0184
       Step     Time          Energy         fmax
*Force-consistent energies used in optimization.
GPMin:    0 16:01:47       -6.832583*       0.2580
GPMin:    1 16:02:01       -7.033671*       0.2047
GPMin:    2 16:02:13       -7.150853*       0.1471
GPMin:    3 16:02:25       -7.211499*       0.0981
GPMin:    4 16:02:37       -7.239389*       0.0658
GPMin:    5 16:02:46       -7.257637*       0.0621
GPMin:    6 16:02:56       -7.268481*       0.0461
GPMin:    7 16:03:06       -7.274605*       0.0293
GPMin:    8 16:03:15       -7.277089*       0.0231
GPMin:    9 16:03:25       -7.279441*       0.0209
GPMin:   10 16:03:35       -7.280772*       0.0109
       Step     Time          Energy         fmax
*Force-consistent energies used in optimization.
GPMin:    0 16:03:55       -6.582724*       0.9424
GPMin:    1 16:04:08       -6.995677*       0.2884
GPMin:    2 16:04:22       -7.096113*       0.1808
GPMin:    3 16:04:33       -7.134978*       0.1741
GPMin:    4 16:04:44       -7.181443*       0.1411
GPMin:    5 16:04:55       -7.208197*       0.1074
GPMin:    6 16:05:07       -7.224950*       0.0861
GPMin:    7 16:05:16       -7.240399*       0.0649
GPMin:    8 16:05:26       -7.248014*       0.0508
GPMin:    9 16:05:36       -7.252911*       0.0378
GPMin:   10 16:05:46       -7.257889*       0.0438
GPMin:   11 16:05:56       -7.263561*       0.0511
GPMin:   12 16:06:07       -7.270840*       0.0378
GPMin:   13 16:06:17       -7.276385*       0.0211
GPMin:   14 16:06:27       -7.278433*       0.0173
       Step     Time          Energy         fmax
*Force-consistent energies used in optimization.
GPMin:    0 16:06:49       -6.331505*       0.2792
GPMin:    1 16:07:04       -6.556497*       0.2542
GPMin:    2 16:07:19       -6.705747*       0.2355
GPMin:    3 16:07:32       -6.824379*       0.2359
GPMin:    4 16:07:45       -6.911527*       0.2256
GPMin:    5 16:07:56       -6.986821*       0.1970
GPMin:    6 16:08:08       -7.050017*       0.1475
GPMin:    7 16:08:20       -7.092110*       0.0906
GPMin:    8 16:08:31       -7.119018*       0.0949
GPMin:    9 16:08:42       -7.139570*       0.0756
GPMin:   10 16:08:53       -7.158291*       0.0821
GPMin:   11 16:09:03       -7.177082*       0.0897
GPMin:   12 16:09:14       -7.198709*       0.0940
GPMin:   13 16:09:25       -7.224548*       0.0868
GPMin:   14 16:09:36       -7.249370*       0.0673
GPMin:   15 16:09:46       -7.266798*       0.0461
GPMin:   16 16:09:56       -7.275135*       0.0432
GPMin:   17 16:10:06       -7.277484*       0.0378
GPMin:   18 16:10:16       -7.279092*       0.0222
GPMin:   19 16:10:26       -7.279986*       0.0146
       Step     Time          Energy         fmax
*Force-consistent energies used in optimization.
GPMin:    0 16:10:47       -5.915086*       0.7399
GPMin:    1 16:11:01       -6.223674*       0.3621
GPMin:    2 16:11:16       -6.389938*       0.3136
GPMin:    3 16:11:31       -6.541790*       0.2718
GPMin:    4 16:11:46       -6.681528*       0.2675
GPMin:    5 16:12:00       -6.796832*       0.2566
GPMin:    6 16:12:12       -6.882419*       0.2446
GPMin:    7 16:12:24       -6.954823*       0.2189
GPMin:    8 16:12:36       -7.015178*       0.1680
GPMin:    9 16:12:47       -7.053360*       0.1046
GPMin:   10 16:12:57       -7.072163*       0.0923
GPMin:   11 16:13:06       -7.083824*       0.0920
GPMin:   12 16:13:17       -7.094989*       0.0562
GPMin:   13 16:13:28       -7.103258*       0.0398
GPMin:   14 16:13:40       -7.109337*       0.0471
GPMin:   15 16:13:51       -7.118436*       0.0574
GPMin:   16 16:14:02       -7.129729*       0.0666
GPMin:   17 16:14:11       -7.142480*       0.0683
GPMin:   18 16:14:22       -7.154598*       0.0625
GPMin:   19 16:14:33       -7.164984*       0.0536
GPMin:   20 16:14:43       -7.173826*       0.0557
GPMin:   21 16:14:54       -7.185696*       0.0768
GPMin:   22 16:15:05       -7.201558*       0.0882
GPMin:   23 16:15:16       -7.222689*       0.0796
GPMin:   24 16:15:28       -7.245313*       0.0834
GPMin:   25 16:15:39       -7.263852*       0.0699
GPMin:   26 16:15:50       -7.273831*       0.0407
GPMin:   27 16:16:00       -7.276864*       0.0254
GPMin:   28 16:16:08       -7.277699*       0.0217
GPMin:   29 16:16:18       -7.279222*       0.0221
GPMin:   30 16:16:27       -7.279710*       0.0186
       Step     Time          Energy         fmax
*Force-consistent energies used in optimization.
GPMin:    0 16:16:45       -6.680136*       0.2875
GPMin:    1 16:16:58       -6.780253*       0.1887
GPMin:    2 16:17:10       -6.859063*       0.1507
GPMin:    3 16:17:23       -6.906301*       0.0777
GPMin:    4 16:17:34       -6.927231*       0.0592
GPMin:    5 16:17:45       -6.937902*       0.0613
GPMin:    6 16:17:54       -6.953248*       0.0617
GPMin:    7 16:18:04       -6.972516*       0.0562
GPMin:    8 16:18:15       -6.999631*       0.0734
GPMin:    9 16:18:26       -7.031384*       0.0763
GPMin:   10 16:18:37       -7.066415*       0.0690
GPMin:   11 16:18:48       -7.095895*       0.0418
GPMin:   12 16:18:58       -7.105521*       0.0304
GPMin:   13 16:19:08       -7.108004*       0.0211
GPMin:   14 16:19:18       -7.110110*       0.0160
       Step     Time          Energy         fmax
*Force-consistent energies used in optimization.
GPMin:    0 16:19:34       -6.604186*       0.1970
GPMin:    1 16:19:47       -6.732102*       0.2074
GPMin:    2 16:20:00       -6.824142*       0.2129
GPMin:    3 16:20:12       -6.918554*       0.1883
GPMin:    4 16:20:24       -6.999361*       0.1347
GPMin:    5 16:20:35       -7.051460*       0.0963
GPMin:    6 16:20:45       -7.080919*       0.0863
GPMin:    7 16:20:55       -7.115920*       0.0739
GPMin:    8 16:21:06       -7.147255*       0.0781
GPMin:    9 16:21:17       -7.177818*       0.0937
GPMin:   10 16:21:28       -7.208190*       0.0864
GPMin:   11 16:21:39       -7.234018*       0.0945
GPMin:   12 16:21:50       -7.255369*       0.0750
GPMin:   13 16:22:01       -7.269191*       0.0549
GPMin:   14 16:22:11       -7.275796*       0.0423
GPMin:   15 16:22:21       -7.279203*       0.0201
GPMin:   16 16:22:29       -7.280161*       0.0188
       Step     Time          Energy         fmax
*Force-consistent energies used in optimization.
GPMin:    0 16:22:47       -6.304154*       0.5300
GPMin:    1 16:22:59       -6.563792*       0.3593
GPMin:    2 16:23:11       -6.716242*       0.2733
GPMin:    3 16:23:24       -6.827492*       0.2120
GPMin:    4 16:23:35       -6.906171*       0.1993
GPMin:    5 16:23:46       -6.980316*       0.1759
GPMin:    6 16:23:57       -7.040498*       0.1464
GPMin:    7 16:24:08       -7.078127*       0.1158
GPMin:    8 16:24:19       -7.098876*       0.0746
GPMin:    9 16:24:30       -7.106268*       0.0380
GPMin:   10 16:24:39       -7.108987*       0.0336
GPMin:   11 16:24:48       -7.111310*       0.0172
       Step     Time          Energy         fmax
*Force-consistent energies used in optimization.
GPMin:    0 16:25:06       -6.350701*       0.7843
GPMin:    1 16:25:21       -6.612566*       0.2182
GPMin:    2 16:25:34       -6.684721*       0.1338
GPMin:    3 16:25:47       -6.732048*       0.1313
GPMin:    4 16:25:58       -6.777566*       0.1446
GPMin:    5 16:26:09       -6.829518*       0.1605
GPMin:    6 16:26:21       -6.897606*       0.1760
GPMin:    7 16:26:33       -6.967753*       0.1810
GPMin:    8 16:26:45       -7.031234*       0.1446
GPMin:    9 16:26:57       -7.064175*       0.0696
GPMin:   10 16:27:06       -7.074165*       0.0645
GPMin:   11 16:27:17       -7.079384*       0.0491
GPMin:   12 16:27:28       -7.084230*       0.0532
GPMin:   13 16:27:38       -7.089395*       0.0450
GPMin:   14 16:27:48       -7.093751*       0.0349
GPMin:   15 16:27:58       -7.098612*       0.0481
GPMin:   16 16:28:09       -7.108341*       0.0459
GPMin:   17 16:28:20       -7.120986*       0.0388
GPMin:   18 16:28:31       -7.129732*       0.0373
GPMin:   19 16:28:42       -7.136196*       0.0226
GPMin:   20 16:28:52       -7.138032*       0.0176
       Step     Time          Energy         fmax
*Force-consistent energies used in optimization.
GPMin:    0 16:29:11       -6.225793*       0.7124
GPMin:    1 16:29:25       -6.435350*       0.1980
GPMin:    2 16:29:40       -6.503859*       0.1944
GPMin:    3 16:29:53       -6.562083*       0.1696
GPMin:    4 16:30:06       -6.614059*       0.1230
GPMin:    5 16:30:17       -6.675673*       0.1404
GPMin:    6 16:30:29       -6.750756*       0.1558
GPMin:    7 16:30:41       -6.831026*       0.1847
GPMin:    8 16:30:52       -6.915502*       0.1889
GPMin:    9 16:31:03       -6.995142*       0.1523
GPMin:   10 16:31:14       -7.051067*       0.0958
GPMin:   11 16:31:25       -7.081673*       0.0870
GPMin:   12 16:31:35       -7.100456*       0.0816
GPMin:   13 16:31:45       -7.119500*       0.0735
GPMin:   14 16:31:56       -7.134751*       0.0610
GPMin:   15 16:32:07       -7.151684*       0.0865
GPMin:   16 16:32:18       -7.171014*       0.0796
GPMin:   17 16:32:29       -7.193433*       0.0894
GPMin:   18 16:32:40       -7.220380*       0.0961
GPMin:   19 16:32:51       -7.246628*       0.0772
GPMin:   20 16:33:02       -7.263865*       0.0571
GPMin:   21 16:33:13       -7.272656*       0.0532
GPMin:   22 16:33:23       -7.277691*       0.0331
GPMin:   23 16:33:33       -7.279924*       0.0187
       Step     Time          Energy         fmax
*Force-consistent energies used in optimization.
GPMin:    0 16:33:51       -6.680136*       0.2875
GPMin:    1 16:34:05       -6.780267*       0.1887
GPMin:    2 16:34:17       -6.859072*       0.1507
GPMin:    3 16:34:29       -6.906303*       0.0777
GPMin:    4 16:34:40       -6.927234*       0.0592
GPMin:    5 16:34:51       -6.937906*       0.0613
GPMin:    6 16:35:01       -6.953250*       0.0617
GPMin:    7 16:35:10       -6.972519*       0.0562
GPMin:    8 16:35:21       -6.999638*       0.0734
GPMin:    9 16:35:32       -7.031397*       0.0763
GPMin:   10 16:35:43       -7.066425*       0.0690
GPMin:   11 16:35:54       -7.095897*       0.0418
GPMin:   12 16:36:04       -7.105522*       0.0303
GPMin:   13 16:36:14       -7.108005*       0.0211
GPMin:   14 16:36:24       -7.110110*       0.0160
       Step     Time          Energy         fmax
*Force-consistent energies used in optimization.
GPMin:    0 16:36:42       -6.813156*       0.4649
GPMin:    1 16:36:55       -6.995301*       0.1350
GPMin:    2 16:37:08       -7.035350*       0.1011
GPMin:    3 16:37:20       -7.059968*       0.0612
GPMin:    4 16:37:32       -7.077343*       0.0518
GPMin:    5 16:37:43       -7.087402*       0.0344
GPMin:    6 16:37:54       -7.092373*       0.0317
GPMin:    7 16:38:04       -7.094715*       0.0261
GPMin:    8 16:38:14       -7.098708*       0.0203
GPMin:    9 16:38:23       -7.104649*       0.0217
GPMin:   10 16:38:34       -7.109351*       0.0152
       Step     Time          Energy         fmax
*Force-consistent energies used in optimization.
GPMin:    0 16:38:52       -6.789429*       0.4263
GPMin:    1 16:39:04       -6.936861*       0.1178
GPMin:    2 16:39:17       -6.986488*       0.1103
GPMin:    3 16:39:28       -7.031785*       0.0899
GPMin:    4 16:39:39       -7.072343*       0.0776
GPMin:    5 16:39:50       -7.107970*       0.0652
GPMin:    6 16:40:01       -7.134222*       0.0819
GPMin:    7 16:40:12       -7.163655*       0.0862
GPMin:    8 16:40:23       -7.198049*       0.0813
GPMin:    9 16:40:34       -7.224837*       0.0559
GPMin:   10 16:40:45       -7.236445*       0.0383
GPMin:   11 16:40:54       -7.239912*       0.0264
GPMin:   12 16:41:04       -7.241791*       0.0205
GPMin:   13 16:41:14       -7.243160*       0.0244
GPMin:   14 16:41:24       -7.247033*       0.0310
GPMin:   15 16:41:34       -7.253637*       0.0309
GPMin:   16 16:41:45       -7.264538*       0.0388
GPMin:   17 16:41:56       -7.274493*       0.0327
GPMin:   18 16:42:06       -7.278810*       0.0180
       Step     Time          Energy         fmax
*Force-consistent energies used in optimization.
GPMin:    0 16:42:25       -6.283827*       0.5155
GPMin:    1 16:42:38       -6.497204*       0.2367
GPMin:    2 16:42:50       -6.617293*       0.2055
GPMin:    3 16:43:01       -6.725342*       0.1713
GPMin:    4 16:43:12       -6.807284*       0.1266
GPMin:    5 16:43:23       -6.843655*       0.0469
GPMin:    6 16:43:33       -6.848109*       0.0224
GPMin:    7 16:43:40       -6.848906*       0.0116
       Step     Time          Energy         fmax
*Force-consistent energies used in optimization.
GPMin:    0 16:43:58       -6.832583*       0.2581
GPMin:    1 16:44:12       -7.033674*       0.2047
GPMin:    2 16:44:24       -7.150863*       0.1471
GPMin:    3 16:44:36       -7.211505*       0.0981
GPMin:    4 16:44:47       -7.239393*       0.0658
GPMin:    5 16:44:57       -7.257641*       0.0621
GPMin:    6 16:45:07       -7.268482*       0.0461
GPMin:    7 16:45:17       -7.274605*       0.0293
GPMin:    8 16:45:25       -7.277089*       0.0231
GPMin:    9 16:45:35       -7.279442*       0.0209
GPMin:   10 16:45:45       -7.280772*       0.0109
       Step     Time          Energy         fmax
*Force-consistent energies used in optimization.
GPMin:    0 16:46:01       -6.632621*       0.2002
GPMin:    1 16:46:12       -6.745025*       0.1503
GPMin:    2 16:46:23       -6.809794*       0.0678
GPMin:    3 16:46:34       -6.827742*       0.0412
GPMin:    4 16:46:44       -6.835966*       0.0263
GPMin:    5 16:46:55       -6.844178*       0.0142
       Step     Time          Energy         fmax
*Force-consistent energies used in optimization.
GPMin:    0 16:47:13       -7.020323*       0.2453
GPMin:    1 16:47:25       -7.123487*       0.1341
GPMin:    2 16:47:38       -7.175502*       0.0703
GPMin:    3 16:47:47       -7.207238*       0.0621
GPMin:    4 16:47:58       -7.239942*       0.0645
GPMin:    5 16:48:08       -7.262102*       0.0448
GPMin:    6 16:48:18       -7.271900*       0.0284
GPMin:    7 16:48:26       -7.275782*       0.0226
GPMin:    8 16:48:36       -7.279528*       0.0159
       Step     Time          Energy         fmax
*Force-consistent energies used in optimization.
GPMin:    0 16:48:55       -6.680136*       0.2875
GPMin:    1 16:49:09       -6.780262*       0.1887
GPMin:    2 16:49:21       -6.859070*       0.1507
GPMin:    3 16:49:33       -6.906303*       0.0777
GPMin:    4 16:49:44       -6.927234*       0.0592
GPMin:    5 16:49:55       -6.937907*       0.0613
GPMin:    6 16:50:05       -6.953249*       0.0617
GPMin:    7 16:50:15       -6.972512*       0.0562
GPMin:    8 16:50:26       -6.999621*       0.0734
GPMin:    9 16:50:37       -7.031371*       0.0763
GPMin:   10 16:50:48       -7.066407*       0.0690
GPMin:   11 16:50:59       -7.095891*       0.0418
GPMin:   12 16:51:09       -7.105519*       0.0304
GPMin:   13 16:51:18       -7.108004*       0.0211
GPMin:   14 16:51:28       -7.110109*       0.0160
       Step     Time          Energy         fmax
*Force-consistent energies used in optimization.
GPMin:    0 16:51:44       -6.755375*       0.2398
GPMin:    1 16:51:56       -6.884350*       0.1247
GPMin:    2 16:52:07       -6.935382*       0.0905
GPMin:    3 16:52:17       -6.981678*       0.0896
GPMin:    4 16:52:26       -7.037361*       0.0900
GPMin:    5 16:52:36       -7.085906*       0.0667
GPMin:    6 16:52:47       -7.116496*       0.0590
GPMin:    7 16:52:58       -7.135813*       0.0517
GPMin:    8 16:53:09       -7.162268*       0.0606
GPMin:    9 16:53:19       -7.193024*       0.0577
GPMin:   10 16:53:29       -7.218659*       0.0389
GPMin:   11 16:53:39       -7.231373*       0.0311
GPMin:   12 16:53:48       -7.235287*       0.0273
GPMin:   13 16:53:58       -7.239843*       0.0256
GPMin:   14 16:54:09       -7.248034*       0.0292
GPMin:   15 16:54:20       -7.256525*       0.0280
GPMin:   16 16:54:30       -7.263465*       0.0311
GPMin:   17 16:54:40       -7.271243*       0.0333
GPMin:   18 16:54:50       -7.277429*       0.0202
GPMin:   19 16:54:59       -7.280109*       0.0138
       Step     Time          Energy         fmax
*Force-consistent energies used in optimization.
GPMin:    0 16:55:17       -6.832583*       0.2581
GPMin:    1 16:55:31       -7.033666*       0.2047
GPMin:    2 16:55:43       -7.150853*       0.1471
GPMin:    3 16:55:56       -7.211499*       0.0981
GPMin:    4 16:56:07       -7.239388*       0.0658
GPMin:    5 16:56:17       -7.257637*       0.0621
GPMin:    6 16:56:26       -7.268481*       0.0461
GPMin:    7 16:56:36       -7.274605*       0.0293
GPMin:    8 16:56:45       -7.277089*       0.0231
GPMin:    9 16:56:54       -7.279441*       0.0209
GPMin:   10 16:57:04       -7.280772*       0.0109
       Step     Time          Energy         fmax
*Force-consistent energies used in optimization.
GPMin:    0 16:57:23       -6.766480*       0.7291
GPMin:    1 16:57:37       -7.011609*       0.1378
GPMin:    2 16:57:49       -7.037258*       0.1194
GPMin:    3 16:58:00       -7.070073*       0.0838
GPMin:    4 16:58:11       -7.094145*       0.0630
GPMin:    5 16:58:21       -7.109132*       0.0672
GPMin:    6 16:58:31       -7.129307*       0.0768
GPMin:    7 16:58:42       -7.156615*       0.0753
GPMin:    8 16:58:53       -7.184234*       0.0543
GPMin:    9 16:59:04       -7.202560*       0.0619
GPMin:   10 16:59:14       -7.220715*       0.0832
GPMin:   11 16:59:25       -7.239668*       0.0615
GPMin:   12 16:59:36       -7.252779*       0.0461
GPMin:   13 16:59:47       -7.259227*       0.0476
GPMin:   14 16:59:58       -7.264626*       0.0357
GPMin:   15 17:00:09       -7.269708*       0.0371
GPMin:   16 17:00:19       -7.275582*       0.0306
GPMin:   17 17:00:29       -7.278536*       0.0179
       Step     Time          Energy         fmax
*Force-consistent energies used in optimization.
GPMin:    0 17:00:47       -6.504123*       0.6607
GPMin:    1 17:01:01       -6.773722*       0.2380
GPMin:    2 17:01:13       -6.851193*       0.2070
GPMin:    3 17:01:24       -6.922998*       0.1492
GPMin:    4 17:01:35       -6.981301*       0.1506
GPMin:    5 17:01:46       -7.029797*       0.1568
GPMin:    6 17:01:57       -7.085969*       0.1340
GPMin:    7 17:02:10       -7.130884*       0.0865
GPMin:    8 17:02:21       -7.154131*       0.0697
GPMin:    9 17:02:32       -7.166650*       0.0678
GPMin:   10 17:02:41       -7.179550*       0.0610
GPMin:   11 17:02:51       -7.190766*       0.0618
GPMin:   12 17:03:02       -7.208258*       0.0628
GPMin:   13 17:03:12       -7.223772*       0.0446
GPMin:   14 17:03:22       -7.234388*       0.0416
GPMin:   15 17:03:32       -7.238151*       0.0289
GPMin:   16 17:03:41       -7.239508*       0.0145
       Step     Time          Energy         fmax
*Force-consistent energies used in optimization.
GPMin:    0 17:04:01       -6.583950*       0.6638
GPMin:    1 17:04:13       -6.813838*       0.2297
GPMin:    2 17:04:25       -6.922870*       0.2168
GPMin:    3 17:04:37       -7.021431*       0.1712
GPMin:    4 17:04:50       -7.074531*       0.0816
GPMin:    5 17:05:01       -7.088051*       0.0777
GPMin:    6 17:05:11       -7.102053*       0.0766
GPMin:    7 17:05:20       -7.119326*       0.0686
GPMin:    8 17:05:30       -7.143110*       0.0774
GPMin:    9 17:05:40       -7.173753*       0.0828
GPMin:   10 17:05:51       -7.207566*       0.0755
GPMin:   11 17:06:02       -7.230434*       0.0501
GPMin:   12 17:06:12       -7.239576*       0.0346
GPMin:   13 17:06:20       -7.243585*       0.0457
GPMin:   14 17:06:30       -7.247639*       0.0329
GPMin:   15 17:06:40       -7.250262*       0.0353
GPMin:   16 17:06:50       -7.256531*       0.0472
GPMin:   17 17:07:01       -7.264607*       0.0345
GPMin:   18 17:07:12       -7.272292*       0.0324
GPMin:   19 17:07:22       -7.276541*       0.0267
GPMin:   20 17:07:32       -7.278752*       0.0186
       Step     Time          Energy         fmax
*Force-consistent energies used in optimization.
GPMin:    0 17:07:50       -6.164579*       1.0377
GPMin:    1 17:08:03       -6.584592*       0.3126
GPMin:    2 17:08:15       -6.711390*       0.2438
GPMin:    3 17:08:28       -6.803572*       0.2173
GPMin:    4 17:08:40       -6.893338*       0.1804
GPMin:    5 17:08:51       -6.951776*       0.1237
GPMin:    6 17:09:02       -6.986813*       0.1199
GPMin:    7 17:09:13       -7.011270*       0.0895
GPMin:    8 17:09:24       -7.029615*       0.0695
GPMin:    9 17:09:35       -7.046559*       0.0574
GPMin:   10 17:09:45       -7.058952*       0.0477
GPMin:   11 17:09:55       -7.065285*       0.0431
GPMin:   12 17:10:04       -7.068417*       0.0405
GPMin:   13 17:10:15       -7.071581*       0.0345
GPMin:   14 17:10:27       -7.074904*       0.0386
GPMin:   15 17:10:38       -7.080245*       0.0425
GPMin:   16 17:10:47       -7.085829*       0.0272
GPMin:   17 17:10:57       -7.090093*       0.0336
GPMin:   18 17:11:07       -7.093021*       0.0266
GPMin:   19 17:11:17       -7.094543*       0.0206
GPMin:   20 17:11:26       -7.096339*       0.0202
GPMin:   21 17:11:36       -7.097801*       0.0286
GPMin:   22 17:11:46       -7.100635*       0.0350
GPMin:   23 17:11:57       -7.104168*       0.0277
GPMin:   24 17:12:07       -7.107993*       0.0257
GPMin:   25 17:12:17       -7.111642*       0.0220
GPMin:   26 17:12:28       -7.114789*       0.0228
GPMin:   27 17:12:39       -7.117329*       0.0203
GPMin:   28 17:12:49       -7.119214*       0.0203
GPMin:   29 17:12:59       -7.121426*       0.0217
GPMin:   30 17:13:08       -7.123612*       0.0194
       Step     Time          Energy         fmax
*Force-consistent energies used in optimization.
GPMin:    0 17:13:27       -6.561918*       0.9272
GPMin:    1 17:13:40       -6.908159*       0.2565
GPMin:    2 17:13:53       -6.993390*       0.1698
GPMin:    3 17:14:05       -7.033140*       0.1013
GPMin:    4 17:14:16       -7.059440*       0.0993
GPMin:    5 17:14:27       -7.080842*       0.0588
GPMin:    6 17:14:38       -7.089469*       0.0654
GPMin:    7 17:14:48       -7.107475*       0.0741
GPMin:    8 17:14:59       -7.123194*       0.0716
GPMin:    9 17:15:09       -7.139530*       0.0465
GPMin:   10 17:15:19       -7.146004*       0.0272
GPMin:   11 17:15:27       -7.147545*       0.0275
GPMin:   12 17:15:37       -7.150060*       0.0238
GPMin:   13 17:15:47       -7.153489*       0.0348
GPMin:   14 17:15:56       -7.161946*       0.0491
GPMin:   15 17:16:06       -7.178241*       0.0628
GPMin:   16 17:16:17       -7.202866*       0.0705
GPMin:   17 17:16:28       -7.233388*       0.0627
GPMin:   18 17:16:40       -7.253537*       0.0494
GPMin:   19 17:16:49       -7.260294*       0.0485
GPMin:   20 17:16:59       -7.263105*       0.0452
GPMin:   21 17:17:09       -7.268512*       0.0410
GPMin:   22 17:17:19       -7.273257*       0.0329
GPMin:   23 17:17:28       -7.277417*       0.0260
GPMin:   24 17:17:38       -7.279365*       0.0152
       Step     Time          Energy         fmax
*Force-consistent energies used in optimization.
GPMin:    0 17:17:56       -6.832583*       0.2580
GPMin:    1 17:18:10       -7.033670*       0.2048
GPMin:    2 17:18:22       -7.150848*       0.1471
GPMin:    3 17:18:35       -7.211495*       0.0981
GPMin:    4 17:18:46       -7.239386*       0.0658
GPMin:    5 17:18:56       -7.257636*       0.0621
GPMin:    6 17:19:05       -7.268480*       0.0461
GPMin:    7 17:19:15       -7.274604*       0.0293
GPMin:    8 17:19:24       -7.277089*       0.0231
GPMin:    9 17:19:34       -7.279441*       0.0209
GPMin:   10 17:19:43       -7.280772*       0.0109
       Step     Time          Energy         fmax
*Force-consistent energies used in optimization.
GPMin:    0 17:20:02       -6.598816*       0.5481
GPMin:    1 17:20:14       -6.804067*       0.0939
GPMin:    2 17:20:27       -6.815086*       0.1030
GPMin:    3 17:20:36       -6.831763*       0.0379
GPMin:    4 17:20:46       -6.837516*       0.0232
GPMin:    5 17:20:56       -6.843976*       0.0204
GPMin:    6 17:21:06       -6.847808*       0.0089
       Step     Time          Energy         fmax
*Force-consistent energies used in optimization.
GPMin:    0 17:21:24       -6.164579*       1.0377
GPMin:    1 17:21:37       -6.584583*       0.3127
GPMin:    2 17:21:49       -6.711376*       0.2438
GPMin:    3 17:22:02       -6.803555*       0.2173
GPMin:    4 17:22:14       -6.893326*       0.1804
GPMin:    5 17:22:25       -6.951769*       0.1237
GPMin:    6 17:22:36       -6.986806*       0.1199
GPMin:    7 17:22:47       -7.011263*       0.0895
GPMin:    8 17:22:58       -7.029609*       0.0695
GPMin:    9 17:23:09       -7.046556*       0.0574
GPMin:   10 17:23:19       -7.058949*       0.0477
GPMin:   11 17:23:28       -7.065283*       0.0431
GPMin:   12 17:23:38       -7.068416*       0.0405
GPMin:   13 17:23:49       -7.071578*       0.0345
GPMin:   14 17:24:00       -7.074902*       0.0386
GPMin:   15 17:24:11       -7.080242*       0.0425
GPMin:   16 17:24:21       -7.085826*       0.0272
GPMin:   17 17:24:31       -7.090091*       0.0336
GPMin:   18 17:24:41       -7.093019*       0.0266
GPMin:   19 17:24:50       -7.094541*       0.0206
GPMin:   20 17:25:00       -7.096337*       0.0202
GPMin:   21 17:25:10       -7.097798*       0.0286
GPMin:   22 17:25:20       -7.100631*       0.0350
GPMin:   23 17:25:31       -7.104163*       0.0277
GPMin:   24 17:25:41       -7.107989*       0.0256
GPMin:   25 17:25:51       -7.111637*       0.0220
GPMin:   26 17:26:02       -7.114785*       0.0228
GPMin:   27 17:26:13       -7.117328*       0.0203
GPMin:   28 17:26:23       -7.119214*       0.0203
GPMin:   29 17:26:33       -7.121428*       0.0217
GPMin:   30 17:26:42       -7.123614*       0.0194
       Step     Time          Energy         fmax
*Force-consistent energies used in optimization.
GPMin:    0 17:26:59       -6.583950*       0.6638
GPMin:    1 17:27:11       -6.813848*       0.2298
GPMin:    2 17:27:23       -6.922882*       0.2168
GPMin:    3 17:27:36       -7.021435*       0.1712
GPMin:    4 17:27:48       -7.074528*       0.0816
GPMin:    5 17:27:59       -7.088045*       0.0777
GPMin:    6 17:28:09       -7.102047*       0.0766
GPMin:    7 17:28:18       -7.119317*       0.0686
GPMin:    8 17:28:28       -7.143099*       0.0774
GPMin:    9 17:28:38       -7.173739*       0.0828
GPMin:   10 17:28:49       -7.207552*       0.0755
GPMin:   11 17:29:00       -7.230429*       0.0501
GPMin:   12 17:29:10       -7.239579*       0.0346
GPMin:   13 17:29:19       -7.243590*       0.0457
GPMin:   14 17:29:28       -7.247647*       0.0329
GPMin:   15 17:29:38       -7.250273*       0.0353
GPMin:   16 17:29:48       -7.256543*       0.0472
GPMin:   17 17:29:59       -7.264615*       0.0346
GPMin:   18 17:30:10       -7.272296*       0.0324
GPMin:   19 17:30:20       -7.276543*       0.0267
GPMin:   20 17:30:30       -7.278754*       0.0186
       Step     Time          Energy         fmax
*Force-consistent energies used in optimization.
GPMin:    0 17:30:50       -6.516036*       0.3365
GPMin:    1 17:31:03       -6.719636*       0.2794
GPMin:    2 17:31:15       -6.825720*       0.1716
GPMin:    3 17:31:27       -6.886436*       0.1349
GPMin:    4 17:31:38       -6.938409*       0.1185
GPMin:    5 17:31:49       -6.982288*       0.0984
GPMin:    6 17:32:00       -7.024667*       0.0868
GPMin:    7 17:32:11       -7.070777*       0.0896
GPMin:    8 17:32:22       -7.123581*       0.0808
GPMin:    9 17:32:32       -7.177165*       0.0801
GPMin:   10 17:32:43       -7.223693*       0.0736
GPMin:   11 17:32:54       -7.256995*       0.0586
GPMin:   12 17:33:05       -7.273393*       0.0457
GPMin:   13 17:33:15       -7.278359*       0.0277
GPMin:   14 17:33:25       -7.279689*       0.0194
       Step     Time          Energy         fmax
*Force-consistent energies used in optimization.
GPMin:    0 17:33:44       -6.655689*       0.8087
GPMin:    1 17:33:56       -7.042056*       0.2899
GPMin:    2 17:34:08       -7.129630*       0.0976
GPMin:    3 17:34:19       -7.151188*       0.1021
GPMin:    4 17:34:31       -7.188492*       0.0755
GPMin:    5 17:34:42       -7.207029*       0.0543
GPMin:    6 17:34:52       -7.215987*       0.0439
GPMin:    7 17:35:02       -7.220298*       0.0289
GPMin:    8 17:35:10       -7.223076*       0.0351
GPMin:    9 17:35:22       -7.228087*       0.0252
GPMin:   10 17:35:33       -7.234938*       0.0342
GPMin:   11 17:35:44       -7.245186*       0.0315
GPMin:   12 17:35:55       -7.256826*       0.0302
GPMin:   13 17:36:05       -7.267930*       0.0308
GPMin:   14 17:36:15       -7.275987*       0.0200
GPMin:   15 17:36:25       -7.279322*       0.0179
       Step     Time          Energy         fmax
*Force-consistent energies used in optimization.
GPMin:    0 17:36:50       -6.974487*       0.5752
GPMin:    1 17:37:04       -7.123745*       0.0913
GPMin:    2 17:37:16       -7.135348*       0.1144
GPMin:    3 17:37:28       -7.145039*       0.0733
GPMin:    4 17:37:40       -7.150659*       0.0258
GPMin:    5 17:37:49       -7.154609*       0.0317
GPMin:    6 17:38:01       -7.169741*       0.0491
GPMin:    7 17:38:12       -7.195332*       0.0671
GPMin:    8 17:38:23       -7.229275*       0.0774
GPMin:    9 17:38:34       -7.261866*       0.0557
GPMin:   10 17:38:45       -7.276148*       0.0297
GPMin:   11 17:38:55       -7.278733*       0.0181
       Step     Time          Energy         fmax
*Force-consistent energies used in optimization.
GPMin:    0 17:39:19       -6.831865*       0.7034
GPMin:    1 17:39:32       -7.107554*       0.1867
GPMin:    2 17:39:44       -7.153156*       0.1216
GPMin:    3 17:39:54       -7.171727*       0.0960
GPMin:    4 17:40:05       -7.191909*       0.0660
GPMin:    5 17:40:16       -7.210419*       0.0622
GPMin:    6 17:40:28       -7.233293*       0.0645
GPMin:    7 17:40:39       -7.255350*       0.0551
GPMin:    8 17:40:49       -7.269596*       0.0330
GPMin:    9 17:40:59       -7.274280*       0.0243
GPMin:   10 17:41:09       -7.276761*       0.0201
GPMin:   11 17:41:19       -7.279345*       0.0180
       Step     Time          Energy         fmax
*Force-consistent energies used in optimization.
GPMin:    0 17:41:42       -6.557556*       0.6599
GPMin:    1 17:41:54       -6.831874*       0.2031
GPMin:    2 17:42:07       -6.907976*       0.2072
GPMin:    3 17:42:18       -6.987228*       0.1957
GPMin:    4 17:42:30       -7.051042*       0.1506
GPMin:    5 17:42:41       -7.093352*       0.0990
GPMin:    6 17:42:53       -7.125653*       0.1160
GPMin:    7 17:43:04       -7.151951*       0.0988
GPMin:    8 17:43:15       -7.170867*       0.0510
GPMin:    9 17:43:25       -7.182127*       0.0622
GPMin:   10 17:43:35       -7.194738*       0.0736
GPMin:   11 17:43:46       -7.211221*       0.0686
GPMin:   12 17:43:57       -7.227578*       0.0443
GPMin:   13 17:44:07       -7.237228*       0.0411
GPMin:   14 17:44:17       -7.241205*       0.0275
GPMin:   15 17:44:27       -7.242983*       0.0295
GPMin:   16 17:44:37       -7.245610*       0.0328
GPMin:   17 17:44:48       -7.249588*       0.0314
GPMin:   18 17:44:58       -7.254868*       0.0375
GPMin:   19 17:45:09       -7.263077*       0.0372
GPMin:   20 17:45:19       -7.271266*       0.0320
GPMin:   21 17:45:29       -7.277061*       0.0204
GPMin:   22 17:45:39       -7.279169*       0.0180
       Step     Time          Energy         fmax
*Force-consistent energies used in optimization.
GPMin:    0 17:46:04       -6.063966*       0.6740
GPMin:    1 17:46:18       -6.549100*       0.3099
GPMin:    2 17:46:30       -6.711224*       0.1704
GPMin:    3 17:46:43       -6.761798*       0.1141
GPMin:    4 17:46:55       -6.787940*       0.1072
GPMin:    5 17:47:06       -6.813027*       0.0750
GPMin:    6 17:47:16       -6.826131*       0.0709
GPMin:    7 17:47:26       -6.833262*       0.0500
GPMin:    8 17:47:36       -6.839428*       0.0401
GPMin:    9 17:47:46       -6.843352*       0.0263
GPMin:   10 17:47:55       -6.845928*       0.0212
GPMin:   11 17:48:05       -6.847976*       0.0180
       Step     Time          Energy         fmax
*Force-consistent energies used in optimization.
GPMin:    0 17:48:29       -6.495132*       0.3393
GPMin:    1 17:48:41       -6.684334*       0.2450
GPMin:    2 17:48:53       -6.785777*       0.1368
GPMin:    3 17:49:04       -6.837411*       0.1095
GPMin:    4 17:49:16       -6.872943*       0.0861
GPMin:    5 17:49:27       -6.900137*       0.0726
GPMin:    6 17:49:38       -6.930675*       0.0710
GPMin:    7 17:49:49       -6.963719*       0.0690
GPMin:    8 17:50:00       -6.993297*       0.0610
GPMin:    9 17:50:11       -7.015388*       0.0713
GPMin:   10 17:50:22       -7.033498*       0.0703
GPMin:   11 17:50:34       -7.050657*       0.0749
GPMin:   12 17:50:44       -7.066941*       0.0614
GPMin:   13 17:50:53       -7.081980*       0.0500
GPMin:   14 17:51:05       -7.094049*       0.0420
GPMin:   15 17:51:16       -7.104668*       0.0472
GPMin:   16 17:51:26       -7.116053*       0.0475
GPMin:   17 17:51:36       -7.126925*       0.0471
GPMin:   18 17:51:45       -7.139978*       0.0565
GPMin:   19 17:51:57       -7.156210*       0.0639
GPMin:   20 17:52:08       -7.172302*       0.0626
GPMin:   21 17:52:19       -7.186722*       0.0639
GPMin:   22 17:52:30       -7.202683*       0.0696
GPMin:   23 17:52:41       -7.227041*       0.0768
GPMin:   24 17:52:53       -7.253433*       0.0561
GPMin:   25 17:53:02       -7.269942*       0.0465
GPMin:   26 17:53:12       -7.276252*       0.0387
GPMin:   27 17:53:22       -7.277892*       0.0277
GPMin:   28 17:53:32       -7.279228*       0.0190
       Step     Time          Energy         fmax
*Force-consistent energies used in optimization.
GPMin:    0 17:54:02       -6.160971*       0.7914
GPMin:    1 17:54:15       -6.451694*       0.2453
GPMin:    2 17:54:29       -6.540214*       0.1855
GPMin:    3 17:54:43       -6.606212*       0.1988
GPMin:    4 17:54:55       -6.683661*       0.2081
GPMin:    5 17:55:06       -6.772720*       0.2048
GPMin:    6 17:55:17       -6.858097*       0.1770
GPMin:    7 17:55:28       -6.933444*       0.1522
GPMin:    8 17:55:40       -6.999963*       0.1496
GPMin:    9 17:55:51       -7.060389*       0.1452
GPMin:   10 17:56:02       -7.112854*       0.1437
GPMin:   11 17:56:13       -7.159415*       0.1310
GPMin:   12 17:56:24       -7.201008*       0.1298
GPMin:   13 17:56:36       -7.237570*       0.1129
GPMin:   14 17:56:47       -7.261692*       0.0755
GPMin:   15 17:56:58       -7.272576*       0.0476
GPMin:   16 17:57:08       -7.276028*       0.0327
GPMin:   17 17:57:18       -7.277997*       0.0266
GPMin:   18 17:57:28       -7.279448*       0.0183
       Step     Time          Energy         fmax
*Force-consistent energies used in optimization.
GPMin:    0 17:57:52       -6.490227*       0.6962
GPMin:    1 17:58:06       -6.763537*       0.2859
GPMin:    2 17:58:18       -6.900399*       0.2460
GPMin:    3 17:58:29       -6.997953*       0.1746
GPMin:    4 17:58:41       -7.042843*       0.1081
GPMin:    5 17:58:52       -7.060018*       0.0945
GPMin:    6 17:59:03       -7.079817*       0.0642
GPMin:    7 17:59:13       -7.098842*       0.0724
GPMin:    8 17:59:23       -7.119853*       0.0793
GPMin:    9 17:59:34       -7.138054*       0.0678
GPMin:   10 17:59:45       -7.151377*       0.0397
GPMin:   11 17:59:55       -7.156647*       0.0347
GPMin:   12 18:00:05       -7.161552*       0.0486
GPMin:   13 18:00:16       -7.171923*       0.0592
GPMin:   14 18:00:27       -7.189957*       0.0709
GPMin:   15 18:00:38       -7.216466*       0.0805
GPMin:   16 18:00:50       -7.246790*       0.0779
GPMin:   17 18:01:01       -7.266143*       0.0565
GPMin:   18 18:01:10       -7.273668*       0.0422
GPMin:   19 18:01:20       -7.276126*       0.0343
GPMin:   20 18:01:30       -7.278068*       0.0242
GPMin:   21 18:01:39       -7.278978*       0.0176
       Step     Time          Energy         fmax
*Force-consistent energies used in optimization.
GPMin:    0 18:02:03       -6.566215*       0.6289
GPMin:    1 18:02:17       -6.833220*       0.2934
GPMin:    2 18:02:29       -7.001845*       0.2706
GPMin:    3 18:02:41       -7.138198*       0.2094
GPMin:    4 18:02:54       -7.212290*       0.1052
GPMin:    5 18:03:05       -7.231573*       0.0585
GPMin:    6 18:03:15       -7.238037*       0.0467
GPMin:    7 18:03:25       -7.245103*       0.0329
GPMin:    8 18:03:35       -7.247788*       0.0268
GPMin:    9 18:03:45       -7.251047*       0.0386
GPMin:   10 18:03:55       -7.256597*       0.0422
GPMin:   11 18:04:06       -7.265422*       0.0378
GPMin:   12 18:04:17       -7.273487*       0.0275
GPMin:   13 18:04:27       -7.278287*       0.0210
GPMin:   14 18:04:37       -7.279892*       0.0166
       Step     Time          Energy         fmax
*Force-consistent energies used in optimization.
GPMin:    0 18:05:00       -6.942795*       0.2217
GPMin:    1 18:05:13       -7.093521*       0.2054
GPMin:    2 18:05:26       -7.177809*       0.1534
GPMin:    3 18:05:38       -7.219351*       0.0875
GPMin:    4 18:05:50       -7.247781*       0.0578
GPMin:    5 18:05:59       -7.266336*       0.0490
GPMin:    6 18:06:09       -7.274622*       0.0297
GPMin:    7 18:06:19       -7.277547*       0.0194
       Step     Time          Energy         fmax
*Force-consistent energies used in optimization.
GPMin:    0 18:06:44       -6.986704*       0.1581
GPMin:    1 18:06:56       -7.072919*       0.1354
GPMin:    2 18:07:09       -7.110962*       0.0906
GPMin:    3 18:07:20       -7.126837*       0.1033
GPMin:    4 18:07:31       -7.136342*       0.0516
GPMin:    5 18:07:42       -7.139830*       0.0281
GPMin:    6 18:07:52       -7.141197*       0.0115
       Step     Time          Energy         fmax
*Force-consistent energies used in optimization.
GPMin:    0 18:08:17       -7.116128*       0.3942
GPMin:    1 18:08:30       -7.221952*       0.1065
GPMin:    2 18:08:43       -7.243958*       0.0674
GPMin:    3 18:08:54       -7.252342*       0.0509
GPMin:    4 18:09:05       -7.258980*       0.0391
GPMin:    5 18:09:17       -7.268919*       0.0347
GPMin:    6 18:09:28       -7.277529*       0.0201
GPMin:    7 18:09:38       -7.279945*       0.0113
       Step     Time          Energy         fmax
*Force-consistent energies used in optimization.
GPMin:    0 18:10:02       -6.649130*       0.4122
GPMin:    1 18:10:15       -6.863320*       0.2376
GPMin:    2 18:10:27       -6.966665*       0.1776
GPMin:    3 18:10:38       -7.031052*       0.1106
GPMin:    4 18:10:49       -7.066320*       0.0801
GPMin:    5 18:11:00       -7.083256*       0.0629
GPMin:    6 18:11:11       -7.094463*       0.0519
GPMin:    7 18:11:22       -7.102946*       0.0467
GPMin:    8 18:11:34       -7.112269*       0.0477
GPMin:    9 18:11:45       -7.121696*       0.0555
GPMin:   10 18:11:56       -7.133032*       0.0394
GPMin:   11 18:12:07       -7.138626*       0.0209
GPMin:   12 18:12:17       -7.140233*       0.0217
GPMin:   13 18:12:27       -7.141706*       0.0204
GPMin:   14 18:12:37       -7.142870*       0.0162
       Step     Time          Energy         fmax
*Force-consistent energies used in optimization.
GPMin:    0 18:13:04       -6.035245*       1.0543
GPMin:    1 18:13:19       -6.445499*       0.4203
GPMin:    2 18:13:33       -6.618161*       0.3057
GPMin:    3 18:13:46       -6.748637*       0.2925
GPMin:    4 18:13:59       -6.868239*       0.2594
GPMin:    5 18:14:11       -6.962066*       0.2038
GPMin:    6 18:14:23       -7.020748*       0.1402
GPMin:    7 18:14:34       -7.053044*       0.1488
GPMin:    8 18:14:44       -7.078512*       0.1365
GPMin:    9 18:14:55       -7.099722*       0.0791
GPMin:   10 18:15:06       -7.111445*       0.0505
GPMin:   11 18:15:17       -7.118091*       0.0454
GPMin:   12 18:15:27       -7.124566*       0.0417
GPMin:   13 18:15:38       -7.130498*       0.0416
GPMin:   14 18:15:48       -7.134336*       0.0395
GPMin:   15 18:15:59       -7.138739*       0.0280
GPMin:   16 18:16:09       -7.140570*       0.0196
       Step     Time          Energy         fmax
*Force-consistent energies used in optimization.
GPMin:    0 18:16:33       -6.566215*       0.6290
GPMin:    1 18:16:47       -6.833248*       0.2934
GPMin:    2 18:16:59       -7.001878*       0.2706
GPMin:    3 18:17:11       -7.138231*       0.2094
GPMin:    4 18:17:24       -7.212304*       0.1052
GPMin:    5 18:17:35       -7.231574*       0.0585
GPMin:    6 18:17:45       -7.238040*       0.0467
GPMin:    7 18:17:55       -7.245105*       0.0329
GPMin:    8 18:18:05       -7.247790*       0.0268
GPMin:    9 18:18:15       -7.251050*       0.0386
GPMin:   10 18:18:25       -7.256601*       0.0422
GPMin:   11 18:18:36       -7.265425*       0.0378
GPMin:   12 18:18:47       -7.273490*       0.0275
GPMin:   13 18:18:57       -7.278288*       0.0210
GPMin:   14 18:19:07       -7.279892*       0.0166
       Step     Time          Energy         fmax
*Force-consistent energies used in optimization.
GPMin:    0 18:19:31       -6.557131*       0.5157
GPMin:    1 18:19:45       -6.758615*       0.2172
GPMin:    2 18:19:58       -6.864410*       0.1632
GPMin:    3 18:20:10       -6.929158*       0.1325
GPMin:    4 18:20:21       -6.967865*       0.1035
GPMin:    5 18:20:32       -7.000758*       0.0842
GPMin:    6 18:20:44       -7.031110*       0.0879
GPMin:    7 18:20:55       -7.064949*       0.0621
GPMin:    8 18:21:05       -7.088056*       0.0559
GPMin:    9 18:21:15       -7.103024*       0.0639
GPMin:   10 18:21:26       -7.117535*       0.0681
GPMin:   11 18:21:37       -7.133764*       0.0704
GPMin:   12 18:21:48       -7.155352*       0.0702
GPMin:   13 18:21:59       -7.180058*       0.0716
GPMin:   14 18:22:10       -7.206907*       0.0739
GPMin:   15 18:22:22       -7.234937*       0.0764
GPMin:   16 18:22:33       -7.257862*       0.0651
GPMin:   17 18:22:43       -7.272053*       0.0478
GPMin:   18 18:22:53       -7.278369*       0.0269
GPMin:   19 18:23:01       -7.279570*       0.0200
       Step     Time          Energy         fmax
*Force-consistent energies used in optimization.
GPMin:    0 18:23:18       -7.056885*       0.1698
GPMin:    1 18:23:32       -7.095110*       0.2147
GPMin:    2 18:23:44       -7.119560*       0.1977
GPMin:    3 18:23:57       -7.135653*       0.0794
GPMin:    4 18:24:08       -7.144173*       0.0384
GPMin:    5 18:24:19       -7.148848*       0.0577
GPMin:    6 18:24:30       -7.162202*       0.0455
GPMin:    7 18:24:41       -7.184114*       0.0588
GPMin:    8 18:24:53       -7.215384*       0.0745
GPMin:    9 18:25:04       -7.250311*       0.0688
GPMin:   10 18:25:15       -7.271935*       0.0370
GPMin:   11 18:25:25       -7.277254*       0.0246
GPMin:   12 18:25:35       -7.279603*       0.0144
       Step     Time          Energy         fmax
*Force-consistent energies used in optimization.
GPMin:    0 18:25:53       -6.332932*       0.7291
GPMin:    1 18:26:07       -6.735503*       0.2537
GPMin:    2 18:26:19       -6.822961*       0.0841
GPMin:    3 18:26:30       -6.833956*       0.0766
GPMin:    4 18:26:43       -6.850148*       0.0761
GPMin:    5 18:26:54       -6.866714*       0.0807
GPMin:    6 18:27:05       -6.890314*       0.0642
GPMin:    7 18:27:15       -6.917496*       0.0889
GPMin:    8 18:27:26       -6.950288*       0.0763
GPMin:    9 18:27:37       -6.979406*       0.0987
GPMin:   10 18:27:48       -7.011242*       0.1063
GPMin:   11 18:28:01       -7.042911*       0.0912
GPMin:   12 18:28:12       -7.069540*       0.0796
GPMin:   13 18:28:23       -7.083964*       0.0579
GPMin:   14 18:28:33       -7.087904*       0.0417
GPMin:   15 18:28:43       -7.090529*       0.0344
GPMin:   16 18:28:53       -7.093386*       0.0305
GPMin:   17 18:29:03       -7.096237*       0.0362
GPMin:   18 18:29:13       -7.099204*       0.0318
GPMin:   19 18:29:23       -7.102820*       0.0273
GPMin:   20 18:29:34       -7.106020*       0.0200
GPMin:   21 18:29:44       -7.108396*       0.0221
GPMin:   22 18:29:54       -7.110293*       0.0150
       Step     Time          Energy         fmax
*Force-consistent energies used in optimization.
GPMin:    0 18:30:18       -5.936421*       0.8426
GPMin:    1 18:30:30       -6.367495*       0.2952
GPMin:    2 18:30:43       -6.484517*       0.1284
GPMin:    3 18:30:54       -6.510099*       0.1026
GPMin:    4 18:31:05       -6.529109*       0.1092
GPMin:    5 18:31:16       -6.559730*       0.1210
GPMin:    6 18:31:27       -6.601827*       0.1297
GPMin:    7 18:31:37       -6.650581*       0.1551
GPMin:    8 18:31:48       -6.706885*       0.1746
GPMin:    9 18:31:59       -6.769935*       0.1715
GPMin:   10 18:32:11       -6.822937*       0.1264
GPMin:   11 18:32:22       -6.844366*       0.0455
GPMin:   12 18:32:32       -6.846959*       0.0258
GPMin:   13 18:32:40       -6.847855*       0.0146
       Step     Time          Energy         fmax
*Force-consistent energies used in optimization.
GPMin:    0 18:33:05       -6.780966*       0.3476
GPMin:    1 18:33:19       -6.994308*       0.2984
GPMin:    2 18:33:31       -7.133253*       0.2233
GPMin:    3 18:33:44       -7.211074*       0.1139
GPMin:    4 18:33:55       -7.233925*       0.0863
GPMin:    5 18:34:07       -7.248504*       0.0545
GPMin:    6 18:34:17       -7.255870*       0.0477
GPMin:    7 18:34:26       -7.260730*       0.0430
GPMin:    8 18:34:36       -7.267531*       0.0378
GPMin:    9 18:34:48       -7.273706*       0.0333
GPMin:   10 18:34:58       -7.277980*       0.0243
GPMin:   11 18:35:08       -7.279172*       0.0187
       Step     Time          Energy         fmax
*Force-consistent energies used in optimization.
GPMin:    0 18:35:32       -6.950687*       0.4238
GPMin:    1 18:35:46       -7.060777*       0.1221
GPMin:    2 18:35:58       -7.088051*       0.1016
GPMin:    3 18:36:10       -7.102512*       0.0520
GPMin:    4 18:36:22       -7.108232*       0.0225
GPMin:    5 18:36:33       -7.110545*       0.0178
       Step     Time          Energy         fmax
*Force-consistent energies used in optimization.
GPMin:    0 18:36:58       -6.832583*       0.2580
GPMin:    1 18:37:12       -7.033667*       0.2047
GPMin:    2 18:37:25       -7.150835*       0.1471
GPMin:    3 18:37:37       -7.211489*       0.0981
GPMin:    4 18:37:49       -7.239382*       0.0657
GPMin:    5 18:37:58       -7.257630*       0.0621
GPMin:    6 18:38:08       -7.268479*       0.0461
GPMin:    7 18:38:18       -7.274604*       0.0293
GPMin:    8 18:38:27       -7.277090*       0.0231
GPMin:    9 18:38:37       -7.279441*       0.0209
GPMin:   10 18:38:47       -7.280772*       0.0109
       Step     Time          Energy         fmax
*Force-consistent energies used in optimization.
GPMin:    0 18:39:11       -6.669045*       0.7459
GPMin:    1 18:39:25       -6.978386*       0.2187
GPMin:    2 18:39:38       -7.066928*       0.1706
GPMin:    3 18:39:49       -7.128366*       0.1542
GPMin:    4 18:40:00       -7.177752*       0.1416
GPMin:    5 18:40:11       -7.207904*       0.1250
GPMin:    6 18:40:23       -7.239739*       0.0968
GPMin:    7 18:40:34       -7.259622*       0.0600
GPMin:    8 18:40:44       -7.268060*       0.0436
GPMin:    9 18:40:54       -7.272529*       0.0341
GPMin:   10 18:41:04       -7.275850*       0.0257
GPMin:   11 18:41:14       -7.277953*       0.0185
       Step     Time          Energy         fmax
*Force-consistent energies used in optimization.
GPMin:    0 18:41:38       -7.030171*       0.3292
GPMin:    1 18:41:52       -7.093928*       0.1974
GPMin:    2 18:42:04       -7.122471*       0.1310
GPMin:    3 18:42:17       -7.134433*       0.0624
GPMin:    4 18:42:28       -7.141398*       0.0288
GPMin:    5 18:42:38       -7.145939*       0.0273
GPMin:    6 18:42:48       -7.151877*       0.0365
GPMin:    7 18:42:59       -7.165895*       0.0533
GPMin:    8 18:43:10       -7.190095*       0.0622
GPMin:    9 18:43:22       -7.225145*       0.0716
GPMin:   10 18:43:33       -7.259279*       0.0484
GPMin:   11 18:43:44       -7.274029*       0.0295
GPMin:   12 18:43:54       -7.277640*       0.0189
       Step     Time          Energy         fmax
*Force-consistent energies used in optimization.
GPMin:    0 18:44:21       -6.307560*       0.7635
GPMin:    1 18:44:33       -6.740904*       0.2816
GPMin:    2 18:44:46       -6.852248*       0.1052
GPMin:    3 18:44:57       -6.868476*       0.0826
GPMin:    4 18:45:08       -6.886551*       0.1092
GPMin:    5 18:45:20       -6.916538*       0.1148
GPMin:    6 18:45:32       -6.951159*       0.1060
GPMin:    7 18:45:43       -6.990517*       0.1029
GPMin:    8 18:45:54       -7.030577*       0.0997
GPMin:    9 18:46:05       -7.060067*       0.0769
GPMin:   10 18:46:16       -7.077723*       0.0575
GPMin:   11 18:46:27       -7.086054*       0.0458
GPMin:   12 18:46:37       -7.090457*       0.0390
GPMin:   13 18:46:48       -7.094345*       0.0327
GPMin:   14 18:46:58       -7.095851*       0.0240
GPMin:   15 18:47:08       -7.097663*       0.0340
GPMin:   16 18:47:18       -7.100552*       0.0263
GPMin:   17 18:47:29       -7.103794*       0.0272
GPMin:   18 18:47:38       -7.106879*       0.0269
GPMin:   19 18:47:48       -7.108940*       0.0170
       Step     Time          Energy         fmax
*Force-consistent energies used in optimization.
GPMin:    0 18:48:06       -6.859827*       0.7392
GPMin:    1 18:48:18       -7.106728*       0.2065
GPMin:    2 18:48:31       -7.177822*       0.1658
GPMin:    3 18:48:43       -7.227527*       0.1003
GPMin:    4 18:48:54       -7.247603*       0.0746
GPMin:    5 18:49:05       -7.266195*       0.0664
GPMin:    6 18:49:16       -7.275980*       0.0304
GPMin:    7 18:49:26       -7.278706*       0.0228
GPMin:    8 18:49:36       -7.280029*       0.0112
       Step     Time          Energy         fmax
*Force-consistent energies used in optimization.
GPMin:    0 18:49:54       -6.692687*       0.2724
GPMin:    1 18:50:06       -6.822546*       0.1912
GPMin:    2 18:50:18       -6.896389*       0.1240
GPMin:    3 18:50:29       -6.936596*       0.1205
GPMin:    4 18:50:42       -6.980003*       0.1258
GPMin:    5 18:50:53       -7.030097*       0.1115
GPMin:    6 18:51:04       -7.076926*       0.0917
GPMin:    7 18:51:15       -7.115563*       0.0919
GPMin:    8 18:51:26       -7.148009*       0.1013
GPMin:    9 18:51:37       -7.178445*       0.0913
GPMin:   10 18:51:48       -7.199382*       0.0627
GPMin:   11 18:51:59       -7.212552*       0.0689
GPMin:   12 18:52:09       -7.224450*       0.0624
GPMin:   13 18:52:19       -7.233569*       0.0424
GPMin:   14 18:52:29       -7.238166*       0.0250
GPMin:   15 18:52:37       -7.238990*       0.0168
       Step     Time          Energy         fmax
*Force-consistent energies used in optimization.
GPMin:    0 18:52:56       -6.864585*       0.3122
GPMin:    1 18:53:10       -7.003964*       0.1856
GPMin:    2 18:53:22       -7.071257*       0.1250
GPMin:    3 18:53:34       -7.102791*       0.0497
GPMin:    4 18:53:45       -7.109081*       0.0292
GPMin:    5 18:53:55       -7.110831*       0.0118
       Step     Time          Energy         fmax
*Force-consistent energies used in optimization.
GPMin:    0 18:54:13       -6.482302*       0.5405
GPMin:    1 18:54:27       -6.721669*       0.3016
GPMin:    2 18:54:39       -6.853943*       0.2217
GPMin:    3 18:54:51       -6.950435*       0.1778
GPMin:    4 18:55:02       -7.015067*       0.1667
GPMin:    5 18:55:14       -7.078041*       0.1377
GPMin:    6 18:55:25       -7.128929*       0.0969
GPMin:    7 18:55:36       -7.160614*       0.1048
GPMin:    8 18:55:47       -7.185627*       0.1083
GPMin:    9 18:55:58       -7.214360*       0.1056
GPMin:   10 18:56:09       -7.242878*       0.0954
GPMin:   11 18:56:20       -7.264849*       0.0737
GPMin:   12 18:56:30       -7.276134*       0.0438
GPMin:   13 18:56:39       -7.278817*       0.0239
GPMin:   14 18:56:49       -7.279642*       0.0160
       Step     Time          Energy         fmax
*Force-consistent energies used in optimization.
GPMin:    0 18:57:08       -6.872105*       0.6343
GPMin:    1 18:57:21       -7.049066*       0.1645
GPMin:    2 18:57:33       -7.079682*       0.1285
GPMin:    3 18:57:46       -7.095136*       0.0711
GPMin:    4 18:57:57       -7.102467*       0.0293
GPMin:    5 18:58:07       -7.105345*       0.0207
GPMin:    6 18:58:16       -7.107745*       0.0198
       Step     Time          Energy         fmax
*Force-consistent energies used in optimization.
GPMin:    0 18:58:38       -6.377508*       0.4177
GPMin:    1 18:58:53       -6.666973*       0.3720
GPMin:    2 18:59:06       -6.851223*       0.3053
GPMin:    3 18:59:20       -6.979638*       0.1929
GPMin:    4 18:59:31       -7.042125*       0.1293
GPMin:    5 18:59:41       -7.064503*       0.1069
GPMin:    6 18:59:52       -7.077341*       0.0827
GPMin:    7 19:00:02       -7.084439*       0.0450
GPMin:    8 19:00:11       -7.089709*       0.0345
GPMin:    9 19:00:22       -7.094428*       0.0408
GPMin:   10 19:00:33       -7.101289*       0.0521
GPMin:   11 19:00:45       -7.111708*       0.0458
GPMin:   12 19:00:56       -7.122487*       0.0414
GPMin:   13 19:01:07       -7.131778*       0.0344
GPMin:   14 19:01:18       -7.137412*       0.0273
GPMin:   15 19:01:27       -7.139016*       0.0207
GPMin:   16 19:01:37       -7.140362*       0.0191
       Step     Time          Energy         fmax
*Force-consistent energies used in optimization.
GPMin:    0 19:01:55       -6.557556*       0.6598
GPMin:    1 19:02:08       -6.831889*       0.2031
GPMin:    2 19:02:20       -6.907983*       0.2072
GPMin:    3 19:02:31       -6.987236*       0.1957
GPMin:    4 19:02:43       -7.051054*       0.1506
GPMin:    5 19:02:54       -7.093357*       0.0990
GPMin:    6 19:03:05       -7.125659*       0.1160
GPMin:    7 19:03:16       -7.151956*       0.0988
GPMin:    8 19:03:27       -7.170868*       0.0510
GPMin:    9 19:03:37       -7.182123*       0.0622
GPMin:   10 19:03:48       -7.194733*       0.0736
GPMin:   11 19:03:59       -7.211129*       0.0686
GPMin:   12 19:04:10       -7.227313*       0.0442
GPMin:   13 19:04:20       -7.237090*       0.0409
GPMin:   14 19:04:30       -7.241195*       0.0275
GPMin:   15 19:04:40       -7.242971*       0.0293
GPMin:   16 19:04:49       -7.245627*       0.0328
GPMin:   17 19:05:01       -7.249617*       0.0313
GPMin:   18 19:05:10       -7.254967*       0.0377
GPMin:   19 19:05:21       -7.263126*       0.0374
GPMin:   20 19:05:31       -7.271259*       0.0319
GPMin:   21 19:05:41       -7.277063*       0.0204
GPMin:   22 19:05:51       -7.279182*       0.0177
       Step     Time          Energy         fmax
*Force-consistent energies used in optimization.
GPMin:    0 19:06:09       -7.022346*       0.2634
GPMin:    1 19:06:22       -7.130676*       0.1555
GPMin:    2 19:06:35       -7.183062*       0.0722
GPMin:    3 19:06:46       -7.210178*       0.0693
GPMin:    4 19:06:57       -7.247086*       0.0667
GPMin:    5 19:07:08       -7.272566*       0.0452
GPMin:    6 19:07:18       -7.280364*       0.0171
       Step     Time          Energy         fmax
*Force-consistent energies used in optimization.
GPMin:    0 19:07:36       -6.738405*       0.4829
GPMin:    1 19:07:50       -6.916234*       0.2660
GPMin:    2 19:08:02       -7.013175*       0.1853
GPMin:    3 19:08:14       -7.076684*       0.0984
GPMin:    4 19:08:25       -7.112467*       0.0905
GPMin:    5 19:08:36       -7.146382*       0.1079
GPMin:    6 19:08:47       -7.185312*       0.1213
GPMin:    7 19:08:58       -7.225523*       0.1195
GPMin:    8 19:09:09       -7.256520*       0.0922
GPMin:    9 19:09:20       -7.274363*       0.0415
GPMin:   10 19:09:30       -7.278358*       0.0264
GPMin:   11 19:09:39       -7.280245*       0.0235
GPMin:   12 19:09:49       -7.281074*       0.0097
       Step     Time          Energy         fmax
*Force-consistent energies used in optimization.
GPMin:    0 19:10:05       -6.690093*       0.6600
GPMin:    1 19:10:19       -6.922092*       0.2798
GPMin:    2 19:10:31       -7.044616*       0.1686
GPMin:    3 19:10:44       -7.090338*       0.0987
GPMin:    4 19:10:53       -7.106964*       0.0735
GPMin:    5 19:11:04       -7.122187*       0.0457
GPMin:    6 19:11:15       -7.127557*       0.0300
GPMin:    7 19:11:25       -7.131501*       0.0300
GPMin:    8 19:11:35       -7.134351*       0.0194
       Step     Time          Energy         fmax
*Force-consistent energies used in optimization.
GPMin:    0 19:11:53       -6.387662*       0.3810
GPMin:    1 19:12:05       -6.604748*       0.2020
GPMin:    2 19:12:18       -6.724772*       0.1747
GPMin:    3 19:12:29       -6.790055*       0.1132
GPMin:    4 19:12:40       -6.814492*       0.0590
GPMin:    5 19:12:51       -6.826045*       0.0429
GPMin:    6 19:13:02       -6.833778*       0.0346
GPMin:    7 19:13:13       -6.840853*       0.0350
GPMin:    8 19:13:24       -6.846081*       0.0159
       Step     Time          Energy         fmax
*Force-consistent energies used in optimization.
GPMin:    0 19:13:41       -6.491751*       0.4086
GPMin:    1 19:13:54       -6.713186*       0.1731
GPMin:    2 19:14:05       -6.797085*       0.1153
GPMin:    3 19:14:16       -6.830842*       0.0676
GPMin:    4 19:14:25       -6.839528*       0.0325
GPMin:    5 19:14:35       -6.841743*       0.0192
       Step     Time          Energy         fmax
*Force-consistent energies used in optimization.
GPMin:    0 19:14:53       -6.482302*       0.5405
GPMin:    1 19:15:07       -6.721651*       0.3016
GPMin:    2 19:15:19       -6.853937*       0.2217
GPMin:    3 19:15:32       -6.950431*       0.1778
GPMin:    4 19:15:43       -7.015067*       0.1667
GPMin:    5 19:15:54       -7.078047*       0.1377
GPMin:    6 19:16:05       -7.128933*       0.0969
GPMin:    7 19:16:16       -7.160615*       0.1048
GPMin:    8 19:16:27       -7.185629*       0.1083
GPMin:    9 19:16:38       -7.214362*       0.1056
GPMin:   10 19:16:49       -7.242882*       0.0954
GPMin:   11 19:17:00       -7.264852*       0.0737
GPMin:   12 19:17:10       -7.276135*       0.0438
GPMin:   13 19:17:20       -7.278817*       0.0239
GPMin:   14 19:17:30       -7.279642*       0.0160
       Step     Time          Energy         fmax
*Force-consistent energies used in optimization.
GPMin:    0 19:17:47       -6.957839*       0.2397
GPMin:    1 19:18:01       -7.030245*       0.1037
GPMin:    2 19:18:13       -7.051550*       0.0963
GPMin:    3 19:18:26       -7.069734*       0.0430
GPMin:    4 19:18:38       -7.077936*       0.0466
GPMin:    5 19:18:49       -7.081729*       0.0469
GPMin:    6 19:19:00       -7.088111*       0.0336
GPMin:    7 19:19:11       -7.095927*       0.0300
GPMin:    8 19:19:22       -7.105010*       0.0382
GPMin:    9 19:19:35       -7.119564*       0.0372
GPMin:   10 19:19:46       -7.132837*       0.0247
GPMin:   11 19:19:55       -7.136862*       0.0180
       Step     Time          Energy         fmax
*Force-consistent energies used in optimization.
GPMin:    0 19:20:14       -6.954761*       0.2882
GPMin:    1 19:20:28       -7.091711*       0.1392
GPMin:    2 19:20:40       -7.119974*       0.0812
GPMin:    3 19:20:51       -7.134534*       0.0716
GPMin:    4 19:21:02       -7.151959*       0.0699
GPMin:    5 19:21:14       -7.170970*       0.0654
GPMin:    6 19:21:25       -7.192939*       0.0606
GPMin:    7 19:21:36       -7.222534*       0.0798
GPMin:    8 19:21:47       -7.256383*       0.0760
GPMin:    9 19:21:58       -7.274512*       0.0365
GPMin:   10 19:22:08       -7.278669*       0.0208
GPMin:   11 19:22:16       -7.279760*       0.0145
       Step     Time          Energy         fmax
*Force-consistent energies used in optimization.
GPMin:    0 19:22:35       -6.803891*       0.4796
GPMin:    1 19:22:49       -6.944415*       0.1713
GPMin:    2 19:23:01       -7.013822*       0.1493
GPMin:    3 19:23:13       -7.066906*       0.1062
GPMin:    4 19:23:24       -7.095933*       0.0571
GPMin:    5 19:23:35       -7.105663*       0.0310
GPMin:    6 19:23:45       -7.109777*       0.0191
       Step     Time          Energy         fmax
*Force-consistent energies used in optimization.
GPMin:    0 19:24:03       -7.019704*       0.1751
GPMin:    1 19:24:15       -7.058981*       0.1327
GPMin:    2 19:24:29       -7.065622*       0.1475
GPMin:    3 19:24:41       -7.082665*       0.0816
GPMin:    4 19:24:54       -7.102186*       0.0728
GPMin:    5 19:25:05       -7.120941*       0.0424
GPMin:    6 19:25:17       -7.132912*       0.0341
GPMin:    7 19:25:27       -7.137512*       0.0381
GPMin:    8 19:25:38       -7.138852*       0.0649
GPMin:    9 19:25:49       -7.141889*       0.0556
GPMin:   10 19:26:00       -7.145379*       0.0212
GPMin:   11 19:26:11       -7.149827*       0.0290
GPMin:   12 19:26:22       -7.158729*       0.0403
GPMin:   13 19:26:33       -7.179810*       0.0519
GPMin:   14 19:26:44       -7.211573*       0.0708
GPMin:   15 19:26:56       -7.245997*       0.0684
GPMin:   16 19:27:07       -7.270383*       0.0407
GPMin:   17 19:27:17       -7.276830*       0.0255
GPMin:   18 19:27:25       -7.279246*       0.0167
       Step     Time          Energy         fmax
*Force-consistent energies used in optimization.
GPMin:    0 19:27:53       -6.768802*       0.8675
GPMin:    1 19:28:07       -7.027467*       0.1578
GPMin:    2 19:28:19       -7.044378*       0.1360
GPMin:    3 19:28:32       -7.068079*       0.0507
GPMin:    4 19:28:43       -7.074179*       0.0416
GPMin:    5 19:28:54       -7.084750*       0.0425
GPMin:    6 19:29:05       -7.095544*       0.0459
GPMin:    7 19:29:16       -7.114142*       0.0571
GPMin:    8 19:29:28       -7.139724*       0.0665
GPMin:    9 19:29:39       -7.166790*       0.0774
GPMin:   10 19:29:50       -7.196827*       0.0785
GPMin:   11 19:30:01       -7.233532*       0.0703
GPMin:   12 19:30:12       -7.262435*       0.0655
GPMin:   13 19:30:24       -7.276286*       0.0343
GPMin:   14 19:30:34       -7.279727*       0.0220
GPMin:   15 19:30:42       -7.280675*       0.0132
       Step     Time          Energy         fmax
*Force-consistent energies used in optimization.
GPMin:    0 19:31:07       -6.614954*       0.3644
GPMin:    1 19:31:20       -6.858396*       0.3181
GPMin:    2 19:31:33       -6.998013*       0.2242
GPMin:    3 19:31:45       -7.081234*       0.1224
GPMin:    4 19:31:58       -7.120108*       0.0911
GPMin:    5 19:32:09       -7.139229*       0.0853
GPMin:    6 19:32:19       -7.155219*       0.0914
GPMin:    7 19:32:30       -7.180975*       0.1077
GPMin:    8 19:32:41       -7.214081*       0.1174
GPMin:    9 19:32:53       -7.246095*       0.1031
GPMin:   10 19:33:04       -7.270465*       0.0558
GPMin:   11 19:33:15       -7.278109*       0.0320
GPMin:   12 19:33:25       -7.279726*       0.0253
GPMin:   13 19:33:35       -7.280860*       0.0094
       Step     Time          Energy         fmax
*Force-consistent energies used in optimization.
GPMin:    0 19:34:03       -6.416707*       0.7200
GPMin:    1 19:34:15       -6.714091*       0.2690
GPMin:    2 19:34:27       -6.860638*       0.2665
GPMin:    3 19:34:40       -6.974491*       0.2324
GPMin:    4 19:34:52       -7.044119*       0.1585
GPMin:    5 19:35:03       -7.071156*       0.0887
GPMin:    6 19:35:15       -7.088537*       0.0687
GPMin:    7 19:35:26       -7.107183*       0.0688
GPMin:    8 19:35:37       -7.123676*       0.0532
GPMin:    9 19:35:48       -7.139992*       0.0482
GPMin:   10 19:36:00       -7.151737*       0.0455
GPMin:   11 19:36:09       -7.158022*       0.0460
GPMin:   12 19:36:19       -7.164614*       0.0469
GPMin:   13 19:36:29       -7.177575*       0.0617
GPMin:   14 19:36:41       -7.197570*       0.0653
GPMin:   15 19:36:52       -7.221335*       0.0717
GPMin:   16 19:37:03       -7.248423*       0.0696
GPMin:   17 19:37:14       -7.268537*       0.0416
GPMin:   18 19:37:24       -7.276224*       0.0304
GPMin:   19 19:37:33       -7.277490*       0.0255
GPMin:   20 19:37:43       -7.279219*       0.0161
       Step     Time          Energy         fmax
*Force-consistent energies used in optimization.
GPMin:    0 19:38:12       -6.893214*       0.2688
GPMin:    1 19:38:24       -7.004689*       0.1398
GPMin:    2 19:38:37       -7.054514*       0.0987
GPMin:    3 19:38:48       -7.087291*       0.0445
GPMin:    4 19:38:59       -7.094110*       0.0350
GPMin:    5 19:39:09       -7.101455*       0.0343
GPMin:    6 19:39:20       -7.110906*       0.0245
GPMin:    7 19:39:31       -7.114443*       0.0159
       Step     Time          Energy         fmax
*Force-consistent energies used in optimization.
GPMin:    0 19:40:00       -6.457210*       0.4759
GPMin:    1 19:40:14       -6.619136*       0.2026
GPMin:    2 19:40:25       -6.699790*       0.1900
GPMin:    3 19:40:36       -6.770023*       0.1290
GPMin:    4 19:40:47       -6.811655*       0.1066
GPMin:    5 19:40:58       -6.846440*       0.1163
GPMin:    6 19:41:08       -6.883234*       0.1204
GPMin:    7 19:41:19       -6.918666*       0.1086
GPMin:    8 19:41:31       -6.945448*       0.0681
GPMin:    9 19:41:42       -6.962417*       0.0776
GPMin:   10 19:41:52       -6.976431*       0.0802
GPMin:   11 19:42:02       -7.000758*       0.0835
GPMin:   12 19:42:13       -7.031802*       0.0807
GPMin:   13 19:42:24       -7.064678*       0.0738
GPMin:   14 19:42:35       -7.090090*       0.0493
GPMin:   15 19:42:46       -7.102282*       0.0395
GPMin:   16 19:42:56       -7.105852*       0.0277
GPMin:   17 19:43:06       -7.108901*       0.0263
GPMin:   18 19:43:16       -7.110399*       0.0154
