       Step     Time          Energy         fmax
*Force-consistent energies used in optimization.
GPMin:    0 15:59:22       -4.187902*       0.6123
GPMin:    1 15:59:34       -4.376826*       0.2577
GPMin:    2 15:59:45       -4.449699*       0.2157
GPMin:    3 15:59:57       -4.528486*       0.2123
GPMin:    4 16:00:08       -4.610257*       0.2051
GPMin:    5 16:00:19       -4.691894*       0.1601
GPMin:    6 16:00:28       -4.741516*       0.0996
GPMin:    7 16:00:38       -4.765394*       0.0992
GPMin:    8 16:00:48       -4.792445*       0.0959
GPMin:    9 16:00:57       -4.817744*       0.0801
GPMin:   10 16:01:07       -4.841756*       0.0831
GPMin:   11 16:01:17       -4.862730*       0.0836
GPMin:   12 16:01:26       -4.885084*       0.0758
GPMin:   13 16:01:34       -4.902567*       0.0620
GPMin:   14 16:01:43       -4.914486*       0.0665
GPMin:   15 16:01:51       -4.923993*       0.0404
GPMin:   16 16:02:00       -4.928940*       0.0359
GPMin:   17 16:02:07       -4.931081*       0.0253
GPMin:   18 16:02:16       -4.932646*       0.0195
       Step     Time          Energy         fmax
*Force-consistent energies used in optimization.
GPMin:    0 16:02:34       -4.101533*       0.1437
GPMin:    1 16:02:48       -4.191381*       0.1321
GPMin:    2 16:02:59       -4.264325*       0.1414
GPMin:    3 16:03:11       -4.335752*       0.0860
GPMin:    4 16:03:21       -4.372825*       0.0626
GPMin:    5 16:03:31       -4.399464*       0.0527
GPMin:    6 16:03:40       -4.419935*       0.0403
GPMin:    7 16:03:50       -4.433826*       0.0396
GPMin:    8 16:04:00       -4.445850*       0.0310
GPMin:    9 16:04:08       -4.452740*       0.0321
GPMin:   10 16:04:17       -4.460259*       0.0373
GPMin:   11 16:04:25       -4.472277*       0.0427
GPMin:   12 16:04:34       -4.494731*       0.0689
GPMin:   13 16:04:44       -4.539799*       0.1056
GPMin:   14 16:04:53       -4.607818*       0.1395
GPMin:   15 16:05:02       -4.690442*       0.1626
GPMin:   16 16:05:12       -4.774459*       0.1607
GPMin:   17 16:05:21       -4.837828*       0.1195
GPMin:   18 16:05:31       -4.867356*       0.0760
GPMin:   19 16:05:40       -4.874626*       0.0844
GPMin:   20 16:05:47       -4.890776*       0.0820
GPMin:   21 16:05:56       -4.903740*       0.0598
GPMin:   22 16:06:04       -4.914126*       0.0468
GPMin:   23 16:06:12       -4.919897*       0.0463
GPMin:   24 16:06:19       -4.926946*       0.0310
GPMin:   25 16:06:26       -4.930604*       0.0184
       Step     Time          Energy         fmax
*Force-consistent energies used in optimization.
GPMin:    0 16:06:42       -4.354243*       0.4257
GPMin:    1 16:06:54       -4.500732*       0.1740
GPMin:    2 16:07:06       -4.575012*       0.1376
GPMin:    3 16:07:16       -4.626101*       0.1360
GPMin:    4 16:07:27       -4.679287*       0.1141
GPMin:    5 16:07:36       -4.722836*       0.0902
GPMin:    6 16:07:46       -4.763086*       0.0786
GPMin:    7 16:07:56       -4.795955*       0.0832
GPMin:    8 16:08:06       -4.825731*       0.0787
GPMin:    9 16:08:16       -4.850041*       0.0655
GPMin:   10 16:08:26       -4.870477*       0.0498
GPMin:   11 16:08:36       -4.881764*       0.0379
GPMin:   12 16:08:46       -4.885306*       0.0321
GPMin:   13 16:08:55       -4.886468*       0.0262
GPMin:   14 16:09:03       -4.888823*       0.0208
GPMin:   15 16:09:12       -4.889578*       0.0134
       Step     Time          Energy         fmax
*Force-consistent energies used in optimization.
GPMin:    0 16:09:29       -4.287642*       0.5781
GPMin:    1 16:09:41       -4.422303*       0.2069
GPMin:    2 16:09:52       -4.504191*       0.1555
GPMin:    3 16:10:03       -4.578278*       0.1468
GPMin:    4 16:10:14       -4.629993*       0.1217
GPMin:    5 16:10:24       -4.661695*       0.1055
GPMin:    6 16:10:35       -4.696927*       0.0909
GPMin:    7 16:10:46       -4.732306*       0.0834
GPMin:    8 16:10:56       -4.766617*       0.0831
GPMin:    9 16:11:06       -4.801773*       0.0836
GPMin:   10 16:11:15       -4.836463*       0.0766
GPMin:   11 16:11:25       -4.865635*       0.0654
GPMin:   12 16:11:34       -4.883473*       0.0734
GPMin:   13 16:11:42       -4.900892*       0.0744
GPMin:   14 16:11:51       -4.912337*       0.0627
GPMin:   15 16:12:00       -4.921391*       0.0504
GPMin:   16 16:12:08       -4.928451*       0.0416
GPMin:   17 16:12:17       -4.931657*       0.0259
GPMin:   18 16:12:25       -4.933192*       0.0163
       Step     Time          Energy         fmax
*Force-consistent energies used in optimization.
GPMin:    0 16:12:41       -4.090138*       1.0529
GPMin:    1 16:12:53       -4.454941*       0.3995
GPMin:    2 16:13:04       -4.568050*       0.2988
GPMin:    3 16:13:14       -4.653219*       0.2302
GPMin:    4 16:13:25       -4.713228*       0.1463
GPMin:    5 16:13:35       -4.750316*       0.1436
GPMin:    6 16:13:46       -4.791660*       0.1269
GPMin:    7 16:13:56       -4.817601*       0.1042
GPMin:    8 16:14:06       -4.836965*       0.0832
GPMin:    9 16:14:15       -4.854675*       0.0707
GPMin:   10 16:14:25       -4.868739*       0.0602
GPMin:   11 16:14:33       -4.878599*       0.0418
GPMin:   12 16:14:42       -4.885323*       0.0250
GPMin:   13 16:14:51       -4.887619*       0.0294
GPMin:   14 16:14:59       -4.889268*       0.0184
       Step     Time          Energy         fmax
*Force-consistent energies used in optimization.
GPMin:    0 16:15:14       -4.391434*       0.7467
GPMin:    1 16:15:26       -4.589650*       0.2179
GPMin:    2 16:15:36       -4.637669*       0.1808
GPMin:    3 16:15:47       -4.685038*       0.1094
GPMin:    4 16:15:58       -4.719853*       0.0897
GPMin:    5 16:16:08       -4.748574*       0.0895
GPMin:    6 16:16:17       -4.779756*       0.0782
GPMin:    7 16:16:28       -4.811413*       0.0749
GPMin:    8 16:16:39       -4.841267*       0.0802
GPMin:    9 16:16:48       -4.874731*       0.0688
GPMin:   10 16:16:58       -4.898989*       0.0679
GPMin:   11 16:17:08       -4.914899*       0.0640
GPMin:   12 16:17:17       -4.922042*       0.0393
GPMin:   13 16:17:26       -4.925476*       0.0380
GPMin:   14 16:17:34       -4.928408*       0.0320
GPMin:   15 16:17:43       -4.930676*       0.0316
GPMin:   16 16:17:50       -4.932390*       0.0207
GPMin:   17 16:17:59       -4.933409*       0.0100
       Step     Time          Energy         fmax
*Force-consistent energies used in optimization.
GPMin:    0 16:18:14       -4.062560*       0.2588
GPMin:    1 16:18:26       -4.226068*       0.2480
GPMin:    2 16:18:37       -4.372289*       0.2505
GPMin:    3 16:18:49       -4.510592*       0.2611
GPMin:    4 16:19:01       -4.623648*       0.2507
GPMin:    5 16:19:12       -4.711171*       0.2074
GPMin:    6 16:19:22       -4.768184*       0.1253
GPMin:    7 16:19:33       -4.791326*       0.0683
GPMin:    8 16:19:43       -4.805555*       0.0986
GPMin:    9 16:19:51       -4.829661*       0.0799
GPMin:   10 16:20:00       -4.852924*       0.0789
GPMin:   11 16:20:10       -4.875298*       0.0750
GPMin:   12 16:20:19       -4.892698*       0.0632
GPMin:   13 16:20:28       -4.905928*       0.0608
GPMin:   14 16:20:36       -4.916544*       0.0433
GPMin:   15 16:20:45       -4.920808*       0.0442
GPMin:   16 16:20:52       -4.925703*       0.0379
GPMin:   17 16:21:00       -4.929596*       0.0262
GPMin:   18 16:21:07       -4.930660*       0.0211
GPMin:   19 16:21:15       -4.931794*       0.0135
       Step     Time          Energy         fmax
*Force-consistent energies used in optimization.
GPMin:    0 16:21:35       -3.809926*       0.2495
GPMin:    1 16:21:47       -3.938376*       0.1908
GPMin:    2 16:21:58       -4.026781*       0.1562
GPMin:    3 16:22:10       -4.104118*       0.1302
GPMin:    4 16:22:21       -4.173961*       0.1444
GPMin:    5 16:22:32       -4.237868*       0.1572
GPMin:    6 16:22:42       -4.301529*       0.1656
GPMin:    7 16:22:52       -4.364018*       0.1743
GPMin:    8 16:23:03       -4.424161*       0.1670
GPMin:    9 16:23:14       -4.479844*       0.1264
GPMin:   10 16:23:24       -4.509312*       0.0628
GPMin:   11 16:23:32       -4.517186*       0.0568
GPMin:   12 16:23:42       -4.526746*       0.0631
GPMin:   13 16:23:52       -4.543126*       0.0654
GPMin:   14 16:24:01       -4.561405*       0.0740
GPMin:   15 16:24:11       -4.585042*       0.0819
GPMin:   16 16:24:21       -4.615734*       0.0975
GPMin:   17 16:24:30       -4.650639*       0.1080
GPMin:   18 16:24:40       -4.683843*       0.1109
GPMin:   19 16:24:50       -4.712055*       0.1094
GPMin:   20 16:25:00       -4.740813*       0.1062
GPMin:   21 16:25:09       -4.770828*       0.0972
GPMin:   22 16:25:18       -4.801910*       0.0880
GPMin:   23 16:25:26       -4.832775*       0.0757
GPMin:   24 16:25:35       -4.860081*       0.0678
GPMin:   25 16:25:43       -4.881530*       0.0647
GPMin:   26 16:25:52       -4.901188*       0.0467
GPMin:   27 16:26:00       -4.913610*       0.0395
GPMin:   28 16:26:09       -4.921335*       0.0467
GPMin:   29 16:26:16       -4.924348*       0.0480
GPMin:   30 16:26:25       -4.927541*       0.0333
GPMin:   31 16:26:33       -4.929560*       0.0293
GPMin:   32 16:26:41       -4.930450*       0.0173
       Step     Time          Energy         fmax
*Force-consistent energies used in optimization.
GPMin:    0 16:26:57       -4.226914*       0.3417
GPMin:    1 16:27:08       -4.402300*       0.2134
GPMin:    2 16:27:19       -4.495314*       0.1700
GPMin:    3 16:27:30       -4.566307*       0.1587
GPMin:    4 16:27:41       -4.624169*       0.1125
GPMin:    5 16:27:51       -4.669707*       0.1098
GPMin:    6 16:28:01       -4.715641*       0.1107
GPMin:    7 16:28:12       -4.759437*       0.1172
GPMin:    8 16:28:22       -4.799837*       0.1043
GPMin:    9 16:28:32       -4.832023*       0.0809
GPMin:   10 16:28:40       -4.852968*       0.0744
GPMin:   11 16:28:49       -4.868051*       0.0553
GPMin:   12 16:28:57       -4.877008*       0.0428
GPMin:   13 16:29:06       -4.881597*       0.0361
GPMin:   14 16:29:14       -4.885798*       0.0241
GPMin:   15 16:29:22       -4.887729*       0.0203
GPMin:   16 16:29:30       -4.889367*       0.0179
       Step     Time          Energy         fmax
*Force-consistent energies used in optimization.
GPMin:    0 16:29:46       -4.477626*       0.2997
GPMin:    1 16:29:58       -4.624072*       0.2270
GPMin:    2 16:30:09       -4.704165*       0.1596
GPMin:    3 16:30:18       -4.762744*       0.1237
GPMin:    4 16:30:28       -4.810781*       0.0963
GPMin:    5 16:30:38       -4.843806*       0.0916
GPMin:    6 16:30:47       -4.880206*       0.0912
GPMin:    7 16:30:57       -4.909946*       0.0610
GPMin:    8 16:31:06       -4.925841*       0.0378
GPMin:    9 16:31:15       -4.929588*       0.0318
GPMin:   10 16:31:23       -4.930624*       0.0222
GPMin:   11 16:31:32       -4.931610*       0.0170
       Step     Time          Energy         fmax
*Force-consistent energies used in optimization.
GPMin:    0 16:31:48       -4.062561*       0.2588
GPMin:    1 16:32:00       -4.226049*       0.2481
GPMin:    2 16:32:10       -4.372263*       0.2505
GPMin:    3 16:32:22       -4.510569*       0.2611
GPMin:    4 16:32:34       -4.623627*       0.2507
GPMin:    5 16:32:45       -4.711162*       0.2074
GPMin:    6 16:32:56       -4.768181*       0.1254
GPMin:    7 16:33:06       -4.791327*       0.0683
GPMin:    8 16:33:16       -4.805552*       0.0986
GPMin:    9 16:33:24       -4.829658*       0.0799
GPMin:   10 16:33:33       -4.852918*       0.0789
GPMin:   11 16:33:43       -4.875292*       0.0750
GPMin:   12 16:33:52       -4.892692*       0.0632
GPMin:   13 16:34:01       -4.905921*       0.0608
GPMin:   14 16:34:09       -4.916538*       0.0433
GPMin:   15 16:34:18       -4.920808*       0.0442
GPMin:   16 16:34:25       -4.925702*       0.0379
GPMin:   17 16:34:34       -4.929596*       0.0262
GPMin:   18 16:34:40       -4.930661*       0.0211
GPMin:   19 16:34:48       -4.931794*       0.0135
       Step     Time          Energy         fmax
*Force-consistent energies used in optimization.
GPMin:    0 16:35:10       -3.790728*       0.3575
GPMin:    1 16:35:26       -3.959152*       0.2639
GPMin:    2 16:35:41       -4.069308*       0.2595
GPMin:    3 16:35:54       -4.151971*       0.2229
GPMin:    4 16:36:07       -4.219617*       0.1851
GPMin:    5 16:36:20       -4.309447*       0.2126
GPMin:    6 16:36:32       -4.413166*       0.2337
GPMin:    7 16:36:44       -4.503000*       0.1848
GPMin:    8 16:36:55       -4.563979*       0.1677
GPMin:    9 16:37:06       -4.607081*       0.1589
GPMin:   10 16:37:16       -4.641104*       0.1198
GPMin:   11 16:37:27       -4.665812*       0.0800
GPMin:   12 16:37:38       -4.682383*       0.0749
GPMin:   13 16:37:49       -4.698881*       0.0662
GPMin:   14 16:37:59       -4.715890*       0.0491
GPMin:   15 16:38:09       -4.729596*       0.0453
GPMin:   16 16:38:19       -4.741259*       0.0519
GPMin:   17 16:38:27       -4.752997*       0.0592
GPMin:   18 16:38:37       -4.763354*       0.0637
GPMin:   19 16:38:47       -4.774202*       0.0492
GPMin:   20 16:38:56       -4.784763*       0.0476
GPMin:   21 16:39:05       -4.793984*       0.0446
GPMin:   22 16:39:14       -4.801514*       0.0396
GPMin:   23 16:39:22       -4.807878*       0.0464
GPMin:   24 16:39:31       -4.816545*       0.0506
GPMin:   25 16:39:40       -4.827194*       0.0497
GPMin:   26 16:39:50       -4.839781*       0.0521
GPMin:   27 16:40:00       -4.852867*       0.0544
GPMin:   28 16:40:10       -4.866179*       0.0529
GPMin:   29 16:40:19       -4.876028*       0.0501
GPMin:   30 16:40:28       -4.880576*       0.0448
GPMin:   31 16:40:37       -4.882719*       0.0368
GPMin:   32 16:40:45       -4.885859*       0.0263
GPMin:   33 16:40:54       -4.888201*       0.0243
GPMin:   34 16:41:02       -4.889324*       0.0152
       Step     Time          Energy         fmax
*Force-consistent energies used in optimization.
GPMin:    0 16:41:19       -4.062561*       0.2588
GPMin:    1 16:41:31       -4.226058*       0.2481
GPMin:    2 16:41:42       -4.372292*       0.2505
GPMin:    3 16:41:53       -4.510599*       0.2611
GPMin:    4 16:42:05       -4.623654*       0.2507
GPMin:    5 16:42:16       -4.711176*       0.2074
GPMin:    6 16:42:27       -4.768190*       0.1253
GPMin:    7 16:42:37       -4.791328*       0.0683
GPMin:    8 16:42:47       -4.805557*       0.0986
GPMin:    9 16:42:56       -4.829663*       0.0799
GPMin:   10 16:43:04       -4.852928*       0.0789
GPMin:   11 16:43:14       -4.875302*       0.0750
GPMin:   12 16:43:23       -4.892701*       0.0632
GPMin:   13 16:43:32       -4.905929*       0.0608
GPMin:   14 16:43:40       -4.916545*       0.0433
GPMin:   15 16:43:49       -4.920810*       0.0442
GPMin:   16 16:43:56       -4.925705*       0.0379
GPMin:   17 16:44:05       -4.929597*       0.0262
GPMin:   18 16:44:11       -4.930661*       0.0211
GPMin:   19 16:44:19       -4.931795*       0.0135
       Step     Time          Energy         fmax
*Force-consistent energies used in optimization.
GPMin:    0 16:44:44       -3.107865*       0.3080
GPMin:    1 16:44:59       -3.212792*       0.1444
GPMin:    2 16:45:14       -3.261373*       0.1663
GPMin:    3 16:45:28       -3.338350*       0.2108
GPMin:    4 16:45:42       -3.441075*       0.2646
GPMin:    5 16:45:57       -3.575220*       0.3229
GPMin:    6 16:46:13       -3.734116*       0.3582
GPMin:    7 16:46:26       -3.893417*       0.3264
GPMin:    8 16:46:37       -4.003163*       0.1847
GPMin:    9 16:46:48       -4.044348*       0.1296
GPMin:   10 16:46:58       -4.073166*       0.1740
GPMin:   11 16:47:07       -4.116688*       0.1154
GPMin:   12 16:47:17       -4.147251*       0.1053
GPMin:   13 16:47:26       -4.174553*       0.1033
GPMin:   14 16:47:34       -4.206903*       0.0932
GPMin:   15 16:47:44       -4.238989*       0.0861
GPMin:   16 16:47:54       -4.268926*       0.0959
GPMin:   17 16:48:03       -4.300828*       0.1036
GPMin:   18 16:48:13       -4.333337*       0.1041
GPMin:   19 16:48:22       -4.369893*       0.1080
GPMin:   20 16:48:32       -4.409708*       0.1135
GPMin:   21 16:48:41       -4.452792*       0.1216
GPMin:   22 16:48:51       -4.500079*       0.1347
GPMin:   23 16:49:01       -4.549624*       0.1488
GPMin:   24 16:49:10       -4.600665*       0.1659
GPMin:   25 16:49:20       -4.654767*       0.1804
GPMin:   26 16:49:31       -4.713147*       0.1950
GPMin:   27 16:49:42       -4.770643*       0.1995
GPMin:   28 16:49:52       -4.827266*       0.1912
GPMin:   29 16:50:03       -4.874802*       0.1537
GPMin:   30 16:50:13       -4.905330*       0.0955
GPMin:   31 16:50:21       -4.918692*       0.0558
GPMin:   32 16:50:30       -4.923114*       0.0713
GPMin:   33 16:50:39       -4.927882*       0.0367
GPMin:   34 16:50:48       -4.929026*       0.0406
GPMin:   35 16:50:57       -4.930579*       0.0314
GPMin:   36 16:51:05       -4.931398*       0.0233
GPMin:   37 16:51:14       -4.932030*       0.0244
GPMin:   38 16:51:20       -4.932451*       0.0190
       Step     Time          Energy         fmax
*Force-consistent energies used in optimization.
GPMin:    0 16:51:36       -4.477626*       0.2996
GPMin:    1 16:51:48       -4.624086*       0.2270
GPMin:    2 16:51:59       -4.704156*       0.1597
GPMin:    3 16:52:08       -4.762746*       0.1238
GPMin:    4 16:52:18       -4.810780*       0.0964
GPMin:    5 16:52:27       -4.843810*       0.0915
GPMin:    6 16:52:37       -4.880210*       0.0913
GPMin:    7 16:52:47       -4.909956*       0.0610
GPMin:    8 16:52:56       -4.925840*       0.0381
GPMin:    9 16:53:05       -4.929591*       0.0318
GPMin:   10 16:53:13       -4.930621*       0.0221
GPMin:   11 16:53:22       -4.931615*       0.0170
       Step     Time          Energy         fmax
*Force-consistent energies used in optimization.
GPMin:    0 16:53:42       -3.465376*       0.3651
GPMin:    1 16:53:56       -3.678605*       0.3854
GPMin:    2 16:54:07       -3.824052*       0.3608
GPMin:    3 16:54:19       -3.946747*       0.2439
GPMin:    4 16:54:30       -4.021865*       0.1720
GPMin:    5 16:54:39       -4.080684*       0.1677
GPMin:    6 16:54:49       -4.138959*       0.1647
GPMin:    7 16:55:00       -4.196345*       0.1487
GPMin:    8 16:55:10       -4.248929*       0.1013
GPMin:    9 16:55:21       -4.278677*       0.1019
GPMin:   10 16:55:31       -4.295184*       0.0961
GPMin:   11 16:55:40       -4.319064*       0.1138
GPMin:   12 16:55:51       -4.349888*       0.1048
GPMin:   13 16:56:02       -4.384756*       0.1222
GPMin:   14 16:56:13       -4.424816*       0.1449
GPMin:   15 16:56:24       -4.477104*       0.1681
GPMin:   16 16:56:34       -4.538060*       0.1779
GPMin:   17 16:56:45       -4.597539*       0.1569
GPMin:   18 16:56:56       -4.643053*       0.0966
GPMin:   19 16:57:06       -4.662711*       0.0893
GPMin:   20 16:57:15       -4.672229*       0.0923
GPMin:   21 16:57:26       -4.688105*       0.0730
GPMin:   22 16:57:37       -4.702028*       0.0690
GPMin:   23 16:57:47       -4.714057*       0.0665
GPMin:   24 16:57:55       -4.724468*       0.0511
GPMin:   25 16:58:04       -4.733780*       0.0513
GPMin:   26 16:58:13       -4.741760*       0.0417
GPMin:   27 16:58:21       -4.748318*       0.0347
GPMin:   28 16:58:30       -4.752835*       0.0363
GPMin:   29 16:58:39       -4.757923*       0.0374
GPMin:   30 16:58:48       -4.762883*       0.0264
GPMin:   31 16:58:57       -4.766365*       0.0354
GPMin:   32 16:59:05       -4.770255*       0.0432
GPMin:   33 16:59:14       -4.774334*       0.0363
GPMin:   34 16:59:22       -4.779387*       0.0360
GPMin:   35 16:59:31       -4.783719*       0.0344
GPMin:   36 16:59:39       -4.789941*       0.0487
GPMin:   37 16:59:48       -4.797610*       0.0492
GPMin:   38 16:59:58       -4.805716*       0.0530
GPMin:   39 17:00:07       -4.818335*       0.0650
GPMin:   40 17:00:17       -4.839232*       0.0661
GPMin:   41 17:00:27       -4.862115*       0.0770
GPMin:   42 17:00:37       -4.884236*       0.0971
GPMin:   43 17:00:46       -4.905836*       0.0871
GPMin:   44 17:00:56       -4.923054*       0.0443
GPMin:   45 17:01:06       -4.930090*       0.0313
GPMin:   46 17:01:15       -4.931691*       0.0297
GPMin:   47 17:01:23       -4.932702*       0.0171
       Step     Time          Energy         fmax
*Force-consistent energies used in optimization.
GPMin:    0 17:01:45       -4.010642*       0.3317
GPMin:    1 17:01:58       -4.218273*       0.1555
GPMin:    2 17:02:09       -4.271416*       0.1201
GPMin:    3 17:02:18       -4.309155*       0.1397
GPMin:    4 17:02:28       -4.354986*       0.1472
GPMin:    5 17:02:38       -4.406061*       0.0990
GPMin:    6 17:02:46       -4.426215*       0.0551
GPMin:    7 17:02:56       -4.430307*       0.0504
GPMin:    8 17:03:05       -4.439282*       0.0418
GPMin:    9 17:03:15       -4.447263*       0.0325
GPMin:   10 17:03:24       -4.453280*       0.0297
GPMin:   11 17:03:33       -4.459511*       0.0307
GPMin:   12 17:03:42       -4.466360*       0.0309
GPMin:   13 17:03:52       -4.478740*       0.0527
GPMin:   14 17:04:02       -4.511522*       0.0766
GPMin:   15 17:04:11       -4.569543*       0.1194
GPMin:   16 17:04:21       -4.650278*       0.1549
GPMin:   17 17:04:29       -4.739992*       0.1665
GPMin:   18 17:04:39       -4.821192*       0.1433
GPMin:   19 17:04:47       -4.874786*       0.0841
GPMin:   20 17:04:56       -4.889961*       0.0742
GPMin:   21 17:05:03       -4.893588*       0.0881
GPMin:   22 17:05:12       -4.905550*       0.0660
GPMin:   23 17:05:20       -4.914383*       0.0414
GPMin:   24 17:05:28       -4.921284*       0.0396
GPMin:   25 17:05:35       -4.925178*       0.0393
GPMin:   26 17:05:42       -4.929076*       0.0291
GPMin:   27 17:05:50       -4.930791*       0.0160
       Step     Time          Energy         fmax
*Force-consistent energies used in optimization.
GPMin:    0 17:06:09       -4.078311*       0.2970
GPMin:    1 17:06:21       -4.241529*       0.1838
GPMin:    2 17:06:31       -4.343253*       0.2047
GPMin:    3 17:06:42       -4.442504*       0.2329
GPMin:    4 17:06:53       -4.548653*       0.2194
GPMin:    5 17:07:04       -4.635121*       0.1602
GPMin:    6 17:07:14       -4.680297*       0.0898
GPMin:    7 17:07:24       -4.697506*       0.0801
GPMin:    8 17:07:34       -4.717125*       0.0785
GPMin:    9 17:07:42       -4.740544*       0.0639
GPMin:   10 17:07:50       -4.758019*       0.0572
GPMin:   11 17:07:59       -4.774820*       0.0625
GPMin:   12 17:08:09       -4.792359*       0.0533
GPMin:   13 17:08:18       -4.808046*       0.0558
GPMin:   14 17:08:28       -4.826110*       0.0680
GPMin:   15 17:08:37       -4.848976*       0.0736
GPMin:   16 17:08:47       -4.875398*       0.0750
GPMin:   17 17:08:56       -4.901437*       0.0627
GPMin:   18 17:09:06       -4.920457*       0.0457
GPMin:   19 17:09:15       -4.928578*       0.0341
GPMin:   20 17:09:22       -4.930527*       0.0211
GPMin:   21 17:09:29       -4.931231*       0.0199
       Step     Time          Energy         fmax
*Force-consistent energies used in optimization.
GPMin:    0 17:09:45       -4.477626*       0.2997
GPMin:    1 17:09:57       -4.624094*       0.2270
GPMin:    2 17:10:07       -4.704179*       0.1596
GPMin:    3 17:10:17       -4.762766*       0.1237
GPMin:    4 17:10:27       -4.810795*       0.0963
GPMin:    5 17:10:36       -4.843820*       0.0916
GPMin:    6 17:10:46       -4.880220*       0.0912
GPMin:    7 17:10:56       -4.909956*       0.0610
GPMin:    8 17:11:05       -4.925843*       0.0379
GPMin:    9 17:11:14       -4.929590*       0.0318
GPMin:   10 17:11:22       -4.930623*       0.0222
GPMin:   11 17:11:31       -4.931613*       0.0170
       Step     Time          Energy         fmax
*Force-consistent energies used in optimization.
GPMin:    0 17:11:47       -4.567544*       0.4574
GPMin:    1 17:11:58       -4.713489*       0.2994
GPMin:    2 17:12:09       -4.807800*       0.2232
GPMin:    3 17:12:19       -4.864390*       0.1545
GPMin:    4 17:12:29       -4.900515*       0.0817
GPMin:    5 17:12:39       -4.916178*       0.0422
GPMin:    6 17:12:47       -4.921613*       0.0363
GPMin:    7 17:12:55       -4.926320*       0.0280
GPMin:    8 17:13:03       -4.929148*       0.0302
GPMin:    9 17:13:11       -4.932336*       0.0208
GPMin:   10 17:13:20       -4.933269*       0.0086
       Step     Time          Energy         fmax
*Force-consistent energies used in optimization.
GPMin:    0 17:13:36       -4.370387*       0.2498
GPMin:    1 17:13:47       -4.518336*       0.2072
GPMin:    2 17:13:59       -4.603130*       0.1388
GPMin:    3 17:14:09       -4.652708*       0.1226
GPMin:    4 17:14:20       -4.685614*       0.0702
GPMin:    5 17:14:31       -4.703097*       0.0576
GPMin:    6 17:14:42       -4.720033*       0.0493
GPMin:    7 17:14:51       -4.735180*       0.0436
GPMin:    8 17:15:01       -4.747431*       0.0390
GPMin:    9 17:15:11       -4.756897*       0.0439
GPMin:   10 17:15:20       -4.768060*       0.0447
GPMin:   11 17:15:30       -4.780255*       0.0549
GPMin:   12 17:15:40       -4.798257*       0.0612
GPMin:   13 17:15:49       -4.822909*       0.0623
GPMin:   14 17:15:59       -4.850820*       0.0758
GPMin:   15 17:16:09       -4.882683*       0.0702
GPMin:   16 17:16:19       -4.908699*       0.0704
GPMin:   17 17:16:29       -4.920920*       0.0529
GPMin:   18 17:16:38       -4.925642*       0.0425
GPMin:   19 17:16:46       -4.927939*       0.0323
GPMin:   20 17:16:55       -4.929411*       0.0279
GPMin:   21 17:17:03       -4.930725*       0.0268
GPMin:   22 17:17:12       -4.932311*       0.0138
       Step     Time          Energy         fmax
*Force-consistent energies used in optimization.
GPMin:    0 17:17:30       -4.018466*       0.5032
GPMin:    1 17:17:43       -4.186902*       0.1640
GPMin:    2 17:17:56       -4.250242*       0.1646
GPMin:    3 17:18:09       -4.324032*       0.1338
GPMin:    4 17:18:19       -4.373164*       0.0986
GPMin:    5 17:18:30       -4.410457*       0.0988
GPMin:    6 17:18:41       -4.441394*       0.0897
GPMin:    7 17:18:52       -4.468386*       0.0847
GPMin:    8 17:19:01       -4.504300*       0.0981
GPMin:    9 17:19:11       -4.548636*       0.1212
GPMin:   10 17:19:20       -4.612283*       0.1365
GPMin:   11 17:19:31       -4.685808*       0.1414
GPMin:   12 17:19:42       -4.752891*       0.1327
GPMin:   13 17:19:51       -4.802638*       0.1129
GPMin:   14 17:20:01       -4.832659*       0.1000
GPMin:   15 17:20:12       -4.858765*       0.0975
GPMin:   16 17:20:23       -4.875908*       0.1015
GPMin:   17 17:20:31       -4.888737*       0.0987
GPMin:   18 17:20:41       -4.900214*       0.0713
GPMin:   19 17:20:49       -4.906298*       0.0611
GPMin:   20 17:20:58       -4.915597*       0.0602
GPMin:   21 17:21:06       -4.922664*       0.0384
GPMin:   22 17:21:15       -4.925301*       0.0350
GPMin:   23 17:21:23       -4.927129*       0.0290
GPMin:   24 17:21:32       -4.928351*       0.0274
GPMin:   25 17:21:40       -4.929306*       0.0140
       Step     Time          Energy         fmax
*Force-consistent energies used in optimization.
GPMin:    0 17:22:02       -3.375163*       0.3956
GPMin:    1 17:22:18       -3.680051*       0.4197
GPMin:    2 17:22:32       -3.912756*       0.4168
GPMin:    3 17:22:46       -4.094060*       0.3456
GPMin:    4 17:22:59       -4.197299*       0.1951
GPMin:    5 17:23:10       -4.235088*       0.1291
GPMin:    6 17:23:20       -4.266431*       0.1441
GPMin:    7 17:23:31       -4.313375*       0.1267
GPMin:    8 17:23:42       -4.352571*       0.0987
GPMin:    9 17:23:53       -4.382053*       0.1281
GPMin:   10 17:24:03       -4.409548*       0.1274
GPMin:   11 17:24:14       -4.439792*       0.1084
GPMin:   12 17:24:25       -4.472809*       0.1056
GPMin:   13 17:24:36       -4.511459*       0.1060
GPMin:   14 17:24:47       -4.552995*       0.1209
GPMin:   15 17:24:57       -4.593704*       0.1398
GPMin:   16 17:25:08       -4.639050*       0.1507
GPMin:   17 17:25:19       -4.685908*       0.1430
GPMin:   18 17:25:30       -4.725790*       0.1051
GPMin:   19 17:25:41       -4.755414*       0.0852
GPMin:   20 17:25:50       -4.766628*       0.0740
GPMin:   21 17:25:59       -4.773783*       0.0715
GPMin:   22 17:26:07       -4.781411*       0.0615
GPMin:   23 17:26:16       -4.790449*       0.0741
GPMin:   24 17:26:25       -4.800755*       0.0596
GPMin:   25 17:26:33       -4.811518*       0.0599
GPMin:   26 17:26:42       -4.822481*       0.0611
GPMin:   27 17:26:50       -4.833479*       0.0617
GPMin:   28 17:27:00       -4.844921*       0.0700
GPMin:   29 17:27:10       -4.858668*       0.0665
GPMin:   30 17:27:19       -4.871494*       0.0550
GPMin:   31 17:27:29       -4.879025*       0.0387
GPMin:   32 17:27:38       -4.882105*       0.0429
GPMin:   33 17:27:46       -4.884011*       0.0341
GPMin:   34 17:27:54       -4.885439*       0.0383
GPMin:   35 17:28:02       -4.887488*       0.0514
GPMin:   36 17:28:11       -4.888844*       0.0319
GPMin:   37 17:28:18       -4.889446*       0.0158
       Step     Time          Energy         fmax
*Force-consistent energies used in optimization.
GPMin:    0 17:28:41       -3.053549*       0.2800
GPMin:    1 17:28:58       -3.163290*       0.1609
GPMin:    2 17:29:13       -3.235903*       0.1752
GPMin:    3 17:29:28       -3.344000*       0.2107
GPMin:    4 17:29:43       -3.456054*       0.1933
GPMin:    5 17:29:59       -3.543502*       0.1114
GPMin:    6 17:30:14       -3.578166*       0.0729
GPMin:    7 17:30:25       -3.587326*       0.0619
GPMin:    8 17:30:40       -3.596553*       0.0498
GPMin:    9 17:30:52       -3.603415*       0.0505
GPMin:   10 17:31:03       -3.613043*       0.0509
GPMin:   11 17:31:13       -3.624916*       0.0543
GPMin:   12 17:31:25       -3.643064*       0.0679
GPMin:   13 17:31:37       -3.664542*       0.0800
GPMin:   14 17:31:49       -3.690014*       0.0940
GPMin:   15 17:32:01       -3.720395*       0.1120
GPMin:   16 17:32:13       -3.751948*       0.1263
GPMin:   17 17:32:26       -3.792984*       0.1505
GPMin:   18 17:32:40       -3.842943*       0.1881
GPMin:   19 17:32:54       -3.915297*       0.2360
GPMin:   20 17:33:11       -4.017507*       0.2872
GPMin:   21 17:33:27       -4.121739*       0.3159
GPMin:   22 17:33:42       -4.237430*       0.3058
GPMin:   23 17:33:57       -4.341098*       0.2099
GPMin:   24 17:34:08       -4.378290*       0.1179
GPMin:   25 17:34:19       -4.390937*       0.1656
GPMin:   26 17:34:29       -4.422105*       0.1459
GPMin:   27 17:34:40       -4.453892*       0.1240
GPMin:   28 17:34:50       -4.484556*       0.1401
GPMin:   29 17:35:01       -4.520745*       0.1593
GPMin:   30 17:35:12       -4.566189*       0.1637
GPMin:   31 17:35:21       -4.613726*       0.1639
GPMin:   32 17:35:32       -4.668160*       0.1761
GPMin:   33 17:35:43       -4.728772*       0.1883
GPMin:   34 17:35:54       -4.789556*       0.1931
GPMin:   35 17:36:05       -4.844093*       0.1830
GPMin:   36 17:36:15       -4.886771*       0.1459
GPMin:   37 17:36:25       -4.911721*       0.0792
GPMin:   38 17:36:34       -4.920453*       0.0605
GPMin:   39 17:36:42       -4.923679*       0.0753
GPMin:   40 17:36:51       -4.928944*       0.0303
GPMin:   41 17:37:00       -4.929930*       0.0346
GPMin:   42 17:37:08       -4.930735*       0.0291
GPMin:   43 17:37:17       -4.931624*       0.0240
GPMin:   44 17:37:25       -4.932082*       0.0205
GPMin:   45 17:37:33       -4.932575*       0.0159
       Step     Time          Energy         fmax
*Force-consistent energies used in optimization.
GPMin:    0 17:38:00       -3.756198*       0.1353
GPMin:    1 17:38:14       -3.836470*       0.1733
GPMin:    2 17:38:28       -3.924869*       0.1679
GPMin:    3 17:38:42       -4.002305*       0.1366
GPMin:    4 17:38:52       -4.057302*       0.0901
GPMin:    5 17:39:03       -4.097059*       0.0730
GPMin:    6 17:39:13       -4.124114*       0.0470
GPMin:    7 17:39:23       -4.132037*       0.0598
GPMin:    8 17:39:33       -4.138725*       0.0601
GPMin:    9 17:39:43       -4.147023*       0.0756
GPMin:   10 17:39:53       -4.159992*       0.0427
GPMin:   11 17:40:03       -4.166362*       0.0452
GPMin:   12 17:40:11       -4.174486*       0.0416
GPMin:   13 17:40:20       -4.181336*       0.0353
GPMin:   14 17:40:29       -4.187251*       0.0320
GPMin:   15 17:40:37       -4.192650*       0.0299
GPMin:   16 17:40:46       -4.198895*       0.0297
GPMin:   17 17:40:54       -4.204934*       0.0377
GPMin:   18 17:41:03       -4.214561*       0.0511
GPMin:   19 17:41:12       -4.224222*       0.0643
GPMin:   20 17:41:21       -4.241541*       0.0870
GPMin:   21 17:41:31       -4.264642*       0.1096
GPMin:   22 17:41:41       -4.293245*       0.1258
GPMin:   23 17:41:50       -4.330038*       0.1413
GPMin:   24 17:42:01       -4.367246*       0.1437
GPMin:   25 17:42:11       -4.418967*       0.1483
GPMin:   26 17:42:21       -4.465292*       0.1617
GPMin:   27 17:42:31       -4.528596*       0.1815
GPMin:   28 17:42:41       -4.608408*       0.1981
GPMin:   29 17:42:50       -4.681459*       0.2020
GPMin:   30 17:43:01       -4.754859*       0.1928
GPMin:   31 17:43:12       -4.826885*       0.1613
GPMin:   32 17:43:23       -4.873485*       0.1103
GPMin:   33 17:43:33       -4.895303*       0.0889
GPMin:   34 17:43:42       -4.902254*       0.0861
GPMin:   35 17:43:51       -4.909159*       0.0503
GPMin:   36 17:43:59       -4.915178*       0.0602
GPMin:   37 17:44:08       -4.921312*       0.0480
GPMin:   38 17:44:16       -4.925034*       0.0347
GPMin:   39 17:44:25       -4.928346*       0.0317
GPMin:   40 17:44:34       -4.931118*       0.0215
GPMin:   41 17:44:43       -4.931956*       0.0235
GPMin:   42 17:44:51       -4.933007*       0.0201
GPMin:   43 17:44:59       -4.933345*       0.0181
       Step     Time          Energy         fmax
*Force-consistent energies used in optimization.
GPMin:    0 17:45:21       -4.713859*       0.2689
GPMin:    1 17:45:32       -4.810696*       0.1671
GPMin:    2 17:45:43       -4.866807*       0.1099
GPMin:    3 17:45:52       -4.899360*       0.0644
GPMin:    4 17:46:02       -4.916250*       0.0558
GPMin:    5 17:46:11       -4.924726*       0.0412
GPMin:    6 17:46:19       -4.928852*       0.0306
GPMin:    7 17:46:28       -4.932936*       0.0181
       Step     Time          Energy         fmax
*Force-consistent energies used in optimization.
GPMin:    0 17:46:50       -4.226914*       0.3417
GPMin:    1 17:47:02       -4.402322*       0.2133
GPMin:    2 17:47:13       -4.495322*       0.1700
GPMin:    3 17:47:24       -4.566327*       0.1587
GPMin:    4 17:47:35       -4.624179*       0.1125
GPMin:    5 17:47:45       -4.669713*       0.1098
GPMin:    6 17:47:56       -4.715652*       0.1107
GPMin:    7 17:48:07       -4.759449*       0.1172
GPMin:    8 17:48:16       -4.799845*       0.1043
GPMin:    9 17:48:26       -4.832028*       0.0809
GPMin:   10 17:48:35       -4.852971*       0.0744
GPMin:   11 17:48:43       -4.868054*       0.0553
GPMin:   12 17:48:52       -4.877009*       0.0428
GPMin:   13 17:49:01       -4.881598*       0.0361
GPMin:   14 17:49:09       -4.885799*       0.0241
GPMin:   15 17:49:17       -4.887729*       0.0203
GPMin:   16 17:49:25       -4.889368*       0.0179
       Step     Time          Energy         fmax
*Force-consistent energies used in optimization.
GPMin:    0 17:49:46       -4.370387*       0.2497
GPMin:    1 17:49:57       -4.518305*       0.2073
GPMin:    2 17:50:09       -4.603123*       0.1388
GPMin:    3 17:50:20       -4.652699*       0.1226
GPMin:    4 17:50:31       -4.685611*       0.0702
GPMin:    5 17:50:42       -4.703090*       0.0576
GPMin:    6 17:50:53       -4.720028*       0.0493
GPMin:    7 17:51:02       -4.735175*       0.0436
GPMin:    8 17:51:12       -4.747424*       0.0390
GPMin:    9 17:51:22       -4.756888*       0.0438
GPMin:   10 17:51:32       -4.768044*       0.0446
GPMin:   11 17:51:42       -4.780222*       0.0549
GPMin:   12 17:51:51       -4.798208*       0.0611
GPMin:   13 17:52:01       -4.822804*       0.0622
GPMin:   14 17:52:11       -4.850705*       0.0758
GPMin:   15 17:52:20       -4.882607*       0.0702
GPMin:   16 17:52:31       -4.908677*       0.0706
GPMin:   17 17:52:41       -4.920921*       0.0529
GPMin:   18 17:52:50       -4.925635*       0.0427
GPMin:   19 17:52:58       -4.927932*       0.0325
GPMin:   20 17:53:07       -4.929405*       0.0278
GPMin:   21 17:53:16       -4.930712*       0.0268
GPMin:   22 17:53:24       -4.932301*       0.0137
       Step     Time          Energy         fmax
*Force-consistent energies used in optimization.
GPMin:    0 17:53:53       -3.329201*       0.2379
GPMin:    1 17:54:14       -3.446125*       0.2253
GPMin:    2 17:54:31       -3.567918*       0.2472
GPMin:    3 17:54:48       -3.679426*       0.2319
GPMin:    4 17:55:06       -3.759174*       0.1526
GPMin:    5 17:55:23       -3.791743*       0.0695
GPMin:    6 17:55:40       -3.804503*       0.0916
GPMin:    7 17:55:54       -3.819437*       0.0671
GPMin:    8 17:56:07       -3.838260*       0.0818
GPMin:    9 17:56:20       -3.860005*       0.0740
GPMin:   10 17:56:36       -3.882281*       0.0683
GPMin:   11 17:56:50       -3.904686*       0.0752
GPMin:   12 17:57:03       -3.929481*       0.0895
GPMin:   13 17:57:16       -3.968587*       0.1144
GPMin:   14 17:57:27       -4.026670*       0.1495
GPMin:   15 17:57:40       -4.103690*       0.1880
GPMin:   16 17:57:52       -4.197946*       0.2242
GPMin:   17 17:58:04       -4.302702*       0.2477
GPMin:   18 17:58:15       -4.415633*       0.2581
GPMin:   19 17:58:26       -4.522297*       0.2458
GPMin:   20 17:58:37       -4.606870*       0.2046
GPMin:   21 17:58:48       -4.674873*       0.1934
GPMin:   22 17:58:58       -4.731099*       0.1926
GPMin:   23 17:59:08       -4.780225*       0.2029
GPMin:   24 17:59:19       -4.836471*       0.1795
GPMin:   25 17:59:30       -4.883500*       0.1405
GPMin:   26 17:59:40       -4.909380*       0.0787
GPMin:   27 17:59:49       -4.917099*       0.0718
GPMin:   28 17:59:58       -4.922056*       0.0734
GPMin:   29 18:00:08       -4.925862*       0.0402
GPMin:   30 18:00:16       -4.927384*       0.0366
GPMin:   31 18:00:24       -4.929874*       0.0263
GPMin:   32 18:00:32       -4.930444*       0.0213
GPMin:   33 18:00:40       -4.931173*       0.0218
GPMin:   34 18:00:49       -4.931809*       0.0165
       Step     Time          Energy         fmax
*Force-consistent energies used in optimization.
GPMin:    0 18:01:11       -4.563622*       0.2929
GPMin:    1 18:01:23       -4.703769*       0.1694
GPMin:    2 18:01:34       -4.749686*       0.0852
GPMin:    3 18:01:43       -4.767712*       0.0712
GPMin:    4 18:01:53       -4.791394*       0.0604
GPMin:    5 18:02:02       -4.814945*       0.0644
GPMin:    6 18:02:13       -4.847128*       0.0725
GPMin:    7 18:02:24       -4.885296*       0.0651
GPMin:    8 18:02:35       -4.916223*       0.0680
GPMin:    9 18:02:45       -4.928942*       0.0476
GPMin:   10 18:02:52       -4.932284*       0.0205
GPMin:   11 18:03:01       -4.932989*       0.0100
       Step     Time          Energy         fmax
*Force-consistent energies used in optimization.
GPMin:    0 18:03:20       -4.477626*       0.2996
GPMin:    1 18:03:32       -4.624076*       0.2270
GPMin:    2 18:03:43       -4.704152*       0.1597
GPMin:    3 18:03:52       -4.762735*       0.1238
GPMin:    4 18:04:02       -4.810772*       0.0964
GPMin:    5 18:04:12       -4.843805*       0.0915
GPMin:    6 18:04:21       -4.880204*       0.0913
GPMin:    7 18:04:31       -4.909951*       0.0610
GPMin:    8 18:04:41       -4.925841*       0.0379
GPMin:    9 18:04:49       -4.929589*       0.0318
GPMin:   10 18:04:58       -4.930622*       0.0222
GPMin:   11 18:05:07       -4.931614*       0.0170
       Step     Time          Energy         fmax
*Force-consistent energies used in optimization.
GPMin:    0 18:05:28       -4.561003*       0.3212
GPMin:    1 18:05:40       -4.687570*       0.2882
GPMin:    2 18:05:52       -4.785050*       0.2170
GPMin:    3 18:06:03       -4.839626*       0.1558
GPMin:    4 18:06:12       -4.884003*       0.0850
GPMin:    5 18:06:22       -4.907060*       0.0643
GPMin:    6 18:06:32       -4.917963*       0.0487
GPMin:    7 18:06:40       -4.925083*       0.0370
GPMin:    8 18:06:48       -4.928379*       0.0278
GPMin:    9 18:06:56       -4.931715*       0.0262
GPMin:   10 18:07:05       -4.933230*       0.0111
       Step     Time          Energy         fmax
*Force-consistent energies used in optimization.
GPMin:    0 18:07:27       -4.477626*       0.2997
GPMin:    1 18:07:39       -4.624051*       0.2269
GPMin:    2 18:07:49       -4.704142*       0.1597
GPMin:    3 18:07:59       -4.762720*       0.1237
GPMin:    4 18:08:09       -4.810764*       0.0964
GPMin:    5 18:08:19       -4.843796*       0.0916
GPMin:    6 18:08:28       -4.880196*       0.0912
GPMin:    7 18:08:38       -4.909943*       0.0610
GPMin:    8 18:08:48       -4.925840*       0.0378
GPMin:    9 18:08:56       -4.929587*       0.0318
GPMin:   10 18:09:05       -4.930624*       0.0222
GPMin:   11 18:09:14       -4.931611*       0.0170
       Step     Time          Energy         fmax
*Force-consistent energies used in optimization.
GPMin:    0 18:09:34       -4.713859*       0.2688
GPMin:    1 18:09:45       -4.810704*       0.1671
GPMin:    2 18:09:56       -4.866792*       0.1098
GPMin:    3 18:10:05       -4.899332*       0.0645
GPMin:    4 18:10:15       -4.916205*       0.0560
GPMin:    5 18:10:23       -4.924698*       0.0412
GPMin:    6 18:10:32       -4.928822*       0.0304
GPMin:    7 18:10:40       -4.932934*       0.0180
       Step     Time          Energy         fmax
*Force-consistent energies used in optimization.
GPMin:    0 18:11:03       -4.344536*       0.3913
GPMin:    1 18:11:15       -4.479523*       0.1936
GPMin:    2 18:11:27       -4.555961*       0.1927
GPMin:    3 18:11:38       -4.616063*       0.1818
GPMin:    4 18:11:48       -4.678386*       0.1617
GPMin:    5 18:11:59       -4.730570*       0.1394
GPMin:    6 18:12:10       -4.775713*       0.1201
GPMin:    7 18:12:20       -4.812504*       0.1012
GPMin:    8 18:12:30       -4.847749*       0.0779
GPMin:    9 18:12:39       -4.871730*       0.0576
GPMin:   10 18:12:48       -4.880172*       0.0484
GPMin:   11 18:12:56       -4.885628*       0.0269
GPMin:   12 18:13:05       -4.888432*       0.0237
GPMin:   13 18:13:14       -4.889789*       0.0103
       Step     Time          Energy         fmax
*Force-consistent energies used in optimization.
GPMin:    0 18:13:35       -4.513081*       0.2890
GPMin:    1 18:13:46       -4.656749*       0.2082
GPMin:    2 18:13:57       -4.747726*       0.1728
GPMin:    3 18:14:08       -4.821301*       0.1161
GPMin:    4 18:14:18       -4.864065*       0.1081
GPMin:    5 18:14:27       -4.892205*       0.0879
GPMin:    6 18:14:37       -4.910546*       0.0527
GPMin:    7 18:14:47       -4.922393*       0.0391
GPMin:    8 18:14:55       -4.928404*       0.0345
GPMin:    9 18:15:04       -4.930953*       0.0217
GPMin:   10 18:15:12       -4.932023*       0.0180
       Step     Time          Energy         fmax
*Force-consistent energies used in optimization.
GPMin:    0 18:15:33       -3.840225*       0.3988
GPMin:    1 18:15:44       -4.010069*       0.2538
GPMin:    2 18:15:54       -4.104025*       0.1545
GPMin:    3 18:16:04       -4.157233*       0.1432
GPMin:    4 18:16:15       -4.203414*       0.1190
GPMin:    5 18:16:26       -4.230723*       0.0907
GPMin:    6 18:16:35       -4.246722*       0.0736
GPMin:    7 18:16:45       -4.265572*       0.0624
GPMin:    8 18:16:56       -4.288168*       0.0679
GPMin:    9 18:17:07       -4.310623*       0.0722
GPMin:   10 18:17:18       -4.333606*       0.0692
GPMin:   11 18:17:28       -4.358714*       0.0911
GPMin:   12 18:17:39       -4.387443*       0.0982
GPMin:   13 18:17:49       -4.418612*       0.1026
GPMin:   14 18:18:00       -4.452739*       0.1113
GPMin:   15 18:18:10       -4.497325*       0.1302
GPMin:   16 18:18:20       -4.546464*       0.1520
GPMin:   17 18:18:29       -4.597294*       0.1714
GPMin:   18 18:18:39       -4.651851*       0.1852
GPMin:   19 18:18:49       -4.708888*       0.1714
GPMin:   20 18:18:59       -4.748804*       0.1268
GPMin:   21 18:19:09       -4.772188*       0.0597
GPMin:   22 18:19:17       -4.781338*       0.0519
GPMin:   23 18:19:26       -4.787164*       0.0393
GPMin:   24 18:19:35       -4.790727*       0.0387
GPMin:   25 18:19:43       -4.793929*       0.0384
GPMin:   26 18:19:52       -4.795630*       0.0404
GPMin:   27 18:20:01       -4.799874*       0.0554
GPMin:   28 18:20:11       -4.807442*       0.0516
GPMin:   29 18:20:20       -4.818622*       0.0628
GPMin:   30 18:20:30       -4.837244*       0.0652
GPMin:   31 18:20:41       -4.861740*       0.0694
GPMin:   32 18:20:51       -4.886640*       0.0750
GPMin:   33 18:21:01       -4.911160*       0.0684
GPMin:   34 18:21:11       -4.925059*       0.0619
GPMin:   35 18:21:19       -4.930816*       0.0483
GPMin:   36 18:21:28       -4.932237*       0.0262
GPMin:   37 18:21:37       -4.932936*       0.0130
       Step     Time          Energy         fmax
*Force-consistent energies used in optimization.
GPMin:    0 18:21:53       -4.428909*       0.4314
GPMin:    1 18:22:05       -4.647678*       0.2584
GPMin:    2 18:22:16       -4.742999*       0.2054
GPMin:    3 18:22:27       -4.805224*       0.1150
GPMin:    4 18:22:38       -4.837909*       0.0839
GPMin:    5 18:22:48       -4.855498*       0.0739
GPMin:    6 18:22:57       -4.870586*       0.0493
GPMin:    7 18:23:06       -4.878575*       0.0506
GPMin:    8 18:23:15       -4.886593*       0.0324
GPMin:    9 18:23:22       -4.888287*       0.0223
GPMin:   10 18:23:31       -4.889213*       0.0132
       Step     Time          Energy         fmax
*Force-consistent energies used in optimization.
GPMin:    0 18:23:46       -4.746879*       0.2943
GPMin:    1 18:23:58       -4.839531*       0.1318
GPMin:    2 18:24:08       -4.865806*       0.0763
GPMin:    3 18:24:17       -4.880045*       0.0478
GPMin:    4 18:24:26       -4.885869*       0.0320
GPMin:    5 18:24:34       -4.888766*       0.0310
GPMin:    6 18:24:43       -4.889917*       0.0083
       Step     Time          Energy         fmax
*Force-consistent energies used in optimization.
GPMin:    0 18:25:00       -3.919681*       0.3466
GPMin:    1 18:25:12       -4.124366*       0.2158
GPMin:    2 18:25:23       -4.208046*       0.1723
GPMin:    3 18:25:34       -4.298766*       0.1800
GPMin:    4 18:25:45       -4.386574*       0.1774
GPMin:    5 18:25:55       -4.468148*       0.1813
GPMin:    6 18:26:06       -4.543244*       0.1770
GPMin:    7 18:26:17       -4.608598*       0.1584
GPMin:    8 18:26:27       -4.658263*       0.1202
GPMin:    9 18:26:37       -4.690862*       0.0879
GPMin:   10 18:26:45       -4.710513*       0.0821
GPMin:   11 18:26:54       -4.728605*       0.0669
GPMin:   12 18:27:03       -4.747052*       0.0545
GPMin:   13 18:27:12       -4.763229*       0.0491
GPMin:   14 18:27:20       -4.778596*       0.0489
GPMin:   15 18:27:29       -4.790785*       0.0519
GPMin:   16 18:27:38       -4.802367*       0.0507
GPMin:   17 18:27:47       -4.814992*       0.0519
GPMin:   18 18:27:57       -4.830336*       0.0668
GPMin:   19 18:28:07       -4.850374*       0.0714
GPMin:   20 18:28:16       -4.874802*       0.0671
GPMin:   21 18:28:26       -4.899673*       0.0681
GPMin:   22 18:28:36       -4.919280*       0.0539
GPMin:   23 18:28:45       -4.928781*       0.0244
GPMin:   24 18:28:54       -4.930508*       0.0201
GPMin:   25 18:29:00       -4.931043*       0.0176
       Step     Time          Energy         fmax
*Force-consistent energies used in optimization.
GPMin:    0 18:29:18       -4.258856*       0.7424
GPMin:    1 18:29:30       -4.561102*       0.2565
GPMin:    2 18:29:42       -4.641973*       0.1886
GPMin:    3 18:29:53       -4.701222*       0.1439
GPMin:    4 18:30:04       -4.751762*       0.1372
GPMin:    5 18:30:14       -4.784794*       0.1283
GPMin:    6 18:30:25       -4.817652*       0.0913
GPMin:    7 18:30:35       -4.840277*       0.0708
GPMin:    8 18:30:45       -4.859832*       0.0608
GPMin:    9 18:30:55       -4.875956*       0.0428
GPMin:   10 18:31:03       -4.882821*       0.0417
GPMin:   11 18:31:12       -4.887321*       0.0258
GPMin:   12 18:31:20       -4.888661*       0.0236
GPMin:   13 18:31:28       -4.889686*       0.0182
       Step     Time          Energy         fmax
*Force-consistent energies used in optimization.
GPMin:    0 18:31:54       -4.262093*       0.2983
GPMin:    1 18:32:06       -4.391364*       0.1230
GPMin:    2 18:32:18       -4.444324*       0.0821
GPMin:    3 18:32:28       -4.467157*       0.0610
GPMin:    4 18:32:38       -4.476228*       0.0479
GPMin:    5 18:32:47       -4.488551*       0.0333
GPMin:    6 18:32:57       -4.499671*       0.0344
GPMin:    7 18:33:07       -4.511247*       0.0391
GPMin:    8 18:33:16       -4.522959*       0.0437
GPMin:    9 18:33:24       -4.539987*       0.0575
GPMin:   10 18:33:34       -4.565617*       0.0729
GPMin:   11 18:33:44       -4.601155*       0.0827
GPMin:   12 18:33:55       -4.639599*       0.0722
GPMin:   13 18:34:06       -4.671868*       0.0752
GPMin:   14 18:34:16       -4.697395*       0.0750
GPMin:   15 18:34:26       -4.729701*       0.0926
GPMin:   16 18:34:35       -4.768581*       0.0766
GPMin:   17 18:34:45       -4.807697*       0.0756
GPMin:   18 18:34:55       -4.845823*       0.0666
GPMin:   19 18:35:05       -4.878097*       0.0615
GPMin:   20 18:35:14       -4.896083*       0.0672
GPMin:   21 18:35:22       -4.906483*       0.0711
GPMin:   22 18:35:31       -4.921799*       0.0401
GPMin:   23 18:35:40       -4.927612*       0.0481
GPMin:   24 18:35:47       -4.929262*       0.0450
GPMin:   25 18:35:56       -4.932342*       0.0200
GPMin:   26 18:36:03       -4.933096*       0.0090
       Step     Time          Energy         fmax
*Force-consistent energies used in optimization.
GPMin:    0 18:36:23       -4.498461*       0.2941
GPMin:    1 18:36:34       -4.642273*       0.2160
GPMin:    2 18:36:44       -4.736347*       0.1559
GPMin:    3 18:36:55       -4.801201*       0.1225
GPMin:    4 18:37:06       -4.838977*       0.0838
GPMin:    5 18:37:17       -4.861435*       0.0534
GPMin:    6 18:37:25       -4.873710*       0.0474
GPMin:    7 18:37:34       -4.881324*       0.0376
GPMin:    8 18:37:43       -4.886203*       0.0251
GPMin:    9 18:37:51       -4.888737*       0.0185
       Step     Time          Energy         fmax
*Force-consistent energies used in optimization.
GPMin:    0 18:38:16       -3.868072*       0.3484
GPMin:    1 18:38:29       -4.065011*       0.1994
GPMin:    2 18:38:40       -4.134840*       0.1447
GPMin:    3 18:38:51       -4.222200*       0.1728
GPMin:    4 18:39:02       -4.315116*       0.2069
GPMin:    5 18:39:13       -4.410222*       0.2296
GPMin:    6 18:39:24       -4.503851*       0.2229
GPMin:    7 18:39:35       -4.579674*       0.1773
GPMin:    8 18:39:44       -4.628203*       0.1178
GPMin:    9 18:39:54       -4.659881*       0.1069
GPMin:   10 18:40:04       -4.694795*       0.1118
GPMin:   11 18:40:15       -4.729901*       0.0970
GPMin:   12 18:40:26       -4.769729*       0.1010
GPMin:   13 18:40:36       -4.812190*       0.1129
GPMin:   14 18:40:46       -4.847047*       0.1046
GPMin:   15 18:40:56       -4.874030*       0.0968
GPMin:   16 18:41:06       -4.896920*       0.0757
GPMin:   17 18:41:16       -4.911131*       0.0475
GPMin:   18 18:41:25       -4.916059*       0.0516
GPMin:   19 18:41:34       -4.922263*       0.0400
GPMin:   20 18:41:42       -4.924630*       0.0300
GPMin:   21 18:41:50       -4.925936*       0.0285
GPMin:   22 18:41:59       -4.928342*       0.0253
GPMin:   23 18:42:05       -4.929073*       0.0216
GPMin:   24 18:42:14       -4.930040*       0.0160
       Step     Time          Energy         fmax
*Force-consistent energies used in optimization.
GPMin:    0 18:42:39       -4.143274*       0.4796
GPMin:    1 18:42:53       -4.360026*       0.1918
GPMin:    2 18:43:06       -4.408877*       0.0764
GPMin:    3 18:43:17       -4.427172*       0.0684
GPMin:    4 18:43:26       -4.442842*       0.0405
GPMin:    5 18:43:35       -4.447711*       0.0334
GPMin:    6 18:43:44       -4.453621*       0.0255
GPMin:    7 18:43:54       -4.458278*       0.0177
       Step     Time          Energy         fmax
*Force-consistent energies used in optimization.
GPMin:    0 18:44:23       -3.612414*       0.4484
GPMin:    1 18:44:39       -3.846306*       0.3073
GPMin:    2 18:44:51       -3.969989*       0.3282
GPMin:    3 18:45:02       -4.099434*       0.2642
GPMin:    4 18:45:13       -4.167275*       0.0882
GPMin:    5 18:45:24       -4.172611*       0.0159
       Step     Time          Energy         fmax
*Force-consistent energies used in optimization.
GPMin:    0 18:45:40       -4.428977*       0.1187
GPMin:    1 18:45:52       -4.438868*       0.1942
GPMin:    2 18:46:04       -4.468530*       0.1991
GPMin:    3 18:46:15       -4.501103*       0.1103
GPMin:    4 18:46:25       -4.544043*       0.1090
GPMin:    5 18:46:36       -4.601854*       0.1107
GPMin:    6 18:46:45       -4.670272*       0.1278
GPMin:    7 18:46:55       -4.739214*       0.1257
GPMin:    8 18:47:06       -4.790800*       0.1000
GPMin:    9 18:47:15       -4.822725*       0.0923
GPMin:   10 18:47:25       -4.853038*       0.0735
GPMin:   11 18:47:34       -4.876447*       0.0689
GPMin:   12 18:47:42       -4.892639*       0.0647
GPMin:   13 18:47:51       -4.908239*       0.0580
GPMin:   14 18:47:59       -4.921002*       0.0360
GPMin:   15 18:48:08       -4.927228*       0.0447
GPMin:   16 18:48:14       -4.930209*       0.0318
GPMin:   17 18:48:21       -4.932052*       0.0132
       Step     Time          Energy         fmax
*Force-consistent energies used in optimization.
GPMin:    0 18:48:37       -4.289127*       0.2317
GPMin:    1 18:48:48       -4.433671*       0.2724
GPMin:    2 18:48:59       -4.572481*       0.2767
GPMin:    3 18:49:10       -4.699997*       0.2205
GPMin:    4 18:49:20       -4.787226*       0.1340
GPMin:    5 18:49:31       -4.819601*       0.0821
GPMin:    6 18:49:41       -4.833059*       0.0887
GPMin:    7 18:49:51       -4.847735*       0.0564
GPMin:    8 18:50:00       -4.865221*       0.0691
GPMin:    9 18:50:11       -4.879794*       0.0378
GPMin:   10 18:50:21       -4.885207*       0.0433
GPMin:   11 18:50:29       -4.887072*       0.0261
GPMin:   12 18:50:37       -4.887934*       0.0312
GPMin:   13 18:50:44       -4.889737*       0.0138
       Step     Time          Energy         fmax
*Force-consistent energies used in optimization.
GPMin:    0 18:51:02       -3.922985*       0.5372
GPMin:    1 18:51:15       -4.105167*       0.2163
GPMin:    2 18:51:27       -4.179199*       0.2327
GPMin:    3 18:51:38       -4.280910*       0.2367
GPMin:    4 18:51:49       -4.372552*       0.1927
GPMin:    5 18:52:00       -4.428726*       0.0782
GPMin:    6 18:52:08       -4.439680*       0.0592
GPMin:    7 18:52:18       -4.451499*       0.0664
GPMin:    8 18:52:27       -4.468743*       0.0685
GPMin:    9 18:52:37       -4.495577*       0.0723
GPMin:   10 18:52:47       -4.532447*       0.1051
GPMin:   11 18:52:56       -4.583083*       0.1340
GPMin:   12 18:53:06       -4.647895*       0.1508
GPMin:   13 18:53:16       -4.719070*       0.1490
GPMin:   14 18:53:26       -4.776040*       0.1098
GPMin:   15 18:53:37       -4.804086*       0.0941
GPMin:   16 18:53:48       -4.817455*       0.1326
GPMin:   17 18:53:56       -4.839981*       0.1086
GPMin:   18 18:54:05       -4.857008*       0.0713
GPMin:   19 18:54:13       -4.869714*       0.0743
GPMin:   20 18:54:22       -4.884967*       0.0654
GPMin:   21 18:54:30       -4.900028*       0.0659
GPMin:   22 18:54:39       -4.910611*       0.0662
GPMin:   23 18:54:47       -4.917189*       0.0478
GPMin:   24 18:54:56       -4.922116*       0.0438
GPMin:   25 18:55:04       -4.926171*       0.0463
GPMin:   26 18:55:13       -4.929246*       0.0220
GPMin:   27 18:55:22       -4.930457*       0.0214
GPMin:   28 18:55:30       -4.931252*       0.0167
       Step     Time          Energy         fmax
*Force-consistent energies used in optimization.
GPMin:    0 18:55:46       -4.057051*       0.3586
GPMin:    1 18:55:58       -4.248769*       0.2169
GPMin:    2 18:56:10       -4.341429*       0.1786
GPMin:    3 18:56:21       -4.427983*       0.1660
GPMin:    4 18:56:31       -4.514098*       0.1658
GPMin:    5 18:56:42       -4.595338*       0.1335
GPMin:    6 18:56:53       -4.652694*       0.1056
GPMin:    7 18:57:02       -4.684797*       0.1138
GPMin:    8 18:57:13       -4.717489*       0.1194
GPMin:    9 18:57:24       -4.754029*       0.1087
GPMin:   10 18:57:34       -4.786069*       0.0820
GPMin:   11 18:57:42       -4.812405*       0.0814
GPMin:   12 18:57:50       -4.839144*       0.0780
GPMin:   13 18:57:59       -4.868192*       0.0649
GPMin:   14 18:58:09       -4.889269*       0.0557
GPMin:   15 18:58:17       -4.905041*       0.0699
GPMin:   16 18:58:25       -4.917943*       0.0450
GPMin:   17 18:58:34       -4.923387*       0.0424
GPMin:   18 18:58:41       -4.926447*       0.0434
GPMin:   19 18:58:50       -4.930885*       0.0313
GPMin:   20 18:58:58       -4.932375*       0.0177
       Step     Time          Energy         fmax
*Force-consistent energies used in optimization.
GPMin:    0 18:59:14       -4.119723*       0.3767
GPMin:    1 18:59:26       -4.279183*       0.2301
GPMin:    2 18:59:37       -4.390531*       0.2311
GPMin:    3 18:59:48       -4.494026*       0.1754
GPMin:    4 18:59:59       -4.559547*       0.1328
GPMin:    5 19:00:08       -4.602232*       0.1437
GPMin:    6 19:00:19       -4.663460*       0.1536
GPMin:    7 19:00:30       -4.729277*       0.1510
GPMin:    8 19:00:40       -4.787676*       0.1259
GPMin:    9 19:00:49       -4.824785*       0.0911
GPMin:   10 19:00:59       -4.846830*       0.0865
GPMin:   11 19:01:09       -4.865403*       0.0884
GPMin:   12 19:01:17       -4.884688*       0.0705
GPMin:   13 19:01:26       -4.900007*       0.0515
GPMin:   14 19:01:34       -4.910732*       0.0552
GPMin:   15 19:01:43       -4.919442*       0.0515
GPMin:   16 19:01:51       -4.927640*       0.0345
GPMin:   17 19:01:58       -4.930816*       0.0230
GPMin:   18 19:02:06       -4.931767*       0.0244
GPMin:   19 19:02:14       -4.932935*       0.0247
GPMin:   20 19:02:22       -4.933589*       0.0136
       Step     Time          Energy         fmax
*Force-consistent energies used in optimization.
GPMin:    0 19:02:40       -4.295416*       0.1731
GPMin:    1 19:02:53       -4.352294*       0.1678
GPMin:    2 19:03:05       -4.387238*       0.1969
GPMin:    3 19:03:15       -4.430438*       0.1430
GPMin:    4 19:03:26       -4.480539*       0.1399
GPMin:    5 19:03:36       -4.537733*       0.1569
GPMin:    6 19:03:45       -4.604131*       0.1774
GPMin:    7 19:03:55       -4.675274*       0.1783
GPMin:    8 19:04:04       -4.735065*       0.1375
GPMin:    9 19:04:14       -4.767452*       0.0705
GPMin:   10 19:04:23       -4.779568*       0.0483
GPMin:   11 19:04:31       -4.787260*       0.0421
GPMin:   12 19:04:39       -4.791540*       0.0361
GPMin:   13 19:04:48       -4.795252*       0.0319
GPMin:   14 19:04:56       -4.799679*       0.0486
GPMin:   15 19:05:06       -4.809944*       0.0502
GPMin:   16 19:05:16       -4.828070*       0.0610
GPMin:   17 19:05:25       -4.851462*       0.0710
GPMin:   18 19:05:35       -4.882575*       0.0817
GPMin:   19 19:05:45       -4.911309*       0.0689
GPMin:   20 19:05:54       -4.928490*       0.0560
GPMin:   21 19:06:03       -4.932127*       0.0305
GPMin:   22 19:06:10       -4.933083*       0.0174
       Step     Time          Energy         fmax
*Force-consistent energies used in optimization.
GPMin:    0 19:06:27       -4.105109*       0.3812
GPMin:    1 19:06:39       -4.320995*       0.2632
GPMin:    2 19:06:51       -4.419708*       0.1929
GPMin:    3 19:07:03       -4.484019*       0.1939
GPMin:    4 19:07:14       -4.547945*       0.1819
GPMin:    5 19:07:24       -4.597172*       0.1481
GPMin:    6 19:07:35       -4.640739*       0.1293
GPMin:    7 19:07:46       -4.693365*       0.1280
GPMin:    8 19:07:56       -4.740291*       0.1196
GPMin:    9 19:08:05       -4.773901*       0.1064
GPMin:   10 19:08:15       -4.799132*       0.0927
GPMin:   11 19:08:25       -4.826765*       0.0807
GPMin:   12 19:08:34       -4.854676*       0.0741
GPMin:   13 19:08:44       -4.876514*       0.0653
GPMin:   14 19:08:53       -4.894155*       0.0585
GPMin:   15 19:09:01       -4.909173*       0.0534
GPMin:   16 19:09:10       -4.920053*       0.0507
GPMin:   17 19:09:18       -4.926188*       0.0433
GPMin:   18 19:09:27       -4.929852*       0.0318
GPMin:   19 19:09:35       -4.932444*       0.0314
GPMin:   20 19:09:44       -4.933521*       0.0168
       Step     Time          Energy         fmax
*Force-consistent energies used in optimization.
GPMin:    0 19:10:00       -4.469110*       0.1939
GPMin:    1 19:10:11       -4.553470*       0.1844
GPMin:    2 19:10:22       -4.610260*       0.1401
GPMin:    3 19:10:32       -4.684444*       0.1501
GPMin:    4 19:10:41       -4.744950*       0.1363
GPMin:    5 19:10:52       -4.787754*       0.0916
GPMin:    6 19:11:02       -4.810292*       0.0794
GPMin:    7 19:11:11       -4.832252*       0.0895
GPMin:    8 19:11:21       -4.858826*       0.0771
GPMin:    9 19:11:31       -4.886613*       0.0744
GPMin:   10 19:11:40       -4.913524*       0.0529
GPMin:   11 19:11:50       -4.927118*       0.0342
GPMin:   12 19:11:58       -4.930145*       0.0256
GPMin:   13 19:12:06       -4.931543*       0.0178
       Step     Time          Energy         fmax
*Force-consistent energies used in optimization.
GPMin:    0 19:12:22       -4.093474*       0.1999
GPMin:    1 19:12:34       -4.190464*       0.2406
GPMin:    2 19:12:46       -4.303536*       0.2520
GPMin:    3 19:12:56       -4.395854*       0.1976
GPMin:    4 19:13:07       -4.441646*       0.0642
GPMin:    5 19:13:16       -4.450131*       0.0775
GPMin:    6 19:13:25       -4.470615*       0.0868
GPMin:    7 19:13:35       -4.502646*       0.0860
GPMin:    8 19:13:45       -4.545439*       0.1047
GPMin:    9 19:13:54       -4.605086*       0.1388
GPMin:   10 19:14:04       -4.674830*       0.1538
GPMin:   11 19:14:15       -4.742911*       0.1404
GPMin:   12 19:14:25       -4.797209*       0.1061
GPMin:   13 19:14:35       -4.835032*       0.1040
GPMin:   14 19:14:45       -4.866855*       0.1085
GPMin:   15 19:14:54       -4.891784*       0.0626
GPMin:   16 19:15:03       -4.906175*       0.0545
GPMin:   17 19:15:11       -4.913840*       0.0445
GPMin:   18 19:15:20       -4.919291*       0.0552
GPMin:   19 19:15:28       -4.925063*       0.0474
GPMin:   20 19:15:36       -4.929923*       0.0259
GPMin:   21 19:15:42       -4.932038*       0.0206
GPMin:   22 19:15:51       -4.933216*       0.0149
       Step     Time          Energy         fmax
*Force-consistent energies used in optimization.
GPMin:    0 19:16:09       -4.033095*       0.3560
GPMin:    1 19:16:19       -4.112849*       0.1434
GPMin:    2 19:16:31       -4.124540*       0.1144
GPMin:    3 19:16:43       -4.144301*       0.0876
GPMin:    4 19:16:54       -4.174170*       0.0946
GPMin:    5 19:17:03       -4.213578*       0.1261
GPMin:    6 19:17:14       -4.262283*       0.1642
GPMin:    7 19:17:25       -4.331133*       0.2059
GPMin:    8 19:17:36       -4.418178*       0.2508
GPMin:    9 19:17:47       -4.522551*       0.2906
GPMin:   10 19:17:58       -4.638532*       0.3005
GPMin:   11 19:18:09       -4.746838*       0.2469
GPMin:   12 19:18:21       -4.811222*       0.1264
GPMin:   13 19:18:31       -4.828237*       0.1449
GPMin:   14 19:18:42       -4.855664*       0.1246
GPMin:   15 19:18:52       -4.869254*       0.1052
GPMin:   16 19:19:03       -4.885367*       0.0727
GPMin:   17 19:19:12       -4.893827*       0.0590
GPMin:   18 19:19:21       -4.904676*       0.0615
GPMin:   19 19:19:29       -4.913704*       0.0517
GPMin:   20 19:19:38       -4.921277*       0.0364
GPMin:   21 19:19:47       -4.926535*       0.0328
GPMin:   22 19:19:55       -4.929893*       0.0293
GPMin:   23 19:20:04       -4.931900*       0.0174
       Step     Time          Energy         fmax
*Force-consistent energies used in optimization.
GPMin:    0 19:20:18       -4.214924*       0.3633
GPMin:    1 19:20:30       -4.367919*       0.2683
GPMin:    2 19:20:41       -4.469729*       0.2800
GPMin:    3 19:20:53       -4.581450*       0.2414
GPMin:    4 19:21:04       -4.657626*       0.1219
GPMin:    5 19:21:13       -4.682944*       0.0750
GPMin:    6 19:21:23       -4.699225*       0.0733
GPMin:    7 19:21:33       -4.718126*       0.0746
GPMin:    8 19:21:42       -4.743452*       0.0730
GPMin:    9 19:21:52       -4.774719*       0.0903
GPMin:   10 19:22:02       -4.811006*       0.0797
GPMin:   11 19:22:11       -4.847234*       0.0664
GPMin:   12 19:22:21       -4.875870*       0.0625
GPMin:   13 19:22:31       -4.897317*       0.0560
GPMin:   14 19:22:39       -4.908418*       0.0591
GPMin:   15 19:22:48       -4.915125*       0.0560
GPMin:   16 19:22:56       -4.921732*       0.0434
GPMin:   17 19:23:05       -4.927487*       0.0451
GPMin:   18 19:23:13       -4.930978*       0.0353
GPMin:   19 19:23:22       -4.932553*       0.0217
GPMin:   20 19:23:30       -4.933308*       0.0142
       Step     Time          Energy         fmax
*Force-consistent energies used in optimization.
GPMin:    0 19:23:45       -4.381085*       0.3269
GPMin:    1 19:23:57       -4.528709*       0.2767
GPMin:    2 19:24:08       -4.635391*       0.2016
GPMin:    3 19:24:19       -4.696909*       0.0856
GPMin:    4 19:24:28       -4.715284*       0.0558
GPMin:    5 19:24:38       -4.727848*       0.0513
GPMin:    6 19:24:47       -4.742316*       0.0452
GPMin:    7 19:24:55       -4.755148*       0.0473
GPMin:    8 19:25:04       -4.768376*       0.0364
GPMin:    9 19:25:12       -4.776537*       0.0376
GPMin:   10 19:25:21       -4.783625*       0.0276
GPMin:   11 19:25:29       -4.786488*       0.0201
GPMin:   12 19:25:38       -4.787407*       0.0179
       Step     Time          Energy         fmax
*Force-consistent energies used in optimization.
GPMin:    0 19:25:54       -4.202601*       0.6415
GPMin:    1 19:26:06       -4.392462*       0.2443
GPMin:    2 19:26:17       -4.480633*       0.2519
GPMin:    3 19:26:27       -4.584934*       0.2306
GPMin:    4 19:26:38       -4.667966*       0.1811
GPMin:    5 19:26:49       -4.715457*       0.0970
GPMin:    6 19:26:59       -4.731662*       0.0744
GPMin:    7 19:27:08       -4.748343*       0.0689
GPMin:    8 19:27:16       -4.763344*       0.0618
GPMin:    9 19:27:25       -4.773369*       0.0461
GPMin:   10 19:27:33       -4.780128*       0.0330
GPMin:   11 19:27:42       -4.785782*       0.0238
GPMin:   12 19:27:51       -4.788346*       0.0178
       Step     Time          Energy         fmax
*Force-consistent energies used in optimization.
GPMin:    0 19:28:21       -3.909277*       0.6892
GPMin:    1 19:28:35       -4.152039*       0.3060
GPMin:    2 19:28:48       -4.275371*       0.2708
GPMin:    3 19:29:00       -4.368485*       0.1825
GPMin:    4 19:29:11       -4.425628*       0.1901
GPMin:    5 19:29:22       -4.510629*       0.1900
GPMin:    6 19:29:33       -4.586156*       0.1644
GPMin:    7 19:29:44       -4.639911*       0.1275
GPMin:    8 19:29:54       -4.670614*       0.1096
GPMin:    9 19:30:04       -4.696628*       0.1165
GPMin:   10 19:30:13       -4.724980*       0.0880
GPMin:   11 19:30:22       -4.749016*       0.0659
GPMin:   12 19:30:31       -4.768072*       0.0668
GPMin:   13 19:30:39       -4.782992*       0.0625
GPMin:   14 19:30:48       -4.794478*       0.0494
GPMin:   15 19:30:57       -4.803215*       0.0376
GPMin:   16 19:31:05       -4.809748*       0.0362
GPMin:   17 19:31:14       -4.814379*       0.0294
GPMin:   18 19:31:23       -4.818260*       0.0371
GPMin:   19 19:31:33       -4.825439*       0.0440
GPMin:   20 19:31:43       -4.834701*       0.0491
GPMin:   21 19:31:52       -4.846948*       0.0592
GPMin:   22 19:32:02       -4.861277*       0.0566
GPMin:   23 19:32:12       -4.873105*       0.0485
GPMin:   24 19:32:21       -4.878029*       0.0527
GPMin:   25 19:32:29       -4.880831*       0.0438
GPMin:   26 19:32:38       -4.884074*       0.0322
GPMin:   27 19:32:47       -4.887269*       0.0239
GPMin:   28 19:32:56       -4.888866*       0.0173
       Step     Time          Energy         fmax
*Force-consistent energies used in optimization.
GPMin:    0 19:33:17       -4.198405*       0.5075
GPMin:    1 19:33:31       -4.429786*       0.3075
GPMin:    2 19:33:43       -4.508350*       0.1858
GPMin:    3 19:33:54       -4.556780*       0.1703
GPMin:    4 19:34:05       -4.613683*       0.1151
GPMin:    5 19:34:15       -4.655510*       0.0916
GPMin:    6 19:34:26       -4.684584*       0.0641
GPMin:    7 19:34:37       -4.700947*       0.0664
GPMin:    8 19:34:47       -4.721215*       0.0876
GPMin:    9 19:34:57       -4.748254*       0.1060
GPMin:   10 19:35:07       -4.784454*       0.1028
GPMin:   11 19:35:17       -4.818299*       0.0665
GPMin:   12 19:35:25       -4.839633*       0.0744
GPMin:   13 19:35:34       -4.856756*       0.0746
GPMin:   14 19:35:44       -4.869400*       0.0598
GPMin:   15 19:35:54       -4.879080*       0.0500
GPMin:   16 19:36:03       -4.884523*       0.0321
GPMin:   17 19:36:12       -4.886166*       0.0226
GPMin:   18 19:36:20       -4.887785*       0.0246
GPMin:   19 19:36:28       -4.888887*       0.0170
       Step     Time          Energy         fmax
*Force-consistent energies used in optimization.
GPMin:    0 19:36:54       -4.418644*       0.1372
GPMin:    1 19:37:06       -4.443429*       0.1082
GPMin:    2 19:37:17       -4.461525*       0.1208
GPMin:    3 19:37:28       -4.480951*       0.1006
GPMin:    4 19:37:38       -4.516424*       0.0807
GPMin:    5 19:37:49       -4.564943*       0.1079
GPMin:    6 19:37:58       -4.630730*       0.1350
GPMin:    7 19:38:08       -4.702298*       0.1452
GPMin:    8 19:38:19       -4.768090*       0.1260
GPMin:    9 19:38:30       -4.815490*       0.0925
GPMin:   10 19:38:40       -4.849398*       0.0984
GPMin:   11 19:38:49       -4.879112*       0.0774
GPMin:   12 19:38:58       -4.901636*       0.0505
GPMin:   13 19:39:07       -4.913151*       0.0461
GPMin:   14 19:39:15       -4.921087*       0.0566
GPMin:   15 19:39:24       -4.927277*       0.0420
GPMin:   16 19:39:33       -4.930654*       0.0237
GPMin:   17 19:39:41       -4.932625*       0.0177
       Step     Time          Energy         fmax
*Force-consistent energies used in optimization.
GPMin:    0 19:40:04       -4.469110*       0.1939
GPMin:    1 19:40:16       -4.553450*       0.1844
GPMin:    2 19:40:27       -4.610253*       0.1402
GPMin:    3 19:40:37       -4.684432*       0.1501
GPMin:    4 19:40:46       -4.744942*       0.1363
GPMin:    5 19:40:57       -4.787752*       0.0916
GPMin:    6 19:41:07       -4.810297*       0.0794
GPMin:    7 19:41:17       -4.832256*       0.0895
GPMin:    8 19:41:27       -4.858823*       0.0771
GPMin:    9 19:41:36       -4.886606*       0.0744
GPMin:   10 19:41:46       -4.913514*       0.0529
GPMin:   11 19:41:56       -4.927115*       0.0341
GPMin:   12 19:42:05       -4.930144*       0.0256
GPMin:   13 19:42:12       -4.931542*       0.0178
       Step     Time          Energy         fmax
*Force-consistent energies used in optimization.
GPMin:    0 19:42:39       -3.871962*       0.4989
GPMin:    1 19:42:50       -4.104325*       0.2413
GPMin:    2 19:43:00       -4.222575*       0.1869
GPMin:    3 19:43:11       -4.319220*       0.1791
GPMin:    4 19:43:22       -4.410888*       0.1494
GPMin:    5 19:43:32       -4.460358*       0.0609
GPMin:    6 19:43:40       -4.467988*       0.0332
GPMin:    7 19:43:47       -4.469477*       0.0222
GPMin:    8 19:43:54       -4.470546*       0.0134
       Step     Time          Energy         fmax
*Force-consistent energies used in optimization.
GPMin:    0 19:44:09       -3.987523*       0.3316
GPMin:    1 19:44:21       -4.146124*       0.2392
GPMin:    2 19:44:31       -4.236760*       0.2487
GPMin:    3 19:44:41       -4.352673*       0.2532
GPMin:    4 19:44:51       -4.452636*       0.1807
GPMin:    5 19:45:01       -4.492500*       0.0540
GPMin:    6 19:45:09       -4.496970*       0.0467
GPMin:    7 19:45:19       -4.509298*       0.0491
GPMin:    8 19:45:28       -4.528198*       0.0804
GPMin:    9 19:45:37       -4.559539*       0.1166
GPMin:   10 19:45:46       -4.603303*       0.1558
GPMin:   11 19:45:55       -4.657373*       0.1822
GPMin:   12 19:46:04       -4.705546*       0.1714
GPMin:   13 19:46:13       -4.740651*       0.1264
GPMin:   14 19:46:23       -4.771123*       0.1081
GPMin:   15 19:46:31       -4.807562*       0.1251
GPMin:   16 19:46:39       -4.843059*       0.0755
GPMin:   17 19:46:47       -4.868150*       0.0654
GPMin:   18 19:46:55       -4.879171*       0.0460
GPMin:   19 19:47:03       -4.883309*       0.0439
GPMin:   20 19:47:11       -4.886894*       0.0349
GPMin:   21 19:47:19       -4.888712*       0.0246
GPMin:   22 19:47:25       -4.889216*       0.0143
       Step     Time          Energy         fmax
*Force-consistent energies used in optimization.
GPMin:    0 19:47:40       -4.132726*       0.2316
GPMin:    1 19:47:50       -4.271023*       0.2343
GPMin:    2 19:48:00       -4.365327*       0.2483
GPMin:    3 19:48:10       -4.464391*       0.2056
GPMin:    4 19:48:20       -4.516999*       0.1032
GPMin:    5 19:48:29       -4.541909*       0.1213
GPMin:    6 19:48:38       -4.606711*       0.1309
GPMin:    7 19:48:48       -4.684056*       0.1561
GPMin:    8 19:48:56       -4.764681*       0.1746
GPMin:    9 19:49:05       -4.831687*       0.1578
GPMin:   10 19:49:14       -4.869841*       0.1055
GPMin:   11 19:49:23       -4.883230*       0.0750
GPMin:   12 19:49:31       -4.891951*       0.0925
GPMin:   13 19:49:39       -4.906350*       0.0568
GPMin:   14 19:49:47       -4.915558*       0.0367
GPMin:   15 19:49:55       -4.920897*       0.0431
GPMin:   16 19:50:02       -4.926347*       0.0409
GPMin:   17 19:50:09       -4.930573*       0.0332
GPMin:   18 19:50:17       -4.932432*       0.0170
       Step     Time          Energy         fmax
*Force-consistent energies used in optimization.
GPMin:    0 19:50:31       -4.392719*       0.3276
GPMin:    1 19:50:41       -4.451363*       0.1189
GPMin:    2 19:50:51       -4.451794*       0.1167
GPMin:    3 19:51:00       -4.464840*       0.0288
GPMin:    4 19:51:08       -4.465465*       0.0192
       Step     Time          Energy         fmax
*Force-consistent energies used in optimization.
GPMin:    0 19:51:23       -4.573988*       0.6273
GPMin:    1 19:51:34       -4.723474*       0.1749
GPMin:    2 19:51:45       -4.764137*       0.1002
GPMin:    3 19:51:54       -4.779391*       0.0466
GPMin:    4 19:52:03       -4.782701*       0.0459
GPMin:    5 19:52:12       -4.787256*       0.0409
GPMin:    6 19:52:20       -4.791061*       0.0248
GPMin:    7 19:52:27       -4.792953*       0.0183
       Step     Time          Energy         fmax
*Force-consistent energies used in optimization.
GPMin:    0 19:52:43       -3.980360*       0.6021
GPMin:    1 19:52:55       -4.196439*       0.1201
GPMin:    2 19:53:09       -4.238829*       0.1542
GPMin:    3 19:53:21       -4.303243*       0.1469
GPMin:    4 19:53:31       -4.363222*       0.0786
GPMin:    5 19:53:40       -4.392953*       0.0655
GPMin:    6 19:53:49       -4.415231*       0.0500
GPMin:    7 19:53:58       -4.430379*       0.0318
GPMin:    8 19:54:07       -4.440485*       0.0261
GPMin:    9 19:54:16       -4.447424*       0.0273
GPMin:   10 19:54:24       -4.452326*       0.0274
GPMin:   11 19:54:32       -4.456340*       0.0166
       Step     Time          Energy         fmax
*Force-consistent energies used in optimization.
GPMin:    0 19:54:46       -4.346950*       0.2624
GPMin:    1 19:54:57       -4.454715*       0.2369
GPMin:    2 19:55:07       -4.532735*       0.1169
GPMin:    3 19:55:16       -4.555557*       0.0922
GPMin:    4 19:55:25       -4.594430*       0.1038
GPMin:    5 19:55:34       -4.647242*       0.1222
GPMin:    6 19:55:43       -4.699440*       0.1197
GPMin:    7 19:55:53       -4.744650*       0.0869
GPMin:    8 19:56:03       -4.782811*       0.1021
GPMin:    9 19:56:14       -4.823248*       0.1014
GPMin:   10 19:56:23       -4.860910*       0.0630
GPMin:   11 19:56:32       -4.886630*       0.0610
GPMin:   12 19:56:40       -4.902915*       0.0558
GPMin:   13 19:56:49       -4.915844*       0.0348
GPMin:   14 19:56:57       -4.919777*       0.0451
GPMin:   15 19:57:05       -4.927178*       0.0288
GPMin:   16 19:57:13       -4.929841*       0.0259
GPMin:   17 19:57:20       -4.931653*       0.0108
       Step     Time          Energy         fmax
*Force-consistent energies used in optimization.
GPMin:    0 19:57:36       -4.167246*       0.1964
GPMin:    1 19:57:48       -4.219682*       0.1790
GPMin:    2 19:57:58       -4.283097*       0.1428
GPMin:    3 19:58:08       -4.350959*       0.1593
GPMin:    4 19:58:18       -4.419025*       0.1491
GPMin:    5 19:58:28       -4.462791*       0.0579
GPMin:    6 19:58:36       -4.467636*       0.0267
GPMin:    7 19:58:45       -4.469317*       0.0232
GPMin:    8 19:58:54       -4.471498*       0.0176
       Step     Time          Energy         fmax
*Force-consistent energies used in optimization.
GPMin:    0 19:59:09       -4.333858*       0.5383
GPMin:    1 19:59:20       -4.516183*       0.1620
GPMin:    2 19:59:31       -4.540080*       0.1391
GPMin:    3 19:59:40       -4.589028*       0.1359
GPMin:    4 19:59:49       -4.651955*       0.1270
GPMin:    5 19:59:58       -4.715150*       0.1371
GPMin:    6 20:00:07       -4.765039*       0.1041
GPMin:    7 20:00:16       -4.795605*       0.0946
GPMin:    8 20:00:25       -4.821277*       0.1171
GPMin:    9 20:00:34       -4.852849*       0.0870
GPMin:   10 20:00:44       -4.879529*       0.0730
GPMin:   11 20:00:53       -4.901179*       0.0629
GPMin:   12 20:01:01       -4.916863*       0.0375
GPMin:   13 20:01:09       -4.922329*       0.0347
GPMin:   14 20:01:16       -4.925416*       0.0396
GPMin:   15 20:01:24       -4.929805*       0.0252
GPMin:   16 20:01:31       -4.932391*       0.0217
GPMin:   17 20:01:39       -4.933330*       0.0178
       Step     Time          Energy         fmax
*Force-consistent energies used in optimization.
GPMin:    0 20:01:50       -4.443346*       0.1133
GPMin:    1 20:02:00       -4.465051*       0.1279
GPMin:    2 20:02:11       -4.476583*       0.1559
GPMin:    3 20:02:20       -4.558186*       0.1142
GPMin:    4 20:02:29       -4.635619*       0.1492
GPMin:    5 20:02:37       -4.731582*       0.1764
GPMin:    6 20:02:46       -4.825568*       0.1747
GPMin:    7 20:02:55       -4.896805*       0.1253
GPMin:    8 20:03:03       -4.920225*       0.0499
GPMin:    9 20:03:11       -4.922625*       0.0437
GPMin:   10 20:03:19       -4.926690*       0.0264
GPMin:   11 20:03:26       -4.928652*       0.0196
       Step     Time          Energy         fmax
*Force-consistent energies used in optimization.
GPMin:    0 20:03:42       -4.009988*       0.2061
GPMin:    1 20:03:52       -4.077824*       0.2022
GPMin:    2 20:04:03       -4.165292*       0.1828
GPMin:    3 20:04:13       -4.245202*       0.1655
GPMin:    4 20:04:23       -4.310062*       0.1427
GPMin:    5 20:04:33       -4.364188*       0.1554
GPMin:    6 20:04:43       -4.423103*       0.1517
GPMin:    7 20:04:53       -4.474800*       0.1175
GPMin:    8 20:05:03       -4.513292*       0.1169
GPMin:    9 20:05:14       -4.570059*       0.1406
GPMin:   10 20:05:24       -4.640179*       0.1529
GPMin:   11 20:05:34       -4.709496*       0.1341
GPMin:   12 20:05:43       -4.764708*       0.0958
GPMin:   13 20:05:52       -4.789067*       0.0593
GPMin:   14 20:06:00       -4.794270*       0.0506
GPMin:   15 20:06:09       -4.799654*       0.0435
GPMin:   16 20:06:17       -4.805117*       0.0423
GPMin:   17 20:06:25       -4.810609*       0.0499
GPMin:   18 20:06:33       -4.817239*       0.0445
GPMin:   19 20:06:41       -4.822662*       0.0508
GPMin:   20 20:06:50       -4.831072*       0.0434
GPMin:   21 20:06:59       -4.841559*       0.0593
GPMin:   22 20:07:09       -4.856433*       0.0573
GPMin:   23 20:07:18       -4.868652*       0.0419
GPMin:   24 20:07:28       -4.875123*       0.0420
GPMin:   25 20:07:36       -4.878145*       0.0409
GPMin:   26 20:07:44       -4.882774*       0.0387
GPMin:   27 20:07:52       -4.887562*       0.0226
GPMin:   28 20:08:00       -4.889281*       0.0153
       Step     Time          Energy         fmax
*Force-consistent energies used in optimization.
GPMin:    0 20:08:16       -4.073687*       0.7562
GPMin:    1 20:08:29       -4.308642*       0.3568
GPMin:    2 20:08:40       -4.414030*       0.2740
GPMin:    3 20:08:50       -4.505646*       0.2170
GPMin:    4 20:09:00       -4.575567*       0.1967
GPMin:    5 20:09:10       -4.649149*       0.1781
GPMin:    6 20:09:20       -4.714278*       0.1438
GPMin:    7 20:09:30       -4.753459*       0.0903
GPMin:    8 20:09:39       -4.767879*       0.0657
GPMin:    9 20:09:47       -4.776544*       0.0714
GPMin:   10 20:09:55       -4.787113*       0.0516
GPMin:   11 20:10:03       -4.793683*       0.0337
GPMin:   12 20:10:11       -4.796992*       0.0255
GPMin:   13 20:10:19       -4.799582*       0.0236
GPMin:   14 20:10:27       -4.801178*       0.0244
GPMin:   15 20:10:34       -4.802724*       0.0243
GPMin:   16 20:10:42       -4.804339*       0.0186
       Step     Time          Energy         fmax
*Force-consistent energies used in optimization.
GPMin:    0 20:10:57       -4.477932*       0.0790
GPMin:    1 20:11:18       -4.512273*       0.0835
GPMin:    2 20:11:28       -4.562582*       0.1342
GPMin:    3 20:11:39       -4.631365*       0.1300
GPMin:    4 20:11:48       -4.697926*       0.1322
GPMin:    5 20:11:58       -4.754262*       0.0971
GPMin:    6 20:12:07       -4.787604*       0.0829
GPMin:    7 20:12:16       -4.810649*       0.1046
GPMin:    8 20:12:25       -4.839443*       0.0958
GPMin:    9 20:12:34       -4.867838*       0.0701
GPMin:   10 20:12:43       -4.896027*       0.0724
GPMin:   11 20:12:52       -4.918027*       0.0466
GPMin:   12 20:13:00       -4.928225*       0.0231
GPMin:   13 20:13:08       -4.929910*       0.0249
GPMin:   14 20:13:15       -4.931231*       0.0182
       Step     Time          Energy         fmax
*Force-consistent energies used in optimization.
GPMin:    0 20:13:29       -4.217159*       0.2468
GPMin:    1 20:13:39       -4.366095*       0.2363
GPMin:    2 20:13:49       -4.465867*       0.2210
GPMin:    3 20:13:59       -4.550244*       0.1329
GPMin:    4 20:14:10       -4.582645*       0.1049
GPMin:    5 20:14:19       -4.618953*       0.1246
GPMin:    6 20:14:29       -4.671989*       0.1369
GPMin:    7 20:14:39       -4.729379*       0.1303
GPMin:    8 20:14:48       -4.773863*       0.0959
GPMin:    9 20:14:57       -4.802681*       0.1058
GPMin:   10 20:15:07       -4.833253*       0.1119
GPMin:   11 20:15:16       -4.865120*       0.0718
GPMin:   12 20:15:24       -4.887024*       0.0636
GPMin:   13 20:15:32       -4.902958*       0.0517
GPMin:   14 20:15:40       -4.911948*       0.0561
GPMin:   15 20:15:48       -4.918715*       0.0504
GPMin:   16 20:15:56       -4.924120*       0.0374
GPMin:   17 20:16:04       -4.928817*       0.0323
GPMin:   18 20:16:12       -4.931958*       0.0195
       Step     Time          Energy         fmax
*Force-consistent energies used in optimization.
GPMin:    0 20:16:31       -3.909063*       0.9469
GPMin:    1 20:16:44       -4.294412*       0.4112
GPMin:    2 20:16:56       -4.413964*       0.2023
GPMin:    3 20:17:08       -4.460841*       0.1491
GPMin:    4 20:17:19       -4.506736*       0.1558
GPMin:    5 20:17:29       -4.564435*       0.1267
GPMin:    6 20:17:38       -4.617883*       0.1134
GPMin:    7 20:17:48       -4.669780*       0.1021
GPMin:    8 20:17:58       -4.710425*       0.0920
GPMin:    9 20:18:08       -4.729682*       0.0814
GPMin:   10 20:18:17       -4.750237*       0.1142
GPMin:   11 20:18:26       -4.774694*       0.0823
GPMin:   12 20:18:35       -4.789765*       0.1043
GPMin:   13 20:18:45       -4.811802*       0.0847
GPMin:   14 20:18:55       -4.828305*       0.0786
GPMin:   15 20:19:05       -4.847336*       0.0948
GPMin:   16 20:19:13       -4.873688*       0.0733
GPMin:   17 20:19:22       -4.893423*       0.0885
GPMin:   18 20:19:31       -4.909285*       0.1013
GPMin:   19 20:19:41       -4.924213*       0.0547
GPMin:   20 20:19:50       -4.927259*       0.0349
GPMin:   21 20:19:57       -4.928112*       0.0200
       Step     Time          Energy         fmax
*Force-consistent energies used in optimization.
GPMin:    0 20:20:11       -4.346950*       0.2624
GPMin:    1 20:20:23       -4.454725*       0.2369
GPMin:    2 20:20:33       -4.532737*       0.1169
GPMin:    3 20:20:42       -4.555556*       0.0922
GPMin:    4 20:20:51       -4.594430*       0.1038
GPMin:    5 20:21:00       -4.647241*       0.1222
GPMin:    6 20:21:09       -4.699442*       0.1197
GPMin:    7 20:21:19       -4.744652*       0.0869
GPMin:    8 20:21:29       -4.782813*       0.1021
GPMin:    9 20:21:39       -4.823248*       0.1014
GPMin:   10 20:21:49       -4.860910*       0.0630
GPMin:   11 20:21:58       -4.886627*       0.0610
GPMin:   12 20:22:06       -4.902917*       0.0558
GPMin:   13 20:22:15       -4.915844*       0.0348
GPMin:   14 20:22:23       -4.919777*       0.0451
GPMin:   15 20:22:31       -4.927178*       0.0288
GPMin:   16 20:22:39       -4.929839*       0.0259
GPMin:   17 20:22:46       -4.931652*       0.0107
       Step     Time          Energy         fmax
*Force-consistent energies used in optimization.
GPMin:    0 20:23:01       -4.286843*       0.5376
GPMin:    1 20:23:11       -4.418507*       0.1092
GPMin:    2 20:23:20       -4.419487*       0.1132
GPMin:    3 20:23:29       -4.435430*       0.0579
GPMin:    4 20:23:38       -4.442324*       0.0311
GPMin:    5 20:23:47       -4.450399*       0.0235
GPMin:    6 20:23:55       -4.455775*       0.0204
GPMin:    7 20:24:04       -4.460129*       0.0170
