       Step     Time          Energy         fmax
*Force-consistent energies used in optimization.
GPMin:    0 11:49:27       -5.455792*       0.2143
GPMin:    1 11:49:37       -5.597871*       0.1555
GPMin:    2 11:49:46       -5.679917*       0.1643
GPMin:    3 11:49:55       -5.747290*       0.1674
GPMin:    4 11:50:04       -5.813036*       0.1492
GPMin:    5 11:50:12       -5.862756*       0.1008
GPMin:    6 11:50:21       -5.886459*       0.0640
GPMin:    7 11:50:28       -5.897792*       0.0555
GPMin:    8 11:50:35       -5.904434*       0.0239
GPMin:    9 11:50:41       -5.906858*       0.0207
GPMin:   10 11:50:49       -5.908051*       0.0104
       Step     Time          Energy         fmax
*Force-consistent energies used in optimization.
GPMin:    0 11:51:02       -5.107900*       0.5771
GPMin:    1 11:51:12       -5.376611*       0.2289
GPMin:    2 11:51:21       -5.447430*       0.1576
GPMin:    3 11:51:29       -5.491298*       0.1242
GPMin:    4 11:51:37       -5.550557*       0.1631
GPMin:    5 11:51:46       -5.615467*       0.1398
GPMin:    6 11:51:54       -5.673392*       0.1598
GPMin:    7 11:52:03       -5.725914*       0.1613
GPMin:    8 11:52:12       -5.773030*       0.1310
GPMin:    9 11:52:20       -5.814056*       0.0907
GPMin:   10 11:52:29       -5.849090*       0.0855
GPMin:   11 11:52:37       -5.871997*       0.0805
GPMin:   12 11:52:44       -5.886770*       0.0688
GPMin:   13 11:52:51       -5.896568*       0.0449
GPMin:   14 11:52:58       -5.901033*       0.0325
GPMin:   15 11:53:05       -5.903797*       0.0334
GPMin:   16 11:53:12       -5.906642*       0.0205
GPMin:   17 11:53:19       -5.907489*       0.0159
       Step     Time          Energy         fmax
*Force-consistent energies used in optimization.
GPMin:    0 11:53:33       -5.233647*       0.2912
GPMin:    1 11:53:42       -5.402915*       0.2456
GPMin:    2 11:53:51       -5.510426*       0.2413
GPMin:    3 11:54:00       -5.595050*       0.2237
GPMin:    4 11:54:08       -5.667377*       0.1861
GPMin:    5 11:54:17       -5.714067*       0.1077
GPMin:    6 11:54:26       -5.729988*       0.0621
GPMin:    7 11:54:34       -5.738340*       0.0646
GPMin:    8 11:54:41       -5.745349*       0.0358
GPMin:    9 11:54:48       -5.749579*       0.0288
GPMin:   10 11:54:55       -5.752429*       0.0206
GPMin:   11 11:55:02       -5.755256*       0.0212
GPMin:   12 11:55:09       -5.757665*       0.0199
       Step     Time          Energy         fmax
*Force-consistent energies used in optimization.
GPMin:    0 11:55:20       -5.405743*       0.1515
GPMin:    1 11:55:29       -5.498556*       0.1360
GPMin:    2 11:55:37       -5.570382*       0.1376
GPMin:    3 11:55:45       -5.641055*       0.1470
GPMin:    4 11:55:52       -5.717866*       0.1616
GPMin:    5 11:56:00       -5.791679*       0.1667
GPMin:    6 11:56:08       -5.844949*       0.1415
GPMin:    7 11:56:16       -5.873947*       0.0897
GPMin:    8 11:56:24       -5.888747*       0.0606
GPMin:    9 11:56:31       -5.897952*       0.0446
GPMin:   10 11:56:38       -5.902907*       0.0289
GPMin:   11 11:56:46       -5.905844*       0.0216
GPMin:   12 11:56:53       -5.907682*       0.0130
       Step     Time          Energy         fmax
*Force-consistent energies used in optimization.
GPMin:    0 11:57:06       -5.163537*       0.5831
GPMin:    1 11:57:16       -5.406648*       0.2370
GPMin:    2 11:57:25       -5.482561*       0.2098
GPMin:    3 11:57:34       -5.554283*       0.1634
GPMin:    4 11:57:43       -5.617224*       0.1200
GPMin:    5 11:57:51       -5.659400*       0.0888
GPMin:    6 11:58:00       -5.685137*       0.0816
GPMin:    7 11:58:10       -5.702980*       0.0718
GPMin:    8 11:58:19       -5.721459*       0.0688
GPMin:    9 11:58:27       -5.735689*       0.0646
GPMin:   10 11:58:35       -5.745587*       0.0429
GPMin:   11 11:58:43       -5.750347*       0.0261
GPMin:   12 11:58:50       -5.753274*       0.0300
GPMin:   13 11:58:57       -5.756396*       0.0253
GPMin:   14 11:59:04       -5.758441*       0.0179
       Step     Time          Energy         fmax
*Force-consistent energies used in optimization.
GPMin:    0 11:59:18       -5.107900*       0.5771
GPMin:    1 11:59:28       -5.376630*       0.2289
GPMin:    2 11:59:39       -5.447446*       0.1576
GPMin:    3 11:59:47       -5.491305*       0.1242
GPMin:    4 11:59:56       -5.550574*       0.1631
GPMin:    5 12:00:05       -5.615485*       0.1398
GPMin:    6 12:00:13       -5.673408*       0.1598
GPMin:    7 12:00:22       -5.725924*       0.1613
GPMin:    8 12:00:31       -5.773035*       0.1310
GPMin:    9 12:00:40       -5.814061*       0.0907
GPMin:   10 12:00:49       -5.849092*       0.0855
GPMin:   11 12:00:57       -5.871998*       0.0805
GPMin:   12 12:01:05       -5.886771*       0.0688
GPMin:   13 12:01:12       -5.896569*       0.0449
GPMin:   14 12:01:20       -5.901034*       0.0325
GPMin:   15 12:01:28       -5.903797*       0.0333
GPMin:   16 12:01:35       -5.906642*       0.0205
GPMin:   17 12:01:43       -5.907490*       0.0159
       Step     Time          Energy         fmax
*Force-consistent energies used in optimization.
GPMin:    0 12:01:57       -5.403549*       0.5449
GPMin:    1 12:02:07       -5.564916*       0.1314
GPMin:    2 12:02:16       -5.605310*       0.1609
GPMin:    3 12:02:26       -5.662969*       0.1277
GPMin:    4 12:02:36       -5.706630*       0.0881
GPMin:    5 12:02:44       -5.732885*       0.0466
GPMin:    6 12:02:51       -5.739208*       0.0347
GPMin:    7 12:02:58       -5.742752*       0.0241
GPMin:    8 12:03:06       -5.745692*       0.0137
       Step     Time          Energy         fmax
*Force-consistent energies used in optimization.
GPMin:    0 12:03:20       -5.350752*       0.4770
GPMin:    1 12:03:31       -5.496917*       0.1621
GPMin:    2 12:03:41       -5.545986*       0.1467
GPMin:    3 12:03:50       -5.580081*       0.0744
GPMin:    4 12:03:59       -5.594956*       0.0771
GPMin:    5 12:04:08       -5.625676*       0.0880
GPMin:    6 12:04:18       -5.665795*       0.0964
GPMin:    7 12:04:27       -5.710833*       0.0947
GPMin:    8 12:04:36       -5.751006*       0.0697
GPMin:    9 12:04:45       -5.777218*       0.0490
GPMin:   10 12:04:53       -5.788281*       0.0443
GPMin:   11 12:05:01       -5.798967*       0.0567
GPMin:   12 12:05:08       -5.811554*       0.0736
GPMin:   13 12:05:16       -5.831121*       0.0787
GPMin:   14 12:05:25       -5.855019*       0.0758
GPMin:   15 12:05:33       -5.877886*       0.0735
GPMin:   16 12:05:41       -5.894026*       0.0574
GPMin:   17 12:05:48       -5.901820*       0.0282
GPMin:   18 12:05:56       -5.904276*       0.0268
GPMin:   19 12:06:03       -5.906858*       0.0235
GPMin:   20 12:06:09       -5.907946*       0.0111
       Step     Time          Energy         fmax
*Force-consistent energies used in optimization.
GPMin:    0 12:06:26       -5.007300*       0.4164
GPMin:    1 12:06:37       -5.188350*       0.2232
GPMin:    2 12:06:47       -5.294518*       0.1779
GPMin:    3 12:06:56       -5.385590*       0.1406
GPMin:    4 12:07:05       -5.456423*       0.1224
GPMin:    5 12:07:14       -5.514174*       0.1063
GPMin:    6 12:07:23       -5.558821*       0.0877
GPMin:    7 12:07:31       -5.594578*       0.0935
GPMin:    8 12:07:39       -5.629440*       0.1025
GPMin:    9 12:07:47       -5.665193*       0.1127
GPMin:   10 12:07:55       -5.700132*       0.1265
GPMin:   11 12:08:03       -5.737500*       0.1449
GPMin:   12 12:08:12       -5.781953*       0.1540
GPMin:   13 12:08:20       -5.825722*       0.1351
GPMin:   14 12:08:29       -5.851277*       0.0958
GPMin:   15 12:08:37       -5.865997*       0.0753
GPMin:   16 12:08:45       -5.879242*       0.0853
GPMin:   17 12:08:53       -5.891727*       0.0508
GPMin:   18 12:09:02       -5.900372*       0.0355
GPMin:   19 12:09:10       -5.904254*       0.0313
GPMin:   20 12:09:17       -5.906440*       0.0239
GPMin:   21 12:09:25       -5.907430*       0.0179
       Step     Time          Energy         fmax
*Force-consistent energies used in optimization.
GPMin:    0 12:09:40       -5.531001*       0.4848
GPMin:    1 12:09:50       -5.704186*       0.1175
GPMin:    2 12:09:59       -5.726420*       0.0892
GPMin:    3 12:10:08       -5.737288*       0.0633
GPMin:    4 12:10:16       -5.744420*       0.0287
GPMin:    5 12:10:23       -5.746189*       0.0158
       Step     Time          Energy         fmax
*Force-consistent energies used in optimization.
GPMin:    0 12:10:39       -4.908545*       0.6745
GPMin:    1 12:10:50       -5.208221*       0.2292
GPMin:    2 12:11:01       -5.304923*       0.2065
GPMin:    3 12:11:09       -5.385836*       0.1732
GPMin:    4 12:11:18       -5.456957*       0.1329
GPMin:    5 12:11:27       -5.513807*       0.1332
GPMin:    6 12:11:35       -5.571584*       0.1394
GPMin:    7 12:11:44       -5.626604*       0.1403
GPMin:    8 12:11:53       -5.672795*       0.1284
GPMin:    9 12:12:01       -5.710529*       0.1041
GPMin:   10 12:12:10       -5.747341*       0.1121
GPMin:   11 12:12:18       -5.783546*       0.1108
GPMin:   12 12:12:26       -5.819578*       0.0913
GPMin:   13 12:12:35       -5.849016*       0.0769
GPMin:   14 12:12:42       -5.865548*       0.0720
GPMin:   15 12:12:50       -5.876344*       0.0748
GPMin:   16 12:12:58       -5.889732*       0.0630
GPMin:   17 12:13:07       -5.899509*       0.0456
GPMin:   18 12:13:14       -5.903584*       0.0323
GPMin:   19 12:13:22       -5.905994*       0.0263
GPMin:   20 12:13:30       -5.907140*       0.0198
       Step     Time          Energy         fmax
*Force-consistent energies used in optimization.
GPMin:    0 12:13:44       -5.626066*       0.2072
GPMin:    1 12:13:54       -5.698157*       0.1492
GPMin:    2 12:14:04       -5.740289*       0.0703
GPMin:    3 12:14:12       -5.748295*       0.0548
GPMin:    4 12:14:20       -5.751806*       0.0277
GPMin:    5 12:14:28       -5.755942*       0.0273
GPMin:    6 12:14:36       -5.758724*       0.0181
       Step     Time          Energy         fmax
*Force-consistent energies used in optimization.
GPMin:    0 12:14:48       -5.733471*       0.2882
GPMin:    1 12:14:57       -5.833046*       0.1228
GPMin:    2 12:15:06       -5.865996*       0.0852
GPMin:    3 12:15:15       -5.887064*       0.0620
GPMin:    4 12:15:23       -5.901236*       0.0306
GPMin:    5 12:15:31       -5.905683*       0.0196
       Step     Time          Energy         fmax
*Force-consistent energies used in optimization.
GPMin:    0 12:15:44       -5.244811*       0.5593
GPMin:    1 12:15:54       -5.448729*       0.1671
GPMin:    2 12:16:02       -5.515431*       0.1013
GPMin:    3 12:16:11       -5.537709*       0.0646
GPMin:    4 12:16:19       -5.548911*       0.0697
GPMin:    5 12:16:27       -5.567418*       0.0903
GPMin:    6 12:16:35       -5.604926*       0.0949
GPMin:    7 12:16:44       -5.640931*       0.0797
GPMin:    8 12:16:53       -5.665149*       0.0746
GPMin:    9 12:17:01       -5.687950*       0.0720
GPMin:   10 12:17:09       -5.709130*       0.0573
GPMin:   11 12:17:18       -5.727106*       0.0488
GPMin:   12 12:17:25       -5.735442*       0.0380
GPMin:   13 12:17:32       -5.740258*       0.0303
GPMin:   14 12:17:39       -5.742954*       0.0180
       Step     Time          Energy         fmax
*Force-consistent energies used in optimization.
GPMin:    0 12:17:53       -5.552633*       0.5939
GPMin:    1 12:18:03       -5.719158*       0.1193
GPMin:    2 12:18:11       -5.742727*       0.0875
GPMin:    3 12:18:20       -5.751970*       0.0835
GPMin:    4 12:18:28       -5.759101*       0.0180
       Step     Time          Energy         fmax
*Force-consistent energies used in optimization.
GPMin:    0 12:18:42       -5.286327*       0.3474
GPMin:    1 12:18:51       -5.441337*       0.2098
GPMin:    2 12:19:00       -5.524659*       0.1393
GPMin:    3 12:19:09       -5.563770*       0.0985
GPMin:    4 12:19:16       -5.590178*       0.1005
GPMin:    5 12:19:24       -5.621443*       0.0877
GPMin:    6 12:19:31       -5.656259*       0.1081
GPMin:    7 12:19:40       -5.704825*       0.1182
GPMin:    8 12:19:48       -5.754064*       0.1095
GPMin:    9 12:19:57       -5.796003*       0.0931
GPMin:   10 12:20:05       -5.825725*       0.0725
GPMin:   11 12:20:13       -5.845781*       0.0720
GPMin:   12 12:20:20       -5.861034*       0.0730
GPMin:   13 12:20:28       -5.877338*       0.0631
GPMin:   14 12:20:36       -5.894305*       0.0490
GPMin:   15 12:20:43       -5.902728*       0.0316
GPMin:   16 12:20:50       -5.904922*       0.0278
GPMin:   17 12:20:57       -5.906856*       0.0199
       Step     Time          Energy         fmax
*Force-consistent energies used in optimization.
GPMin:    0 12:21:10       -5.377406*       0.7981
GPMin:    1 12:21:20       -5.643790*       0.1971
GPMin:    2 12:21:29       -5.701782*       0.1561
GPMin:    3 12:21:38       -5.745172*       0.0820
GPMin:    4 12:21:47       -5.758726*       0.0278
GPMin:    5 12:21:53       -5.760058*       0.0207
GPMin:    6 12:22:00       -5.761462*       0.0148
       Step     Time          Energy         fmax
*Force-consistent energies used in optimization.
GPMin:    0 12:22:13       -5.560727*       0.2517
GPMin:    1 12:22:23       -5.676264*       0.1396
GPMin:    2 12:22:33       -5.729310*       0.0628
GPMin:    3 12:22:41       -5.741846*       0.0284
GPMin:    4 12:22:49       -5.744777*       0.0190
       Step     Time          Energy         fmax
*Force-consistent energies used in optimization.
GPMin:    0 12:23:03       -5.286327*       0.3474
GPMin:    1 12:23:14       -5.441340*       0.2098
GPMin:    2 12:23:23       -5.524659*       0.1393
GPMin:    3 12:23:33       -5.563768*       0.0985
GPMin:    4 12:23:40       -5.590177*       0.1005
GPMin:    5 12:23:48       -5.621441*       0.0877
GPMin:    6 12:23:57       -5.656257*       0.1081
GPMin:    7 12:24:06       -5.704822*       0.1182
GPMin:    8 12:24:14       -5.754060*       0.1095
GPMin:    9 12:24:22       -5.796000*       0.0931
GPMin:   10 12:24:30       -5.825721*       0.0725
GPMin:   11 12:24:38       -5.845775*       0.0720
GPMin:   12 12:24:47       -5.861029*       0.0730
GPMin:   13 12:24:55       -5.877334*       0.0631
GPMin:   14 12:25:04       -5.894301*       0.0490
GPMin:   15 12:25:11       -5.902726*       0.0316
GPMin:   16 12:25:18       -5.904922*       0.0278
GPMin:   17 12:25:25       -5.906856*       0.0199
       Step     Time          Energy         fmax
*Force-consistent energies used in optimization.
GPMin:    0 12:25:40       -5.733471*       0.2883
GPMin:    1 12:25:49       -5.833021*       0.1228
GPMin:    2 12:25:59       -5.865988*       0.0853
GPMin:    3 12:26:07       -5.887055*       0.0620
GPMin:    4 12:26:15       -5.901234*       0.0306
GPMin:    5 12:26:22       -5.905682*       0.0196
       Step     Time          Energy         fmax
*Force-consistent energies used in optimization.
GPMin:    0 12:26:35       -5.417311*       0.3559
GPMin:    1 12:26:45       -5.515547*       0.1256
GPMin:    2 12:26:53       -5.572773*       0.1331
GPMin:    3 12:27:02       -5.644950*       0.1374
GPMin:    4 12:27:11       -5.713411*       0.1367
GPMin:    5 12:27:20       -5.767150*       0.1346
GPMin:    6 12:27:28       -5.807626*       0.1181
GPMin:    7 12:27:36       -5.834697*       0.0799
GPMin:    8 12:27:44       -5.853116*       0.0708
GPMin:    9 12:27:52       -5.873732*       0.0607
GPMin:   10 12:28:00       -5.891451*       0.0436
GPMin:   11 12:28:08       -5.902032*       0.0350
GPMin:   12 12:28:15       -5.905145*       0.0305
GPMin:   13 12:28:22       -5.906607*       0.0179
       Step     Time          Energy         fmax
*Force-consistent energies used in optimization.
GPMin:    0 12:28:35       -5.417311*       0.3560
GPMin:    1 12:28:45       -5.515532*       0.1256
GPMin:    2 12:28:53       -5.572768*       0.1331
GPMin:    3 12:29:02       -5.644939*       0.1374
GPMin:    4 12:29:11       -5.713404*       0.1367
GPMin:    5 12:29:20       -5.767149*       0.1346
GPMin:    6 12:29:28       -5.807631*       0.1181
GPMin:    7 12:29:36       -5.834705*       0.0799
GPMin:    8 12:29:44       -5.853124*       0.0709
GPMin:    9 12:29:52       -5.873739*       0.0607
GPMin:   10 12:30:00       -5.891458*       0.0436
GPMin:   11 12:30:08       -5.902032*       0.0350
GPMin:   12 12:30:15       -5.905145*       0.0305
GPMin:   13 12:30:21       -5.906608*       0.0179
       Step     Time          Energy         fmax
*Force-consistent energies used in optimization.
GPMin:    0 12:30:34       -5.733471*       0.2883
GPMin:    1 12:30:43       -5.833057*       0.1227
GPMin:    2 12:30:51       -5.866001*       0.0852
GPMin:    3 12:30:59       -5.887068*       0.0620
GPMin:    4 12:31:07       -5.901238*       0.0306
GPMin:    5 12:31:15       -5.905684*       0.0196
       Step     Time          Energy         fmax
*Force-consistent energies used in optimization.
GPMin:    0 12:31:29       -4.795286*       0.9829
GPMin:    1 12:31:40       -5.302721*       0.3925
GPMin:    2 12:31:49       -5.473119*       0.2126
GPMin:    3 12:31:58       -5.546459*       0.1959
GPMin:    4 12:32:08       -5.612553*       0.1795
GPMin:    5 12:32:16       -5.675827*       0.1289
GPMin:    6 12:32:24       -5.709711*       0.0691
GPMin:    7 12:32:32       -5.721973*       0.0654
GPMin:    8 12:32:40       -5.731823*       0.0602
GPMin:    9 12:32:48       -5.738973*       0.0511
GPMin:   10 12:32:55       -5.742486*       0.0455
GPMin:   11 12:33:02       -5.746074*       0.0267
GPMin:   12 12:33:09       -5.747560*       0.0187
       Step     Time          Energy         fmax
*Force-consistent energies used in optimization.
GPMin:    0 12:33:23       -5.136429*       0.5844
GPMin:    1 12:33:34       -5.300971*       0.2040
GPMin:    2 12:33:42       -5.378016*       0.1958
GPMin:    3 12:33:51       -5.447184*       0.1619
GPMin:    4 12:34:00       -5.498026*       0.0996
GPMin:    5 12:34:09       -5.543305*       0.1062
GPMin:    6 12:34:18       -5.593205*       0.1036
GPMin:    7 12:34:26       -5.642165*       0.0981
GPMin:    8 12:34:34       -5.684562*       0.0969
GPMin:    9 12:34:41       -5.715001*       0.0818
GPMin:   10 12:34:49       -5.730455*       0.0833
GPMin:   11 12:34:57       -5.745395*       0.0715
GPMin:   12 12:35:05       -5.759862*       0.0558
GPMin:   13 12:35:13       -5.773516*       0.0517
GPMin:   14 12:35:21       -5.783948*       0.0391
GPMin:   15 12:35:29       -5.792837*       0.0502
GPMin:   16 12:35:37       -5.805140*       0.0578
GPMin:   17 12:35:44       -5.819294*       0.0702
GPMin:   18 12:35:51       -5.838150*       0.0763
GPMin:   19 12:35:59       -5.864368*       0.0744
GPMin:   20 12:36:07       -5.887020*       0.0584
GPMin:   21 12:36:16       -5.898491*       0.0503
GPMin:   22 12:36:23       -5.902599*       0.0359
GPMin:   23 12:36:31       -5.905075*       0.0250
GPMin:   24 12:36:38       -5.906460*       0.0268
GPMin:   25 12:36:44       -5.907674*       0.0112
       Step     Time          Energy         fmax
*Force-consistent energies used in optimization.
GPMin:    0 12:36:58       -5.163537*       0.5831
GPMin:    1 12:37:08       -5.406634*       0.2370
GPMin:    2 12:37:17       -5.482545*       0.2098
GPMin:    3 12:37:26       -5.554270*       0.1634
GPMin:    4 12:37:34       -5.617214*       0.1200
GPMin:    5 12:37:42       -5.659396*       0.0888
GPMin:    6 12:37:51       -5.685136*       0.0815
GPMin:    7 12:38:00       -5.702980*       0.0718
GPMin:    8 12:38:09       -5.721457*       0.0688
GPMin:    9 12:38:17       -5.735688*       0.0646
GPMin:   10 12:38:24       -5.745586*       0.0429
GPMin:   11 12:38:31       -5.750347*       0.0261
GPMin:   12 12:38:38       -5.753274*       0.0300
GPMin:   13 12:38:45       -5.756396*       0.0253
GPMin:   14 12:38:52       -5.758441*       0.0179
       Step     Time          Energy         fmax
*Force-consistent energies used in optimization.
GPMin:    0 12:39:06       -5.107900*       0.5773
GPMin:    1 12:39:15       -5.376615*       0.2289
GPMin:    2 12:39:25       -5.447429*       0.1576
GPMin:    3 12:39:32       -5.491273*       0.1242
GPMin:    4 12:39:40       -5.550545*       0.1632
GPMin:    5 12:39:48       -5.615453*       0.1398
GPMin:    6 12:39:56       -5.673374*       0.1598
GPMin:    7 12:40:04       -5.725895*       0.1614
GPMin:    8 12:40:12       -5.773019*       0.1310
GPMin:    9 12:40:20       -5.814058*       0.0907
GPMin:   10 12:40:28       -5.849090*       0.0855
GPMin:   11 12:40:36       -5.871997*       0.0805
GPMin:   12 12:40:43       -5.886771*       0.0688
GPMin:   13 12:40:50       -5.896566*       0.0449
GPMin:   14 12:40:57       -5.901031*       0.0325
GPMin:   15 12:41:04       -5.903797*       0.0334
GPMin:   16 12:41:11       -5.906641*       0.0205
GPMin:   17 12:41:18       -5.907489*       0.0159
       Step     Time          Energy         fmax
*Force-consistent energies used in optimization.
GPMin:    0 12:41:31       -5.495913*       0.5734
GPMin:    1 12:41:41       -5.636641*       0.0789
GPMin:    2 12:41:49       -5.648986*       0.0978
GPMin:    3 12:41:59       -5.678459*       0.1158
GPMin:    4 12:42:07       -5.708132*       0.1165
GPMin:    5 12:42:16       -5.749767*       0.1316
GPMin:    6 12:42:24       -5.801609*       0.1271
GPMin:    7 12:42:33       -5.847690*       0.0986
GPMin:    8 12:42:43       -5.880334*       0.0727
GPMin:    9 12:42:51       -5.895677*       0.0438
GPMin:   10 12:42:58       -5.901701*       0.0451
GPMin:   11 12:43:05       -5.905567*       0.0333
GPMin:   12 12:43:12       -5.907718*       0.0138
       Step     Time          Energy         fmax
*Force-consistent energies used in optimization.
GPMin:    0 12:43:25       -5.439430*       0.2393
GPMin:    1 12:43:34       -5.556074*       0.1136
GPMin:    2 12:43:42       -5.604950*       0.0967
GPMin:    3 12:43:50       -5.665522*       0.1030
GPMin:    4 12:43:57       -5.714115*       0.1103
GPMin:    5 12:44:05       -5.750267*       0.0948
GPMin:    6 12:44:13       -5.775422*       0.0574
GPMin:    7 12:44:21       -5.790443*       0.0587
GPMin:    8 12:44:29       -5.805994*       0.0484
GPMin:    9 12:44:37       -5.819893*       0.0616
GPMin:   10 12:44:45       -5.840386*       0.0702
GPMin:   11 12:44:52       -5.867142*       0.0759
GPMin:   12 12:45:00       -5.889060*       0.0613
GPMin:   13 12:45:08       -5.900298*       0.0320
GPMin:   14 12:45:15       -5.903342*       0.0273
GPMin:   15 12:45:22       -5.906197*       0.0226
GPMin:   16 12:45:29       -5.907632*       0.0168
       Step     Time          Energy         fmax
*Force-consistent energies used in optimization.
GPMin:    0 12:45:43       -5.576858*       0.2315
GPMin:    1 12:45:52       -5.720020*       0.1687
GPMin:    2 12:46:02       -5.794352*       0.1371
GPMin:    3 12:46:10       -5.836204*       0.0877
GPMin:    4 12:46:17       -5.862541*       0.0721
GPMin:    5 12:46:25       -5.887839*       0.0570
GPMin:    6 12:46:32       -5.901770*       0.0398
GPMin:    7 12:46:39       -5.906808*       0.0180
       Step     Time          Energy         fmax
*Force-consistent energies used in optimization.
GPMin:    0 12:46:54       -5.733471*       0.2883
GPMin:    1 12:47:04       -5.833028*       0.1227
GPMin:    2 12:47:13       -5.865980*       0.0853
GPMin:    3 12:47:21       -5.887052*       0.0620
GPMin:    4 12:47:29       -5.901232*       0.0306
GPMin:    5 12:47:37       -5.905681*       0.0196
       Step     Time          Energy         fmax
*Force-consistent energies used in optimization.
GPMin:    0 12:47:51       -5.011066*       0.7445
GPMin:    1 12:48:01       -5.310314*       0.2332
GPMin:    2 12:48:10       -5.360982*       0.1793
GPMin:    3 12:48:18       -5.394163*       0.1265
GPMin:    4 12:48:26       -5.418338*       0.0577
GPMin:    5 12:48:34       -5.426467*       0.0473
GPMin:    6 12:48:41       -5.435661*       0.0495
GPMin:    7 12:48:49       -5.445234*       0.0548
GPMin:    8 12:48:58       -5.460325*       0.0597
GPMin:    9 12:49:05       -5.481755*       0.0755
GPMin:   10 12:49:13       -5.513019*       0.0935
GPMin:   11 12:49:22       -5.558487*       0.1125
GPMin:   12 12:49:30       -5.605706*       0.1198
GPMin:   13 12:49:38       -5.652629*       0.1064
GPMin:   14 12:49:46       -5.693459*       0.0734
GPMin:   15 12:49:54       -5.719554*       0.0967
GPMin:   16 12:50:02       -5.753333*       0.1106
GPMin:   17 12:50:10       -5.793921*       0.1017
GPMin:   18 12:50:18       -5.828565*       0.1000
GPMin:   19 12:50:26       -5.852832*       0.0797
GPMin:   20 12:50:34       -5.868113*       0.0712
GPMin:   21 12:50:42       -5.879109*       0.0786
GPMin:   22 12:50:49       -5.890885*       0.0597
GPMin:   23 12:50:57       -5.898863*       0.0468
GPMin:   24 12:51:05       -5.903153*       0.0372
GPMin:   25 12:51:12       -5.905993*       0.0237
GPMin:   26 12:51:20       -5.906890*       0.0185
       Step     Time          Energy         fmax
*Force-consistent energies used in optimization.
GPMin:    0 12:51:34       -5.480786*       0.6071
GPMin:    1 12:51:44       -5.725062*       0.1467
GPMin:    2 12:51:54       -5.749179*       0.0919
GPMin:    3 12:52:03       -5.762109*       0.0282
GPMin:    4 12:52:09       -5.763187*       0.0108
       Step     Time          Energy         fmax
*Force-consistent energies used in optimization.
GPMin:    0 12:52:23       -5.455792*       0.2143
GPMin:    1 12:52:32       -5.597918*       0.1554
GPMin:    2 12:52:41       -5.679960*       0.1643
GPMin:    3 12:52:50       -5.747338*       0.1673
GPMin:    4 12:52:59       -5.813074*       0.1492
GPMin:    5 12:53:07       -5.862769*       0.1008
GPMin:    6 12:53:16       -5.886460*       0.0640
GPMin:    7 12:53:23       -5.897798*       0.0555
GPMin:    8 12:53:31       -5.904438*       0.0239
GPMin:    9 12:53:37       -5.906859*       0.0207
GPMin:   10 12:53:45       -5.908052*       0.0104
       Step     Time          Energy         fmax
*Force-consistent energies used in optimization.
GPMin:    0 12:53:58       -5.233636*       0.2911
GPMin:    1 12:54:08       -5.402896*       0.2456
GPMin:    2 12:54:17       -5.510412*       0.2413
GPMin:    3 12:54:26       -5.595032*       0.2237
GPMin:    4 12:54:35       -5.667367*       0.1861
GPMin:    5 12:54:44       -5.714063*       0.1077
GPMin:    6 12:54:53       -5.729991*       0.0621
GPMin:    7 12:55:00       -5.738342*       0.0646
GPMin:    8 12:55:07       -5.745350*       0.0358
GPMin:    9 12:55:14       -5.749579*       0.0288
GPMin:   10 12:55:22       -5.752429*       0.0206
GPMin:   11 12:55:29       -5.755256*       0.0212
GPMin:   12 12:55:36       -5.757664*       0.0199
       Step     Time          Energy         fmax
*Force-consistent energies used in optimization.
GPMin:    0 12:55:50       -5.386083*       0.5512
GPMin:    1 12:56:01       -5.534931*       0.1547
GPMin:    2 12:56:10       -5.595286*       0.1147
GPMin:    3 12:56:19       -5.643840*       0.1180
GPMin:    4 12:56:27       -5.681224*       0.1118
GPMin:    5 12:56:35       -5.728182*       0.1307
GPMin:    6 12:56:43       -5.780671*       0.1423
GPMin:    7 12:56:52       -5.823883*       0.1239
GPMin:    8 12:57:00       -5.850779*       0.0825
GPMin:    9 12:57:08       -5.868090*       0.0857
GPMin:   10 12:57:15       -5.886297*       0.0521
GPMin:   11 12:57:23       -5.897326*       0.0409
GPMin:   12 12:57:31       -5.904072*       0.0288
GPMin:   13 12:57:38       -5.906673*       0.0197
       Step     Time          Energy         fmax
*Force-consistent energies used in optimization.
GPMin:    0 12:57:51       -5.267837*       0.5423
GPMin:    1 12:57:59       -5.446925*       0.1979
GPMin:    2 12:58:09       -5.519774*       0.1808
GPMin:    3 12:58:18       -5.577902*       0.1499
GPMin:    4 12:58:26       -5.631510*       0.1188
GPMin:    5 12:58:33       -5.667468*       0.1171
GPMin:    6 12:58:43       -5.704355*       0.0959
GPMin:    7 12:58:52       -5.729068*       0.0624
GPMin:    8 12:59:00       -5.740978*       0.0499
GPMin:    9 12:59:07       -5.748145*       0.0367
GPMin:   10 12:59:14       -5.753120*       0.0324
GPMin:   11 12:59:21       -5.757754*       0.0289
GPMin:   12 12:59:28       -5.761675*       0.0173
       Step     Time          Energy         fmax
*Force-consistent energies used in optimization.
GPMin:    0 12:59:41       -5.267837*       0.5424
GPMin:    1 12:59:50       -5.446930*       0.1979
GPMin:    2 12:59:58       -5.519767*       0.1808
GPMin:    3 13:00:08       -5.577898*       0.1500
GPMin:    4 13:00:16       -5.631510*       0.1188
GPMin:    5 13:00:23       -5.667464*       0.1171
GPMin:    6 13:00:32       -5.704356*       0.0960
GPMin:    7 13:00:42       -5.729068*       0.0624
GPMin:    8 13:00:50       -5.740975*       0.0499
GPMin:    9 13:00:57       -5.748144*       0.0367
GPMin:   10 13:01:04       -5.753119*       0.0324
GPMin:   11 13:01:11       -5.757752*       0.0289
GPMin:   12 13:01:18       -5.761673*       0.0173
       Step     Time          Energy         fmax
*Force-consistent energies used in optimization.
GPMin:    0 13:01:33       -5.381019*       0.3514
GPMin:    1 13:01:46       -5.489750*       0.1302
GPMin:    2 13:01:55       -5.526016*       0.0750
GPMin:    3 13:02:04       -5.553385*       0.0911
GPMin:    4 13:02:12       -5.576728*       0.0722
GPMin:    5 13:02:21       -5.596065*       0.0541
GPMin:    6 13:02:30       -5.611990*       0.0592
GPMin:    7 13:02:38       -5.629650*       0.0536
GPMin:    8 13:02:45       -5.652363*       0.0503
GPMin:    9 13:02:53       -5.682883*       0.0630
GPMin:   10 13:03:01       -5.725609*       0.0782
GPMin:   11 13:03:10       -5.775013*       0.0998
GPMin:   12 13:03:19       -5.820430*       0.0866
GPMin:   13 13:03:27       -5.854746*       0.0891
GPMin:   14 13:03:35       -5.874084*       0.0755
GPMin:   15 13:03:43       -5.888993*       0.0496
GPMin:   16 13:03:51       -5.896599*       0.0420
GPMin:   17 13:03:58       -5.901951*       0.0304
GPMin:   18 13:04:05       -5.905520*       0.0232
GPMin:   19 13:04:12       -5.906923*       0.0186
       Step     Time          Energy         fmax
*Force-consistent energies used in optimization.
GPMin:    0 13:04:26       -5.439430*       0.2394
GPMin:    1 13:04:35       -5.556076*       0.1135
GPMin:    2 13:04:43       -5.604956*       0.0968
GPMin:    3 13:04:51       -5.665535*       0.1030
GPMin:    4 13:04:58       -5.714118*       0.1103
GPMin:    5 13:05:06       -5.750266*       0.0948
GPMin:    6 13:05:14       -5.775422*       0.0574
GPMin:    7 13:05:22       -5.790446*       0.0587
GPMin:    8 13:05:30       -5.805998*       0.0485
GPMin:    9 13:05:38       -5.819896*       0.0616
GPMin:   10 13:05:46       -5.840390*       0.0701
GPMin:   11 13:05:54       -5.867146*       0.0759
GPMin:   12 13:06:02       -5.889057*       0.0613
GPMin:   13 13:06:10       -5.900294*       0.0320
GPMin:   14 13:06:17       -5.903342*       0.0273
GPMin:   15 13:06:24       -5.906197*       0.0226
GPMin:   16 13:06:31       -5.907632*       0.0169
       Step     Time          Energy         fmax
*Force-consistent energies used in optimization.
GPMin:    0 13:06:44       -4.872728*       0.8055
GPMin:    1 13:06:54       -5.176759*       0.3411
GPMin:    2 13:07:02       -5.275323*       0.2350
GPMin:    3 13:07:10       -5.332538*       0.2427
GPMin:    4 13:07:19       -5.397010*       0.2159
GPMin:    5 13:07:28       -5.452898*       0.1628
GPMin:    6 13:07:36       -5.485257*       0.1228
GPMin:    7 13:07:44       -5.509543*       0.0946
GPMin:    8 13:07:51       -5.526235*       0.0696
GPMin:    9 13:07:59       -5.537724*       0.0596
GPMin:   10 13:08:07       -5.549768*       0.0564
GPMin:   11 13:08:14       -5.562166*       0.0530
GPMin:   12 13:08:21       -5.578424*       0.0632
GPMin:   13 13:08:29       -5.600380*       0.0724
GPMin:   14 13:08:37       -5.632152*       0.0832
GPMin:   15 13:08:45       -5.666107*       0.0852
GPMin:   16 13:08:53       -5.688714*       0.0917
GPMin:   17 13:09:00       -5.708783*       0.1091
GPMin:   18 13:09:08       -5.736672*       0.1073
GPMin:   19 13:09:17       -5.769872*       0.0971
GPMin:   20 13:09:25       -5.805846*       0.0957
GPMin:   21 13:09:33       -5.837812*       0.0899
GPMin:   22 13:09:41       -5.858737*       0.0789
GPMin:   23 13:09:49       -5.871209*       0.0690
GPMin:   24 13:09:57       -5.883120*       0.0699
GPMin:   25 13:10:05       -5.895306*       0.0430
GPMin:   26 13:10:13       -5.901573*       0.0311
GPMin:   27 13:10:20       -5.903773*       0.0312
GPMin:   28 13:10:27       -5.905941*       0.0238
GPMin:   29 13:10:34       -5.906956*       0.0178
       Step     Time          Energy         fmax
*Force-consistent energies used in optimization.
GPMin:    0 13:10:50       -4.624234*       1.0635
GPMin:    1 13:11:01       -5.079692*       0.4718
GPMin:    2 13:11:11       -5.245731*       0.2587
GPMin:    3 13:11:19       -5.326587*       0.1926
GPMin:    4 13:11:27       -5.393371*       0.1775
GPMin:    5 13:11:36       -5.457325*       0.1531
GPMin:    6 13:11:44       -5.504761*       0.1482
GPMin:    7 13:11:52       -5.542992*       0.1448
GPMin:    8 13:12:00       -5.587721*       0.1325
GPMin:    9 13:12:08       -5.623888*       0.1071
GPMin:   10 13:12:16       -5.653605*       0.0911
GPMin:   11 13:12:23       -5.686423*       0.1102
GPMin:   12 13:12:31       -5.726103*       0.1225
GPMin:   13 13:12:39       -5.768670*       0.1184
GPMin:   14 13:12:47       -5.806285*       0.0972
GPMin:   15 13:12:56       -5.835785*       0.0784
GPMin:   16 13:13:04       -5.855006*       0.0756
GPMin:   17 13:13:11       -5.867064*       0.0841
GPMin:   18 13:13:19       -5.879046*       0.0890
GPMin:   19 13:13:27       -5.891772*       0.0582
GPMin:   20 13:13:34       -5.899987*       0.0473
GPMin:   21 13:13:41       -5.903196*       0.0367
GPMin:   22 13:13:48       -5.905505*       0.0273
GPMin:   23 13:13:55       -5.906605*       0.0258
GPMin:   24 13:14:02       -5.907439*       0.0176
       Step     Time          Energy         fmax
*Force-consistent energies used in optimization.
GPMin:    0 13:14:16       -5.386083*       0.5512
GPMin:    1 13:14:26       -5.534940*       0.1547
GPMin:    2 13:14:34       -5.595287*       0.1147
GPMin:    3 13:14:43       -5.643841*       0.1180
GPMin:    4 13:14:51       -5.681223*       0.1118
GPMin:    5 13:14:59       -5.728182*       0.1307
GPMin:    6 13:15:07       -5.780673*       0.1423
GPMin:    7 13:15:15       -5.823885*       0.1239
GPMin:    8 13:15:23       -5.850777*       0.0825
GPMin:    9 13:15:31       -5.868087*       0.0857
GPMin:   10 13:15:38       -5.886295*       0.0521
GPMin:   11 13:15:46       -5.897325*       0.0409
GPMin:   12 13:15:53       -5.904072*       0.0288
GPMin:   13 13:16:01       -5.906673*       0.0197
       Step     Time          Energy         fmax
*Force-consistent energies used in optimization.
GPMin:    0 13:16:14       -5.511476*       0.1828
GPMin:    1 13:16:24       -5.578447*       0.1832
GPMin:    2 13:16:33       -5.645537*       0.1422
GPMin:    3 13:16:42       -5.703290*       0.1055
GPMin:    4 13:16:51       -5.746709*       0.0895
GPMin:    5 13:16:59       -5.780815*       0.0710
GPMin:    6 13:17:08       -5.801375*       0.0534
GPMin:    7 13:17:16       -5.813969*       0.0671
GPMin:    8 13:17:24       -5.836367*       0.0691
GPMin:    9 13:17:32       -5.863427*       0.0759
GPMin:   10 13:17:40       -5.885967*       0.0661
GPMin:   11 13:17:49       -5.899821*       0.0402
GPMin:   12 13:17:56       -5.904061*       0.0297
GPMin:   13 13:18:03       -5.906408*       0.0201
GPMin:   14 13:18:09       -5.907700*       0.0134
       Step     Time          Energy         fmax
*Force-consistent energies used in optimization.
GPMin:    0 13:18:22       -5.163537*       0.5831
GPMin:    1 13:18:31       -5.406643*       0.2370
GPMin:    2 13:18:40       -5.482552*       0.2098
GPMin:    3 13:18:49       -5.554275*       0.1634
GPMin:    4 13:18:57       -5.617218*       0.1200
GPMin:    5 13:19:05       -5.659398*       0.0888
GPMin:    6 13:19:14       -5.685136*       0.0816
GPMin:    7 13:19:23       -5.702980*       0.0718
GPMin:    8 13:19:32       -5.721458*       0.0688
GPMin:    9 13:19:39       -5.735688*       0.0646
GPMin:   10 13:19:47       -5.745587*       0.0429
GPMin:   11 13:19:55       -5.750346*       0.0261
GPMin:   12 13:20:02       -5.753273*       0.0300
GPMin:   13 13:20:09       -5.756395*       0.0253
GPMin:   14 13:20:16       -5.758440*       0.0179
       Step     Time          Energy         fmax
*Force-consistent energies used in optimization.
GPMin:    0 13:20:29       -5.439430*       0.2394
GPMin:    1 13:20:39       -5.556082*       0.1136
GPMin:    2 13:20:47       -5.604961*       0.0968
GPMin:    3 13:20:55       -5.665540*       0.1030
GPMin:    4 13:21:02       -5.714128*       0.1103
GPMin:    5 13:21:09       -5.750276*       0.0948
GPMin:    6 13:21:17       -5.775428*       0.0574
GPMin:    7 13:21:25       -5.790453*       0.0587
GPMin:    8 13:21:33       -5.806009*       0.0485
GPMin:    9 13:21:41       -5.819908*       0.0616
GPMin:   10 13:21:49       -5.840410*       0.0702
GPMin:   11 13:21:57       -5.867160*       0.0759
GPMin:   12 13:22:06       -5.889055*       0.0614
GPMin:   13 13:22:14       -5.900291*       0.0320
GPMin:   14 13:22:21       -5.903343*       0.0273
GPMin:   15 13:22:29       -5.906198*       0.0226
GPMin:   16 13:22:36       -5.907632*       0.0169
       Step     Time          Energy         fmax
*Force-consistent energies used in optimization.
GPMin:    0 13:22:50       -5.107900*       0.5772
GPMin:    1 13:23:00       -5.376614*       0.2289
GPMin:    2 13:23:10       -5.447432*       0.1576
GPMin:    3 13:23:19       -5.491288*       0.1242
GPMin:    4 13:23:27       -5.550555*       0.1632
GPMin:    5 13:23:35       -5.615466*       0.1398
GPMin:    6 13:23:44       -5.673389*       0.1598
GPMin:    7 13:23:52       -5.725910*       0.1614
GPMin:    8 13:24:01       -5.773027*       0.1310
GPMin:    9 13:24:10       -5.814056*       0.0907
GPMin:   10 13:24:18       -5.849088*       0.0855
GPMin:   11 13:24:26       -5.871995*       0.0805
GPMin:   12 13:24:34       -5.886770*       0.0688
GPMin:   13 13:24:41       -5.896567*       0.0449
GPMin:   14 13:24:48       -5.901032*       0.0325
GPMin:   15 13:24:55       -5.903797*       0.0334
GPMin:   16 13:25:02       -5.906642*       0.0205
GPMin:   17 13:25:09       -5.907489*       0.0159
       Step     Time          Energy         fmax
*Force-consistent energies used in optimization.
GPMin:    0 13:25:23       -5.480786*       0.6070
GPMin:    1 13:25:33       -5.725063*       0.1467
GPMin:    2 13:25:42       -5.749177*       0.0919
GPMin:    3 13:25:51       -5.762109*       0.0282
GPMin:    4 13:25:57       -5.763187*       0.0108
       Step     Time          Energy         fmax
*Force-consistent energies used in optimization.
GPMin:    0 13:26:11       -4.776240*       0.9723
GPMin:    1 13:26:21       -5.103229*       0.2963
GPMin:    2 13:26:30       -5.232112*       0.2612
GPMin:    3 13:26:39       -5.334126*       0.2121
GPMin:    4 13:26:47       -5.421565*       0.1525
GPMin:    5 13:26:55       -5.470760*       0.1055
GPMin:    6 13:27:04       -5.494762*       0.0948
GPMin:    7 13:27:12       -5.511288*       0.0720
GPMin:    8 13:27:20       -5.529806*       0.0680
GPMin:    9 13:27:28       -5.551671*       0.0759
GPMin:   10 13:27:36       -5.576319*       0.1006
GPMin:   11 13:27:44       -5.603515*       0.1062
GPMin:   12 13:27:52       -5.633508*       0.0919
GPMin:   13 13:28:00       -5.662487*       0.0774
GPMin:   14 13:28:08       -5.687064*       0.0730
GPMin:   15 13:28:15       -5.704140*       0.0659
GPMin:   16 13:28:23       -5.713602*       0.0650
GPMin:   17 13:28:32       -5.720236*       0.0637
GPMin:   18 13:28:40       -5.727510*       0.0496
GPMin:   19 13:28:48       -5.733878*       0.0419
GPMin:   20 13:28:55       -5.737038*       0.0315
GPMin:   21 13:29:02       -5.739487*       0.0283
GPMin:   22 13:29:09       -5.741252*       0.0191
       Step     Time          Energy         fmax
*Force-consistent energies used in optimization.
GPMin:    0 13:29:21       -5.543827*       0.5062
GPMin:    1 13:29:31       -5.696443*       0.1149
GPMin:    2 13:29:40       -5.739237*       0.1192
GPMin:    3 13:29:50       -5.765016*       0.0725
GPMin:    4 13:29:58       -5.783249*       0.0710
GPMin:    5 13:30:06       -5.811964*       0.0779
GPMin:    6 13:30:14       -5.838532*       0.0658
GPMin:    7 13:30:23       -5.858631*       0.0701
GPMin:    8 13:30:31       -5.884561*       0.0653
GPMin:    9 13:30:39       -5.899742*       0.0422
GPMin:   10 13:30:46       -5.904968*       0.0244
GPMin:   11 13:30:52       -5.906481*       0.0178
       Step     Time          Energy         fmax
*Force-consistent energies used in optimization.
GPMin:    0 13:31:07       -5.530727*       0.2301
GPMin:    1 13:31:16       -5.613560*       0.1122
GPMin:    2 13:31:25       -5.655533*       0.0935
GPMin:    3 13:31:34       -5.689356*       0.0664
GPMin:    4 13:31:42       -5.710154*       0.0533
GPMin:    5 13:31:50       -5.723809*       0.0296
GPMin:    6 13:31:57       -5.729549*       0.0219
GPMin:    7 13:32:04       -5.732502*       0.0285
GPMin:    8 13:32:13       -5.745708*       0.0508
GPMin:    9 13:32:21       -5.763578*       0.0374
GPMin:   10 13:32:29       -5.774104*       0.0412
GPMin:   11 13:32:37       -5.785326*       0.0466
GPMin:   12 13:32:45       -5.800168*       0.0480
GPMin:   13 13:32:53       -5.824294*       0.0608
GPMin:   14 13:33:01       -5.851213*       0.0721
GPMin:   15 13:33:09       -5.878837*       0.0735
GPMin:   16 13:33:17       -5.897720*       0.0458
GPMin:   17 13:33:24       -5.904069*       0.0237
GPMin:   18 13:33:31       -5.906133*       0.0231
GPMin:   19 13:33:38       -5.907796*       0.0143
       Step     Time          Energy         fmax
*Force-consistent energies used in optimization.
GPMin:    0 13:33:52       -5.465031*       0.6167
GPMin:    1 13:34:02       -5.641357*       0.1485
GPMin:    2 13:34:11       -5.691891*       0.1329
GPMin:    3 13:34:19       -5.733751*       0.0735
GPMin:    4 13:34:27       -5.747088*       0.0520
GPMin:    5 13:34:35       -5.754003*       0.0276
GPMin:    6 13:34:42       -5.756761*       0.0199
       Step     Time          Energy         fmax
*Force-consistent energies used in optimization.
GPMin:    0 13:34:56       -5.163537*       0.5832
GPMin:    1 13:35:06       -5.406632*       0.2371
GPMin:    2 13:35:15       -5.482543*       0.2098
GPMin:    3 13:35:24       -5.554266*       0.1634
GPMin:    4 13:35:31       -5.617212*       0.1199
GPMin:    5 13:35:39       -5.659392*       0.0888
GPMin:    6 13:35:48       -5.685133*       0.0816
GPMin:    7 13:35:57       -5.702976*       0.0718
GPMin:    8 13:36:06       -5.721454*       0.0688
GPMin:    9 13:36:14       -5.735684*       0.0646
GPMin:   10 13:36:22       -5.745584*       0.0429
GPMin:   11 13:36:29       -5.750346*       0.0261
GPMin:   12 13:36:36       -5.753274*       0.0300
GPMin:   13 13:36:43       -5.756395*       0.0253
GPMin:   14 13:36:50       -5.758441*       0.0179
       Step     Time          Energy         fmax
*Force-consistent energies used in optimization.
GPMin:    0 13:37:03       -5.291426*       0.7473
GPMin:    1 13:37:13       -5.601259*       0.2675
GPMin:    2 13:37:23       -5.665325*       0.1412
GPMin:    3 13:37:32       -5.701245*       0.1155
GPMin:    4 13:37:40       -5.722724*       0.0447
GPMin:    5 13:37:47       -5.725291*       0.0325
GPMin:    6 13:37:54       -5.727561*       0.0183
       Step     Time          Energy         fmax
*Force-consistent energies used in optimization.
GPMin:    0 13:38:12       -4.972450*       0.5298
GPMin:    1 13:38:24       -5.197341*       0.1724
GPMin:    2 13:38:35       -5.271823*       0.1917
GPMin:    3 13:38:46       -5.373213*       0.2052
GPMin:    4 13:38:55       -5.478331*       0.2161
GPMin:    5 13:39:03       -5.570605*       0.2114
GPMin:    6 13:39:12       -5.637990*       0.1697
GPMin:    7 13:39:20       -5.680739*       0.1236
GPMin:    8 13:39:28       -5.704535*       0.1053
GPMin:    9 13:39:36       -5.723402*       0.0803
GPMin:   10 13:39:44       -5.735671*       0.0491
GPMin:   11 13:39:51       -5.739661*       0.0293
GPMin:   12 13:39:58       -5.741666*       0.0244
GPMin:   13 13:40:05       -5.742511*       0.0169
       Step     Time          Energy         fmax
*Force-consistent energies used in optimization.
GPMin:    0 13:40:19       -5.586930*       0.2330
GPMin:    1 13:40:28       -5.702869*       0.1286
GPMin:    2 13:40:37       -5.748695*       0.0536
GPMin:    3 13:40:45       -5.757979*       0.0299
GPMin:    4 13:40:53       -5.760137*       0.0163
       Step     Time          Energy         fmax
*Force-consistent energies used in optimization.
GPMin:    0 13:41:05       -5.323023*       0.5560
GPMin:    1 13:41:14       -5.559152*       0.2710
GPMin:    2 13:41:22       -5.641615*       0.1958
GPMin:    3 13:41:30       -5.700776*       0.1323
GPMin:    4 13:41:38       -5.741208*       0.1370
GPMin:    5 13:41:47       -5.794970*       0.1231
GPMin:    6 13:41:55       -5.835464*       0.1090
GPMin:    7 13:42:04       -5.860314*       0.0980
GPMin:    8 13:42:12       -5.879000*       0.0733
GPMin:    9 13:42:20       -5.890834*       0.0602
GPMin:   10 13:42:28       -5.897943*       0.0461
GPMin:   11 13:42:34       -5.903203*       0.0256
GPMin:   12 13:42:41       -5.905797*       0.0198
       Step     Time          Energy         fmax
*Force-consistent energies used in optimization.
GPMin:    0 13:42:55       -5.333762*       0.4217
GPMin:    1 13:43:04       -5.478624*       0.1674
GPMin:    2 13:43:14       -5.554284*       0.1277
GPMin:    3 13:43:24       -5.615695*       0.1102
GPMin:    4 13:43:34       -5.659562*       0.0883
GPMin:    5 13:43:42       -5.700545*       0.0763
GPMin:    6 13:43:51       -5.727808*       0.0584
GPMin:    7 13:44:00       -5.740749*       0.0460
GPMin:    8 13:44:08       -5.747025*       0.0361
GPMin:    9 13:44:16       -5.753432*       0.0372
GPMin:   10 13:44:25       -5.760755*       0.0363
GPMin:   11 13:44:34       -5.770550*       0.0338
GPMin:   12 13:44:43       -5.782128*       0.0410
GPMin:   13 13:44:50       -5.797729*       0.0533
GPMin:   14 13:44:58       -5.818975*       0.0613
GPMin:   15 13:45:07       -5.842717*       0.0714
GPMin:   16 13:45:16       -5.868095*       0.0814
GPMin:   17 13:45:24       -5.890237*       0.0633
GPMin:   18 13:45:33       -5.900539*       0.0373
GPMin:   19 13:45:41       -5.903648*       0.0281
GPMin:   20 13:45:48       -5.906097*       0.0226
GPMin:   21 13:45:56       -5.907524*       0.0187
       Step     Time          Energy         fmax
*Force-consistent energies used in optimization.
GPMin:    0 13:46:11       -5.032338*       0.7818
GPMin:    1 13:46:22       -5.426174*       0.3387
GPMin:    2 13:46:32       -5.523391*       0.1624
GPMin:    3 13:46:41       -5.565938*       0.1660
GPMin:    4 13:46:50       -5.628866*       0.1280
GPMin:    5 13:46:58       -5.690583*       0.1488
GPMin:    6 13:47:07       -5.758600*       0.1441
GPMin:    7 13:47:17       -5.817423*       0.1211
GPMin:    8 13:47:25       -5.860089*       0.0999
GPMin:    9 13:47:34       -5.885863*       0.0801
GPMin:   10 13:47:43       -5.898971*       0.0490
GPMin:   11 13:47:51       -5.903550*       0.0365
GPMin:   12 13:47:58       -5.905755*       0.0237
GPMin:   13 13:48:06       -5.907247*       0.0173
       Step     Time          Energy         fmax
*Force-consistent energies used in optimization.
GPMin:    0 13:48:20       -5.560482*       0.2094
GPMin:    1 13:48:31       -5.640543*       0.1452
GPMin:    2 13:48:41       -5.701851*       0.1088
GPMin:    3 13:48:50       -5.748399*       0.0749
GPMin:    4 13:48:59       -5.774280*       0.0425
GPMin:    5 13:49:08       -5.786596*       0.0476
GPMin:    6 13:49:16       -5.799343*       0.0524
GPMin:    7 13:49:25       -5.820204*       0.0587
GPMin:    8 13:49:33       -5.844664*       0.0701
GPMin:    9 13:49:42       -5.874218*       0.0739
GPMin:   10 13:49:50       -5.894925*       0.0497
GPMin:   11 13:49:58       -5.902886*       0.0290
GPMin:   12 13:50:06       -5.905462*       0.0228
GPMin:   13 13:50:14       -5.907612*       0.0169
       Step     Time          Energy         fmax
*Force-consistent energies used in optimization.
GPMin:    0 13:50:27       -5.531465*       0.2217
GPMin:    1 13:50:38       -5.693389*       0.1864
GPMin:    2 13:50:48       -5.778029*       0.1354
GPMin:    3 13:50:58       -5.826097*       0.0838
GPMin:    4 13:51:06       -5.855865*       0.0703
GPMin:    5 13:51:14       -5.879911*       0.0724
GPMin:    6 13:51:23       -5.898680*       0.0496
GPMin:    7 13:51:31       -5.905678*       0.0298
GPMin:    8 13:51:39       -5.907147*       0.0151
       Step     Time          Energy         fmax
*Force-consistent energies used in optimization.
GPMin:    0 13:51:52       -5.527638*       0.3640
GPMin:    1 13:52:02       -5.645977*       0.1269
GPMin:    2 13:52:11       -5.704117*       0.0871
GPMin:    3 13:52:21       -5.741044*       0.0928
GPMin:    4 13:52:30       -5.779965*       0.0820
GPMin:    5 13:52:39       -5.810678*       0.0748
GPMin:    6 13:52:47       -5.841100*       0.0655
GPMin:    7 13:52:56       -5.868266*       0.0642
GPMin:    8 13:53:05       -5.888807*       0.0605
GPMin:    9 13:53:13       -5.902602*       0.0398
GPMin:   10 13:53:21       -5.906140*       0.0218
GPMin:   11 13:53:28       -5.907103*       0.0167
       Step     Time          Energy         fmax
*Force-consistent energies used in optimization.
GPMin:    0 13:53:42       -5.541094*       0.3586
GPMin:    1 13:53:53       -5.656539*       0.1255
GPMin:    2 13:54:03       -5.706110*       0.0930
GPMin:    3 13:54:13       -5.740836*       0.0922
GPMin:    4 13:54:21       -5.777680*       0.0816
GPMin:    5 13:54:30       -5.808387*       0.0734
GPMin:    6 13:54:39       -5.840332*       0.0652
GPMin:    7 13:54:48       -5.867694*       0.0635
GPMin:    8 13:54:57       -5.888109*       0.0630
GPMin:    9 13:55:05       -5.902231*       0.0395
GPMin:   10 13:55:13       -5.906205*       0.0209
GPMin:   11 13:55:21       -5.907222*       0.0159
       Step     Time          Energy         fmax
*Force-consistent energies used in optimization.
GPMin:    0 13:55:36       -5.597468*       0.4565
GPMin:    1 13:55:46       -5.707765*       0.1052
GPMin:    2 13:55:55       -5.732785*       0.0496
GPMin:    3 13:56:04       -5.743420*       0.0508
GPMin:    4 13:56:13       -5.761582*       0.0567
GPMin:    5 13:56:21       -5.782958*       0.0468
GPMin:    6 13:56:29       -5.798238*       0.0472
GPMin:    7 13:56:38       -5.814363*       0.0589
GPMin:    8 13:56:46       -5.840816*       0.0699
GPMin:    9 13:56:55       -5.870454*       0.0690
GPMin:   10 13:57:04       -5.895834*       0.0529
GPMin:   11 13:57:13       -5.903607*       0.0318
GPMin:   12 13:57:20       -5.905794*       0.0242
GPMin:   13 13:57:28       -5.907769*       0.0124
       Step     Time          Energy         fmax
*Force-consistent energies used in optimization.
GPMin:    0 13:57:42       -5.337565*       0.2116
GPMin:    1 13:57:51       -5.440672*       0.0982
GPMin:    2 13:58:00       -5.480680*       0.0760
GPMin:    3 13:58:09       -5.518075*       0.0745
GPMin:    4 13:58:18       -5.551829*       0.0645
GPMin:    5 13:58:27       -5.578931*       0.0651
GPMin:    6 13:58:35       -5.608139*       0.0699
GPMin:    7 13:58:44       -5.642963*       0.0760
GPMin:    8 13:58:52       -5.673974*       0.0833
GPMin:    9 13:59:01       -5.697807*       0.0881
GPMin:   10 13:59:10       -5.717954*       0.0767
GPMin:   11 13:59:18       -5.731519*       0.0519
GPMin:   12 13:59:27       -5.740770*       0.0421
GPMin:   13 13:59:35       -5.750550*       0.0484
GPMin:   14 13:59:43       -5.762583*       0.0460
GPMin:   15 13:59:51       -5.774672*       0.0384
GPMin:   16 14:00:00       -5.784628*       0.0543
GPMin:   17 14:00:08       -5.798041*       0.0562
GPMin:   18 14:00:16       -5.817597*       0.0635
GPMin:   19 14:00:24       -5.841411*       0.0717
GPMin:   20 14:00:32       -5.868316*       0.0720
GPMin:   21 14:00:40       -5.888429*       0.0602
GPMin:   22 14:00:48       -5.900009*       0.0379
GPMin:   23 14:00:55       -5.903520*       0.0239
GPMin:   24 14:01:03       -5.905956*       0.0258
GPMin:   25 14:01:10       -5.907781*       0.0139
       Step     Time          Energy         fmax
*Force-consistent energies used in optimization.
GPMin:    0 14:01:23       -5.655182*       0.1878
GPMin:    1 14:01:32       -5.728428*       0.1233
GPMin:    2 14:01:41       -5.772723*       0.1178
GPMin:    3 14:01:49       -5.820324*       0.1272
GPMin:    4 14:01:57       -5.864441*       0.1156
GPMin:    5 14:02:05       -5.897409*       0.0495
GPMin:    6 14:02:13       -5.904813*       0.0196
       Step     Time          Energy         fmax
*Force-consistent energies used in optimization.
GPMin:    0 14:02:28       -5.212033*       0.6871
GPMin:    1 14:02:37       -5.434287*       0.1699
GPMin:    2 14:02:46       -5.502745*       0.1612
GPMin:    3 14:02:55       -5.561240*       0.1528
GPMin:    4 14:03:04       -5.621501*       0.1335
GPMin:    5 14:03:12       -5.672137*       0.1268
GPMin:    6 14:03:21       -5.704401*       0.0990
GPMin:    7 14:03:29       -5.722364*       0.0531
GPMin:    8 14:03:37       -5.732535*       0.0595
GPMin:    9 14:03:46       -5.742036*       0.0537
GPMin:   10 14:03:54       -5.751306*       0.0375
GPMin:   11 14:04:02       -5.756990*       0.0344
GPMin:   12 14:04:09       -5.761509*       0.0329
GPMin:   13 14:04:16       -5.767530*       0.0376
GPMin:   14 14:04:23       -5.774579*       0.0452
GPMin:   15 14:04:31       -5.785236*       0.0516
GPMin:   16 14:04:39       -5.799608*       0.0599
GPMin:   17 14:04:47       -5.819289*       0.0667
GPMin:   18 14:04:54       -5.843315*       0.0703
GPMin:   19 14:05:02       -5.866712*       0.0668
GPMin:   20 14:05:10       -5.888032*       0.0562
GPMin:   21 14:05:18       -5.898733*       0.0375
GPMin:   22 14:05:25       -5.902304*       0.0375
GPMin:   23 14:05:32       -5.905535*       0.0270
GPMin:   24 14:05:39       -5.907108*       0.0168
       Step     Time          Energy         fmax
*Force-consistent energies used in optimization.
GPMin:    0 14:05:55       -5.127472*       0.5776
GPMin:    1 14:06:07       -5.282314*       0.1507
GPMin:    2 14:06:17       -5.346299*       0.1811
GPMin:    3 14:06:29       -5.417297*       0.1342
GPMin:    4 14:06:39       -5.474683*       0.1187
GPMin:    5 14:06:49       -5.527306*       0.1123
GPMin:    6 14:06:59       -5.561793*       0.0993
GPMin:    7 14:07:07       -5.590418*       0.1103
GPMin:    8 14:07:17       -5.637575*       0.1097
GPMin:    9 14:07:26       -5.682782*       0.1104
GPMin:   10 14:07:34       -5.717453*       0.0844
GPMin:   11 14:07:42       -5.733585*       0.0436
GPMin:   12 14:07:50       -5.737967*       0.0359
GPMin:   13 14:07:57       -5.741487*       0.0259
GPMin:   14 14:08:04       -5.743791*       0.0230
GPMin:   15 14:08:12       -5.745443*       0.0194
       Step     Time          Energy         fmax
*Force-consistent energies used in optimization.
GPMin:    0 14:08:25       -5.396190*       0.2792
GPMin:    1 14:08:36       -5.503409*       0.1904
GPMin:    2 14:08:45       -5.560688*       0.1630
GPMin:    3 14:08:54       -5.620229*       0.1779
GPMin:    4 14:09:03       -5.688152*       0.1709
GPMin:    5 14:09:12       -5.741714*       0.1106
GPMin:    6 14:09:20       -5.764319*       0.0499
GPMin:    7 14:09:28       -5.771044*       0.0560
GPMin:    8 14:09:36       -5.780786*       0.0386
GPMin:    9 14:09:43       -5.791699*       0.0438
GPMin:   10 14:09:52       -5.807737*       0.0565
GPMin:   11 14:10:01       -5.828885*       0.0708
GPMin:   12 14:10:09       -5.853658*       0.0812
GPMin:   13 14:10:17       -5.879427*       0.0794
GPMin:   14 14:10:25       -5.896062*       0.0460
GPMin:   15 14:10:32       -5.900830*       0.0319
GPMin:   16 14:10:39       -5.904604*       0.0271
GPMin:   17 14:10:46       -5.906655*       0.0197
       Step     Time          Energy         fmax
*Force-consistent energies used in optimization.
GPMin:    0 14:10:59       -5.413882*       0.2015
GPMin:    1 14:11:08       -5.566942*       0.1819
GPMin:    2 14:11:17       -5.662595*       0.1709
GPMin:    3 14:11:25       -5.740765*       0.1615
GPMin:    4 14:11:34       -5.802185*       0.1545
GPMin:    5 14:11:44       -5.847075*       0.1195
GPMin:    6 14:11:51       -5.872171*       0.0821
GPMin:    7 14:11:59       -5.887477*       0.0634
GPMin:    8 14:12:06       -5.898921*       0.0350
GPMin:    9 14:12:13       -5.904377*       0.0318
GPMin:   10 14:12:20       -5.906767*       0.0203
GPMin:   11 14:12:28       -5.908043*       0.0116
       Step     Time          Energy         fmax
*Force-consistent energies used in optimization.
GPMin:    0 14:12:42       -5.517078*       0.5233
GPMin:    1 14:12:51       -5.691866*       0.1781
GPMin:    2 14:13:00       -5.750746*       0.1120
GPMin:    3 14:13:09       -5.789331*       0.1359
GPMin:    4 14:13:17       -5.826020*       0.0912
GPMin:    5 14:13:25       -5.853471*       0.0733
GPMin:    6 14:13:33       -5.871636*       0.0674
GPMin:    7 14:13:41       -5.887996*       0.0589
GPMin:    8 14:13:49       -5.899840*       0.0397
GPMin:    9 14:13:56       -5.905405*       0.0227
GPMin:   10 14:14:04       -5.907037*       0.0213
GPMin:   11 14:14:10       -5.908015*       0.0112
       Step     Time          Energy         fmax
*Force-consistent energies used in optimization.
GPMin:    0 14:14:25       -5.517662*       0.6444
GPMin:    1 14:14:34       -5.690097*       0.1088
GPMin:    2 14:14:43       -5.709080*       0.1069
GPMin:    3 14:14:52       -5.725170*       0.0785
GPMin:    4 14:15:00       -5.734254*       0.0395
GPMin:    5 14:15:08       -5.744249*       0.0420
GPMin:    6 14:15:16       -5.754641*       0.0419
GPMin:    7 14:15:24       -5.767358*       0.0360
GPMin:    8 14:15:32       -5.777603*       0.0367
GPMin:    9 14:15:40       -5.792806*       0.0470
GPMin:   10 14:15:48       -5.817381*       0.0616
GPMin:   11 14:15:56       -5.843672*       0.0742
GPMin:   12 14:16:04       -5.872602*       0.0770
GPMin:   13 14:16:12       -5.894591*       0.0534
GPMin:   14 14:16:20       -5.903225*       0.0373
GPMin:   15 14:16:27       -5.905907*       0.0226
GPMin:   16 14:16:33       -5.907179*       0.0223
GPMin:   17 14:16:40       -5.908164*       0.0103
       Step     Time          Energy         fmax
*Force-consistent energies used in optimization.
GPMin:    0 14:16:54       -5.552426*       0.7276
GPMin:    1 14:17:03       -5.758432*       0.1374
GPMin:    2 14:17:12       -5.794221*       0.1339
GPMin:    3 14:17:20       -5.825559*       0.1119
GPMin:    4 14:17:28       -5.851306*       0.0816
GPMin:    5 14:17:36       -5.870862*       0.0688
GPMin:    6 14:17:44       -5.887757*       0.0584
GPMin:    7 14:17:51       -5.900800*       0.0353
GPMin:    8 14:17:58       -5.904925*       0.0245
GPMin:    9 14:18:05       -5.906765*       0.0197
       Step     Time          Energy         fmax
*Force-consistent energies used in optimization.
GPMin:    0 14:18:18       -5.327981*       0.2084
GPMin:    1 14:18:27       -5.463270*       0.1265
GPMin:    2 14:18:36       -5.511185*       0.0965
GPMin:    3 14:18:45       -5.544750*       0.0910
GPMin:    4 14:18:53       -5.579224*       0.0694
GPMin:    5 14:19:01       -5.605313*       0.0638
GPMin:    6 14:19:09       -5.625524*       0.0553
GPMin:    7 14:19:17       -5.642205*       0.0602
GPMin:    8 14:19:24       -5.660966*       0.0805
GPMin:    9 14:19:33       -5.684347*       0.0815
GPMin:   10 14:19:40       -5.707496*       0.0646
GPMin:   11 14:19:48       -5.718818*       0.0349
GPMin:   12 14:19:55       -5.724300*       0.0483
GPMin:   13 14:20:02       -5.732721*       0.0386
GPMin:   14 14:20:10       -5.738675*       0.0335
GPMin:   15 14:20:18       -5.743785*       0.0306
GPMin:   16 14:20:26       -5.748097*       0.0252
GPMin:   17 14:20:34       -5.751999*       0.0267
GPMin:   18 14:20:41       -5.757339*       0.0347
GPMin:   19 14:20:48       -5.767449*       0.0375
GPMin:   20 14:20:55       -5.781049*       0.0402
GPMin:   21 14:21:02       -5.795187*       0.0529
GPMin:   22 14:21:09       -5.812577*       0.0641
GPMin:   23 14:21:17       -5.833876*       0.0732
GPMin:   24 14:21:25       -5.861525*       0.0736
GPMin:   25 14:21:34       -5.886342*       0.0588
GPMin:   26 14:21:42       -5.899807*       0.0330
GPMin:   27 14:21:49       -5.903733*       0.0264
GPMin:   28 14:21:56       -5.905893*       0.0233
GPMin:   29 14:22:03       -5.907403*       0.0179
       Step     Time          Energy         fmax
*Force-consistent energies used in optimization.
GPMin:    0 14:22:19       -5.536838*       0.3694
GPMin:    1 14:22:29       -5.646526*       0.1180
GPMin:    2 14:22:38       -5.703022*       0.0892
GPMin:    3 14:22:47       -5.740026*       0.0911
GPMin:    4 14:22:55       -5.782528*       0.0826
GPMin:    5 14:23:03       -5.814733*       0.0746
GPMin:    6 14:23:11       -5.845445*       0.0663
GPMin:    7 14:23:19       -5.872717*       0.0637
GPMin:    8 14:23:27       -5.891594*       0.0573
GPMin:    9 14:23:35       -5.902655*       0.0373
GPMin:   10 14:23:42       -5.906297*       0.0192
       Step     Time          Energy         fmax
*Force-consistent energies used in optimization.
GPMin:    0 14:23:57       -5.617668*       0.4028
GPMin:    1 14:24:07       -5.749179*       0.1658
GPMin:    2 14:24:16       -5.802596*       0.0953
GPMin:    3 14:24:24       -5.840724*       0.0863
GPMin:    4 14:24:32       -5.877546*       0.0737
GPMin:    5 14:24:40       -5.896766*       0.0435
GPMin:    6 14:24:48       -5.903383*       0.0309
GPMin:    7 14:24:55       -5.906068*       0.0186
       Step     Time          Energy         fmax
*Force-consistent energies used in optimization.
GPMin:    0 14:25:08       -5.615881*       0.1965
GPMin:    1 14:25:17       -5.693285*       0.0843
GPMin:    2 14:25:25       -5.712817*       0.0891
GPMin:    3 14:25:34       -5.726227*       0.0539
GPMin:    4 14:25:41       -5.735559*       0.0374
GPMin:    5 14:25:49       -5.751502*       0.0540
GPMin:    6 14:25:57       -5.773097*       0.0429
GPMin:    7 14:26:05       -5.789267*       0.0482
GPMin:    8 14:26:12       -5.805064*       0.0546
GPMin:    9 14:26:20       -5.828321*       0.0649
GPMin:   10 14:26:28       -5.858045*       0.0687
GPMin:   11 14:26:36       -5.886582*       0.0632
GPMin:   12 14:26:44       -5.902027*       0.0302
GPMin:   13 14:26:51       -5.905166*       0.0271
GPMin:   14 14:26:58       -5.907695*       0.0222
GPMin:   15 14:27:04       -5.908286*       0.0064
       Step     Time          Energy         fmax
*Force-consistent energies used in optimization.
GPMin:    0 14:27:19       -5.674226*       0.2313
GPMin:    1 14:27:28       -5.696312*       0.1438
GPMin:    2 14:27:37       -5.719960*       0.0799
GPMin:    3 14:27:45       -5.726050*       0.1078
GPMin:    4 14:27:55       -5.743169*       0.0832
GPMin:    5 14:28:04       -5.759274*       0.0526
GPMin:    6 14:28:12       -5.771688*       0.0398
GPMin:    7 14:28:20       -5.785888*       0.0419
GPMin:    8 14:28:27       -5.808483*       0.0520
GPMin:    9 14:28:35       -5.833922*       0.0712
GPMin:   10 14:28:43       -5.864217*       0.0730
GPMin:   11 14:28:51       -5.891457*       0.0573
GPMin:   12 14:28:59       -5.903459*       0.0267
GPMin:   13 14:29:06       -5.906316*       0.0206
GPMin:   14 14:29:13       -5.908175*       0.0100
       Step     Time          Energy         fmax
*Force-consistent energies used in optimization.
GPMin:    0 14:29:25       -5.601522*       0.2652
GPMin:    1 14:29:35       -5.681176*       0.1405
GPMin:    2 14:29:44       -5.725326*       0.0853
GPMin:    3 14:29:52       -5.753352*       0.0893
GPMin:    4 14:30:00       -5.778103*       0.0742
GPMin:    5 14:30:08       -5.799824*       0.0519
GPMin:    6 14:30:16       -5.817374*       0.0557
GPMin:    7 14:30:24       -5.841252*       0.0737
GPMin:    8 14:30:32       -5.869247*       0.0778
GPMin:    9 14:30:39       -5.894162*       0.0500
GPMin:   10 14:30:46       -5.903009*       0.0299
GPMin:   11 14:30:53       -5.905823*       0.0227
GPMin:   12 14:31:00       -5.907447*       0.0157
       Step     Time          Energy         fmax
*Force-consistent energies used in optimization.
GPMin:    0 14:31:13       -5.468214*       0.6142
GPMin:    1 14:31:23       -5.641721*       0.1730
GPMin:    2 14:31:31       -5.698817*       0.1405
GPMin:    3 14:31:40       -5.736439*       0.0943
GPMin:    4 14:31:48       -5.754497*       0.0385
GPMin:    5 14:31:55       -5.759031*       0.0240
GPMin:    6 14:32:02       -5.760595*       0.0142
