       Step     Time          Energy         fmax
*Force-consistent energies used in optimization.
GPMin:    0 15:36:42       -5.001435*       0.4139
GPMin:    1 15:36:56       -5.194647*       0.2490
GPMin:    2 15:37:07       -5.320882*       0.2076
GPMin:    3 15:37:19       -5.419140*       0.1539
GPMin:    4 15:37:29       -5.483861*       0.1214
GPMin:    5 15:37:38       -5.523500*       0.0862
GPMin:    6 15:37:47       -5.545519*       0.0864
GPMin:    7 15:37:57       -5.566794*       0.0970
GPMin:    8 15:38:06       -5.596641*       0.0944
GPMin:    9 15:38:15       -5.626605*       0.0989
GPMin:   10 15:38:25       -5.653103*       0.1115
GPMin:   11 15:38:34       -5.683276*       0.1064
GPMin:   12 15:38:43       -5.711084*       0.0705
GPMin:   13 15:38:53       -5.725571*       0.0470
GPMin:   14 15:39:01       -5.729694*       0.0449
GPMin:   15 15:39:09       -5.735546*       0.0347
GPMin:   16 15:39:17       -5.739224*       0.0286
GPMin:   17 15:39:26       -5.742122*       0.0282
GPMin:   18 15:39:34       -5.743919*       0.0203
GPMin:   19 15:39:42       -5.745874*       0.0207
GPMin:   20 15:39:51       -5.747737*       0.0240
GPMin:   21 15:39:59       -5.750592*       0.0284
GPMin:   22 15:40:07       -5.755573*       0.0300
GPMin:   23 15:40:15       -5.763353*       0.0384
GPMin:   24 15:40:24       -5.774417*       0.0376
GPMin:   25 15:40:32       -5.787373*       0.0518
GPMin:   26 15:40:40       -5.798920*       0.0609
GPMin:   27 15:40:49       -5.813464*       0.0688
GPMin:   28 15:40:59       -5.833121*       0.0844
GPMin:   29 15:41:08       -5.857424*       0.0843
GPMin:   30 15:41:18       -5.879781*       0.0688
GPMin:   31 15:41:27       -5.894852*       0.0478
GPMin:   32 15:41:36       -5.901331*       0.0349
GPMin:   33 15:41:44       -5.903272*       0.0320
GPMin:   34 15:41:52       -5.905789*       0.0289
GPMin:   35 15:42:00       -5.907065*       0.0231
GPMin:   36 15:42:08       -5.907836*       0.0094
       Step     Time          Energy         fmax
*Force-consistent energies used in optimization.
GPMin:    0 15:42:26       -5.014687*       0.2768
GPMin:    1 15:42:40       -5.211497*       0.2428
GPMin:    2 15:42:51       -5.339441*       0.2011
GPMin:    3 15:43:01       -5.433629*       0.1555
GPMin:    4 15:43:12       -5.498068*       0.1176
GPMin:    5 15:43:22       -5.534339*       0.0879
GPMin:    6 15:43:32       -5.553945*       0.0987
GPMin:    7 15:43:41       -5.582631*       0.1019
GPMin:    8 15:43:50       -5.610800*       0.1011
GPMin:    9 15:43:59       -5.635038*       0.1144
GPMin:   10 15:44:09       -5.661582*       0.1143
GPMin:   11 15:44:18       -5.691303*       0.0886
GPMin:   12 15:44:27       -5.710682*       0.0465
GPMin:   13 15:44:36       -5.716159*       0.0402
GPMin:   14 15:44:44       -5.719604*       0.0353
GPMin:   15 15:44:52       -5.724114*       0.0379
GPMin:   16 15:45:00       -5.729200*       0.0391
GPMin:   17 15:45:10       -5.736387*       0.0397
GPMin:   18 15:45:19       -5.745606*       0.0386
GPMin:   19 15:45:28       -5.755498*       0.0416
GPMin:   20 15:45:38       -5.764254*       0.0493
GPMin:   21 15:45:47       -5.773007*       0.0444
GPMin:   22 15:45:56       -5.782169*       0.0481
GPMin:   23 15:46:06       -5.794847*       0.0570
GPMin:   24 15:46:14       -5.812369*       0.0573
GPMin:   25 15:46:22       -5.832938*       0.0665
GPMin:   26 15:46:32       -5.853127*       0.0781
GPMin:   27 15:46:41       -5.875707*       0.0785
GPMin:   28 15:46:51       -5.895030*       0.0548
GPMin:   29 15:47:00       -5.902548*       0.0296
GPMin:   30 15:47:08       -5.904204*       0.0287
GPMin:   31 15:47:16       -5.906639*       0.0239
GPMin:   32 15:47:25       -5.907518*       0.0231
GPMin:   33 15:47:32       -5.908131*       0.0132
       Step     Time          Energy         fmax
*Force-consistent energies used in optimization.
GPMin:    0 15:47:47       -5.446045*       0.3511
GPMin:    1 15:47:59       -5.568800*       0.1666
GPMin:    2 15:48:09       -5.617908*       0.1056
GPMin:    3 15:48:19       -5.651468*       0.0817
GPMin:    4 15:48:29       -5.686630*       0.0815
GPMin:    5 15:48:38       -5.731288*       0.0945
GPMin:    6 15:48:47       -5.782898*       0.1033
GPMin:    7 15:48:57       -5.830999*       0.0885
GPMin:    8 15:49:06       -5.864465*       0.0798
GPMin:    9 15:49:14       -5.882913*       0.0606
GPMin:   10 15:49:23       -5.895747*       0.0477
GPMin:   11 15:49:31       -5.902021*       0.0295
GPMin:   12 15:49:39       -5.904783*       0.0246
GPMin:   13 15:49:47       -5.906906*       0.0185
       Step     Time          Energy         fmax
*Force-consistent energies used in optimization.
GPMin:    0 15:50:03       -5.355739*       0.2748
GPMin:    1 15:50:13       -5.502988*       0.2060
GPMin:    2 15:50:23       -5.596044*       0.1583
GPMin:    3 15:50:34       -5.651924*       0.1597
GPMin:    4 15:50:43       -5.702693*       0.1578
GPMin:    5 15:50:52       -5.758587*       0.1336
GPMin:    6 15:51:02       -5.799114*       0.0748
GPMin:    7 15:51:10       -5.819765*       0.0795
GPMin:    8 15:51:18       -5.838068*       0.0743
GPMin:    9 15:51:26       -5.856657*       0.0715
GPMin:   10 15:51:35       -5.877121*       0.0744
GPMin:   11 15:51:44       -5.894669*       0.0513
GPMin:   12 15:51:53       -5.902223*       0.0342
GPMin:   13 15:52:01       -5.904723*       0.0300
GPMin:   14 15:52:10       -5.906822*       0.0206
GPMin:   15 15:52:17       -5.907885*       0.0181
       Step     Time          Energy         fmax
*Force-consistent energies used in optimization.
GPMin:    0 15:52:32       -5.162548*       0.3832
GPMin:    1 15:52:44       -5.356314*       0.2896
GPMin:    2 15:52:54       -5.456779*       0.2185
GPMin:    3 15:53:04       -5.535929*       0.1306
GPMin:    4 15:53:13       -5.583151*       0.0940
GPMin:    5 15:53:22       -5.611147*       0.0684
GPMin:    6 15:53:33       -5.634221*       0.0734
GPMin:    7 15:53:42       -5.658218*       0.0808
GPMin:    8 15:53:51       -5.692532*       0.0930
GPMin:    9 15:54:01       -5.732200*       0.1042
GPMin:   10 15:54:10       -5.773495*       0.1110
GPMin:   11 15:54:20       -5.814114*       0.0835
GPMin:   12 15:54:29       -5.840672*       0.0722
GPMin:   13 15:54:37       -5.854818*       0.0772
GPMin:   14 15:54:46       -5.870246*       0.0810
GPMin:   15 15:54:55       -5.885712*       0.0648
GPMin:   16 15:55:05       -5.896725*       0.0494
GPMin:   17 15:55:13       -5.902673*       0.0317
GPMin:   18 15:55:21       -5.905247*       0.0276
GPMin:   19 15:55:30       -5.906671*       0.0245
GPMin:   20 15:55:38       -5.907831*       0.0127
       Step     Time          Energy         fmax
*Force-consistent energies used in optimization.
GPMin:    0 15:55:52       -5.074239*       0.6425
GPMin:    1 15:56:04       -5.358399*       0.2582
GPMin:    2 15:56:14       -5.458828*       0.2747
GPMin:    3 15:56:25       -5.553929*       0.2409
GPMin:    4 15:56:34       -5.641641*       0.1565
GPMin:    5 15:56:43       -5.693703*       0.1046
GPMin:    6 15:56:53       -5.721777*       0.0798
GPMin:    7 15:57:02       -5.743299*       0.0791
GPMin:    8 15:57:10       -5.758229*       0.0704
GPMin:    9 15:57:20       -5.772812*       0.0640
GPMin:   10 15:57:29       -5.785625*       0.0487
GPMin:   11 15:57:38       -5.795012*       0.0500
GPMin:   12 15:57:48       -5.805422*       0.0545
GPMin:   13 15:57:56       -5.819864*       0.0590
GPMin:   14 15:58:04       -5.836493*       0.0779
GPMin:   15 15:58:14       -5.858630*       0.0832
GPMin:   16 15:58:23       -5.882074*       0.0710
GPMin:   17 15:58:33       -5.896508*       0.0435
GPMin:   18 15:58:41       -5.901382*       0.0370
GPMin:   19 15:58:48       -5.904355*       0.0319
GPMin:   20 15:58:56       -5.906196*       0.0237
GPMin:   21 15:59:05       -5.907272*       0.0211
GPMin:   22 15:59:12       -5.908067*       0.0084
       Step     Time          Energy         fmax
*Force-consistent energies used in optimization.
GPMin:    0 15:59:26       -5.355739*       0.2748
GPMin:    1 15:59:36       -5.503011*       0.2060
GPMin:    2 15:59:47       -5.596056*       0.1583
GPMin:    3 15:59:57       -5.651932*       0.1597
GPMin:    4 16:00:06       -5.702702*       0.1578
GPMin:    5 16:00:16       -5.758589*       0.1336
GPMin:    6 16:00:25       -5.799113*       0.0748
GPMin:    7 16:00:33       -5.819762*       0.0795
GPMin:    8 16:00:42       -5.838064*       0.0743
GPMin:    9 16:00:50       -5.856651*       0.0715
GPMin:   10 16:00:58       -5.877115*       0.0744
GPMin:   11 16:01:07       -5.894669*       0.0513
GPMin:   12 16:01:17       -5.902223*       0.0342
GPMin:   13 16:01:25       -5.904723*       0.0300
GPMin:   14 16:01:33       -5.906822*       0.0206
GPMin:   15 16:01:40       -5.907885*       0.0181
       Step     Time          Energy         fmax
*Force-consistent energies used in optimization.
GPMin:    0 16:01:56       -5.446045*       0.3512
GPMin:    1 16:02:07       -5.568795*       0.1666
GPMin:    2 16:02:18       -5.617900*       0.1057
GPMin:    3 16:02:28       -5.651467*       0.0817
GPMin:    4 16:02:38       -5.686621*       0.0815
GPMin:    5 16:02:47       -5.731279*       0.0945
GPMin:    6 16:02:56       -5.782886*       0.1033
GPMin:    7 16:03:06       -5.830985*       0.0885
GPMin:    8 16:03:15       -5.864454*       0.0798
GPMin:    9 16:03:23       -5.882904*       0.0606
GPMin:   10 16:03:31       -5.895741*       0.0477
GPMin:   11 16:03:40       -5.902020*       0.0295
GPMin:   12 16:03:48       -5.904782*       0.0246
GPMin:   13 16:03:56       -5.906905*       0.0185
       Step     Time          Energy         fmax
*Force-consistent energies used in optimization.
GPMin:    0 16:04:11       -5.600273*       0.6230
GPMin:    1 16:04:22       -5.740143*       0.1113
GPMin:    2 16:04:32       -5.759548*       0.0450
GPMin:    3 16:04:41       -5.762654*       0.0296
GPMin:    4 16:04:50       -5.762995*       0.0258
GPMin:    5 16:04:59       -5.763877*       0.0074
       Step     Time          Energy         fmax
*Force-consistent energies used in optimization.
GPMin:    0 16:05:14       -5.465848*       0.3462
GPMin:    1 16:05:25       -5.583950*       0.1500
GPMin:    2 16:05:36       -5.626990*       0.1019
GPMin:    3 16:05:46       -5.659056*       0.0818
GPMin:    4 16:05:55       -5.698730*       0.0848
GPMin:    5 16:06:05       -5.745807*       0.0992
GPMin:    6 16:06:14       -5.798874*       0.0993
GPMin:    7 16:06:23       -5.844594*       0.0879
GPMin:    8 16:06:32       -5.871776*       0.0734
GPMin:    9 16:06:40       -5.889369*       0.0560
GPMin:   10 16:06:49       -5.899691*       0.0373
GPMin:   11 16:06:58       -5.903458*       0.0273
GPMin:   12 16:07:06       -5.905814*       0.0233
GPMin:   13 16:07:14       -5.907489*       0.0129
       Step     Time          Energy         fmax
*Force-consistent energies used in optimization.
GPMin:    0 16:07:28       -5.375618*       0.2598
GPMin:    1 16:07:39       -5.520418*       0.1880
GPMin:    2 16:07:49       -5.609516*       0.1604
GPMin:    3 16:08:00       -5.665512*       0.1618
GPMin:    4 16:08:09       -5.718277*       0.1587
GPMin:    5 16:08:18       -5.774027*       0.1289
GPMin:    6 16:08:28       -5.813780*       0.0643
GPMin:    7 16:08:37       -5.834831*       0.0811
GPMin:    8 16:08:45       -5.854329*       0.0723
GPMin:    9 16:08:54       -5.873488*       0.0710
GPMin:   10 16:09:03       -5.891792*       0.0606
GPMin:   11 16:09:12       -5.901328*       0.0344
GPMin:   12 16:09:20       -5.904179*       0.0299
GPMin:   13 16:09:29       -5.906500*       0.0239
GPMin:   14 16:09:36       -5.907619*       0.0162
       Step     Time          Energy         fmax
*Force-consistent energies used in optimization.
GPMin:    0 16:09:52       -5.465848*       0.3462
GPMin:    1 16:10:03       -5.583954*       0.1501
GPMin:    2 16:10:14       -5.627000*       0.1018
GPMin:    3 16:10:24       -5.659061*       0.0818
GPMin:    4 16:10:34       -5.698744*       0.0848
GPMin:    5 16:10:43       -5.745825*       0.0992
GPMin:    6 16:10:52       -5.798894*       0.0993
GPMin:    7 16:11:02       -5.844609*       0.0880
GPMin:    8 16:11:10       -5.871784*       0.0734
GPMin:    9 16:11:18       -5.889373*       0.0560
GPMin:   10 16:11:28       -5.899693*       0.0373
GPMin:   11 16:11:36       -5.903459*       0.0273
GPMin:   12 16:11:45       -5.905815*       0.0233
GPMin:   13 16:11:53       -5.907490*       0.0129
       Step     Time          Energy         fmax
*Force-consistent energies used in optimization.
GPMin:    0 16:12:09       -5.353761*       0.2494
GPMin:    1 16:12:20       -5.484472*       0.1936
GPMin:    2 16:12:31       -5.588159*       0.1691
GPMin:    3 16:12:41       -5.661622*       0.1642
GPMin:    4 16:12:50       -5.714701*       0.1585
GPMin:    5 16:13:00       -5.766908*       0.1279
GPMin:    6 16:13:09       -5.805407*       0.0703
GPMin:    7 16:13:18       -5.827109*       0.0733
GPMin:    8 16:13:27       -5.845163*       0.0745
GPMin:    9 16:13:35       -5.866363*       0.0719
GPMin:   10 16:13:44       -5.887049*       0.0682
GPMin:   11 16:13:53       -5.899280*       0.0443
GPMin:   12 16:14:02       -5.903126*       0.0336
GPMin:   13 16:14:10       -5.905378*       0.0272
GPMin:   14 16:14:18       -5.907020*       0.0175
       Step     Time          Energy         fmax
*Force-consistent energies used in optimization.
GPMin:    0 16:14:34       -5.465848*       0.3461
GPMin:    1 16:14:45       -5.583970*       0.1500
GPMin:    2 16:14:55       -5.627002*       0.1018
GPMin:    3 16:15:06       -5.659063*       0.0818
GPMin:    4 16:15:15       -5.698750*       0.0848
GPMin:    5 16:15:25       -5.745831*       0.0993
GPMin:    6 16:15:34       -5.798900*       0.0993
GPMin:    7 16:15:44       -5.844615*       0.0880
GPMin:    8 16:15:52       -5.871787*       0.0734
GPMin:    9 16:16:01       -5.889375*       0.0560
GPMin:   10 16:16:10       -5.899692*       0.0373
GPMin:   11 16:16:18       -5.903459*       0.0273
GPMin:   12 16:16:26       -5.905815*       0.0233
GPMin:   13 16:16:35       -5.907490*       0.0129
       Step     Time          Energy         fmax
*Force-consistent energies used in optimization.
GPMin:    0 16:16:50       -5.465848*       0.3461
GPMin:    1 16:17:02       -5.583965*       0.1500
GPMin:    2 16:17:12       -5.627003*       0.1018
GPMin:    3 16:17:22       -5.659061*       0.0818
GPMin:    4 16:17:32       -5.698741*       0.0848
GPMin:    5 16:17:41       -5.745821*       0.0992
GPMin:    6 16:17:50       -5.798890*       0.0993
GPMin:    7 16:18:00       -5.844608*       0.0880
GPMin:    8 16:18:08       -5.871785*       0.0734
GPMin:    9 16:18:16       -5.889374*       0.0560
GPMin:   10 16:18:26       -5.899693*       0.0373
GPMin:   11 16:18:34       -5.903459*       0.0273
GPMin:   12 16:18:42       -5.905815*       0.0233
GPMin:   13 16:18:50       -5.907489*       0.0129
       Step     Time          Energy         fmax
*Force-consistent energies used in optimization.
GPMin:    0 16:19:06       -5.424446*       0.3246
GPMin:    1 16:19:17       -5.565861*       0.1790
GPMin:    2 16:19:28       -5.616101*       0.0955
GPMin:    3 16:19:37       -5.640642*       0.0626
GPMin:    4 16:19:47       -5.666832*       0.0861
GPMin:    5 16:19:57       -5.704311*       0.0840
GPMin:    6 16:20:07       -5.748835*       0.0994
GPMin:    7 16:20:16       -5.795620*       0.0875
GPMin:    8 16:20:25       -5.832673*       0.0802
GPMin:    9 16:20:34       -5.855213*       0.0715
GPMin:   10 16:20:42       -5.873526*       0.0738
GPMin:   11 16:20:51       -5.890394*       0.0619
GPMin:   12 16:21:00       -5.900657*       0.0360
GPMin:   13 16:21:09       -5.903954*       0.0286
GPMin:   14 16:21:17       -5.906473*       0.0216
GPMin:   15 16:21:25       -5.907780*       0.0138
       Step     Time          Energy         fmax
*Force-consistent energies used in optimization.
GPMin:    0 16:21:40       -5.465848*       0.3462
GPMin:    1 16:21:51       -5.583954*       0.1500
GPMin:    2 16:22:01       -5.626995*       0.1018
GPMin:    3 16:22:12       -5.659054*       0.0818
GPMin:    4 16:22:21       -5.698736*       0.0848
GPMin:    5 16:22:30       -5.745812*       0.0992
GPMin:    6 16:22:40       -5.798880*       0.0993
GPMin:    7 16:22:49       -5.844597*       0.0880
GPMin:    8 16:22:57       -5.871775*       0.0734
GPMin:    9 16:23:06       -5.889367*       0.0560
GPMin:   10 16:23:15       -5.899691*       0.0373
GPMin:   11 16:23:23       -5.903458*       0.0273
GPMin:   12 16:23:31       -5.905814*       0.0233
GPMin:   13 16:23:40       -5.907489*       0.0129
       Step     Time          Energy         fmax
*Force-consistent energies used in optimization.
GPMin:    0 16:23:54       -5.465848*       0.3462
GPMin:    1 16:24:05       -5.583954*       0.1500
GPMin:    2 16:24:16       -5.626995*       0.1018
GPMin:    3 16:24:27       -5.659054*       0.0818
GPMin:    4 16:24:36       -5.698736*       0.0848
GPMin:    5 16:24:46       -5.745811*       0.0992
GPMin:    6 16:24:55       -5.798880*       0.0993
GPMin:    7 16:25:04       -5.844596*       0.0880
GPMin:    8 16:25:13       -5.871775*       0.0734
GPMin:    9 16:25:21       -5.889368*       0.0560
GPMin:   10 16:25:30       -5.899691*       0.0373
GPMin:   11 16:25:38       -5.903458*       0.0273
GPMin:   12 16:25:47       -5.905814*       0.0233
GPMin:   13 16:25:56       -5.907489*       0.0129
       Step     Time          Energy         fmax
*Force-consistent energies used in optimization.
GPMin:    0 16:26:11       -5.465848*       0.3462
GPMin:    1 16:26:24       -5.583954*       0.1500
GPMin:    2 16:26:36       -5.626995*       0.1018
GPMin:    3 16:26:47       -5.659054*       0.0818
GPMin:    4 16:26:57       -5.698736*       0.0848
GPMin:    5 16:27:08       -5.745811*       0.0992
GPMin:    6 16:27:18       -5.798880*       0.0993
GPMin:    7 16:27:28       -5.844596*       0.0880
GPMin:    8 16:27:38       -5.871775*       0.0734
GPMin:    9 16:27:47       -5.889368*       0.0560
GPMin:   10 16:27:57       -5.899691*       0.0373
GPMin:   11 16:28:07       -5.903458*       0.0273
GPMin:   12 16:28:16       -5.905814*       0.0233
GPMin:   13 16:28:25       -5.907489*       0.0129
       Step     Time          Energy         fmax
*Force-consistent energies used in optimization.
GPMin:    0 16:28:46       -5.130215*       0.3465
GPMin:    1 16:29:00       -5.305425*       0.3274
GPMin:    2 16:29:12       -5.419001*       0.3145
GPMin:    3 16:29:24       -5.530358*       0.2412
GPMin:    4 16:29:35       -5.600429*       0.1306
GPMin:    5 16:29:47       -5.643895*       0.1310
GPMin:    6 16:29:57       -5.681855*       0.0994
GPMin:    7 16:30:08       -5.708833*       0.0974
GPMin:    8 16:30:18       -5.738854*       0.1048
GPMin:    9 16:30:29       -5.771649*       0.0941
GPMin:   10 16:30:39       -5.803327*       0.0725
GPMin:   11 16:30:50       -5.825789*       0.0587
GPMin:   12 16:30:59       -5.838831*       0.0659
GPMin:   13 16:31:09       -5.853318*       0.0762
GPMin:   14 16:31:19       -5.871614*       0.0773
GPMin:   15 16:31:30       -5.890680*       0.0658
GPMin:   16 16:31:40       -5.900966*       0.0346
GPMin:   17 16:31:50       -5.903716*       0.0331
GPMin:   18 16:31:59       -5.905903*       0.0327
GPMin:   19 16:32:08       -5.907281*       0.0195
       Step     Time          Energy         fmax
*Force-consistent energies used in optimization.
GPMin:    0 16:32:26       -5.465848*       0.3461
GPMin:    1 16:32:39       -5.583962*       0.1500
GPMin:    2 16:32:51       -5.627003*       0.1018
GPMin:    3 16:33:02       -5.659060*       0.0818
GPMin:    4 16:33:13       -5.698745*       0.0848
GPMin:    5 16:33:23       -5.745824*       0.0992
GPMin:    6 16:33:34       -5.798892*       0.0993
GPMin:    7 16:33:45       -5.844608*       0.0880
GPMin:    8 16:33:54       -5.871783*       0.0734
GPMin:    9 16:34:03       -5.889372*       0.0560
GPMin:   10 16:34:14       -5.899692*       0.0373
GPMin:   11 16:34:23       -5.903459*       0.0273
GPMin:   12 16:34:32       -5.905815*       0.0233
GPMin:   13 16:34:42       -5.907489*       0.0129
       Step     Time          Energy         fmax
*Force-consistent energies used in optimization.
GPMin:    0 16:34:59       -5.353761*       0.2494
GPMin:    1 16:35:12       -5.484472*       0.1936
GPMin:    2 16:35:24       -5.588159*       0.1691
GPMin:    3 16:35:35       -5.661622*       0.1642
GPMin:    4 16:35:46       -5.714701*       0.1585
GPMin:    5 16:35:56       -5.766908*       0.1279
GPMin:    6 16:36:07       -5.805407*       0.0703
GPMin:    7 16:36:17       -5.827109*       0.0733
GPMin:    8 16:36:26       -5.845163*       0.0745
GPMin:    9 16:36:36       -5.866363*       0.0719
GPMin:   10 16:36:46       -5.887049*       0.0682
GPMin:   11 16:36:56       -5.899280*       0.0443
GPMin:   12 16:37:05       -5.903126*       0.0336
GPMin:   13 16:37:15       -5.905378*       0.0272
GPMin:   14 16:37:24       -5.907020*       0.0175
       Step     Time          Energy         fmax
*Force-consistent energies used in optimization.
GPMin:    0 16:37:41       -4.967334*       1.1117
GPMin:    1 16:37:53       -5.405849*       0.3980
GPMin:    2 16:38:04       -5.507630*       0.1182
GPMin:    3 16:38:15       -5.529328*       0.1493
GPMin:    4 16:38:25       -5.565587*       0.1035
GPMin:    5 16:38:36       -5.586968*       0.0699
GPMin:    6 16:38:46       -5.600439*       0.0722
GPMin:    7 16:38:56       -5.614115*       0.0549
GPMin:    8 16:39:07       -5.628590*       0.0615
GPMin:    9 16:39:17       -5.649394*       0.0760
GPMin:   10 16:39:26       -5.676198*       0.0921
GPMin:   11 16:39:37       -5.709566*       0.1054
GPMin:   12 16:39:47       -5.746493*       0.1044
GPMin:   13 16:39:58       -5.783902*       0.0886
GPMin:   14 16:40:08       -5.810515*       0.0657
GPMin:   15 16:40:19       -5.829558*       0.0602
GPMin:   16 16:40:28       -5.842257*       0.0676
GPMin:   17 16:40:38       -5.856018*       0.0782
GPMin:   18 16:40:49       -5.873596*       0.0766
GPMin:   19 16:40:59       -5.889745*       0.0634
GPMin:   20 16:41:10       -5.899262*       0.0443
GPMin:   21 16:41:19       -5.902894*       0.0309
GPMin:   22 16:41:29       -5.905319*       0.0275
GPMin:   23 16:41:38       -5.907048*       0.0217
GPMin:   24 16:41:48       -5.908072*       0.0137
       Step     Time          Energy         fmax
*Force-consistent energies used in optimization.
GPMin:    0 16:42:04       -5.465848*       0.3462
GPMin:    1 16:42:17       -5.583954*       0.1500
GPMin:    2 16:42:28       -5.626995*       0.1018
GPMin:    3 16:42:40       -5.659054*       0.0818
GPMin:    4 16:42:51       -5.698736*       0.0848
GPMin:    5 16:43:01       -5.745811*       0.0992
GPMin:    6 16:43:12       -5.798879*       0.0993
GPMin:    7 16:43:23       -5.844596*       0.0880
GPMin:    8 16:43:32       -5.871774*       0.0734
GPMin:    9 16:43:42       -5.889367*       0.0560
GPMin:   10 16:43:53       -5.899691*       0.0373
GPMin:   11 16:44:02       -5.903458*       0.0273
GPMin:   12 16:44:12       -5.905814*       0.0233
GPMin:   13 16:44:21       -5.907489*       0.0129
       Step     Time          Energy         fmax
*Force-consistent energies used in optimization.
GPMin:    0 16:44:40       -5.375618*       0.2597
GPMin:    1 16:44:52       -5.520396*       0.1880
GPMin:    2 16:45:04       -5.609491*       0.1604
GPMin:    3 16:45:16       -5.665490*       0.1618
GPMin:    4 16:45:27       -5.718260*       0.1587
GPMin:    5 16:45:38       -5.774023*       0.1289
GPMin:    6 16:45:48       -5.813778*       0.0643
GPMin:    7 16:45:59       -5.834829*       0.0811
GPMin:    8 16:46:09       -5.854324*       0.0723
GPMin:    9 16:46:18       -5.873483*       0.0710
GPMin:   10 16:46:29       -5.891786*       0.0606
GPMin:   11 16:46:40       -5.901326*       0.0344
GPMin:   12 16:46:49       -5.904179*       0.0299
GPMin:   13 16:46:59       -5.906499*       0.0239
GPMin:   14 16:47:07       -5.907619*       0.0162
       Step     Time          Energy         fmax
*Force-consistent energies used in optimization.
GPMin:    0 16:47:26       -5.309290*       0.4006
GPMin:    1 16:47:39       -5.487599*       0.2205
GPMin:    2 16:47:51       -5.567082*       0.1872
GPMin:    3 16:48:03       -5.629037*       0.1334
GPMin:    4 16:48:16       -5.663727*       0.0841
GPMin:    5 16:48:26       -5.682848*       0.0899
GPMin:    6 16:48:37       -5.703381*       0.0783
GPMin:    7 16:48:48       -5.721323*       0.0509
GPMin:    8 16:48:58       -5.733366*       0.0373
GPMin:    9 16:49:09       -5.738588*       0.0318
GPMin:   10 16:49:19       -5.741253*       0.0140
       Step     Time          Energy         fmax
*Force-consistent energies used in optimization.
GPMin:    0 16:49:38       -5.577381*       0.3442
GPMin:    1 16:49:51       -5.679463*       0.1931
GPMin:    2 16:50:03       -5.740429*       0.1016
GPMin:    3 16:50:14       -5.789965*       0.1053
GPMin:    4 16:50:24       -5.840928*       0.0921
GPMin:    5 16:50:35       -5.875919*       0.0712
GPMin:    6 16:50:44       -5.894286*       0.0487
GPMin:    7 16:50:54       -5.902832*       0.0312
GPMin:    8 16:51:03       -5.905318*       0.0201
GPMin:    9 16:51:12       -5.907321*       0.0154
       Step     Time          Energy         fmax
*Force-consistent energies used in optimization.
GPMin:    0 16:51:31       -5.684289*       0.1945
GPMin:    1 16:51:44       -5.720824*       0.1548
GPMin:    2 16:51:57       -5.731326*       0.1495
GPMin:    3 16:52:09       -5.745547*       0.0480
GPMin:    4 16:52:19       -5.747904*       0.0508
GPMin:    5 16:52:41       -5.756644*       0.0647
GPMin:    6 16:52:53       -5.760516*       0.0452
GPMin:    7 16:53:16       -5.763056*       0.0250
GPMin:    8 16:53:26       -5.764144*       0.0158
       Step     Time          Energy         fmax
*Force-consistent energies used in optimization.
GPMin:    0 16:53:42       -5.695755*       0.1521
GPMin:    1 16:53:55       -5.737143*       0.0786
GPMin:    2 16:54:07       -5.740548*       0.1002
GPMin:    3 16:54:20       -5.741017*       0.1084
GPMin:    4 16:54:31       -5.757334*       0.0315
GPMin:    5 16:54:41       -5.760040*       0.0379
GPMin:    6 16:55:17       -5.760696*       0.0495
GPMin:    7 16:55:26       -5.763097*       0.0318
GPMin:    8 16:55:35       -5.764083*       0.0080
       Step     Time          Energy         fmax
*Force-consistent energies used in optimization.
GPMin:    0 16:55:53       -5.675296*       0.2161
GPMin:    1 16:56:06       -5.735272*       0.0816
GPMin:    2 16:56:17       -5.738664*       0.0959
GPMin:    3 16:56:29       -5.748537*       0.0541
GPMin:    4 16:56:40       -5.755411*       0.0256
GPMin:    5 16:56:50       -5.756770*       0.0466
GPMin:    6 16:57:02       -5.759765*       0.0464
GPMin:    7 16:57:12       -5.762861*       0.0232
GPMin:    8 16:57:43       -5.764097*       0.0043
       Step     Time          Energy         fmax
*Force-consistent energies used in optimization.
GPMin:    0 16:58:01       -5.287608*       0.6036
GPMin:    1 16:58:14       -5.478587*       0.2109
GPMin:    2 16:58:25       -5.537874*       0.2061
GPMin:    3 16:58:37       -5.598142*       0.0931
GPMin:    4 16:58:47       -5.621689*       0.0773
GPMin:    5 16:58:57       -5.642864*       0.0687
GPMin:    6 16:59:08       -5.664374*       0.0738
GPMin:    7 16:59:18       -5.694380*       0.0849
GPMin:    8 16:59:28       -5.729459*       0.0890
GPMin:    9 16:59:39       -5.763800*       0.0835
GPMin:   10 16:59:49       -5.790080*       0.0604
GPMin:   11 16:59:59       -5.808417*       0.0495
GPMin:   12 17:00:07       -5.820460*       0.0571
GPMin:   13 17:00:17       -5.835087*       0.0759
GPMin:   14 17:00:26       -5.857378*       0.0841
GPMin:   15 17:00:37       -5.881424*       0.0740
GPMin:   16 17:00:46       -5.898578*       0.0457
GPMin:   17 17:00:54       -5.904179*       0.0305
GPMin:   18 17:01:01       -5.905628*       0.0236
GPMin:   19 17:01:10       -5.907098*       0.0190
       Step     Time          Energy         fmax
*Force-consistent energies used in optimization.
GPMin:    0 17:01:25       -5.695755*       0.1521
GPMin:    1 17:01:37       -5.737174*       0.0781
GPMin:    2 17:01:47       -5.740509*       0.1009
GPMin:    3 17:02:00       -5.740971*       0.1083
GPMin:    4 17:02:12       -5.757359*       0.0314
GPMin:    5 17:02:23       -5.760080*       0.0377
GPMin:    6 17:02:58       -5.760832*       0.0487
GPMin:    7 17:03:07       -5.763156*       0.0309
GPMin:    8 17:03:17       -5.764079*       0.0082
       Step     Time          Energy         fmax
*Force-consistent energies used in optimization.
GPMin:    0 17:03:34       -5.099768*       0.8226
GPMin:    1 17:03:47       -5.382931*       0.2776
GPMin:    2 17:03:59       -5.483367*       0.1712
GPMin:    3 17:04:09       -5.546161*       0.1336
GPMin:    4 17:04:20       -5.587447*       0.1214
GPMin:    5 17:04:30       -5.622325*       0.1076
GPMin:    6 17:04:41       -5.652290*       0.1186
GPMin:    7 17:04:51       -5.683087*       0.1337
GPMin:    8 17:05:02       -5.723803*       0.1503
GPMin:    9 17:05:12       -5.773107*       0.1546
GPMin:   10 17:05:22       -5.821977*       0.1400
GPMin:   11 17:05:32       -5.855830*       0.1057
GPMin:   12 17:05:41       -5.875330*       0.0735
GPMin:   13 17:05:51       -5.887757*       0.0736
GPMin:   14 17:06:00       -5.896015*       0.0476
GPMin:   15 17:06:09       -5.902276*       0.0378
GPMin:   16 17:06:19       -5.905232*       0.0299
GPMin:   17 17:06:28       -5.907305*       0.0175
       Step     Time          Energy         fmax
*Force-consistent energies used in optimization.
GPMin:    0 17:06:46       -5.509871*       0.4820
GPMin:    1 17:07:00       -5.650341*       0.1411
GPMin:    2 17:07:11       -5.691833*       0.1178
GPMin:    3 17:07:23       -5.747665*       0.1135
GPMin:    4 17:07:34       -5.800333*       0.1115
GPMin:    5 17:07:45       -5.852741*       0.1035
GPMin:    6 17:07:55       -5.886203*       0.0715
GPMin:    7 17:08:05       -5.900602*       0.0355
GPMin:    8 17:08:14       -5.904308*       0.0233
GPMin:    9 17:08:24       -5.905829*       0.0182
       Step     Time          Energy         fmax
*Force-consistent energies used in optimization.
GPMin:    0 17:08:40       -5.509871*       0.4819
GPMin:    1 17:08:53       -5.650328*       0.1412
GPMin:    2 17:09:04       -5.691822*       0.1178
GPMin:    3 17:09:14       -5.747658*       0.1135
GPMin:    4 17:09:24       -5.800327*       0.1115
GPMin:    5 17:09:35       -5.852738*       0.1035
GPMin:    6 17:09:46       -5.886202*       0.0715
GPMin:    7 17:09:55       -5.900600*       0.0355
GPMin:    8 17:10:04       -5.904307*       0.0233
GPMin:    9 17:10:14       -5.905829*       0.0182
       Step     Time          Energy         fmax
*Force-consistent energies used in optimization.
GPMin:    0 17:10:33       -5.632387*       0.5148
GPMin:    1 17:10:47       -5.737942*       0.1074
GPMin:    2 17:10:59       -5.751661*       0.0492
GPMin:    3 17:11:09       -5.752840*       0.0598
GPMin:    4 17:11:20       -5.756086*       0.0435
GPMin:    5 17:11:30       -5.759811*       0.0342
GPMin:    6 17:11:39       -5.762102*       0.0214
GPMin:    7 17:11:49       -5.763220*       0.0097
       Step     Time          Energy         fmax
*Force-consistent energies used in optimization.
GPMin:    0 17:12:08       -5.577381*       0.3444
GPMin:    1 17:12:21       -5.679433*       0.1931
GPMin:    2 17:12:33       -5.740419*       0.1016
GPMin:    3 17:12:44       -5.789959*       0.1053
GPMin:    4 17:12:55       -5.840924*       0.0922
GPMin:    5 17:13:06       -5.875916*       0.0712
GPMin:    6 17:13:15       -5.894288*       0.0487
GPMin:    7 17:13:25       -5.902833*       0.0312
GPMin:    8 17:13:34       -5.905319*       0.0201
GPMin:    9 17:13:44       -5.907321*       0.0154
       Step     Time          Energy         fmax
*Force-consistent energies used in optimization.
GPMin:    0 17:14:03       -5.527995*       0.4783
GPMin:    1 17:14:16       -5.659859*       0.1467
GPMin:    2 17:14:28       -5.713544*       0.1222
GPMin:    3 17:14:40       -5.773745*       0.1140
GPMin:    4 17:14:51       -5.822916*       0.1032
GPMin:    5 17:15:02       -5.866686*       0.0854
GPMin:    6 17:15:11       -5.890381*       0.0558
GPMin:    7 17:15:21       -5.900689*       0.0389
GPMin:    8 17:15:30       -5.904466*       0.0246
GPMin:    9 17:15:38       -5.906125*       0.0178
       Step     Time          Energy         fmax
*Force-consistent energies used in optimization.
GPMin:    0 17:15:57       -5.671062*       0.2211
GPMin:    1 17:16:10       -5.732278*       0.0940
GPMin:    2 17:16:22       -5.735976*       0.0939
GPMin:    3 17:16:34       -5.747231*       0.0551
GPMin:    4 17:16:43       -5.753043*       0.0297
GPMin:    5 17:16:54       -5.754606*       0.0589
GPMin:    6 17:17:06       -5.757310*       0.0631
GPMin:    7 17:17:17       -5.762598*       0.0245
GPMin:    8 17:17:26       -5.763393*       0.0274
GPMin:    9 17:17:47       -5.764192*       0.0073
       Step     Time          Energy         fmax
*Force-consistent energies used in optimization.
GPMin:    0 17:18:06       -4.991226*       0.8308
GPMin:    1 17:18:18       -5.331265*       0.2361
GPMin:    2 17:18:29       -5.442862*       0.2366
GPMin:    3 17:18:39       -5.525747*       0.2366
GPMin:    4 17:18:50       -5.609349*       0.1846
GPMin:    5 17:19:00       -5.663514*       0.1088
GPMin:    6 17:19:10       -5.693434*       0.1142
GPMin:    7 17:19:20       -5.733107*       0.1188
GPMin:    8 17:19:30       -5.776559*       0.1132
GPMin:    9 17:19:39       -5.822084*       0.1094
GPMin:   10 17:19:48       -5.864969*       0.0957
GPMin:   11 17:19:58       -5.891923*       0.0685
GPMin:   12 17:20:06       -5.900659*       0.0442
GPMin:   13 17:20:13       -5.903397*       0.0441
GPMin:   14 17:20:22       -5.905890*       0.0196
       Step     Time          Energy         fmax
*Force-consistent energies used in optimization.
GPMin:    0 17:20:38       -5.468511*       0.4065
GPMin:    1 17:20:50       -5.617460*       0.1843
GPMin:    2 17:21:00       -5.674432*       0.1127
GPMin:    3 17:21:11       -5.707707*       0.0784
GPMin:    4 17:21:20       -5.728990*       0.0587
GPMin:    5 17:21:29       -5.745901*       0.0550
GPMin:    6 17:21:39       -5.760164*       0.0477
GPMin:    7 17:21:48       -5.771681*       0.0355
GPMin:    8 17:21:57       -5.780148*       0.0358
GPMin:    9 17:22:05       -5.790733*       0.0520
GPMin:   10 17:22:14       -5.807376*       0.0594
GPMin:   11 17:22:23       -5.829609*       0.0644
GPMin:   12 17:22:33       -5.857223*       0.0696
GPMin:   13 17:22:42       -5.882688*       0.0609
GPMin:   14 17:22:52       -5.898522*       0.0369
GPMin:   15 17:23:00       -5.903525*       0.0307
GPMin:   16 17:23:08       -5.905965*       0.0243
GPMin:   17 17:23:16       -5.907697*       0.0155
       Step     Time          Energy         fmax
*Force-consistent energies used in optimization.
GPMin:    0 17:23:32       -5.509871*       0.4819
GPMin:    1 17:23:43       -5.650328*       0.1412
GPMin:    2 17:23:54       -5.691822*       0.1178
GPMin:    3 17:24:05       -5.747657*       0.1135
GPMin:    4 17:24:14       -5.800326*       0.1115
GPMin:    5 17:24:24       -5.852738*       0.1035
GPMin:    6 17:24:35       -5.886202*       0.0715
GPMin:    7 17:24:44       -5.900600*       0.0355
GPMin:    8 17:24:52       -5.904307*       0.0233
GPMin:    9 17:25:01       -5.905829*       0.0182
       Step     Time          Energy         fmax
*Force-consistent energies used in optimization.
GPMin:    0 17:25:17       -5.527995*       0.4783
GPMin:    1 17:25:28       -5.659861*       0.1467
GPMin:    2 17:25:39       -5.713556*       0.1222
GPMin:    3 17:25:50       -5.773753*       0.1140
GPMin:    4 17:26:00       -5.822930*       0.1032
GPMin:    5 17:26:09       -5.866696*       0.0854
GPMin:    6 17:26:18       -5.890385*       0.0558
GPMin:    7 17:26:26       -5.900691*       0.0389
GPMin:    8 17:26:35       -5.904467*       0.0246
GPMin:    9 17:26:42       -5.906125*       0.0178
       Step     Time          Energy         fmax
*Force-consistent energies used in optimization.
GPMin:    0 17:26:58       -5.311649*       0.4921
GPMin:    1 17:27:09       -5.483668*       0.2004
GPMin:    2 17:27:20       -5.569900*       0.1606
GPMin:    3 17:27:32       -5.635208*       0.1485
GPMin:    4 17:27:43       -5.672870*       0.1489
GPMin:    5 17:27:52       -5.724181*       0.1355
GPMin:    6 17:28:02       -5.759683*       0.0924
GPMin:    7 17:28:12       -5.780083*       0.0699
GPMin:    8 17:28:20       -5.795346*       0.0785
GPMin:    9 17:28:30       -5.809247*       0.0621
GPMin:   10 17:28:38       -5.822917*       0.0671
GPMin:   11 17:28:48       -5.838370*       0.0742
GPMin:   12 17:28:58       -5.860266*       0.0799
GPMin:   13 17:29:07       -5.883551*       0.0672
GPMin:   14 17:29:17       -5.897934*       0.0440
GPMin:   15 17:29:26       -5.903433*       0.0287
GPMin:   16 17:29:33       -5.905392*       0.0268
GPMin:   17 17:29:42       -5.907286*       0.0211
GPMin:   18 17:29:49       -5.908035*       0.0102
       Step     Time          Energy         fmax
*Force-consistent energies used in optimization.
GPMin:    0 17:30:05       -5.397233*       0.2631
GPMin:    1 17:30:16       -5.536844*       0.1724
GPMin:    2 17:30:26       -5.605641*       0.1438
GPMin:    3 17:30:36       -5.649076*       0.1493
GPMin:    4 17:30:46       -5.702595*       0.1466
GPMin:    5 17:30:55       -5.750128*       0.1063
GPMin:    6 17:31:05       -5.774784*       0.0649
GPMin:    7 17:31:13       -5.789154*       0.0751
GPMin:    8 17:31:23       -5.804673*       0.0581
GPMin:    9 17:31:32       -5.819507*       0.0607
GPMin:   10 17:31:41       -5.838117*       0.0705
GPMin:   11 17:31:51       -5.862899*       0.0770
GPMin:   12 17:32:02       -5.888348*       0.0656
GPMin:   13 17:32:12       -5.901427*       0.0326
GPMin:   14 17:32:20       -5.904430*       0.0303
GPMin:   15 17:32:29       -5.906361*       0.0207
GPMin:   16 17:32:37       -5.907672*       0.0135
       Step     Time          Energy         fmax
*Force-consistent energies used in optimization.
GPMin:    0 17:32:53       -5.623382*       0.3988
GPMin:    1 17:33:05       -5.713495*       0.1506
GPMin:    2 17:33:16       -5.750795*       0.0565
GPMin:    3 17:33:25       -5.757812*       0.0389
GPMin:    4 17:33:35       -5.760983*       0.0141
       Step     Time          Energy         fmax
*Force-consistent energies used in optimization.
GPMin:    0 17:33:51       -5.226055*       0.6473
GPMin:    1 17:34:02       -5.482516*       0.1799
GPMin:    2 17:34:13       -5.533937*       0.1518
GPMin:    3 17:34:23       -5.580593*       0.1151
GPMin:    4 17:34:33       -5.614231*       0.0650
GPMin:    5 17:34:43       -5.630583*       0.0633
GPMin:    6 17:34:52       -5.652140*       0.0748
GPMin:    7 17:35:01       -5.678603*       0.0768
GPMin:    8 17:35:11       -5.706685*       0.0830
GPMin:    9 17:35:20       -5.736807*       0.0874
GPMin:   10 17:35:29       -5.765448*       0.0770
GPMin:   11 17:35:39       -5.787390*       0.0569
GPMin:   12 17:35:48       -5.801943*       0.0466
GPMin:   13 17:35:57       -5.812503*       0.0539
GPMin:   14 17:36:05       -5.825009*       0.0668
GPMin:   15 17:36:14       -5.843456*       0.0778
GPMin:   16 17:36:24       -5.867172*       0.0809
GPMin:   17 17:36:33       -5.889503*       0.0622
GPMin:   18 17:36:42       -5.902321*       0.0314
GPMin:   19 17:36:51       -5.904921*       0.0233
GPMin:   20 17:36:58       -5.906371*       0.0213
GPMin:   21 17:37:06       -5.907603*       0.0165
       Step     Time          Energy         fmax
*Force-consistent energies used in optimization.
GPMin:    0 17:37:23       -5.577381*       0.3443
GPMin:    1 17:37:34       -5.679421*       0.1932
GPMin:    2 17:37:45       -5.740407*       0.1016
GPMin:    3 17:37:54       -5.789939*       0.1053
GPMin:    4 17:38:03       -5.840910*       0.0922
GPMin:    5 17:38:13       -5.875908*       0.0712
GPMin:    6 17:38:21       -5.894282*       0.0487
GPMin:    7 17:38:29       -5.902831*       0.0312
GPMin:    8 17:38:38       -5.905318*       0.0201
GPMin:    9 17:38:46       -5.907320*       0.0154
       Step     Time          Energy         fmax
*Force-consistent energies used in optimization.
GPMin:    0 17:39:01       -5.226055*       0.6474
GPMin:    1 17:39:13       -5.482514*       0.1800
GPMin:    2 17:39:23       -5.533939*       0.1518
GPMin:    3 17:39:34       -5.580592*       0.1151
GPMin:    4 17:39:44       -5.614233*       0.0650
GPMin:    5 17:39:53       -5.630586*       0.0634
GPMin:    6 17:40:03       -5.652147*       0.0748
GPMin:    7 17:40:12       -5.678612*       0.0768
GPMin:    8 17:40:21       -5.706693*       0.0830
GPMin:    9 17:40:31       -5.736812*       0.0874
GPMin:   10 17:40:40       -5.765449*       0.0770
GPMin:   11 17:40:49       -5.787387*       0.0569
GPMin:   12 17:40:59       -5.801940*       0.0466
GPMin:   13 17:41:07       -5.812503*       0.0539
GPMin:   14 17:41:15       -5.825009*       0.0668
GPMin:   15 17:41:24       -5.843456*       0.0778
GPMin:   16 17:41:34       -5.867175*       0.0809
GPMin:   17 17:41:43       -5.889505*       0.0622
GPMin:   18 17:41:52       -5.902322*       0.0314
GPMin:   19 17:42:01       -5.904921*       0.0233
GPMin:   20 17:42:08       -5.906372*       0.0213
GPMin:   21 17:42:16       -5.907603*       0.0165
       Step     Time          Energy         fmax
*Force-consistent energies used in optimization.
GPMin:    0 17:42:32       -5.689777*       0.2478
GPMin:    1 17:42:44       -5.739094*       0.1245
GPMin:    2 17:42:54       -5.749523*       0.0881
GPMin:    3 17:43:05       -5.758899*       0.0545
GPMin:    4 17:43:13       -5.760326*       0.0448
GPMin:    5 17:43:22       -5.760509*       0.0676
GPMin:    6 17:43:31       -5.761595*       0.0432
GPMin:    7 17:43:40       -5.763642*       0.0174
       Step     Time          Energy         fmax
*Force-consistent energies used in optimization.
GPMin:    0 17:43:57       -5.527995*       0.4782
GPMin:    1 17:44:08       -5.659873*       0.1467
GPMin:    2 17:44:18       -5.713574*       0.1221
GPMin:    3 17:44:29       -5.773760*       0.1140
GPMin:    4 17:44:38       -5.822946*       0.1032
GPMin:    5 17:44:48       -5.866707*       0.0854
GPMin:    6 17:44:56       -5.890392*       0.0558
GPMin:    7 17:45:04       -5.900694*       0.0389
GPMin:    8 17:45:12       -5.904468*       0.0246
GPMin:    9 17:45:19       -5.906126*       0.0178
       Step     Time          Energy         fmax
*Force-consistent energies used in optimization.
GPMin:    0 17:45:36       -5.670068*       0.1680
GPMin:    1 17:45:46       -5.725733*       0.1118
GPMin:    2 17:45:58       -5.732935*       0.1065
GPMin:    3 17:46:08       -5.745372*       0.0436
GPMin:    4 17:46:18       -5.748894*       0.0182
       Step     Time          Energy         fmax
*Force-consistent energies used in optimization.
GPMin:    0 17:46:33       -5.721943*       0.1226
GPMin:    1 17:46:56       -5.722919*       0.1429
GPMin:    2 17:47:06       -5.740606*       0.0691
GPMin:    3 17:47:17       -5.745267*       0.0657
GPMin:    4 17:47:39       -5.755665*       0.0565
GPMin:    5 17:47:48       -5.758413*       0.0584
GPMin:    6 17:48:08       -5.763241*       0.0313
GPMin:    7 17:48:16       -5.763634*       0.0198
       Step     Time          Energy         fmax
*Force-consistent energies used in optimization.
GPMin:    0 17:48:32       -5.718953*       0.2663
GPMin:    1 17:48:44       -5.733675*       0.1694
GPMin:    2 17:48:55       -5.744513*       0.1498
GPMin:    3 17:49:06       -5.760787*       0.0548
GPMin:    4 17:49:37       -5.764063*       0.0069
       Step     Time          Energy         fmax
*Force-consistent energies used in optimization.
GPMin:    0 17:49:59       -4.701831*       1.1139
GPMin:    1 17:50:14       -5.150040*       0.4179
GPMin:    2 17:50:28       -5.334461*       0.2994
GPMin:    3 17:50:39       -5.469041*       0.2414
GPMin:    4 17:50:50       -5.573642*       0.1946
GPMin:    5 17:51:00       -5.641118*       0.1594
GPMin:    6 17:51:11       -5.673866*       0.1169
GPMin:    7 17:51:20       -5.690637*       0.1039
GPMin:    8 17:51:29       -5.706821*       0.0909
GPMin:    9 17:51:39       -5.720751*       0.0814
GPMin:   10 17:51:48       -5.731542*       0.0666
GPMin:   11 17:51:56       -5.738354*       0.0449
GPMin:   12 17:52:04       -5.740970*       0.0286
GPMin:   13 17:52:12       -5.741689*       0.0185
       Step     Time          Energy         fmax
*Force-consistent energies used in optimization.
GPMin:    0 17:52:27       -5.237521*       0.6881
GPMin:    1 17:52:38       -5.519803*       0.1772
GPMin:    2 17:52:48       -5.570936*       0.1471
GPMin:    3 17:52:59       -5.601872*       0.1088
GPMin:    4 17:53:08       -5.630174*       0.0733
GPMin:    5 17:53:16       -5.647750*       0.0749
GPMin:    6 17:53:26       -5.677291*       0.0723
GPMin:    7 17:53:35       -5.707590*       0.0834
GPMin:    8 17:53:45       -5.743007*       0.0958
GPMin:    9 17:53:54       -5.779965*       0.0892
GPMin:   10 17:54:03       -5.809021*       0.0586
GPMin:   11 17:54:12       -5.825577*       0.0627
GPMin:   12 17:54:20       -5.840314*       0.0646
GPMin:   13 17:54:28       -5.857110*       0.0778
GPMin:   14 17:54:38       -5.877247*       0.0786
GPMin:   15 17:54:48       -5.895043*       0.0567
GPMin:   16 17:54:57       -5.902842*       0.0299
GPMin:   17 17:55:05       -5.904823*       0.0288
GPMin:   18 17:55:13       -5.906696*       0.0200
       Step     Time          Energy         fmax
*Force-consistent energies used in optimization.
GPMin:    0 17:55:32       -4.942750*       0.6966
GPMin:    1 17:55:43       -5.312832*       0.2313
GPMin:    2 17:55:56       -5.424574*       0.1768
GPMin:    3 17:56:06       -5.479674*       0.1887
GPMin:    4 17:56:17       -5.551970*       0.1988
GPMin:    5 17:56:28       -5.621260*       0.1882
GPMin:    6 17:56:38       -5.675080*       0.1487
GPMin:    7 17:56:49       -5.708983*       0.0801
GPMin:    8 17:56:59       -5.720554*       0.0613
GPMin:    9 17:57:08       -5.723601*       0.0348
GPMin:   10 17:57:17       -5.725320*       0.0158
       Step     Time          Energy         fmax
*Force-consistent energies used in optimization.
GPMin:    0 17:57:34       -5.331787*       0.4085
GPMin:    1 17:57:47       -5.454993*       0.1370
GPMin:    2 17:57:58       -5.509585*       0.1039
GPMin:    3 17:58:08       -5.534773*       0.0434
GPMin:    4 17:58:16       -5.538447*       0.0291
GPMin:    5 17:58:26       -5.544260*       0.0472
GPMin:    6 17:58:36       -5.565355*       0.0709
GPMin:    7 17:58:46       -5.604833*       0.0863
GPMin:    8 17:58:57       -5.653112*       0.0937
GPMin:    9 17:59:07       -5.691856*       0.0960
GPMin:   10 17:59:18       -5.720012*       0.0711
GPMin:   11 17:59:28       -5.735788*       0.0370
GPMin:   12 17:59:37       -5.741795*       0.0388
GPMin:   13 17:59:47       -5.749299*       0.0410
GPMin:   14 17:59:55       -5.752577*       0.0260
GPMin:   15 18:00:03       -5.755076*       0.0263
GPMin:   16 18:00:11       -5.757208*       0.0155
       Step     Time          Energy         fmax
*Force-consistent energies used in optimization.
GPMin:    0 18:00:26       -5.437233*       0.3835
GPMin:    1 18:00:38       -5.575157*       0.1325
GPMin:    2 18:00:49       -5.628533*       0.1222
GPMin:    3 18:01:00       -5.678430*       0.0989
GPMin:    4 18:01:09       -5.711289*       0.0820
GPMin:    5 18:01:18       -5.729343*       0.0768
GPMin:    6 18:01:28       -5.743253*       0.0483
GPMin:    7 18:01:36       -5.751612*       0.0224
GPMin:    8 18:01:44       -5.755287*       0.0212
GPMin:    9 18:01:52       -5.758005*       0.0221
GPMin:   10 18:02:00       -5.760273*       0.0183
       Step     Time          Energy         fmax
*Force-consistent energies used in optimization.
GPMin:    0 18:02:16       -5.689777*       0.2478
GPMin:    1 18:02:28       -5.739086*       0.1246
GPMin:    2 18:02:38       -5.749528*       0.0881
GPMin:    3 18:02:49       -5.758890*       0.0547
GPMin:    4 18:02:57       -5.760322*       0.0448
GPMin:    5 18:03:06       -5.760501*       0.0676
GPMin:    6 18:03:16       -5.761587*       0.0432
GPMin:    7 18:03:24       -5.763637*       0.0175
       Step     Time          Energy         fmax
*Force-consistent energies used in optimization.
GPMin:    0 18:03:39       -5.717502*       0.1137
GPMin:    1 18:03:49       -5.720911*       0.1160
GPMin:    2 18:04:11       -5.741213*       0.0537
GPMin:    3 18:04:32       -5.746184*       0.0816
GPMin:    4 18:04:42       -5.757493*       0.0333
GPMin:    5 18:04:51       -5.758383*       0.0573
GPMin:    6 18:05:12       -5.761879*       0.0330
GPMin:    7 18:05:20       -5.763439*       0.0193
       Step     Time          Energy         fmax
*Force-consistent energies used in optimization.
GPMin:    0 18:05:36       -5.506210*       0.2439
GPMin:    1 18:05:46       -5.627262*       0.1953
GPMin:    2 18:05:57       -5.703281*       0.1489
GPMin:    3 18:06:06       -5.743055*       0.0484
GPMin:    4 18:06:14       -5.748886*       0.0257
GPMin:    5 18:06:22       -5.750717*       0.0179
       Step     Time          Energy         fmax
*Force-consistent energies used in optimization.
GPMin:    0 18:06:38       -5.333751*       0.3660
GPMin:    1 18:06:48       -5.440607*       0.1694
GPMin:    2 18:06:59       -5.500399*       0.1168
GPMin:    3 18:07:09       -5.543645*       0.0930
GPMin:    4 18:07:18       -5.572472*       0.1094
GPMin:    5 18:07:27       -5.611426*       0.0872
GPMin:    6 18:07:37       -5.640157*       0.0687
GPMin:    7 18:07:46       -5.670467*       0.0789
GPMin:    8 18:07:55       -5.711831*       0.0940
GPMin:    9 18:08:05       -5.756949*       0.0978
GPMin:   10 18:08:14       -5.801946*       0.1068
GPMin:   11 18:08:23       -5.838148*       0.1008
GPMin:   12 18:08:33       -5.864104*       0.0758
GPMin:   13 18:08:41       -5.881538*       0.0622
GPMin:   14 18:08:49       -5.894345*       0.0581
GPMin:   15 18:08:58       -5.901882*       0.0360
GPMin:   16 18:09:06       -5.904373*       0.0324
GPMin:   17 18:09:14       -5.906699*       0.0250
GPMin:   18 18:09:22       -5.907832*       0.0100
       Step     Time          Energy         fmax
*Force-consistent energies used in optimization.
GPMin:    0 18:09:36       -5.397527*       0.5816
GPMin:    1 18:09:46       -5.650641*       0.1645
GPMin:    2 18:09:56       -5.700916*       0.1068
GPMin:    3 18:10:06       -5.717337*       0.0584
GPMin:    4 18:10:14       -5.724312*       0.0339
GPMin:    5 18:10:23       -5.726841*       0.0208
GPMin:    6 18:10:31       -5.727919*       0.0197
       Step     Time          Energy         fmax
*Force-consistent energies used in optimization.
GPMin:    0 18:10:48       -5.450376*       0.3206
GPMin:    1 18:10:59       -5.534052*       0.1162
GPMin:    2 18:11:09       -5.568694*       0.1082
GPMin:    3 18:11:20       -5.612552*       0.1072
GPMin:    4 18:11:32       -5.664849*       0.1122
GPMin:    5 18:11:44       -5.712640*       0.0861
GPMin:    6 18:11:56       -5.735040*       0.0357
GPMin:    7 18:12:06       -5.738617*       0.0228
GPMin:    8 18:12:15       -5.740916*       0.0163
       Step     Time          Energy         fmax
*Force-consistent energies used in optimization.
GPMin:    0 18:12:34       -5.462057*       0.4136
GPMin:    1 18:12:45       -5.631823*       0.1980
GPMin:    2 18:12:56       -5.715029*       0.1652
GPMin:    3 18:13:07       -5.750047*       0.0651
GPMin:    4 18:13:16       -5.760003*       0.0384
GPMin:    5 18:13:25       -5.762472*       0.0110
       Step     Time          Energy         fmax
*Force-consistent energies used in optimization.
GPMin:    0 18:13:43       -5.275476*       0.9794
GPMin:    1 18:13:55       -5.578323*       0.2493
GPMin:    2 18:14:07       -5.641571*       0.2416
GPMin:    3 18:14:18       -5.692743*       0.1833
GPMin:    4 18:14:29       -5.726417*       0.0631
GPMin:    5 18:14:37       -5.732773*       0.0654
GPMin:    6 18:14:46       -5.742847*       0.0356
GPMin:    7 18:14:55       -5.747532*       0.0352
GPMin:    8 18:15:04       -5.753088*       0.0283
GPMin:    9 18:15:13       -5.756384*       0.0200
GPMin:   10 18:15:22       -5.758989*       0.0154
       Step     Time          Energy         fmax
*Force-consistent energies used in optimization.
GPMin:    0 18:15:37       -5.538133*       0.7369
GPMin:    1 18:15:49       -5.729377*       0.0696
GPMin:    2 18:16:11       -5.745043*       0.0420
GPMin:    3 18:16:19       -5.747832*       0.0203
GPMin:    4 18:16:28       -5.749916*       0.0165
       Step     Time          Energy         fmax
*Force-consistent energies used in optimization.
GPMin:    0 18:16:44       -5.466736*       0.4065
GPMin:    1 18:16:56       -5.612964*       0.1971
GPMin:    2 18:17:06       -5.675119*       0.1973
GPMin:    3 18:17:17       -5.729259*       0.1058
GPMin:    4 18:17:27       -5.744337*       0.0281
GPMin:    5 18:17:34       -5.746573*       0.0193
       Step     Time          Energy         fmax
*Force-consistent energies used in optimization.
GPMin:    0 18:17:51       -5.428436*       0.3489
GPMin:    1 18:18:01       -5.568044*       0.1184
GPMin:    2 18:18:12       -5.606915*       0.1175
GPMin:    3 18:18:23       -5.641291*       0.1094
GPMin:    4 18:18:33       -5.668820*       0.1027
GPMin:    5 18:18:42       -5.700122*       0.0761
GPMin:    6 18:18:52       -5.719031*       0.0378
GPMin:    7 18:19:01       -5.725595*       0.0367
GPMin:    8 18:19:11       -5.732443*       0.0354
GPMin:    9 18:19:20       -5.741739*       0.0394
GPMin:   10 18:19:31       -5.753264*       0.0380
GPMin:   11 18:19:41       -5.767020*       0.0523
GPMin:   12 18:19:51       -5.777442*       0.0480
GPMin:   13 18:20:00       -5.789125*       0.0434
GPMin:   14 18:20:10       -5.806886*       0.0639
GPMin:   15 18:20:20       -5.830951*       0.0661
GPMin:   16 18:20:30       -5.852847*       0.0813
GPMin:   17 18:20:40       -5.879641*       0.0755
GPMin:   18 18:20:51       -5.899309*       0.0434
GPMin:   19 18:20:59       -5.903829*       0.0321
GPMin:   20 18:21:08       -5.906285*       0.0170
       Step     Time          Energy         fmax
*Force-consistent energies used in optimization.
GPMin:    0 18:21:23       -5.477413*       0.2061
GPMin:    1 18:21:34       -5.605841*       0.1679
GPMin:    2 18:21:45       -5.696988*       0.1672
GPMin:    3 18:21:55       -5.762060*       0.1658
GPMin:    4 18:22:04       -5.821164*       0.1482
GPMin:    5 18:22:14       -5.869461*       0.0982
GPMin:    6 18:22:24       -5.891765*       0.0529
GPMin:    7 18:22:32       -5.899731*       0.0518
GPMin:    8 18:22:41       -5.903880*       0.0294
GPMin:    9 18:22:50       -5.906108*       0.0209
GPMin:   10 18:22:57       -5.907619*       0.0129
       Step     Time          Energy         fmax
*Force-consistent energies used in optimization.
GPMin:    0 18:23:14       -5.635110*       0.2083
GPMin:    1 18:23:26       -5.710694*       0.1333
GPMin:    2 18:23:37       -5.741655*       0.0727
GPMin:    3 18:23:48       -5.750997*       0.0421
GPMin:    4 18:23:57       -5.755263*       0.0281
GPMin:    5 18:24:06       -5.758635*       0.0207
GPMin:    6 18:24:15       -5.761340*       0.0217
GPMin:    7 18:24:23       -5.762605*       0.0166
       Step     Time          Energy         fmax
*Force-consistent energies used in optimization.
GPMin:    0 18:24:39       -5.237521*       0.6882
GPMin:    1 18:24:50       -5.519801*       0.1772
GPMin:    2 18:25:01       -5.570930*       0.1471
GPMin:    3 18:25:12       -5.601865*       0.1088
GPMin:    4 18:25:21       -5.630170*       0.0733
GPMin:    5 18:25:30       -5.647745*       0.0749
GPMin:    6 18:25:40       -5.677283*       0.0723
GPMin:    7 18:25:49       -5.707581*       0.0834
GPMin:    8 18:25:59       -5.742994*       0.0958
GPMin:    9 18:26:09       -5.779950*       0.0892
GPMin:   10 18:26:18       -5.809009*       0.0586
GPMin:   11 18:26:27       -5.825568*       0.0627
GPMin:   12 18:26:36       -5.840306*       0.0646
GPMin:   13 18:26:44       -5.857102*       0.0778
GPMin:   14 18:26:54       -5.877236*       0.0786
GPMin:   15 18:27:04       -5.895038*       0.0567
GPMin:   16 18:27:13       -5.902842*       0.0299
GPMin:   17 18:27:21       -5.904822*       0.0288
GPMin:   18 18:27:29       -5.906696*       0.0200
       Step     Time          Energy         fmax
*Force-consistent energies used in optimization.
GPMin:    0 18:27:45       -5.716215*       0.1436
GPMin:    1 18:27:55       -5.739870*       0.1094
GPMin:    2 18:28:19       -5.742143*       0.1101
GPMin:    3 18:28:30       -5.758106*       0.0594
GPMin:    4 18:29:13       -5.760820*       0.0452
GPMin:    5 18:29:22       -5.763820*       0.0078
       Step     Time          Energy         fmax
*Force-consistent energies used in optimization.
GPMin:    0 18:29:39       -5.528219*       0.1828
GPMin:    1 18:29:51       -5.615388*       0.1325
GPMin:    2 18:30:01       -5.664789*       0.1278
GPMin:    3 18:30:12       -5.703485*       0.0924
GPMin:    4 18:30:22       -5.725631*       0.0469
GPMin:    5 18:30:32       -5.734944*       0.0377
GPMin:    6 18:30:41       -5.744400*       0.0345
GPMin:    7 18:30:51       -5.753734*       0.0344
GPMin:    8 18:31:01       -5.765062*       0.0328
GPMin:    9 18:31:10       -5.777763*       0.0407
GPMin:   10 18:31:20       -5.799913*       0.0511
GPMin:   11 18:31:30       -5.825099*       0.0677
GPMin:   12 18:31:40       -5.849931*       0.0832
GPMin:   13 18:31:49       -5.878616*       0.0744
GPMin:   14 18:31:59       -5.899242*       0.0405
GPMin:   15 18:32:07       -5.904098*       0.0299
GPMin:   16 18:32:16       -5.906192*       0.0214
GPMin:   17 18:32:24       -5.907676*       0.0143
       Step     Time          Energy         fmax
*Force-consistent energies used in optimization.
GPMin:    0 18:32:41       -5.190495*       0.6253
GPMin:    1 18:32:53       -5.481094*       0.2477
GPMin:    2 18:33:04       -5.571499*       0.2260
GPMin:    3 18:33:15       -5.631533*       0.1697
GPMin:    4 18:33:25       -5.669837*       0.1004
GPMin:    5 18:33:35       -5.687201*       0.1022
GPMin:    6 18:33:45       -5.707600*       0.0866
GPMin:    7 18:33:54       -5.720983*       0.0665
GPMin:    8 18:34:03       -5.733894*       0.0461
GPMin:    9 18:34:13       -5.742939*       0.0509
GPMin:   10 18:34:21       -5.749233*       0.0358
GPMin:   11 18:34:30       -5.752768*       0.0236
GPMin:   12 18:34:39       -5.754612*       0.0237
GPMin:   13 18:34:48       -5.756836*       0.0197
       Step     Time          Energy         fmax
*Force-consistent energies used in optimization.
GPMin:    0 18:35:04       -5.640846*       0.3752
GPMin:    1 18:35:16       -5.728073*       0.0953
GPMin:    2 18:35:27       -5.738367*       0.0699
GPMin:    3 18:35:37       -5.741022*       0.0397
GPMin:    4 18:35:47       -5.743023*       0.0161
       Step     Time          Energy         fmax
*Force-consistent energies used in optimization.
GPMin:    0 18:36:03       -5.432173*       0.9890
GPMin:    1 18:36:14       -5.757604*       0.2532
GPMin:    2 18:36:26       -5.820931*       0.1984
GPMin:    3 18:36:36       -5.857805*       0.1278
GPMin:    4 18:36:48       -5.887111*       0.0803
GPMin:    5 18:36:57       -5.896309*       0.0640
GPMin:    6 18:37:07       -5.903793*       0.0286
GPMin:    7 18:37:15       -5.905262*       0.0194
       Step     Time          Energy         fmax
*Force-consistent energies used in optimization.
GPMin:    0 18:37:32       -5.717448*       0.1011
GPMin:    1 18:37:45       -5.748710*       0.1006
GPMin:    2 18:38:09       -5.752055*       0.0769
GPMin:    3 18:38:21       -5.758039*       0.0727
GPMin:    4 18:38:56       -5.763422*       0.0218
GPMin:    5 18:39:16       -5.763581*       0.0173
       Step     Time          Energy         fmax
*Force-consistent energies used in optimization.
GPMin:    0 18:39:34       -5.716215*       0.1437
GPMin:    1 18:39:46       -5.739834*       0.1096
GPMin:    2 18:40:11       -5.742265*       0.1094
GPMin:    3 18:40:23       -5.758171*       0.0589
GPMin:    4 18:41:10       -5.760668*       0.0463
GPMin:    5 18:41:20       -5.763825*       0.0078
