       Step     Time          Energy         fmax
GPMin:    0 16:25:32       -3.867905        0.3394
GPMin:    1 16:25:46       -4.088248        0.3192
GPMin:    2 16:25:57       -4.226992        0.2909
GPMin:    3 16:26:07       -4.330010        0.2573
GPMin:    4 16:26:16       -4.396138        0.2179
GPMin:    5 16:26:26       -4.488266        0.1660
GPMin:    6 16:26:35       -4.521458        0.1474
GPMin:    7 16:26:45       -4.570214        0.1481
GPMin:    8 16:26:54       -4.608348        0.1506
GPMin:    9 16:27:02       -4.638723        0.1422
GPMin:   10 16:27:11       -4.671674        0.1347
GPMin:   11 16:27:20       -4.708422        0.1335
GPMin:   12 16:27:30       -4.740475        0.1241
GPMin:   13 16:27:39       -4.772762        0.1065
GPMin:   14 16:27:48       -4.803106        0.0921
GPMin:   15 16:27:57       -4.831298        0.0805
GPMin:   16 16:28:06       -4.858636        0.0708
GPMin:   17 16:28:13       -4.880673        0.0604
GPMin:   18 16:28:21       -4.898058        0.0605
GPMin:   19 16:28:29       -4.910964        0.0543
GPMin:   20 16:28:37       -4.919970        0.0423
GPMin:   21 16:28:44       -4.927062        0.0342
GPMin:   22 16:28:52       -4.930602        0.0299
GPMin:   23 16:28:59       -4.932374        0.0199
       Step     Time          Energy         fmax
GPMin:    0 16:29:13       -4.111703        0.4476
GPMin:    1 16:29:24       -4.270651        0.2683
GPMin:    2 16:29:34       -4.388752        0.2760
GPMin:    3 16:29:43       -4.479472        0.2987
GPMin:    4 16:29:53       -4.577070        0.3008
GPMin:    5 16:30:03       -4.663104        0.2692
GPMin:    6 16:30:13       -4.735914        0.1473
GPMin:    7 16:30:22       -4.756013        0.1112
GPMin:    8 16:30:30       -4.778320        0.0948
GPMin:    9 16:30:39       -4.794497        0.0742
GPMin:   10 16:30:47       -4.816750        0.0780
GPMin:   11 16:30:56       -4.840700        0.0722
GPMin:   12 16:31:05       -4.861359        0.0906
GPMin:   13 16:31:12       -4.882969        0.0807
GPMin:   14 16:31:21       -4.900505        0.0731
GPMin:   15 16:31:29       -4.911760        0.0680
GPMin:   16 16:31:37       -4.921830        0.0424
GPMin:   17 16:31:44       -4.926540        0.0414
GPMin:   18 16:31:51       -4.929716        0.0363
GPMin:   19 16:31:59       -4.932187        0.0229
GPMin:   20 16:32:04       -4.932891        0.0206
GPMin:   21 16:32:11       -4.933692        0.0081
       Step     Time          Energy         fmax
GPMin:    0 16:32:25       -4.637620        0.6149
GPMin:    1 16:32:36       -4.763737        0.2581
GPMin:    2 16:32:46       -4.827677        0.1564
GPMin:    3 16:32:55       -4.867674        0.0920
GPMin:    4 16:33:03       -4.893837        0.0919
GPMin:    5 16:33:13       -4.915135        0.0589
GPMin:    6 16:33:21       -4.925888        0.0317
GPMin:    7 16:33:27       -4.928830        0.0253
GPMin:    8 16:33:35       -4.931248        0.0222
GPMin:    9 16:33:43       -4.932455        0.0129
       Step     Time          Energy         fmax
GPMin:    0 16:33:57       -4.444995        0.6246
GPMin:    1 16:34:08       -4.630542        0.2980
GPMin:    2 16:34:17       -4.732537        0.2637
GPMin:    3 16:34:27       -4.821230        0.2029
GPMin:    4 16:34:37       -4.880055        0.1067
GPMin:    5 16:34:47       -4.901177        0.0720
GPMin:    6 16:34:55       -4.911081        0.0556
GPMin:    7 16:35:02       -4.920347        0.0370
GPMin:    8 16:35:10       -4.924850        0.0326
GPMin:    9 16:35:18       -4.928512        0.0353
GPMin:   10 16:35:25       -4.931213        0.0248
GPMin:   11 16:35:33       -4.932711        0.0197
       Step     Time          Energy         fmax
GPMin:    0 16:35:45       -4.376447        0.3572
GPMin:    1 16:35:56       -4.542811        0.2381
GPMin:    2 16:36:07       -4.630603        0.1812
GPMin:    3 16:36:17       -4.697711        0.1154
GPMin:    4 16:36:27       -4.733410        0.1119
GPMin:    5 16:36:38       -4.769773        0.1086
GPMin:    6 16:36:48       -4.802926        0.0968
GPMin:    7 16:36:58       -4.832420        0.0826
GPMin:    8 16:37:08       -4.859366        0.0711
GPMin:    9 16:37:17       -4.884362        0.0661
GPMin:   10 16:37:25       -4.901646        0.0558
GPMin:   11 16:37:34       -4.919591        0.0434
GPMin:   12 16:37:43       -4.927791        0.0354
GPMin:   13 16:37:52       -4.931301        0.0279
GPMin:   14 16:38:01       -4.933032        0.0177
       Step     Time          Energy         fmax
GPMin:    0 16:38:19       -4.012891        0.4361
GPMin:    1 16:38:33       -4.148368        0.3656
GPMin:    2 16:38:44       -4.245795        0.1291
GPMin:    3 16:38:54       -4.282320        0.1367
GPMin:    4 16:39:04       -4.315219        0.1582
GPMin:    5 16:39:13       -4.358453        0.1901
GPMin:    6 16:39:23       -4.405769        0.2213
GPMin:    7 16:39:34       -4.482123        0.2658
GPMin:    8 16:39:44       -4.548056        0.3041
GPMin:    9 16:39:56       -4.654454        0.2898
GPMin:   10 16:40:08       -4.729187        0.2357
GPMin:   11 16:40:19       -4.781640        0.1504
GPMin:   12 16:40:29       -4.806109        0.1106
GPMin:   13 16:40:39       -4.830087        0.1349
GPMin:   14 16:40:47       -4.857630        0.0907
GPMin:   15 16:40:56       -4.881503        0.0772
GPMin:   16 16:41:06       -4.898247        0.0690
GPMin:   17 16:41:16       -4.907431        0.0604
GPMin:   18 16:41:25       -4.914437        0.0605
GPMin:   19 16:41:34       -4.920930        0.0471
GPMin:   20 16:41:42       -4.925243        0.0327
GPMin:   21 16:41:51       -4.929925        0.0276
GPMin:   22 16:41:59       -4.932151        0.0176
       Step     Time          Energy         fmax
GPMin:    0 16:42:17       -4.006462        0.5525
GPMin:    1 16:42:31       -4.211397        0.2516
GPMin:    2 16:42:42       -4.318041        0.2622
GPMin:    3 16:42:53       -4.402995        0.2820
GPMin:    4 16:43:04       -4.484538        0.3038
GPMin:    5 16:43:16       -4.586212        0.2981
GPMin:    6 16:43:27       -4.676271        0.2457
GPMin:    7 16:43:38       -4.735649        0.1479
GPMin:    8 16:43:48       -4.762983        0.0954
GPMin:    9 16:43:58       -4.777913        0.1138
GPMin:   10 16:44:08       -4.797757        0.0903
GPMin:   11 16:44:17       -4.821233        0.0737
GPMin:   12 16:44:27       -4.843667        0.0806
GPMin:   13 16:44:37       -4.864262        0.0874
GPMin:   14 16:44:45       -4.884460        0.0789
GPMin:   15 16:44:55       -4.902002        0.0671
GPMin:   16 16:45:04       -4.913106        0.0568
GPMin:   17 16:45:13       -4.921749        0.0468
GPMin:   18 16:45:22       -4.927493        0.0380
GPMin:   19 16:45:30       -4.930077        0.0381
GPMin:   20 16:45:39       -4.931710        0.0261
GPMin:   21 16:45:48       -4.932615        0.0259
GPMin:   22 16:45:54       -4.933349        0.0147
       Step     Time          Energy         fmax
GPMin:    0 16:46:11       -4.368386        0.2609
GPMin:    1 16:46:22       -4.530334        0.2633
GPMin:    2 16:46:33       -4.647416        0.2405
GPMin:    3 16:46:44       -4.749822        0.1750
GPMin:    4 16:46:54       -4.809792        0.1292
GPMin:    5 16:47:04       -4.843990        0.1050
GPMin:    6 16:47:14       -4.872829        0.0929
GPMin:    7 16:47:22       -4.897551        0.0749
GPMin:    8 16:47:30       -4.914339        0.0560
GPMin:    9 16:47:38       -4.921846        0.0435
GPMin:   10 16:47:45       -4.925578        0.0329
GPMin:   11 16:47:53       -4.928877        0.0347
GPMin:   12 16:48:01       -4.931982        0.0187
       Step     Time          Energy         fmax
GPMin:    0 16:48:16       -4.187980        0.3644
GPMin:    1 16:48:27       -4.367015        0.2170
GPMin:    2 16:48:37       -4.436895        0.1088
GPMin:    3 16:48:45       -4.456323        0.0682
GPMin:    4 16:48:54       -4.466168        0.0702
GPMin:    5 16:49:03       -4.483022        0.0543
GPMin:    6 16:49:12       -4.495110        0.0515
GPMin:    7 16:49:21       -4.512275        0.0794
GPMin:    8 16:49:29       -4.536438        0.0918
GPMin:    9 16:49:38       -4.567825        0.1039
GPMin:   10 16:49:47       -4.611205        0.1042
GPMin:   11 16:49:56       -4.659675        0.1038
GPMin:   12 16:50:04       -4.701312        0.0776
GPMin:   13 16:50:12       -4.723872        0.0636
GPMin:   14 16:50:20       -4.737798        0.0853
GPMin:   15 16:50:29       -4.765111        0.0859
GPMin:   16 16:50:37       -4.796029        0.0807
GPMin:   17 16:50:46       -4.826508        0.0763
GPMin:   18 16:50:55       -4.856561        0.0663
GPMin:   19 16:51:03       -4.880890        0.0756
GPMin:   20 16:51:12       -4.896022        0.0757
GPMin:   21 16:51:19       -4.906589        0.0643
GPMin:   22 16:51:27       -4.916985        0.0497
GPMin:   23 16:51:35       -4.924964        0.0426
GPMin:   24 16:51:43       -4.928593        0.0394
GPMin:   25 16:51:49       -4.931821        0.0304
GPMin:   26 16:51:56       -4.933658        0.0140
       Step     Time          Energy         fmax
GPMin:    0 16:52:12       -4.339110        0.4317
GPMin:    1 16:52:22       -4.550211        0.3108
GPMin:    2 16:52:33       -4.670166        0.2513
GPMin:    3 16:52:43       -4.749611        0.1616
GPMin:    4 16:52:51       -4.796120        0.1163
GPMin:    5 16:53:00       -4.838437        0.1207
GPMin:    6 16:53:09       -4.867570        0.0787
GPMin:    7 16:53:18       -4.880452        0.0389
GPMin:    8 16:53:26       -4.884725        0.0296
GPMin:    9 16:53:33       -4.887024        0.0261
GPMin:   10 16:53:41       -4.888830        0.0142
       Step     Time          Energy         fmax
GPMin:    0 16:54:03       -3.708135        0.3913
GPMin:    1 16:54:17       -4.014388        0.3337
GPMin:    2 16:54:31       -4.187110        0.2305
GPMin:    3 16:54:41       -4.259137        0.1333
GPMin:    4 16:54:52       -4.277861        0.1276
GPMin:    5 16:55:02       -4.308225        0.1536
GPMin:    6 16:55:12       -4.369402        0.1364
GPMin:    7 16:55:22       -4.403330        0.0952
GPMin:    8 16:55:30       -4.417854        0.0691
GPMin:    9 16:55:40       -4.423560        0.0544
GPMin:   10 16:55:50       -4.429071        0.0460
GPMin:   11 16:56:00       -4.434382        0.0428
GPMin:   12 16:56:08       -4.440892        0.0345
GPMin:   13 16:56:17       -4.445406        0.0302
GPMin:   14 16:56:27       -4.450354        0.0268
GPMin:   15 16:56:36       -4.453960        0.0243
GPMin:   16 16:56:45       -4.457456        0.0234
GPMin:   17 16:56:54       -4.460392        0.0260
GPMin:   18 16:57:02       -4.466437        0.0350
GPMin:   19 16:57:11       -4.475478        0.0481
GPMin:   20 16:57:19       -4.493904        0.0663
GPMin:   21 16:57:28       -4.535944        0.1051
GPMin:   22 16:57:36       -4.591343        0.1322
GPMin:   23 16:57:45       -4.666178        0.1540
GPMin:   24 16:57:53       -4.747844        0.1649
GPMin:   25 16:58:02       -4.821859        0.1448
GPMin:   26 16:58:10       -4.870466        0.0989
GPMin:   27 16:58:18       -4.887271        0.0697
GPMin:   28 16:58:25       -4.891016        0.0743
GPMin:   29 16:58:33       -4.900209        0.0768
GPMin:   30 16:58:40       -4.910928        0.0556
GPMin:   31 16:58:47       -4.918626        0.0394
GPMin:   32 16:58:55       -4.923824        0.0359
GPMin:   33 16:59:03       -4.928300        0.0322
GPMin:   34 16:59:09       -4.932157        0.0175
       Step     Time          Energy         fmax
GPMin:    0 16:59:24       -4.637620        0.6149
GPMin:    1 16:59:35       -4.763751        0.2580
GPMin:    2 16:59:44       -4.827680        0.1564
GPMin:    3 16:59:53       -4.867675        0.0920
GPMin:    4 17:00:02       -4.893838        0.0919
GPMin:    5 17:00:12       -4.915136        0.0589
GPMin:    6 17:00:19       -4.925889        0.0317
GPMin:    7 17:00:26       -4.928831        0.0253
GPMin:    8 17:00:34       -4.931248        0.0222
GPMin:    9 17:00:42       -4.932455        0.0129
       Step     Time          Energy         fmax
GPMin:    0 17:00:58       -4.567645        0.2320
GPMin:    1 17:01:10       -4.704973        0.1904
GPMin:    2 17:01:21       -4.784339        0.1493
GPMin:    3 17:01:31       -4.835699        0.1090
GPMin:    4 17:01:41       -4.866806        0.0687
GPMin:    5 17:01:51       -4.883996        0.0743
GPMin:    6 17:02:00       -4.902194        0.0613
GPMin:    7 17:02:08       -4.915577        0.0500
GPMin:    8 17:02:17       -4.925133        0.0393
GPMin:    9 17:02:26       -4.930616        0.0232
GPMin:   10 17:02:35       -4.932635        0.0149
       Step     Time          Energy         fmax
GPMin:    0 17:02:52       -4.111704        0.4477
GPMin:    1 17:03:04       -4.270585        0.2685
GPMin:    2 17:03:15       -4.388732        0.2760
GPMin:    3 17:03:26       -4.479456        0.2986
GPMin:    4 17:03:37       -4.577049        0.3008
GPMin:    5 17:03:48       -4.663085        0.2692
GPMin:    6 17:03:59       -4.735911        0.1474
GPMin:    7 17:04:09       -4.756015        0.1112
GPMin:    8 17:04:19       -4.778315        0.0948
GPMin:    9 17:04:29       -4.794494        0.0742
GPMin:   10 17:04:38       -4.816744        0.0780
GPMin:   11 17:04:48       -4.840694        0.0722
GPMin:   12 17:04:58       -4.861356        0.0905
GPMin:   13 17:05:07       -4.882968        0.0807
GPMin:   14 17:05:16       -4.900508        0.0731
GPMin:   15 17:05:25       -4.911763        0.0680
GPMin:   16 17:05:34       -4.921834        0.0424
GPMin:   17 17:05:43       -4.926542        0.0414
GPMin:   18 17:05:50       -4.929717        0.0363
GPMin:   19 17:05:59       -4.932187        0.0229
GPMin:   20 17:06:06       -4.932891        0.0206
GPMin:   21 17:06:13       -4.933692        0.0081
       Step     Time          Energy         fmax
GPMin:    0 17:06:35       -4.111517        0.2529
GPMin:    1 17:06:50       -4.302495        0.2142
GPMin:    2 17:07:03       -4.400465        0.1469
GPMin:    3 17:07:15       -4.444105        0.0653
GPMin:    4 17:07:26       -4.455795        0.0452
GPMin:    5 17:07:49       -4.462807        0.0309
GPMin:    6 17:07:57       -4.465219        0.0298
GPMin:    7 17:08:08       -4.470095        0.0235
GPMin:    8 17:08:18       -4.472967        0.0178
       Step     Time          Energy         fmax
GPMin:    0 17:08:36       -4.105637        0.3239
GPMin:    1 17:08:48       -4.296192        0.2634
GPMin:    2 17:08:59       -4.402341        0.2604
GPMin:    3 17:09:10       -4.491653        0.2079
GPMin:    4 17:09:21       -4.541068        0.1169
GPMin:    5 17:09:31       -4.567131        0.1308
GPMin:    6 17:09:41       -4.611761        0.1253
GPMin:    7 17:09:51       -4.661372        0.1370
GPMin:    8 17:10:00       -4.699029        0.1140
GPMin:    9 17:10:09       -4.717058        0.0651
GPMin:   10 17:10:17       -4.723480        0.0572
GPMin:   11 17:10:24       -4.733673        0.0586
GPMin:   12 17:10:32       -4.744463        0.0559
GPMin:   13 17:10:41       -4.758817        0.0673
GPMin:   14 17:10:50       -4.773710        0.0654
GPMin:   15 17:10:59       -4.787322        0.0455
GPMin:   16 17:11:07       -4.795904        0.0473
GPMin:   17 17:11:15       -4.803679        0.0473
GPMin:   18 17:11:23       -4.811918        0.0458
GPMin:   19 17:11:32       -4.821364        0.0472
GPMin:   20 17:11:41       -4.833862        0.0534
GPMin:   21 17:11:49       -4.847891        0.0548
GPMin:   22 17:11:58       -4.862262        0.0505
GPMin:   23 17:12:07       -4.873152        0.0516
GPMin:   24 17:12:16       -4.880615        0.0438
GPMin:   25 17:12:24       -4.883255        0.0351
GPMin:   26 17:12:32       -4.886885        0.0233
GPMin:   27 17:12:38       -4.888750        0.0158
       Step     Time          Energy         fmax
GPMin:    0 17:12:54       -4.226199        0.4536
GPMin:    1 17:13:05       -4.383778        0.1741
GPMin:    2 17:13:16       -4.437513        0.0885
GPMin:    3 17:13:26       -4.463687        0.1045
GPMin:    4 17:13:36       -4.499111        0.1066
GPMin:    5 17:13:47       -4.537286        0.1255
GPMin:    6 17:13:58       -4.586641        0.1239
GPMin:    7 17:14:09       -4.626139        0.1072
GPMin:    8 17:14:20       -4.651226        0.0998
GPMin:    9 17:14:29       -4.670510        0.0922
GPMin:   10 17:14:37       -4.692966        0.0818
GPMin:   11 17:14:46       -4.715943        0.0740
GPMin:   12 17:14:55       -4.741872        0.0747
GPMin:   13 17:15:04       -4.769761        0.0750
GPMin:   14 17:15:13       -4.800831        0.0762
GPMin:   15 17:15:23       -4.831512        0.0735
GPMin:   16 17:15:32       -4.860886        0.0733
GPMin:   17 17:15:41       -4.884429        0.0742
GPMin:   18 17:15:49       -4.900461        0.0661
GPMin:   19 17:15:58       -4.912110        0.0551
GPMin:   20 17:16:07       -4.921191        0.0445
GPMin:   21 17:16:15       -4.926421        0.0466
GPMin:   22 17:16:24       -4.930612        0.0316
GPMin:   23 17:16:33       -4.932405        0.0186
       Step     Time          Energy         fmax
GPMin:    0 17:16:49       -4.567645        0.2322
GPMin:    1 17:17:01       -4.704971        0.1903
GPMin:    2 17:17:12       -4.784345        0.1493
GPMin:    3 17:17:22       -4.835706        0.1089
GPMin:    4 17:17:32       -4.866808        0.0687
GPMin:    5 17:17:42       -4.883996        0.0743
GPMin:    6 17:17:50       -4.902196        0.0613
GPMin:    7 17:17:59       -4.915577        0.0500
GPMin:    8 17:18:07       -4.925132        0.0393
GPMin:    9 17:18:16       -4.930614        0.0232
GPMin:   10 17:18:24       -4.932635        0.0149
       Step     Time          Energy         fmax
GPMin:    0 17:18:38       -4.285468        0.2146
GPMin:    1 17:18:48       -4.391301        0.2148
GPMin:    2 17:18:58       -4.465065        0.0921
GPMin:    3 17:19:07       -4.478909        0.0470
GPMin:    4 17:19:15       -4.485466        0.0502
GPMin:    5 17:19:23       -4.509554        0.0834
GPMin:    6 17:19:32       -4.559575        0.1017
GPMin:    7 17:19:41       -4.624982        0.1495
GPMin:    8 17:19:50       -4.700835        0.1726
GPMin:    9 17:19:58       -4.775735        0.1690
GPMin:   10 17:20:07       -4.828909        0.1284
GPMin:   11 17:20:16       -4.858095        0.0951
GPMin:   12 17:20:25       -4.880147        0.1215
GPMin:   13 17:20:34       -4.904794        0.0779
GPMin:   14 17:20:41       -4.920428        0.0512
GPMin:   15 17:20:49       -4.927112        0.0359
GPMin:   16 17:20:57       -4.929779        0.0326
GPMin:   17 17:21:05       -4.931317        0.0184
       Step     Time          Energy         fmax
GPMin:    0 17:21:19       -4.341470        0.2491
GPMin:    1 17:21:30       -4.429360        0.1516
GPMin:    2 17:21:39       -4.466685        0.0473
GPMin:    3 17:21:47       -4.470047        0.0252
GPMin:    4 17:21:54       -4.470546        0.0111
       Step     Time          Energy         fmax
GPMin:    0 17:22:10       -3.957106        0.6184
GPMin:    1 17:22:23       -4.144727        0.2132
GPMin:    2 17:22:34       -4.244883        0.1562
GPMin:    3 17:22:43       -4.317706        0.1718
GPMin:    4 17:22:53       -4.363602        0.1802
GPMin:    5 17:23:03       -4.411853        0.1797
GPMin:    6 17:23:12       -4.446345        0.1795
GPMin:    7 17:23:21       -4.468442        0.1767
GPMin:    8 17:23:31       -4.519746        0.3243
GPMin:    9 17:23:40       -4.543831        0.2379
GPMin:   10 17:23:50       -4.599228        0.1505
GPMin:   11 17:23:59       -4.632562        0.1130
GPMin:   12 17:24:08       -4.667880        0.0987
GPMin:   13 17:24:16       -4.697270        0.0873
GPMin:   14 17:24:25       -4.721914        0.0774
GPMin:   15 17:24:33       -4.743578        0.0665
GPMin:   16 17:24:41       -4.761174        0.0569
GPMin:   17 17:24:48       -4.777312        0.0465
GPMin:   18 17:24:56       -4.789701        0.0354
GPMin:   19 17:25:04       -4.797299        0.0293
GPMin:   20 17:25:12       -4.801941        0.0237
GPMin:   21 17:25:20       -4.804416        0.0216
GPMin:   22 17:25:27       -4.805618        0.0221
GPMin:   23 17:25:35       -4.807350        0.0261
GPMin:   24 17:25:43       -4.809872        0.0281
GPMin:   25 17:25:52       -4.814373        0.0334
GPMin:   26 17:26:01       -4.820070        0.0411
GPMin:   27 17:26:09       -4.829370        0.0505
GPMin:   28 17:26:18       -4.841463        0.0478
GPMin:   29 17:26:27       -4.851844        0.0448
GPMin:   30 17:26:36       -4.862271        0.0616
GPMin:   31 17:26:45       -4.867800        0.0580
GPMin:   32 17:26:53       -4.871268        0.0504
GPMin:   33 17:26:59       -4.877243        0.0437
GPMin:   34 17:27:07       -4.883541        0.0292
GPMin:   35 17:27:15       -4.887745        0.0270
GPMin:   36 17:27:23       -4.889412        0.0146
       Step     Time          Energy         fmax
GPMin:    0 17:27:37       -4.637224        0.2033
GPMin:    1 17:27:48       -4.741235        0.1774
GPMin:    2 17:27:58       -4.805986        0.1527
GPMin:    3 17:28:08       -4.851752        0.0822
GPMin:    4 17:28:16       -4.875860        0.0743
GPMin:    5 17:28:23       -4.893479        0.0687
GPMin:    6 17:28:31       -4.909731        0.0508
GPMin:    7 17:28:39       -4.922906        0.0432
GPMin:    8 17:28:46       -4.930566        0.0224
GPMin:    9 17:28:52       -4.932605        0.0129
       Step     Time          Energy         fmax
GPMin:    0 17:29:06       -4.325227        0.2318
GPMin:    1 17:29:15       -4.445925        0.2144
GPMin:    2 17:29:25       -4.521119        0.1225
GPMin:    3 17:29:35       -4.560547        0.1170
GPMin:    4 17:29:44       -4.632964        0.1339
GPMin:    5 17:29:52       -4.717188        0.1563
GPMin:    6 17:30:01       -4.797543        0.1657
GPMin:    7 17:30:10       -4.854671        0.1419
GPMin:    8 17:30:19       -4.882949        0.0922
GPMin:    9 17:30:27       -4.897707        0.1076
GPMin:   10 17:30:36       -4.914006        0.0970
GPMin:   11 17:30:44       -4.925953        0.0503
GPMin:   12 17:30:52       -4.930984        0.0279
GPMin:   13 17:30:58       -4.932517        0.0174
       Step     Time          Energy         fmax
GPMin:    0 17:31:13       -4.415173        0.2342
GPMin:    1 17:31:23       -4.515991        0.1424
GPMin:    2 17:31:33       -4.570311        0.1262
GPMin:    3 17:31:43       -4.650538        0.1460
GPMin:    4 17:31:51       -4.744698        0.1697
GPMin:    5 17:32:01       -4.834786        0.1787
GPMin:    6 17:32:11       -4.898893        0.1418
GPMin:    7 17:32:21       -4.924329        0.0700
GPMin:    8 17:32:30       -4.928368        0.0475
GPMin:    9 17:32:39       -4.932293        0.0320
GPMin:   10 17:32:48       -4.933565        0.0100
       Step     Time          Energy         fmax
GPMin:    0 17:33:12       -3.766470        0.4369
GPMin:    1 17:33:25       -3.986573        0.3031
GPMin:    2 17:33:35       -4.139384        0.2648
GPMin:    3 17:33:48       -4.252780        0.2134
GPMin:    4 17:33:57       -4.328889        0.2056
GPMin:    5 17:34:09       -4.399321        0.1914
GPMin:    6 17:34:19       -4.453929        0.1265
GPMin:    7 17:34:29       -4.475419        0.0654
GPMin:    8 17:34:38       -4.479945        0.0535
GPMin:    9 17:34:47       -4.488089        0.0501
GPMin:   10 17:34:56       -4.502137        0.0828
GPMin:   11 17:35:04       -4.538395        0.0949
GPMin:   12 17:35:14       -4.593528        0.1252
GPMin:   13 17:35:24       -4.658225        0.1552
GPMin:   14 17:35:33       -4.731481        0.1725
GPMin:   15 17:35:43       -4.798808        0.1663
GPMin:   16 17:35:53       -4.846306        0.1425
GPMin:   17 17:36:03       -4.872383        0.1053
GPMin:   18 17:36:13       -4.885764        0.1035
GPMin:   19 17:36:23       -4.898571        0.1172
GPMin:   20 17:36:33       -4.912370        0.0835
GPMin:   21 17:36:41       -4.922391        0.0416
GPMin:   22 17:36:49       -4.927153        0.0308
GPMin:   23 17:36:57       -4.929345        0.0304
GPMin:   24 17:37:05       -4.931154        0.0211
GPMin:   25 17:37:14       -4.931797        0.0203
GPMin:   26 17:37:22       -4.932409        0.0190
       Step     Time          Energy         fmax
GPMin:    0 17:37:41       -4.637224        0.2034
GPMin:    1 17:37:53       -4.741195        0.1774
GPMin:    2 17:38:04       -4.805965        0.1528
GPMin:    3 17:38:16       -4.851738        0.0822
GPMin:    4 17:38:24       -4.875850        0.0743
GPMin:    5 17:38:33       -4.893473        0.0687
GPMin:    6 17:38:42       -4.909725        0.0508
GPMin:    7 17:38:51       -4.922902        0.0432
GPMin:    8 17:38:59       -4.930564        0.0224
GPMin:    9 17:39:06       -4.932605        0.0129
       Step     Time          Energy         fmax
GPMin:    0 17:39:26       -3.731484        0.5565
GPMin:    1 17:39:37       -3.976681        0.2431
GPMin:    2 17:39:48       -4.093044        0.2202
GPMin:    3 17:40:00       -4.170622        0.1503
GPMin:    4 17:40:11       -4.208192        0.1025
GPMin:    5 17:40:21       -4.222306        0.1013
GPMin:    6 17:40:31       -4.269735        0.1345
GPMin:    7 17:40:40       -4.322638        0.1378
GPMin:    8 17:40:48       -4.372465        0.1197
GPMin:    9 17:40:55       -4.402007        0.0619
GPMin:   10 17:41:03       -4.411564        0.0570
GPMin:   11 17:41:11       -4.416770        0.0520
GPMin:   12 17:41:19       -4.425974        0.0461
GPMin:   13 17:41:28       -4.434177        0.0399
GPMin:   14 17:41:37       -4.440737        0.0318
GPMin:   15 17:41:45       -4.445943        0.0283
GPMin:   16 17:41:54       -4.451180        0.0229
GPMin:   17 17:42:01       -4.454153        0.0198
       Step     Time          Energy         fmax
GPMin:    0 17:42:13       -4.474991        0.2318
GPMin:    1 17:42:22       -4.556947        0.1336
GPMin:    2 17:42:33       -4.607678        0.1192
GPMin:    3 17:42:42       -4.672153        0.1287
GPMin:    4 17:42:52       -4.727458        0.0994
GPMin:    5 17:43:01       -4.759135        0.0573
GPMin:    6 17:43:10       -4.775518        0.0814
GPMin:    7 17:43:19       -4.803485        0.0801
GPMin:    8 17:43:28       -4.836803        0.0634
GPMin:    9 17:43:37       -4.868447        0.0671
GPMin:   10 17:43:45       -4.893698        0.0684
GPMin:   11 17:43:54       -4.908027        0.0685
GPMin:   12 17:44:02       -4.917680        0.0494
GPMin:   13 17:44:10       -4.924238        0.0440
GPMin:   14 17:44:17       -4.928771        0.0392
GPMin:   15 17:44:24       -4.931491        0.0327
GPMin:   16 17:44:32       -4.933200        0.0120
       Step     Time          Energy         fmax
GPMin:    0 17:44:46       -3.974580        0.3852
GPMin:    1 17:44:57       -4.193131        0.3335
GPMin:    2 17:45:07       -4.324777        0.2350
GPMin:    3 17:45:17       -4.406622        0.1767
GPMin:    4 17:45:26       -4.472069        0.1428
GPMin:    5 17:45:34       -4.510140        0.0890
GPMin:    6 17:45:43       -4.527793        0.0887
GPMin:    7 17:45:52       -4.564663        0.1035
GPMin:    8 17:46:01       -4.618472        0.1398
GPMin:    9 17:46:09       -4.681781        0.1735
GPMin:   10 17:46:18       -4.746483        0.1939
GPMin:   11 17:46:27       -4.803081        0.1867
GPMin:   12 17:46:36       -4.848083        0.1498
GPMin:   13 17:46:46       -4.878119        0.0879
GPMin:   14 17:46:55       -4.895515        0.1161
GPMin:   15 17:47:04       -4.908247        0.0940
GPMin:   16 17:47:12       -4.920653        0.0552
GPMin:   17 17:47:19       -4.927416        0.0445
GPMin:   18 17:47:25       -4.929800        0.0316
GPMin:   19 17:47:33       -4.931570        0.0245
GPMin:   20 17:47:41       -4.932274        0.0172
       Step     Time          Energy         fmax
GPMin:    0 17:47:56       -4.209651        0.6025
GPMin:    1 17:48:06       -4.458569        0.0976
GPMin:    2 17:48:22       -4.470656        0.0105
       Step     Time          Energy         fmax
GPMin:    0 17:48:36       -4.334772        0.4337
GPMin:    1 17:48:47       -4.528191        0.2409
GPMin:    2 17:48:57       -4.616109        0.1721
GPMin:    3 17:49:07       -4.680971        0.0940
GPMin:    4 17:49:17       -4.714872        0.0987
GPMin:    5 17:49:25       -4.743091        0.0867
GPMin:    6 17:49:33       -4.771582        0.0870
GPMin:    7 17:49:42       -4.799056        0.0932
GPMin:    8 17:49:50       -4.828931        0.0791
GPMin:    9 17:49:59       -4.857882        0.0697
GPMin:   10 17:50:08       -4.883968        0.0641
GPMin:   11 17:50:17       -4.904765        0.0580
GPMin:   12 17:50:24       -4.916686        0.0578
GPMin:   13 17:50:32       -4.922518        0.0405
GPMin:   14 17:50:40       -4.926476        0.0356
GPMin:   15 17:50:48       -4.930292        0.0299
GPMin:   16 17:50:55       -4.932190        0.0218
GPMin:   17 17:51:03       -4.933396        0.0137
       Step     Time          Energy         fmax
GPMin:    0 17:51:21       -3.785675        0.2572
GPMin:    1 17:51:35       -3.959759        0.2481
GPMin:    2 17:51:49       -4.114790        0.2669
GPMin:    3 17:52:01       -4.214052        0.2624
GPMin:    4 17:52:12       -4.276587        0.2276
GPMin:    5 17:52:22       -4.304942        0.1905
GPMin:    6 17:52:31       -4.338575        0.1557
GPMin:    7 17:52:38       -4.351079        0.1832
GPMin:    8 17:52:46       -4.360671        0.1994
GPMin:    9 17:52:57       -4.470280        0.3703
GPMin:   10 17:53:07       -4.552485        0.3726
GPMin:   11 17:53:17       -4.623507        0.3332
GPMin:   12 17:53:26       -4.685981        0.2289
GPMin:   13 17:53:36       -4.716023        0.1401
GPMin:   14 17:53:46       -4.729683        0.1372
GPMin:   15 17:53:55       -4.760164        0.0981
GPMin:   16 17:54:04       -4.777177        0.0877
GPMin:   17 17:54:12       -4.793244        0.0955
GPMin:   18 17:54:20       -4.812923        0.0751
GPMin:   19 17:54:29       -4.833734        0.0853
GPMin:   20 17:54:38       -4.854286        0.0888
GPMin:   21 17:54:47       -4.873291        0.0912
GPMin:   22 17:54:54       -4.892874        0.0814
GPMin:   23 17:55:02       -4.906351        0.0622
GPMin:   24 17:55:10       -4.914486        0.0501
GPMin:   25 17:55:18       -4.920906        0.0505
GPMin:   26 17:55:25       -4.926030        0.0309
GPMin:   27 17:55:32       -4.928845        0.0345
GPMin:   28 17:55:40       -4.931197        0.0308
GPMin:   29 17:55:48       -4.931977        0.0207
GPMin:   30 17:55:55       -4.932816        0.0200
       Step     Time          Energy         fmax
GPMin:    0 17:56:09       -4.552388        0.1800
GPMin:    1 17:56:20       -4.621913        0.1953
GPMin:    2 17:56:30       -4.683940        0.1291
GPMin:    3 17:56:40       -4.740586        0.1115
GPMin:    4 17:56:50       -4.785902        0.0951
GPMin:    5 17:57:00       -4.822355        0.0774
GPMin:    6 17:57:08       -4.852360        0.0736
GPMin:    7 17:57:16       -4.877672        0.0737
GPMin:    8 17:57:24       -4.899645        0.0630
GPMin:    9 17:57:32       -4.917407        0.0484
GPMin:   10 17:57:40       -4.928391        0.0313
GPMin:   11 17:57:47       -4.930665        0.0316
GPMin:   12 17:57:55       -4.932786        0.0193
       Step     Time          Energy         fmax
GPMin:    0 17:58:09       -4.325528        0.2134
GPMin:    1 17:58:19       -4.430046        0.1707
GPMin:    2 17:58:27       -4.484924        0.0707
GPMin:    3 17:58:36       -4.500004        0.0720
GPMin:    4 17:58:45       -4.549962        0.1046
GPMin:    5 17:58:54       -4.622852        0.1313
GPMin:    6 17:59:02       -4.706268        0.1664
GPMin:    7 17:59:10       -4.785182        0.1749
GPMin:    8 17:59:19       -4.846040        0.1501
GPMin:    9 17:59:29       -4.878817        0.0855
GPMin:   10 17:59:37       -4.896140        0.1314
GPMin:   11 17:59:46       -4.916133        0.0865
GPMin:   12 17:59:54       -4.925572        0.0458
GPMin:   13 18:00:02       -4.930437        0.0333
GPMin:   14 18:00:07       -4.931710        0.0243
GPMin:   15 18:00:15       -4.932865        0.0103
       Step     Time          Energy         fmax
GPMin:    0 18:00:29       -4.772671        0.1744
GPMin:    1 18:01:00       -4.790495        0.0696
GPMin:    2 18:01:10       -4.803393        0.0705
GPMin:    3 18:01:18       -4.821580        0.1099
GPMin:    4 18:01:29       -4.856478        0.1097
GPMin:    5 18:01:39       -4.893111        0.0831
GPMin:    6 18:01:49       -4.919897        0.0729
GPMin:    7 18:01:58       -4.931992        0.0423
GPMin:    8 18:02:06       -4.933577        0.0193
       Step     Time          Energy         fmax
GPMin:    0 18:02:22       -4.567645        0.2321
GPMin:    1 18:02:33       -4.704980        0.1904
GPMin:    2 18:02:43       -4.784346        0.1493
GPMin:    3 18:02:51       -4.835699        0.1090
GPMin:    4 18:03:00       -4.866804        0.0687
GPMin:    5 18:03:09       -4.883995        0.0743
GPMin:    6 18:03:17       -4.902195        0.0613
GPMin:    7 18:03:24       -4.915576        0.0500
GPMin:    8 18:03:32       -4.925133        0.0393
GPMin:    9 18:03:40       -4.930615        0.0232
GPMin:   10 18:03:47       -4.932635        0.0149
       Step     Time          Energy         fmax
GPMin:    0 18:04:02       -4.522417        0.1227
GPMin:    1 18:04:11       -4.579634        0.2188
GPMin:    2 18:04:21       -4.676222        0.1806
GPMin:    3 18:04:29       -4.766304        0.1873
GPMin:    4 18:04:39       -4.850360        0.1625
GPMin:    5 18:04:47       -4.901382        0.1053
GPMin:    6 18:04:56       -4.915545        0.0611
GPMin:    7 18:05:04       -4.920931        0.0582
GPMin:    8 18:05:12       -4.926874        0.0278
GPMin:    9 18:05:18       -4.928839        0.0267
GPMin:   10 18:05:26       -4.931108        0.0223
GPMin:   11 18:05:33       -4.932514        0.0128
       Step     Time          Energy         fmax
GPMin:    0 18:05:47       -4.391543        0.3366
GPMin:    1 18:05:57       -4.445630        0.1069
GPMin:    2 18:06:05       -4.452987        0.0516
GPMin:    3 18:06:14       -4.457986        0.0198
       Step     Time          Energy         fmax
GPMin:    0 18:06:29       -4.147825        0.3746
GPMin:    1 18:06:39       -4.367112        0.2563
GPMin:    2 18:06:49       -4.456741        0.2214
GPMin:    3 18:06:59       -4.524978        0.2230
GPMin:    4 18:07:09       -4.582410        0.2104
GPMin:    5 18:07:19       -4.639224        0.2073
GPMin:    6 18:07:29       -4.710434        0.2177
GPMin:    7 18:07:39       -4.783579        0.2031
GPMin:    8 18:07:49       -4.838680        0.1495
GPMin:    9 18:07:58       -4.868174        0.0736
GPMin:   10 18:08:06       -4.879824        0.0601
GPMin:   11 18:08:15       -4.886039        0.0426
GPMin:   12 18:08:23       -4.888486        0.0283
GPMin:   13 18:08:31       -4.889395        0.0157
       Step     Time          Energy         fmax
GPMin:    0 18:08:57       -4.251495        0.1944
GPMin:    1 18:09:07       -4.342392        0.2028
GPMin:    2 18:09:16       -4.429805        0.1371
GPMin:    3 18:09:25       -4.457319        0.0226
GPMin:    4 18:09:33       -4.458245        0.0140
       Step     Time          Energy         fmax
GPMin:    0 18:09:58       -4.436936        0.2246
GPMin:    1 18:10:08       -4.529896        0.1322
GPMin:    2 18:10:18       -4.575084        0.1077
GPMin:    3 18:10:27       -4.644136        0.1311
GPMin:    4 18:10:35       -4.723089        0.1646
GPMin:    5 18:10:44       -4.795577        0.1735
GPMin:    6 18:10:54       -4.847594        0.1384
GPMin:    7 18:11:03       -4.876970        0.0794
GPMin:    8 18:11:12       -4.895012        0.0837
GPMin:    9 18:11:20       -4.909549        0.0481
GPMin:   10 18:11:28       -4.918460        0.0392
GPMin:   11 18:11:36       -4.923549        0.0345
GPMin:   12 18:11:43       -4.928539        0.0354
GPMin:   13 18:11:51       -4.931944        0.0152
       Step     Time          Energy         fmax
GPMin:    0 18:12:16       -4.179454        0.1965
GPMin:    1 18:12:27       -4.276105        0.2074
GPMin:    2 18:12:37       -4.387339        0.2192
GPMin:    3 18:12:47       -4.506427        0.2285
GPMin:    4 18:12:57       -4.630535        0.2043
GPMin:    5 18:13:07       -4.739043        0.1899
GPMin:    6 18:13:17       -4.816869        0.1674
GPMin:    7 18:13:26       -4.862403        0.1272
GPMin:    8 18:13:35       -4.887442        0.0787
GPMin:    9 18:13:44       -4.904681        0.0825
GPMin:   10 18:13:52       -4.916245        0.0601
GPMin:   11 18:14:00       -4.924203        0.0437
GPMin:   12 18:14:08       -4.928167        0.0285
GPMin:   13 18:14:16       -4.930311        0.0258
GPMin:   14 18:14:24       -4.931709        0.0211
GPMin:   15 18:14:32       -4.932471        0.0171
       Step     Time          Energy         fmax
GPMin:    0 18:15:07       -3.899312        0.6514
GPMin:    1 18:15:20       -4.105597        0.2270
GPMin:    2 18:15:32       -4.210978        0.2190
GPMin:    3 18:15:42       -4.291204        0.2249
GPMin:    4 18:15:52       -4.356399        0.2235
GPMin:    5 18:16:02       -4.447940        0.2145
GPMin:    6 18:16:10       -4.504990        0.1932
GPMin:    7 18:16:20       -4.569857        0.1436
GPMin:    8 18:16:28       -4.595396        0.1404
GPMin:    9 18:16:37       -4.631648        0.1433
GPMin:   10 18:16:46       -4.667732        0.1245
GPMin:   11 18:16:56       -4.704653        0.0983
GPMin:   12 18:17:06       -4.742144        0.1048
GPMin:   13 18:17:16       -4.784401        0.1017
GPMin:   14 18:17:25       -4.820286        0.0924
GPMin:   15 18:17:33       -4.853621        0.0908
GPMin:   16 18:17:42       -4.883049        0.0801
GPMin:   17 18:17:51       -4.904017        0.0641
GPMin:   18 18:18:00       -4.916671        0.0485
GPMin:   19 18:18:08       -4.922576        0.0462
GPMin:   20 18:18:15       -4.926117        0.0420
GPMin:   21 18:18:23       -4.928670        0.0315
GPMin:   22 18:18:31       -4.930332        0.0276
GPMin:   23 18:18:38       -4.931840        0.0244
GPMin:   24 18:18:45       -4.932919        0.0206
GPMin:   25 18:18:53       -4.933416        0.0102
       Step     Time          Energy         fmax
GPMin:    0 18:19:07       -4.404704        0.2593
GPMin:    1 18:19:17       -4.521743        0.1679
GPMin:    2 18:19:27       -4.566128        0.1163
GPMin:    3 18:19:36       -4.623386        0.1353
GPMin:    4 18:19:44       -4.694329        0.1695
GPMin:    5 18:19:54       -4.767077        0.1833
GPMin:    6 18:20:04       -4.827833        0.1560
GPMin:    7 18:20:14       -4.865777        0.1012
GPMin:    8 18:20:23       -4.887595        0.0894
GPMin:    9 18:20:31       -4.905121        0.0728
GPMin:   10 18:20:39       -4.917994        0.0392
GPMin:   11 18:20:47       -4.924039        0.0326
GPMin:   12 18:20:54       -4.927051        0.0437
GPMin:   13 18:21:02       -4.930552        0.0307
GPMin:   14 18:21:10       -4.932427        0.0152
       Step     Time          Energy         fmax
GPMin:    0 18:21:25       -4.354827        0.2473
GPMin:    1 18:21:36       -4.478780        0.2164
GPMin:    2 18:21:46       -4.553853        0.1564
GPMin:    3 18:21:56       -4.605455        0.1055
GPMin:    4 18:22:04       -4.662025        0.1074
GPMin:    5 18:22:13       -4.708910        0.0938
GPMin:    6 18:22:22       -4.743153        0.0798
GPMin:    7 18:22:31       -4.776335        0.0888
GPMin:    8 18:22:40       -4.812340        0.0810
GPMin:    9 18:22:50       -4.846959        0.0826
GPMin:   10 18:22:59       -4.880404        0.0830
GPMin:   11 18:23:08       -4.908692        0.0647
GPMin:   12 18:23:16       -4.925959        0.0394
GPMin:   13 18:23:24       -4.931458        0.0319
GPMin:   14 18:23:32       -4.932696        0.0184
       Step     Time          Energy         fmax
GPMin:    0 18:23:49       -4.268829        0.4367
GPMin:    1 18:24:00       -4.401228        0.1222
GPMin:    2 18:24:11       -4.441933        0.0834
GPMin:    3 18:24:20       -4.459357        0.0672
GPMin:    4 18:24:29       -4.464300        0.0415
GPMin:    5 18:24:39       -4.469829        0.0210
GPMin:    6 18:24:47       -4.472462        0.0129
       Step     Time          Energy         fmax
GPMin:    0 18:25:07       -3.959540        0.3585
GPMin:    1 18:25:18       -4.169095        0.2601
GPMin:    2 18:25:28       -4.272209        0.2490
GPMin:    3 18:25:38       -4.370537        0.2789
GPMin:    4 18:25:48       -4.490556        0.2920
GPMin:    5 18:25:58       -4.610811        0.2606
GPMin:    6 18:26:08       -4.702286        0.1866
GPMin:    7 18:26:19       -4.756439        0.1499
GPMin:    8 18:26:28       -4.791654        0.1189
GPMin:    9 18:26:38       -4.818942        0.0724
GPMin:   10 18:26:47       -4.833207        0.0912
GPMin:   11 18:26:55       -4.847251        0.1156
GPMin:   12 18:27:04       -4.864460        0.0965
GPMin:   13 18:27:12       -4.882981        0.0764
GPMin:   14 18:27:20       -4.900154        0.0620
GPMin:   15 18:27:28       -4.910367        0.0616
GPMin:   16 18:27:36       -4.916657        0.0585
GPMin:   17 18:27:44       -4.923012        0.0421
GPMin:   18 18:27:52       -4.926600        0.0380
GPMin:   19 18:27:59       -4.930076        0.0325
GPMin:   20 18:28:07       -4.932205        0.0185
       Step     Time          Energy         fmax
GPMin:    0 18:28:34       -4.304184        0.4063
GPMin:    1 18:28:45       -4.527516        0.2731
GPMin:    2 18:28:55       -4.616994        0.1245
GPMin:    3 18:29:04       -4.646357        0.0931
GPMin:    4 18:29:13       -4.670098        0.1169
GPMin:    5 18:29:22       -4.709229        0.1266
GPMin:    6 18:29:31       -4.758744        0.1275
GPMin:    7 18:29:41       -4.810359        0.1015
GPMin:    8 18:29:49       -4.851763        0.0729
GPMin:    9 18:29:58       -4.873271        0.0692
GPMin:   10 18:30:07       -4.881963        0.0535
GPMin:   11 18:30:15       -4.885209        0.0361
GPMin:   12 18:30:23       -4.887659        0.0192
       Step     Time          Energy         fmax
GPMin:    0 18:30:51       -4.298032        0.1770
GPMin:    1 18:31:02       -4.417187        0.1935
GPMin:    2 18:31:12       -4.525106        0.1659
GPMin:    3 18:31:23       -4.608753        0.1726
GPMin:    4 18:31:33       -4.668034        0.1805
GPMin:    5 18:31:43       -4.734888        0.1886
GPMin:    6 18:31:52       -4.800298        0.1870
GPMin:    7 18:32:02       -4.854978        0.1605
GPMin:    8 18:32:12       -4.888556        0.1111
GPMin:    9 18:32:21       -4.906306        0.0564
GPMin:   10 18:32:29       -4.913401        0.0476
GPMin:   11 18:32:36       -4.920034        0.0438
GPMin:   12 18:32:43       -4.924935        0.0285
GPMin:   13 18:32:51       -4.928058        0.0334
GPMin:   14 18:32:58       -4.931339        0.0316
GPMin:   15 18:33:07       -4.933362        0.0111
       Step     Time          Energy         fmax
GPMin:    0 18:33:32       -4.187061        0.3609
GPMin:    1 18:33:48       -4.350320        0.1646
GPMin:    2 18:33:58       -4.404541        0.1003
GPMin:    3 18:34:09       -4.438062        0.0860
GPMin:    4 18:34:20       -4.469280        0.0865
GPMin:    5 18:34:30       -4.496675        0.0903
GPMin:    6 18:34:39       -4.534138        0.0897
GPMin:    7 18:34:48       -4.575288        0.1039
GPMin:    8 18:34:57       -4.624046        0.1081
GPMin:    9 18:35:07       -4.677442        0.0874
GPMin:   10 18:35:17       -4.716405        0.0832
GPMin:   11 18:35:26       -4.745559        0.0848
GPMin:   12 18:35:35       -4.778440        0.1128
GPMin:   13 18:35:44       -4.817525        0.0836
GPMin:   14 18:35:53       -4.851835        0.0921
GPMin:   15 18:36:02       -4.883180        0.0932
GPMin:   16 18:36:11       -4.911408        0.0626
GPMin:   17 18:36:20       -4.925163        0.0490
GPMin:   18 18:36:28       -4.926947        0.0448
GPMin:   19 18:36:36       -4.929275        0.0259
GPMin:   20 18:36:42       -4.930262        0.0261
GPMin:   21 18:36:50       -4.931270        0.0218
GPMin:   22 18:36:57       -4.932109        0.0235
GPMin:   23 18:37:06       -4.933171        0.0130
       Step     Time          Energy         fmax
GPMin:    0 18:37:33       -4.303552        0.2179
GPMin:    1 18:37:43       -4.414445        0.1891
GPMin:    2 18:37:53       -4.483960        0.0816
GPMin:    3 18:38:01       -4.495847        0.0451
GPMin:    4 18:38:09       -4.500546        0.0373
GPMin:    5 18:38:17       -4.510995        0.0348
GPMin:    6 18:38:25       -4.523344        0.0414
GPMin:    7 18:38:33       -4.538569        0.0501
GPMin:    8 18:38:42       -4.558762        0.0551
GPMin:    9 18:38:52       -4.583747        0.0606
GPMin:   10 18:39:01       -4.617779        0.0694
GPMin:   11 18:39:10       -4.658533        0.0854
GPMin:   12 18:39:19       -4.695972        0.0932
GPMin:   13 18:39:28       -4.730416        0.0930
GPMin:   14 18:39:37       -4.767804        0.0909
GPMin:   15 18:39:45       -4.806190        0.0844
GPMin:   16 18:39:54       -4.842376        0.0740
GPMin:   17 18:40:02       -4.874575        0.0689
GPMin:   18 18:40:11       -4.898732        0.0768
GPMin:   19 18:40:19       -4.911596        0.0634
GPMin:   20 18:40:28       -4.921162        0.0585
GPMin:   21 18:40:36       -4.925268        0.0503
GPMin:   22 18:40:44       -4.929476        0.0250
GPMin:   23 18:40:52       -4.931725        0.0159
       Step     Time          Energy         fmax
GPMin:    0 18:41:16       -3.921120        0.4404
GPMin:    1 18:41:27       -4.217559        0.3685
GPMin:    2 18:41:39       -4.375274        0.2812
GPMin:    3 18:41:49       -4.455456        0.2116
GPMin:    4 18:41:59       -4.500736        0.1716
GPMin:    5 18:42:08       -4.530903        0.1522
GPMin:    6 18:42:18       -4.572030        0.1384
GPMin:    7 18:42:27       -4.617217        0.1204
GPMin:    8 18:42:36       -4.645420        0.1032
GPMin:    9 18:42:44       -4.668443        0.0942
GPMin:   10 18:42:53       -4.697159        0.0956
GPMin:   11 18:43:02       -4.729042        0.0975
GPMin:   12 18:43:11       -4.762872        0.0874
GPMin:   13 18:43:20       -4.793534        0.0769
GPMin:   14 18:43:28       -4.823222        0.0715
GPMin:   15 18:43:36       -4.850177        0.0719
GPMin:   16 18:43:44       -4.873927        0.0669
GPMin:   17 18:43:52       -4.892627        0.0679
GPMin:   18 18:44:00       -4.907027        0.0573
GPMin:   19 18:44:08       -4.917589        0.0464
GPMin:   20 18:44:16       -4.924269        0.0544
GPMin:   21 18:44:24       -4.928916        0.0412
GPMin:   22 18:44:32       -4.931560        0.0244
GPMin:   23 18:44:39       -4.932549        0.0171
       Step     Time          Energy         fmax
GPMin:    0 18:45:08       -4.316074        0.5926
GPMin:    1 18:45:18       -4.452623        0.0306
GPMin:    2 18:45:26       -4.454439        0.0220
GPMin:    3 18:45:47       -4.456279        0.0170
       Step     Time          Energy         fmax
GPMin:    0 18:46:14       -4.204018        0.2574
GPMin:    1 18:46:24       -4.375771        0.2325
GPMin:    2 18:46:33       -4.470404        0.1657
GPMin:    3 18:46:44       -4.514467        0.1048
GPMin:    4 18:46:53       -4.546678        0.1015
GPMin:    5 18:47:02       -4.606720        0.1212
GPMin:    6 18:47:11       -4.685403        0.1496
GPMin:    7 18:47:19       -4.766054        0.1671
GPMin:    8 18:47:28       -4.836042        0.1551
GPMin:    9 18:47:38       -4.879480        0.1051
GPMin:   10 18:47:47       -4.895614        0.0775
GPMin:   11 18:47:56       -4.905835        0.0915
GPMin:   12 18:48:04       -4.917224        0.0488
GPMin:   13 18:48:12       -4.923287        0.0362
GPMin:   14 18:48:20       -4.925142        0.0317
GPMin:   15 18:48:27       -4.928220        0.0341
GPMin:   16 18:48:35       -4.930898        0.0166
       Step     Time          Energy         fmax
GPMin:    0 18:49:03       -4.303552        0.2178
GPMin:    1 18:49:13       -4.414480        0.1891
GPMin:    2 18:49:23       -4.483956        0.0816
GPMin:    3 18:49:31       -4.495847        0.0451
GPMin:    4 18:49:39       -4.500546        0.0373
GPMin:    5 18:49:47       -4.510994        0.0348
GPMin:    6 18:49:55       -4.523345        0.0414
GPMin:    7 18:50:03       -4.538575        0.0501
GPMin:    8 18:50:12       -4.558787        0.0552
GPMin:    9 18:50:21       -4.583797        0.0606
GPMin:   10 18:50:30       -4.617847        0.0694
GPMin:   11 18:50:39       -4.658626        0.0854
GPMin:   12 18:50:49       -4.696084        0.0932
GPMin:   13 18:50:58       -4.730540        0.0930
GPMin:   14 18:51:07       -4.767971        0.0909
GPMin:   15 18:51:15       -4.806380        0.0844
GPMin:   16 18:51:24       -4.842534        0.0739
GPMin:   17 18:51:32       -4.874744        0.0690
GPMin:   18 18:51:41       -4.898851        0.0773
GPMin:   19 18:51:49       -4.911661        0.0636
GPMin:   20 18:51:58       -4.921181        0.0586
GPMin:   21 18:52:06       -4.925277        0.0502
GPMin:   22 18:52:14       -4.929465        0.0249
GPMin:   23 18:52:22       -4.931727        0.0159
       Step     Time          Energy         fmax
GPMin:    0 18:52:48       -4.303552        0.2178
GPMin:    1 18:52:59       -4.414456        0.1891
GPMin:    2 18:53:09       -4.483952        0.0816
GPMin:    3 18:53:17       -4.495848        0.0451
GPMin:    4 18:53:25       -4.500547        0.0373
GPMin:    5 18:53:33       -4.510989        0.0348
GPMin:    6 18:53:41       -4.523334        0.0413
GPMin:    7 18:53:49       -4.538544        0.0500
GPMin:    8 18:53:58       -4.558701        0.0551
GPMin:    9 18:54:07       -4.583618        0.0605
GPMin:   10 18:54:16       -4.617581        0.0693
GPMin:   11 18:54:25       -4.658243        0.0853
GPMin:   12 18:54:34       -4.695626        0.0932
GPMin:   13 18:54:43       -4.730024        0.0930
GPMin:   14 18:54:52       -4.767270        0.0910
GPMin:   15 18:55:00       -4.805581        0.0844
GPMin:   16 18:55:09       -4.841863        0.0741
GPMin:   17 18:55:17       -4.874010        0.0685
GPMin:   18 18:55:26       -4.898303        0.0756
GPMin:   19 18:55:34       -4.911419        0.0625
GPMin:   20 18:55:44       -4.921098        0.0580
GPMin:   21 18:55:52       -4.925239        0.0508
GPMin:   22 18:56:00       -4.929521        0.0251
GPMin:   23 18:56:08       -4.931722        0.0160
       Step     Time          Energy         fmax
GPMin:    0 18:56:36       -4.412562        0.1697
GPMin:    1 18:56:45       -4.460367        0.1008
GPMin:    2 18:57:04       -4.470298        0.0208
GPMin:    3 18:57:23       -4.470503        0.0559
GPMin:    4 18:57:31       -4.472701        0.0383
GPMin:    5 18:57:39       -4.474652        0.0227
GPMin:    6 18:57:57       -4.478236        0.1071
GPMin:    7 18:58:07       -4.515040        0.1352
GPMin:    8 18:58:17       -4.580208        0.1234
GPMin:    9 18:58:27       -4.653730        0.1331
GPMin:   10 18:58:36       -4.726579        0.1067
GPMin:   11 18:58:45       -4.773644        0.0732
GPMin:   12 18:58:53       -4.789868        0.0493
GPMin:   13 18:59:01       -4.796646        0.0581
GPMin:   14 18:59:09       -4.804791        0.0428
GPMin:   15 18:59:17       -4.811882        0.0435
GPMin:   16 18:59:26       -4.830480        0.0517
GPMin:   17 18:59:35       -4.858622        0.0715
GPMin:   18 18:59:44       -4.889044        0.0756
GPMin:   19 18:59:53       -4.916363        0.0575
GPMin:   20 19:00:02       -4.931133        0.0250
GPMin:   21 19:00:10       -4.933522        0.0074
       Step     Time          Energy         fmax
GPMin:    0 19:00:40       -4.298032        0.1769
GPMin:    1 19:00:51       -4.417212        0.1934
GPMin:    2 19:01:01       -4.525118        0.1659
GPMin:    3 19:01:11       -4.608768        0.1726
GPMin:    4 19:01:21       -4.668051        0.1805
GPMin:    5 19:01:31       -4.734909        0.1886
GPMin:    6 19:01:40       -4.800321        0.1870
GPMin:    7 19:01:50       -4.854997        0.1605
GPMin:    8 19:02:01       -4.888570        0.1110
GPMin:    9 19:02:10       -4.906312        0.0564
GPMin:   10 19:02:18       -4.913405        0.0476
GPMin:   11 19:02:25       -4.920037        0.0437
GPMin:   12 19:02:32       -4.924937        0.0285
GPMin:   13 19:02:40       -4.928059        0.0334
GPMin:   14 19:02:47       -4.931339        0.0316
GPMin:   15 19:02:55       -4.933362        0.0111
       Step     Time          Energy         fmax
GPMin:    0 19:03:23       -3.981276        0.5777
GPMin:    1 19:03:36       -4.105216        0.1777
GPMin:    2 19:03:46       -4.183601        0.1798
GPMin:    3 19:03:57       -4.280219        0.1943
GPMin:    4 19:04:08       -4.375708        0.2202
GPMin:    5 19:04:18       -4.455545        0.2206
GPMin:    6 19:04:28       -4.520665        0.1856
GPMin:    7 19:04:38       -4.568862        0.1306
GPMin:    8 19:04:48       -4.607837        0.1027
GPMin:    9 19:04:57       -4.631026        0.0922
GPMin:   10 19:05:06       -4.663041        0.0966
GPMin:   11 19:05:17       -4.698814        0.0853
GPMin:   12 19:05:26       -4.725158        0.0778
GPMin:   13 19:05:34       -4.750659        0.0809
GPMin:   14 19:05:43       -4.780504        0.0793
GPMin:   15 19:05:52       -4.804823        0.0760
GPMin:   16 19:06:01       -4.830493        0.0774
GPMin:   17 19:06:10       -4.857737        0.0761
GPMin:   18 19:06:19       -4.883478        0.0687
GPMin:   19 19:06:28       -4.906913        0.0596
GPMin:   20 19:06:37       -4.923754        0.0497
GPMin:   21 19:06:45       -4.930572        0.0363
GPMin:   22 19:06:53       -4.932452        0.0219
GPMin:   23 19:07:01       -4.933188        0.0147
       Step     Time          Energy         fmax
GPMin:    0 19:07:31       -4.106326        0.4075
GPMin:    1 19:07:42       -4.322611        0.3527
GPMin:    2 19:07:52       -4.447827        0.3035
GPMin:    3 19:08:02       -4.542171        0.3132
GPMin:    4 19:08:12       -4.650245        0.3019
GPMin:    5 19:08:22       -4.737234        0.2452
GPMin:    6 19:08:32       -4.789712        0.1953
GPMin:    7 19:08:42       -4.825437        0.1690
GPMin:    8 19:08:51       -4.860907        0.1127
GPMin:    9 19:09:00       -4.884495        0.0695
GPMin:   10 19:09:08       -4.897149        0.0606
GPMin:   11 19:09:16       -4.905388        0.0576
GPMin:   12 19:09:24       -4.913608        0.0490
GPMin:   13 19:09:32       -4.920568        0.0392
GPMin:   14 19:09:40       -4.925453        0.0429
GPMin:   15 19:09:47       -4.930095        0.0306
GPMin:   16 19:09:55       -4.932620        0.0107
       Step     Time          Energy         fmax
GPMin:    0 19:10:23       -4.323627        0.2584
GPMin:    1 19:10:33       -4.457034        0.2620
GPMin:    2 19:10:44       -4.569722        0.2230
GPMin:    3 19:10:54       -4.648949        0.1580
GPMin:    4 19:11:03       -4.715370        0.1497
GPMin:    5 19:11:12       -4.786892        0.1167
GPMin:    6 19:11:20       -4.831743        0.1084
GPMin:    7 19:11:29       -4.855796        0.0993
GPMin:    8 19:11:38       -4.874320        0.1174
GPMin:    9 19:11:47       -4.896003        0.0898
GPMin:   10 19:11:55       -4.915151        0.0504
GPMin:   11 19:12:03       -4.924503        0.0355
GPMin:   12 19:12:11       -4.928705        0.0266
GPMin:   13 19:12:18       -4.929942        0.0278
GPMin:   14 19:12:26       -4.931618        0.0195
       Step     Time          Energy         fmax
GPMin:    0 19:12:56       -4.254447        0.2346
GPMin:    1 19:13:06       -4.377212        0.2635
GPMin:    2 19:13:16       -4.501032        0.2760
GPMin:    3 19:13:26       -4.618340        0.2404
GPMin:    4 19:13:36       -4.707607        0.1776
GPMin:    5 19:13:46       -4.769049        0.1474
GPMin:    6 19:13:55       -4.821698        0.1068
GPMin:    7 19:14:04       -4.850711        0.0745
GPMin:    8 19:14:11       -4.867971        0.1069
GPMin:    9 19:14:21       -4.887126        0.1133
GPMin:   10 19:14:30       -4.906548        0.0733
GPMin:   11 19:14:38       -4.919548        0.0476
GPMin:   12 19:14:44       -4.925593        0.0338
GPMin:   13 19:14:53       -4.928224        0.0303
GPMin:   14 19:15:01       -4.929875        0.0290
GPMin:   15 19:15:08       -4.931306        0.0204
GPMin:   16 19:15:16       -4.932744        0.0140
       Step     Time          Energy         fmax
GPMin:    0 19:15:43       -4.344485        0.4008
GPMin:    1 19:15:56       -4.443200        0.1767
GPMin:    2 19:16:06       -4.500427        0.1117
GPMin:    3 19:16:15       -4.535692        0.1139
GPMin:    4 19:16:25       -4.592485        0.1445
GPMin:    5 19:16:35       -4.661933        0.1698
GPMin:    6 19:16:45       -4.736172        0.1747
GPMin:    7 19:16:55       -4.799031        0.1445
GPMin:    8 19:17:06       -4.839520        0.0828
GPMin:    9 19:17:15       -4.859902        0.0902
GPMin:   10 19:17:23       -4.878159        0.0857
GPMin:   11 19:17:31       -4.895578        0.0593
GPMin:   12 19:17:39       -4.908307        0.0611
GPMin:   13 19:17:47       -4.918299        0.0705
GPMin:   14 19:17:55       -4.925343        0.0474
GPMin:   15 19:18:03       -4.928594        0.0322
GPMin:   16 19:18:11       -4.930852        0.0269
GPMin:   17 19:18:19       -4.932872        0.0152
       Step     Time          Energy         fmax
GPMin:    0 19:18:48       -4.415173        0.2342
GPMin:    1 19:18:59       -4.515971        0.1424
GPMin:    2 19:19:09       -4.570295        0.1262
GPMin:    3 19:19:18       -4.650508        0.1460
GPMin:    4 19:19:26       -4.744663        0.1697
GPMin:    5 19:19:35       -4.834755        0.1787
GPMin:    6 19:19:44       -4.898876        0.1418
GPMin:    7 19:19:53       -4.924326        0.0700
GPMin:    8 19:20:01       -4.928368        0.0475
GPMin:    9 19:20:09       -4.932292        0.0320
GPMin:   10 19:20:17       -4.933565        0.0100
       Step     Time          Energy         fmax
GPMin:    0 19:20:47       -4.381463        0.2166
GPMin:    1 19:20:58       -4.464892        0.0825
GPMin:    2 19:21:08       -4.475176        0.1029
GPMin:    3 19:21:18       -4.496742        0.0804
GPMin:    4 19:21:28       -4.550335        0.1041
GPMin:    5 19:21:37       -4.622195        0.1398
GPMin:    6 19:21:47       -4.705584        0.1629
GPMin:    7 19:21:56       -4.783958        0.1588
GPMin:    8 19:22:06       -4.837214        0.1210
GPMin:    9 19:22:15       -4.862570        0.0946
GPMin:   10 19:22:25       -4.884956        0.1287
GPMin:   11 19:22:35       -4.909584        0.0702
GPMin:   12 19:22:43       -4.921803        0.0434
GPMin:   13 19:22:51       -4.927510        0.0383
GPMin:   14 19:23:00       -4.929408        0.0351
GPMin:   15 19:23:08       -4.930932        0.0207
GPMin:   16 19:23:15       -4.931744        0.0174
       Step     Time          Energy         fmax
GPMin:    0 19:23:46       -3.911725        0.3577
GPMin:    1 19:23:58       -4.105604        0.2935
GPMin:    2 19:24:10       -4.192741        0.1625
GPMin:    3 19:24:21       -4.225994        0.1060
GPMin:    4 19:24:31       -4.241965        0.1183
GPMin:    5 19:24:40       -4.269989        0.1298
GPMin:    6 19:24:50       -4.295884        0.1334
GPMin:    7 19:24:59       -4.310986        0.1381
GPMin:    8 19:25:12       -4.426620        0.2586
GPMin:    9 19:25:23       -4.442320        0.4225
GPMin:   10 19:25:34       -4.518638        0.2232
GPMin:   11 19:25:44       -4.552305        0.0976
GPMin:   12 19:25:53       -4.562868        0.0502
GPMin:   13 19:26:01       -4.566580        0.0424
GPMin:   14 19:26:09       -4.569417        0.0351
GPMin:   15 19:26:18       -4.571249        0.0344
GPMin:   16 19:26:26       -4.574485        0.0172
       Step     Time          Energy         fmax
GPMin:    0 19:26:40       -4.427808        0.1423
GPMin:    1 19:26:50       -4.461384        0.0970
GPMin:    2 19:26:59       -4.465040        0.0970
GPMin:    3 19:27:09       -4.470150        0.1678
GPMin:    4 19:27:19       -4.524330        0.1358
GPMin:    5 19:27:28       -4.586479        0.1397
GPMin:    6 19:27:37       -4.666420        0.1595
GPMin:    7 19:27:45       -4.752792        0.1617
GPMin:    8 19:27:54       -4.825709        0.1354
GPMin:    9 19:28:03       -4.865777        0.0943
GPMin:   10 19:28:12       -4.883181        0.1052
GPMin:   11 19:28:21       -4.903446        0.1027
GPMin:   12 19:28:30       -4.920715        0.0576
GPMin:   13 19:28:38       -4.930711        0.0314
GPMin:   14 19:28:46       -4.932998        0.0238
GPMin:   15 19:28:53       -4.933703        0.0114
       Step     Time          Energy         fmax
GPMin:    0 19:29:10       -3.864227        0.3306
GPMin:    1 19:29:24       -4.040151        0.2398
GPMin:    2 19:29:37       -4.140174        0.2017
GPMin:    3 19:29:48       -4.198866        0.2310
GPMin:    4 19:29:58       -4.254790        0.2580
GPMin:    5 19:30:08       -4.298314        0.2598
GPMin:    6 19:30:17       -4.347624        0.2648
GPMin:    7 19:30:26       -4.392487        0.2586
GPMin:    8 19:30:36       -4.415928        0.2498
GPMin:    9 19:30:47       -4.510012        0.2123
GPMin:   10 19:30:57       -4.541586        0.1788
GPMin:   11 19:31:07       -4.601843        0.1552
GPMin:   12 19:31:16       -4.654382        0.1216
GPMin:   13 19:31:25       -4.689039        0.0869
GPMin:   14 19:31:34       -4.707604        0.0886
GPMin:   15 19:31:42       -4.721221        0.0863
GPMin:   16 19:31:52       -4.737195        0.0686
GPMin:   17 19:32:01       -4.751427        0.0539
GPMin:   18 19:32:09       -4.763692        0.0543
GPMin:   19 19:32:17       -4.775352        0.0491
GPMin:   20 19:32:25       -4.786478        0.0541
GPMin:   21 19:32:33       -4.796695        0.0647
GPMin:   22 19:32:42       -4.809687        0.0769
GPMin:   23 19:32:52       -4.828022        0.0855
GPMin:   24 19:33:01       -4.849356        0.0738
GPMin:   25 19:33:10       -4.875614        0.0698
GPMin:   26 19:33:18       -4.899258        0.0726
GPMin:   27 19:33:26       -4.917541        0.0793
