       Step     Time          Energy         fmax
GPMin:    0 14:22:44       -3.499692        0.8406
GPMin:    1 14:22:58       -3.866897        0.3349
GPMin:    2 14:23:08       -4.008522        0.2381
GPMin:    3 14:23:19       -4.080777        0.1858
GPMin:    4 14:23:29       -4.107591        0.1747
GPMin:    5 14:23:38       -4.135211        0.1581
GPMin:    6 14:23:48       -4.156278        0.1290
GPMin:    7 14:23:56       -4.171070        0.1142
GPMin:    8 14:24:08       -4.259926        0.2402
GPMin:    9 14:24:20       -4.277592        0.2934
GPMin:   10 14:24:41       -4.301884        0.2785
GPMin:   11 14:24:52       -4.373013        0.1274
GPMin:   12 14:25:03       -4.394326        0.2621
GPMin:   13 14:25:12       -4.424041        0.2437
GPMin:   14 14:25:22       -4.471754        0.1284
GPMin:   15 14:25:33       -4.511885        0.1456
GPMin:   16 14:25:42       -4.554777        0.1675
GPMin:   17 14:25:53       -4.602642        0.1799
GPMin:   18 14:26:04       -4.648292        0.1781
GPMin:   19 14:26:13       -4.689189        0.1697
GPMin:   20 14:26:23       -4.728746        0.1433
GPMin:   21 14:26:33       -4.758124        0.1023
GPMin:   22 14:26:41       -4.774785        0.0575
GPMin:   23 14:26:50       -4.782239        0.0487
GPMin:   24 14:26:58       -4.787579        0.0378
GPMin:   25 14:27:07       -4.790038        0.0348
GPMin:   26 14:27:15       -4.791414        0.0188
       Step     Time          Energy         fmax
GPMin:    0 14:27:32       -2.902603        1.2763
GPMin:    1 14:27:41       -3.782238        0.5782
GPMin:    2 14:27:50       -4.081735        0.2211
GPMin:    3 14:27:59       -4.153101        0.0321
GPMin:    4 14:28:08       -4.154965        0.0027
       Step     Time          Energy         fmax
GPMin:    0 14:28:24       -3.166544        1.3505
GPMin:    1 14:28:36       -4.009778        0.6030
GPMin:    2 14:28:47       -4.288684        0.2597
GPMin:    3 14:28:56       -4.355523        0.0975
GPMin:    4 14:29:05       -4.365214        0.1267
GPMin:    5 14:29:14       -4.377899        0.1103
GPMin:    6 14:29:23       -4.393832        0.1220
GPMin:    7 14:29:33       -4.422656        0.0756
GPMin:    8 14:29:42       -4.426339        0.0690
GPMin:    9 14:30:07       -4.442532        0.0435
GPMin:   10 14:31:08       -4.444568        0.1703
GPMin:   11 14:32:20       -4.454736        0.0737
       Step     Time          Energy         fmax
GPMin:    0 14:33:31       -3.166542        1.3506
GPMin:    1 14:33:43       -4.009782        0.6029
GPMin:    2 14:33:54       -4.288696        0.2597
GPMin:    3 14:34:04       -4.355529        0.0976
GPMin:    4 14:34:12       -4.365216        0.1267
GPMin:    5 14:34:21       -4.377912        0.1103
GPMin:    6 14:34:31       -4.393835        0.1221
GPMin:    7 14:34:40       -4.422771        0.0755
GPMin:    8 14:34:49       -4.426412        0.0690
GPMin:    9 14:35:14       -4.442346        0.0437
GPMin:   10 14:36:00       -4.444281        0.1723
GPMin:   11 14:37:13       -4.454431        0.0787
GPMin:   12 14:38:01       -4.455001        0.0671
GPMin:   13 14:38:47       -4.460061        0.0407
GPMin:   14 14:40:06       -4.463312        0.0329
GPMin:   15 14:40:43       -4.464931        0.0800
GPMin:   16 14:40:53       -4.465488        0.0864
GPMin:   17 14:41:03       -4.465834        0.0689
GPMin:   18 14:41:39       -4.472437        0.0798
GPMin:   19 14:41:51       -4.504312        0.1923
GPMin:   20 14:42:00       -4.536066        0.2062
GPMin:   21 14:42:10       -4.560124        0.1995
GPMin:   22 14:42:20       -4.604776        0.2039
GPMin:   23 14:42:30       -4.632740        0.2046
GPMin:   24 14:42:40       -4.699169        0.1916
GPMin:   25 14:42:50       -4.734993        0.1689
GPMin:   26 14:43:01       -4.759978        0.1474
GPMin:   27 14:43:11       -4.782704        0.1248
GPMin:   28 14:43:20       -4.801425        0.1055
GPMin:   29 14:43:29       -4.817046        0.0956
GPMin:   30 14:43:38       -4.840307        0.0809
GPMin:   31 14:43:47       -4.858033        0.0821
GPMin:   32 14:43:55       -4.865525        0.0797
GPMin:   33 14:44:04       -4.879334        0.0415
GPMin:   34 14:44:12       -4.884011        0.0365
GPMin:   35 14:44:20       -4.886268        0.0462
GPMin:   36 14:44:27       -4.887949        0.0286
GPMin:   37 14:44:35       -4.888698        0.0237
GPMin:   38 14:44:41       -4.888897        0.0189
       Step     Time          Energy         fmax
GPMin:    0 14:44:55       -2.904368        1.2743
GPMin:    1 14:45:03       -3.783108        0.5764
GPMin:    2 14:45:10       -4.081904        0.2203
GPMin:    3 14:45:18       -4.153265        0.0311
GPMin:    4 14:45:24       -4.155077        0.0029
       Step     Time          Energy         fmax
GPMin:    0 14:45:37       -3.171278        1.3413
GPMin:    1 14:45:47       -4.010136        0.5966
GPMin:    2 14:45:58       -4.286658        0.2568
GPMin:    3 14:46:07       -4.352037        0.0964
GPMin:    4 14:46:15       -4.361071        0.1238
GPMin:    5 14:46:23       -4.375037        0.1035
GPMin:    6 14:46:57       -4.394761        0.1130
GPMin:    7 14:47:06       -4.416244        0.0848
GPMin:    8 14:47:14       -4.421037        0.0719
GPMin:    9 14:47:34       -4.444501        0.0971
GPMin:   10 14:47:42       -4.450146        0.0688
GPMin:   11 14:47:50       -4.452703        0.0492
GPMin:   12 14:47:59       -4.457536        0.0604
GPMin:   13 14:48:11       -4.492093        0.3563
GPMin:   14 14:48:21       -4.540269        0.3844
GPMin:   15 14:48:32       -4.597954        0.3748
GPMin:   16 14:48:42       -4.670583        0.2937
GPMin:   17 14:48:52       -4.727343        0.1751
GPMin:   18 14:49:03       -4.759387        0.1308
GPMin:   19 14:49:13       -4.783932        0.1458
GPMin:   20 14:49:22       -4.805588        0.1254
GPMin:   21 14:49:30       -4.825907        0.1017
GPMin:   22 14:49:39       -4.842429        0.0954
GPMin:   23 14:49:49       -4.854509        0.0760
GPMin:   24 14:49:57       -4.865212        0.0576
GPMin:   25 14:50:04       -4.874150        0.0510
GPMin:   26 14:50:12       -4.879602        0.0427
GPMin:   27 14:50:20       -4.883481        0.0343
GPMin:   28 14:50:27       -4.886774        0.0387
GPMin:   29 14:50:36       -4.888642        0.0235
GPMin:   30 14:50:43       -4.889121        0.0154
       Step     Time          Energy         fmax
GPMin:    0 14:50:58       -3.165293        1.3525
GPMin:    1 14:51:08       -4.009100        0.6031
GPMin:    2 14:51:18       -4.287705        0.2573
GPMin:    3 14:51:28       -4.354271        0.0972
GPMin:    4 14:51:36       -4.363426        0.1246
GPMin:    5 14:51:44       -4.377192        0.1060
GPMin:    6 14:52:18       -4.398101        0.1118
GPMin:    7 14:52:38       -4.414072        0.0837
GPMin:    8 14:53:11       -4.426214        0.1591
GPMin:    9 14:53:21       -4.426976        0.1412
GPMin:   10 14:53:39       -4.429772        0.1167
GPMin:   11 14:54:00       -4.447670        0.0997
GPMin:   12 14:54:08       -4.450250        0.0746
GPMin:   13 14:54:45       -4.455118        0.0598
GPMin:   14 14:55:04       -4.456560        0.0479
GPMin:   15 14:56:01       -4.462241        0.0663
GPMin:   16 14:57:02       -4.495044        0.2341
GPMin:   17 14:57:11       -4.535726        0.2014
GPMin:   18 14:57:22       -4.567955        0.2103
GPMin:   19 14:57:31       -4.606629        0.2015
GPMin:   20 14:57:41       -4.650948        0.1828
GPMin:   21 14:57:52       -4.690782        0.1688
GPMin:   22 14:58:01       -4.725445        0.1560
GPMin:   23 14:58:10       -4.762279        0.1363
GPMin:   24 14:58:19       -4.785670        0.1203
GPMin:   25 14:58:29       -4.808712        0.1052
GPMin:   26 14:58:38       -4.826973        0.0914
GPMin:   27 14:58:46       -4.843057        0.0806
GPMin:   28 14:58:55       -4.855373        0.0741
GPMin:   29 14:59:03       -4.869270        0.0596
GPMin:   30 14:59:11       -4.877303        0.0438
GPMin:   31 14:59:19       -4.882451        0.0327
GPMin:   32 14:59:27       -4.886829        0.0263
GPMin:   33 14:59:34       -4.888724        0.0223
GPMin:   34 14:59:42       -4.889682        0.0127
       Step     Time          Energy         fmax
GPMin:    0 14:59:57       -3.178779        1.3256
GPMin:    1 15:00:08       -3.974380        0.6238
GPMin:    2 15:00:18       -4.263851        0.3204
GPMin:    3 15:00:28       -4.368417        0.1960
GPMin:    4 15:00:38       -4.399355        0.1965
GPMin:    5 15:00:49       -4.470798        0.1989
GPMin:    6 15:00:59       -4.483314        0.1577
GPMin:    7 15:01:07       -4.487756        0.1456
GPMin:    8 15:01:29       -4.516845        0.1330
GPMin:    9 15:01:39       -4.538889        0.0688
GPMin:   10 15:01:48       -4.544345        0.0711
GPMin:   11 15:01:59       -4.557641        0.0880
GPMin:   12 15:02:08       -4.570675        0.1010
GPMin:   13 15:02:17       -4.594132        0.1041
GPMin:   14 15:02:26       -4.616858        0.0917
GPMin:   15 15:02:34       -4.637330        0.0901
GPMin:   16 15:02:44       -4.654597        0.0849
GPMin:   17 15:02:53       -4.675808        0.0787
GPMin:   18 15:03:02       -4.692378        0.0734
GPMin:   19 15:03:10       -4.704822        0.0684
GPMin:   20 15:03:18       -4.717080        0.0661
GPMin:   21 15:03:27       -4.733249        0.0649
GPMin:   22 15:03:36       -4.749702        0.0638
GPMin:   23 15:03:45       -4.763180        0.0642
GPMin:   24 15:03:54       -4.778996        0.0623
GPMin:   25 15:04:03       -4.796057        0.0662
GPMin:   26 15:04:12       -4.817331        0.0759
GPMin:   27 15:04:20       -4.837379        0.0810
GPMin:   28 15:04:28       -4.860097        0.0846
GPMin:   29 15:04:37       -4.879390        0.0832
GPMin:   30 15:04:45       -4.896755        0.0728
GPMin:   31 15:04:53       -4.907874        0.0616
GPMin:   32 15:05:01       -4.915123        0.0523
GPMin:   33 15:05:08       -4.920494        0.0433
GPMin:   34 15:05:15       -4.924059        0.0404
GPMin:   35 15:05:23       -4.928398        0.0372
GPMin:   36 15:05:29       -4.930069        0.0340
GPMin:   37 15:05:37       -4.932774        0.0285
GPMin:   38 15:05:43       -4.933006        0.0265
GPMin:   39 15:05:51       -4.933793        0.0055
       Step     Time          Energy         fmax
GPMin:    0 15:06:10       -2.787174        1.2861
GPMin:    1 15:06:23       -3.496899        0.4938
GPMin:    2 15:06:35       -3.728819        0.2974
GPMin:    3 15:06:48       -3.811479        0.1999
GPMin:    4 15:06:59       -3.844009        0.1599
GPMin:    5 15:07:11       -3.864556        0.1472
GPMin:    6 15:07:24       -3.928029        0.2008
GPMin:    7 15:07:37       -3.951436        0.2657
GPMin:    8 15:07:47       -3.987083        0.2067
GPMin:    9 15:07:57       -4.041824        0.2009
GPMin:   10 15:08:06       -4.076194        0.1964
GPMin:   11 15:08:18       -4.315915        0.1989
GPMin:   12 15:08:30       -4.408203        0.2369
GPMin:   13 15:08:40       -4.453727        0.2688
GPMin:   14 15:08:50       -4.500271        0.2777
GPMin:   15 15:09:00       -4.569292        0.2532
GPMin:   16 15:09:10       -4.641659        0.1951
GPMin:   17 15:09:21       -4.694340        0.1567
GPMin:   18 15:09:31       -4.723203        0.1477
GPMin:   19 15:09:40       -4.738473        0.1161
GPMin:   20 15:09:49       -4.748048        0.0791
GPMin:   21 15:09:58       -4.755014        0.0754
GPMin:   22 15:10:06       -4.762874        0.0855
GPMin:   23 15:10:15       -4.772235        0.0665
GPMin:   24 15:10:24       -4.782390        0.0759
GPMin:   25 15:10:33       -4.794677        0.0914
GPMin:   26 15:10:42       -4.811255        0.0839
GPMin:   27 15:10:51       -4.829906        0.0749
GPMin:   28 15:10:59       -4.849516        0.0799
GPMin:   29 15:11:07       -4.868041        0.0799
GPMin:   30 15:11:16       -4.883906        0.0719
GPMin:   31 15:11:24       -4.896118        0.0682
GPMin:   32 15:11:32       -4.904950        0.0654
GPMin:   33 15:11:40       -4.912048        0.0581
GPMin:   34 15:11:48       -4.918010        0.0550
GPMin:   35 15:11:56       -4.922532        0.0562
GPMin:   36 15:12:04       -4.926245        0.0423
GPMin:   37 15:12:12       -4.928405        0.0327
GPMin:   38 15:12:21       -4.930608        0.0440
GPMin:   39 15:12:29       -4.931560        0.0343
GPMin:   40 15:12:37       -4.932645        0.0220
GPMin:   41 15:12:45       -4.933196        0.0110
       Step     Time          Energy         fmax
GPMin:    0 15:12:59       -3.166887        1.3520
GPMin:    1 15:13:09       -4.009992        0.6029
GPMin:    2 15:13:19       -4.288550        0.2555
GPMin:    3 15:13:28       -4.354540        0.0973
GPMin:    4 15:13:37       -4.363860        0.1250
GPMin:    5 15:13:45       -4.377198        0.1077
GPMin:    6 15:14:19       -4.401454        0.1140
GPMin:    7 15:14:40       -4.408171        0.1069
GPMin:    8 15:15:03       -4.410719        0.1698
GPMin:    9 15:15:14       -4.424291        0.0718
GPMin:   10 15:15:22       -4.429746        0.0847
GPMin:   11 15:15:32       -4.449504        0.1268
GPMin:   12 15:15:53       -4.462830        0.0626
GPMin:   13 15:16:14       -4.463612        0.0350
GPMin:   14 15:16:37       -4.475652        0.0993
GPMin:   15 15:16:47       -4.487848        0.1385
GPMin:   16 15:16:56       -4.501912        0.1499
GPMin:   17 15:17:05       -4.535417        0.1852
GPMin:   18 15:17:15       -4.563670        0.1904
GPMin:   19 15:17:24       -4.594712        0.1974
GPMin:   20 15:17:33       -4.618749        0.1939
GPMin:   21 15:17:45       -4.698494        0.1595
GPMin:   22 15:17:55       -4.726790        0.1759
GPMin:   23 15:18:04       -4.742932        0.1882
GPMin:   24 15:18:14       -4.777504        0.1365
GPMin:   25 15:18:23       -4.806912        0.1093
GPMin:   26 15:18:31       -4.819080        0.1085
GPMin:   27 15:18:39       -4.833309        0.0971
GPMin:   28 15:18:47       -4.849867        0.0762
GPMin:   29 15:18:56       -4.863638        0.0604
GPMin:   30 15:19:04       -4.870822        0.0548
GPMin:   31 15:19:12       -4.878131        0.0500
GPMin:   32 15:19:20       -4.883286        0.0297
GPMin:   33 15:19:28       -4.885728        0.0298
GPMin:   34 15:19:36       -4.887780        0.0357
GPMin:   35 15:19:44       -4.889073        0.0185
       Step     Time          Energy         fmax
GPMin:    0 15:19:58       -2.897058        1.2817
GPMin:    1 15:20:06       -3.779717        0.5803
GPMin:    2 15:20:14       -4.080584        0.2232
GPMin:    3 15:20:24       -4.153122        0.0328
GPMin:    4 15:20:32       -4.155010        0.0030
       Step     Time          Energy         fmax
GPMin:    0 15:20:47       -3.179649        1.3467
GPMin:    1 15:20:57       -4.017770        0.6004
GPMin:    2 15:21:07       -4.293420        0.2527
GPMin:    3 15:21:18       -4.359009        0.0987
GPMin:    4 15:21:26       -4.368447        0.1249
GPMin:    5 15:21:34       -4.381129        0.1089
GPMin:    6 15:22:09       -4.407354        0.1032
GPMin:    7 15:22:30       -4.413758        0.0690
GPMin:    8 15:22:38       -4.421338        0.0768
GPMin:    9 15:22:46       -4.426963        0.0720
GPMin:   10 15:23:21       -4.464814        0.1414
GPMin:   11 15:23:32       -4.507436        0.1726
GPMin:   12 15:23:42       -4.529152        0.2389
GPMin:   13 15:23:52       -4.582136        0.2533
GPMin:   14 15:24:02       -4.618932        0.2373
GPMin:   15 15:24:13       -4.713352        0.1801
GPMin:   16 15:24:34       -4.718582        0.1778
GPMin:   17 15:24:43       -4.761483        0.1459
GPMin:   18 15:24:53       -4.800790        0.1134
GPMin:   19 15:25:04       -4.836707        0.0879
GPMin:   20 15:25:13       -4.852905        0.0941
GPMin:   21 15:25:22       -4.863560        0.0693
GPMin:   22 15:25:30       -4.869866        0.0536
GPMin:   23 15:25:38       -4.875529        0.0460
GPMin:   24 15:25:47       -4.882858        0.0441
GPMin:   25 15:25:55       -4.886669        0.0274
GPMin:   26 15:26:03       -4.888019        0.0173
       Step     Time          Energy         fmax
GPMin:    0 15:26:18       -3.173544        1.3449
GPMin:    1 15:26:28       -4.013537        0.5993
GPMin:    2 15:26:39       -4.290519        0.2561
GPMin:    3 15:26:48       -4.356310        0.0987
GPMin:    4 15:26:56       -4.365538        0.1260
GPMin:    5 15:27:04       -4.379344        0.1048
GPMin:    6 15:27:13       -4.394631        0.1311
GPMin:    7 15:27:22       -4.407954        0.1136
GPMin:    8 15:27:41       -4.452494        0.1225
GPMin:    9 15:28:04       -4.455692        0.0657
GPMin:   10 15:28:48       -4.455704        0.0788
GPMin:   11 15:29:00       -4.482343        0.2266
GPMin:   12 15:29:09       -4.504124        0.2148
GPMin:   13 15:29:18       -4.548075        0.2361
GPMin:   14 15:29:54       -4.583223        0.2080
GPMin:   15 15:30:04       -4.600550        0.2050
GPMin:   16 15:30:15       -4.664263        0.1616
GPMin:   17 15:30:24       -4.673036        0.1544
GPMin:   18 15:30:33       -4.706302        0.1330
GPMin:   19 15:30:42       -4.736549        0.1204
GPMin:   20 15:30:50       -4.759389        0.1166
GPMin:   21 15:30:58       -4.787314        0.1046
GPMin:   22 15:31:08       -4.812554        0.0948
GPMin:   23 15:31:17       -4.835526        0.0882
GPMin:   24 15:31:26       -4.852213        0.0795
GPMin:   25 15:31:34       -4.864395        0.0642
GPMin:   26 15:31:42       -4.872976        0.0470
GPMin:   27 15:31:51       -4.880016        0.0324
GPMin:   28 15:31:58       -4.883986        0.0269
GPMin:   29 15:32:06       -4.887281        0.0277
GPMin:   30 15:32:14       -4.889520        0.0191
       Step     Time          Energy         fmax
GPMin:    0 15:32:30       -3.172392        1.3597
GPMin:    1 15:32:40       -4.013808        0.6056
GPMin:    2 15:32:51       -4.290879        0.2565
GPMin:    3 15:33:01       -4.356812        0.0989
GPMin:    4 15:33:09       -4.365942        0.1253
GPMin:    5 15:33:17       -4.379641        0.1055
GPMin:    6 15:33:51       -4.400457        0.1083
GPMin:    7 15:34:11       -4.416515        0.0836
GPMin:    8 15:34:45       -4.426476        0.1667
GPMin:    9 15:34:55       -4.428278        0.1384
GPMin:   10 15:35:26       -4.431462        0.1178
GPMin:   11 15:36:01       -4.439796        0.1052
GPMin:   12 15:36:13       -4.459615        0.1593
GPMin:   13 15:36:22       -4.477448        0.1508
GPMin:   14 15:36:32       -4.500306        0.1583
GPMin:   15 15:36:40       -4.516907        0.1693
GPMin:   16 15:36:53       -4.651544        0.2042
GPMin:   17 15:37:04       -4.689658        0.2798
GPMin:   18 15:37:13       -4.714347        0.2507
GPMin:   19 15:37:23       -4.760890        0.1295
GPMin:   20 15:37:32       -4.786797        0.1172
GPMin:   21 15:37:41       -4.803518        0.1069
GPMin:   22 15:37:49       -4.821422        0.0964
GPMin:   23 15:37:59       -4.840409        0.0834
GPMin:   24 15:38:08       -4.856213        0.0690
GPMin:   25 15:38:16       -4.867961        0.0554
GPMin:   26 15:38:24       -4.877074        0.0430
GPMin:   27 15:38:31       -4.883083        0.0306
GPMin:   28 15:38:38       -4.885792        0.0212
GPMin:   29 15:38:46       -4.888411        0.0231
GPMin:   30 15:38:54       -4.889094        0.0214
GPMin:   31 15:39:01       -4.889626        0.0185
       Step     Time          Energy         fmax
GPMin:    0 15:39:15       -3.168506        1.3482
GPMin:    1 15:39:25       -4.009861        0.6012
GPMin:    2 15:39:36       -4.288002        0.2561
GPMin:    3 15:39:45       -4.353873        0.0954
GPMin:    4 15:39:53       -4.363122        0.1237
GPMin:    5 15:40:01       -4.376215        0.1068
GPMin:    6 15:40:10       -4.390744        0.1396
GPMin:    7 15:40:19       -4.404609        0.1204
GPMin:    8 15:40:38       -4.450514        0.1011
GPMin:    9 15:40:47       -4.451596        0.0476
GPMin:   10 15:40:57       -4.452380        0.0417
GPMin:   11 15:41:05       -4.453230        0.0327
GPMin:   12 15:41:15       -4.463789        0.0505
GPMin:   13 15:41:25       -4.474077        0.0655
GPMin:   14 15:41:36       -4.495719        0.0776
GPMin:   15 15:41:45       -4.503303        0.0819
GPMin:   16 15:41:55       -4.527500        0.0977
GPMin:   17 15:42:03       -4.531952        0.0984
GPMin:   18 15:42:15       -4.579001        0.2090
GPMin:   19 15:42:35       -4.596018        0.2422
GPMin:   20 15:42:45       -4.666392        0.2250
GPMin:   21 15:42:53       -4.685287        0.2578
GPMin:   22 15:43:03       -4.736514        0.2539
GPMin:   23 15:43:12       -4.790971        0.1948
GPMin:   24 15:43:21       -4.830239        0.1243
GPMin:   25 15:43:29       -4.851753        0.1003
GPMin:   26 15:43:37       -4.866118        0.0877
GPMin:   27 15:43:45       -4.878898        0.0533
GPMin:   28 15:43:54       -4.884443        0.0269
GPMin:   29 15:44:02       -4.885654        0.0368
GPMin:   30 15:44:10       -4.887703        0.0257
GPMin:   31 15:44:16       -4.888239        0.0174
       Step     Time          Energy         fmax
GPMin:    0 15:44:31       -3.176322        1.3471
GPMin:    1 15:44:41       -4.015209        0.6006
GPMin:    2 15:44:51       -4.291393        0.2557
GPMin:    3 15:45:01       -4.357355        0.0987
GPMin:    4 15:45:09       -4.366731        0.1250
GPMin:    5 15:45:17       -4.379946        0.1074
GPMin:    6 15:45:51       -4.403245        0.1056
GPMin:    7 15:46:13       -4.409989        0.0943
GPMin:    8 15:46:44       -4.426352        0.0864
GPMin:    9 15:46:53       -4.432851        0.0890
GPMin:   10 15:47:03       -4.458553        0.1189
GPMin:   11 15:47:19       -4.467169        0.0588
GPMin:   12 15:47:54       -4.478075        0.1561
GPMin:   13 15:48:05       -4.556511        0.2539
GPMin:   14 15:48:15       -4.611115        0.2832
GPMin:   15 15:48:26       -4.650907        0.2632
GPMin:   16 15:48:36       -4.716901        0.1891
GPMin:   17 15:48:46       -4.732625        0.1969
GPMin:   18 15:48:54       -4.741274        0.1728
GPMin:   19 15:49:05       -4.775455        0.1445
GPMin:   20 15:49:15       -4.802824        0.1264
GPMin:   21 15:49:24       -4.818760        0.1021
GPMin:   22 15:49:33       -4.836566        0.0828
GPMin:   23 15:49:41       -4.850414        0.0744
GPMin:   24 15:49:50       -4.863807        0.0637
GPMin:   25 15:49:58       -4.873419        0.0507
GPMin:   26 15:50:06       -4.881285        0.0373
GPMin:   27 15:50:14       -4.885289        0.0279
GPMin:   28 15:50:22       -4.887280        0.0268
GPMin:   29 15:50:31       -4.888400        0.0298
GPMin:   30 15:50:37       -4.888878        0.0238
GPMin:   31 15:50:44       -4.889406        0.0214
GPMin:   32 15:50:51       -4.889869        0.0110
       Step     Time          Energy         fmax
GPMin:    0 15:51:06       -3.172093        1.3524
GPMin:    1 15:51:16       -4.012806        0.6050
GPMin:    2 15:51:26       -4.289911        0.2557
GPMin:    3 15:51:37       -4.355679        0.0979
GPMin:    4 15:51:45       -4.364944        0.1245
GPMin:    5 15:51:53       -4.378427        0.1072
GPMin:    6 15:52:27       -4.400744        0.1083
GPMin:    7 15:52:49       -4.411164        0.0921
GPMin:    8 15:53:20       -4.428130        0.1492
GPMin:    9 15:53:28       -4.434828        0.1112
GPMin:   10 15:53:37       -4.441251        0.0663
GPMin:   11 15:54:09       -4.453917        0.1582
GPMin:   12 15:54:20       -4.460161        0.0946
GPMin:   13 15:54:40       -4.465593        0.0367
GPMin:   14 15:55:03       -4.468719        0.0485
GPMin:   15 15:55:16       -4.525484        0.2536
GPMin:   16 15:55:26       -4.581237        0.2257
GPMin:   17 15:55:36       -4.609855        0.2026
GPMin:   18 15:55:46       -4.643654        0.1908
GPMin:   19 15:55:57       -4.681189        0.1677
GPMin:   20 15:56:06       -4.718874        0.1471
GPMin:   21 15:56:15       -4.751364        0.1335
GPMin:   22 15:56:25       -4.783777        0.1230
GPMin:   23 15:56:34       -4.806079        0.1136
GPMin:   24 15:56:43       -4.827593        0.0965
GPMin:   25 15:56:52       -4.843806        0.0828
GPMin:   26 15:57:01       -4.857555        0.0689
GPMin:   27 15:57:09       -4.868175        0.0568
GPMin:   28 15:57:17       -4.879409        0.0390
GPMin:   29 15:57:25       -4.884665        0.0280
GPMin:   30 15:57:34       -4.888051        0.0212
GPMin:   31 15:57:41       -4.888836        0.0214
GPMin:   32 15:57:49       -4.889138        0.0261
GPMin:   33 15:57:56       -4.889637        0.0132
       Step     Time          Energy         fmax
GPMin:    0 15:58:11       -3.158663        1.3571
GPMin:    1 15:58:21       -4.004904        0.6059
GPMin:    2 15:58:32       -4.285088        0.2590
GPMin:    3 15:58:41       -4.352350        0.0967
GPMin:    4 15:58:49       -4.361570        0.1260
GPMin:    5 15:58:57       -4.374987        0.1071
GPMin:    6 15:59:06       -4.389631        0.1244
GPMin:    7 15:59:17       -4.435864        0.0641
GPMin:    8 15:59:24       -4.437870        0.0572
GPMin:    9 15:59:45       -4.453111        0.0927
GPMin:   10 16:00:18       -4.454703        0.0424
GPMin:   11 16:00:26       -4.455228        0.0379
GPMin:   12 16:00:38       -4.477348        0.1269
GPMin:   13 16:01:03       -4.506372        0.1453
GPMin:   14 16:01:21       -4.513662        0.1721
GPMin:   15 16:01:29       -4.529497        0.1719
GPMin:   16 16:01:37       -4.561637        0.1744
GPMin:   17 16:01:46       -4.594034        0.1871
GPMin:   18 16:01:56       -4.633669        0.1987
GPMin:   19 16:02:05       -4.665819        0.2041
GPMin:   20 16:02:15       -4.724249        0.1876
GPMin:   21 16:02:26       -4.766330        0.1488
GPMin:   22 16:02:35       -4.797459        0.1055
GPMin:   23 16:02:44       -4.822993        0.0913
GPMin:   24 16:02:53       -4.841094        0.0792
GPMin:   25 16:03:01       -4.855286        0.0669
GPMin:   26 16:03:10       -4.865489        0.0613
GPMin:   27 16:03:18       -4.871657        0.0577
GPMin:   28 16:03:26       -4.883188        0.0338
GPMin:   29 16:03:34       -4.887100        0.0230
GPMin:   30 16:03:41       -4.888249        0.0276
GPMin:   31 16:03:48       -4.889135        0.0177
       Step     Time          Energy         fmax
GPMin:    0 16:04:03       -3.190846        1.3153
GPMin:    1 16:04:15       -3.979535        0.6168
GPMin:    2 16:04:26       -4.264416        0.3146
GPMin:    3 16:04:36       -4.366893        0.2043
GPMin:    4 16:04:47       -4.397291        0.2026
GPMin:    5 16:04:58       -4.481372        0.1886
GPMin:    6 16:05:07       -4.488295        0.1745
GPMin:    7 16:05:15       -4.494025        0.1630
GPMin:    8 16:05:27       -4.528302        0.2969
GPMin:    9 16:05:37       -4.551473        0.1173
GPMin:   10 16:05:47       -4.575621        0.1075
GPMin:   11 16:05:57       -4.587667        0.1569
GPMin:   12 16:06:08       -4.624991        0.1349
GPMin:   13 16:06:17       -4.652571        0.0998
GPMin:   14 16:06:26       -4.673858        0.0903
GPMin:   15 16:06:35       -4.691358        0.0894
GPMin:   16 16:06:44       -4.704908        0.0859
GPMin:   17 16:06:53       -4.719945        0.0748
GPMin:   18 16:07:02       -4.732361        0.0625
GPMin:   19 16:07:10       -4.745769        0.0785
GPMin:   20 16:07:19       -4.762092        0.0807
GPMin:   21 16:07:28       -4.781173        0.0654
GPMin:   22 16:07:37       -4.799006        0.0710
GPMin:   23 16:07:46       -4.814965        0.0607
GPMin:   24 16:07:54       -4.825998        0.0701
GPMin:   25 16:08:02       -4.836120        0.0760
GPMin:   26 16:08:11       -4.847941        0.0708
GPMin:   27 16:08:20       -4.861099        0.0589
GPMin:   28 16:08:29       -4.872275        0.0631
GPMin:   29 16:08:39       -4.880019        0.0544
GPMin:   30 16:08:47       -4.883454        0.0337
GPMin:   31 16:08:55       -4.884844        0.0273
GPMin:   32 16:09:03       -4.887325        0.0420
GPMin:   33 16:09:11       -4.888609        0.0291
GPMin:   34 16:09:20       -4.889333        0.0204
GPMin:   35 16:09:26       -4.889556        0.0157
       Step     Time          Energy         fmax
GPMin:    0 16:09:40       -3.176104        1.3492
GPMin:    1 16:09:50       -4.014562        0.6008
GPMin:    2 16:10:00       -4.290609        0.2534
GPMin:    3 16:10:09       -4.356138        0.0988
GPMin:    4 16:10:17       -4.365407        0.1259
GPMin:    5 16:10:24       -4.378997        0.1060
GPMin:    6 16:10:57       -4.401219        0.1118
GPMin:    7 16:11:18       -4.413217        0.0979
GPMin:    8 16:11:50       -4.428431        0.1206
GPMin:    9 16:11:59       -4.433019        0.0845
GPMin:   10 16:12:08       -4.443789        0.0560
GPMin:   11 16:12:16       -4.446934        0.0590
GPMin:   12 16:12:52       -4.457076        0.2172
GPMin:   13 16:13:27       -4.472670        0.1271
GPMin:   14 16:13:38       -4.481439        0.1495
GPMin:   15 16:13:50       -4.540866        0.2096
GPMin:   16 16:14:02       -4.591812        0.2094
GPMin:   17 16:14:12       -4.616548        0.2050
GPMin:   18 16:14:25       -4.707974        0.2878
GPMin:   19 16:14:36       -4.716148        0.1571
GPMin:   20 16:14:46       -4.750697        0.1389
GPMin:   21 16:14:58       -4.776243        0.1267
GPMin:   22 16:15:08       -4.791019        0.1113
GPMin:   23 16:15:18       -4.813729        0.0961
GPMin:   24 16:15:28       -4.832692        0.0849
GPMin:   25 16:15:37       -4.849224        0.0811
GPMin:   26 16:15:46       -4.864073        0.0651
GPMin:   27 16:15:54       -4.875245        0.0454
GPMin:   28 16:16:03       -4.880467        0.0339
GPMin:   29 16:16:11       -4.884008        0.0454
GPMin:   30 16:16:20       -4.887087        0.0330
GPMin:   31 16:16:28       -4.888223        0.0267
GPMin:   32 16:16:37       -4.889256        0.0210
GPMin:   33 16:16:44       -4.889745        0.0146
       Step     Time          Energy         fmax
GPMin:    0 16:17:02       -3.170886        1.3480
GPMin:    1 16:17:13       -4.011593        0.6017
GPMin:    2 16:17:24       -4.289594        0.2565
GPMin:    3 16:17:34       -4.355588        0.0978
GPMin:    4 16:17:43       -4.364895        0.1250
GPMin:    5 16:17:52       -4.378200        0.1066
GPMin:    6 16:18:29       -4.400871        0.1084
GPMin:    7 16:18:52       -4.409432        0.0959
GPMin:    8 16:19:25       -4.427260        0.1327
GPMin:    9 16:19:34       -4.432593        0.0929
GPMin:   10 16:19:43       -4.441906        0.0611
GPMin:   11 16:19:52       -4.453209        0.0474
GPMin:   12 16:21:14       -4.454855        0.0469
GPMin:   13 16:21:22       -4.456160        0.0450
GPMin:   14 16:21:46       -4.466905        0.1071
GPMin:   15 16:21:55       -4.479681        0.1392
GPMin:   16 16:22:07       -4.485496        0.2004
GPMin:   17 16:22:16       -4.513021        0.1787
GPMin:   18 16:22:27       -4.546336        0.1950
GPMin:   19 16:22:36       -4.580727        0.1977
GPMin:   20 16:22:59       -4.602081        0.2233
GPMin:   21 16:23:08       -4.621440        0.2047
GPMin:   22 16:23:19       -4.711791        0.1601
GPMin:   23 16:23:29       -4.749828        0.1412
GPMin:   24 16:23:38       -4.773047        0.1274
GPMin:   25 16:23:47       -4.799189        0.1097
GPMin:   26 16:23:56       -4.821268        0.0977
GPMin:   27 16:24:05       -4.841754        0.0847
GPMin:   28 16:24:13       -4.856088        0.0710
GPMin:   29 16:24:20       -4.866988        0.0560
GPMin:   30 16:24:28       -4.876760        0.0433
GPMin:   31 16:24:36       -4.882814        0.0357
GPMin:   32 16:24:44       -4.886091        0.0267
GPMin:   33 16:24:52       -4.888220        0.0282
GPMin:   34 16:24:59       -4.888924        0.0230
GPMin:   35 16:25:06       -4.889519        0.0242
GPMin:   36 16:25:11       -4.889804        0.0126
